number,value,params_c1,params_c2,params_c3,params_inputWeights_max,params_inputWeights_min,params_interSpeciesRate,params_keep,params_noCrossoverOff,params_probabilityAddLink_Large,params_probabilityAddLink_small,params_probabilityAddNodeLarge,params_probabilityAddNodeSmall,params_probabilityWeightMutated,params_threshold,state,study_name
21,0.93,0.6673766956316987,0.8630930901845347,0.44085286733268425,135.9522423550058,105.07205266463474,0.0005369050088796156,0.48539520838645234,0.24373467496117457,0.0742399345260017,0.011174200586773504,0.0762476341960848,0.03213099004305311,0.8043202770768839,2.872120070231458,COMPLETE,IZ-E
22,0.95,0.9077023522972977,0.809621944144028,0.43528291114145506,142.17090360105485,100.82654930201214,0.000628691228981608,0.45633535055921887,0.22127674721233373,0.0801474863403614,0.011500996180465978,0.026807094628844334,0.030636405404110844,0.805591617918904,2.8261590776210967,COMPLETE,IZ-E
23,0.94,0.7577146683569294,0.7147260947770133,0.45057406692959745,150.46398147155455,105.827232717785,0.0005144016278137899,0.5035336894797422,0.2543568942294177,0.0665805633088816,0.014088962685743802,0.07315210672269526,0.039801512351049464,0.7914356584459488,3.152260288267108,COMPLETE,IZ-E
24,0.97,0.5004211555994883,0.9846551180279008,0.4632054339881015,139.70644889476264,102.21281580596435,0.0007743666921976314,0.46346755783361054,0.20036699303755487,0.09642327198500947,0.02795074743028564,0.11562160156965705,0.03660073705592998,0.8286704828923298,3.3438619466896022,COMPLETE,IZ-E
25,0.95,0.5883044797997679,1.0212018965123473,0.4947683499702966,145.97866005675397,95.66589665479654,0.0007743100882025989,0.4248352011865755,0.19024870564256083,0.12125057045693483,0.0269400022474743,0.12665894159560664,0.036670652448214366,0.8442316619532996,3.431287616913381,COMPLETE,IZ-E
26,0.95,0.5054286153820754,0.9307851340831663,0.4641797107380351,136.25535583625714,101.35094625290054,0.0009479103963292714,0.4550950471031906,0.32012919693897823,0.09527425061044992,0.03118738493572871,0.17456557013358434,0.0383288077433328,0.7590931122039583,3.702405960600357,COMPLETE,IZ-E
27,0.95,1.489616581160592,0.6014708659560006,0.42663226196626175,156.92515197243964,112.66766102389225,0.0008143860144401317,0.4416993453228996,0.1522121046530112,0.13151508100544373,0.0248413297391722,0.056759067471905456,0.03365420657418607,0.8408688376044451,3.381561229034083,COMPLETE,IZ-E
28,0.94,1.0616716343261543,1.0990744567304003,0.39038368421198155,163.13681491755594,91.69847108234359,0.000926092268476555,0.4663421913756305,0.19418731858895155,0.10702778539302987,0.029776841640020577,0.10244689172622706,0.036573097839784866,0.8240971973405363,3.1571029914688364,COMPLETE,IZ-E
29,0.95,1.0787866840648184,0.8217666633222693,0.3197295808498576,150.9794435616881,108.10813562251016,0.0006504644650911213,0.4747754312289255,0.341155001463035,0.09040671571000661,0.019965609947106343,0.39423835547354097,0.03892321423853142,0.8633505946997337,3.7852754863411002,COMPLETE,IZ-E
30,0.92,0.9022849869884366,1.2037686145331061,0.3610492679371338,151.89205991915406,111.12464395558592,0.0009770855048876269,0.5219770288931797,0.29088139044663364,0.06311060162995193,0.035339683731549255,0.22861268677285876,0.036628661822182884,0.8194542189629704,3.573645323733273,COMPLETE,IZ-E
31,0.94,0.5128994611919119,0.7938127307003624,0.46522939834854754,140.04188924919464,103.1279918937647,0.0006834298363258429,0.49643019989950454,0.22997410362387702,0.08116564841374535,0.031118976301183494,0.29868098936649135,0.030804019454409838,0.775537657959397,2.8885897029373924,COMPLETE,IZ-E
32,0.94,0.687076394359174,0.9144720576193414,0.45722604939713396,147.79583211773956,97.72473689880358,0.0005969988138955524,0.4817285501043476,0.20557664104063858,0.05200339603009388,0.020224190610755883,0.08856538749672171,0.03443280607747937,0.7937205297278183,2.68814636367491,COMPLETE,IZ-E
33,0.94,0.7423228111607828,0.8241664187930693,0.4906521370409153,138.07026353299156,107.17957698155466,0.0008045102026202441,0.44391770337582825,0.2317508549958856,0.07163802098815918,0.032673027436923505,0.05966750163729816,0.03881474781562622,0.8153113520881511,3.2484891553727735,COMPLETE,IZ-E
34,0.94,1.032153887213052,1.011182043021127,0.3159273323305785,157.4022348174215,102.54298284580581,0.0010355227736284593,0.46546193375039285,0.2088858998822222,0.09810615637793368,0.04268424348854706,0.1573098127060072,0.02729832091472808,0.8334602834702048,2.790295927877613,COMPLETE,IZ-E
35,0.94,0.5723413023506804,0.6910734083872342,0.4293277549632622,135.1227431664353,98.53682330718993,0.0006914004772895794,0.5028143440023259,0.2582743694257961,0.062371597683782476,0.03735445448443571,0.12366201398782295,0.03603676730200691,0.8603089050540231,3.120438674720642,COMPLETE,IZ-E
36,0.94,0.8550462059555146,0.9483080339396661,0.4727284371892902,148.22516705343483,110.59942099637871,0.0008821159005679611,0.5622704297886517,0.23199980507559137,0.11366533223265857,0.013670748692224212,0.026450468632313127,0.03499281610927571,0.8030247902068424,2.955002888318707,COMPLETE,IZ-E
37,0.95,1.136662421517117,1.0706318298912418,0.3777836676414312,162.74459093690808,106.65529775601068,0.001395152588063831,0.593565609034393,0.3224050399930955,0.08607037591192454,0.02546705063349693,0.37263436109643,0.02434398868736578,0.7615301997575892,3.295077460230032,COMPLETE,IZ-E
38,0.94,0.681211045771209,0.7483759874198623,0.4026669151383722,145.22958690530194,94.03266990044538,0.001101183709375546,0.514276133230828,0.21939102590678947,0.16113702305898464,0.043915721513148605,0.09715102770927131,0.037711084083350964,0.7844028791306301,3.9955373900687676,COMPLETE,IZ-E
39,0.95,0.7988038927653025,1.4001889705460797,0.4447418365123665,141.55975149953204,99.99785391688141,0.0009976554871444466,0.5361575523657854,0.26932163858906066,0.09896519642626113,0.03323275320528794,0.05723898553226324,0.02125998129797675,0.7246520023536656,2.562586010236068,COMPLETE,IZ-E
40,0.94,1.007766634123478,0.855246163898855,0.4820188394586543,133.8810398932386,97.29440036442024,0.0006157241030710079,0.5782590262065295,0.33308690358064824,0.05857569488781787,0.0166836100887975,0.1778953330300585,0.032269490888274265,0.7933136388950313,2.698368201580591,COMPLETE,IZ-E
41,0.94,0.7411090543097153,0.8779849381050322,0.36908815324420197,153.22429665257266,125.1385810710825,0.0011266138764940137,0.5485779966097046,0.20809358891733837,0.0777249596334293,0.035650050236106956,0.2664128392469842,0.031780553259821126,0.8989174043576966,2.392395522722161,COMPLETE,IZ-E
42,0.93,0.6119480507427025,0.9843439138729396,0.3573337315007365,157.94472017828818,121.26978145599738,0.0012762635059557195,0.5430430554195992,0.19930039954900636,0.0867559191426105,0.03934050667734285,0.22335616657067678,0.03351700225376427,0.8886306891784058,2.043876939650084,COMPLETE,IZ-E
43,0.93,0.5454068630153235,0.7845283250014174,0.3842862877382857,152.46399845544093,114.80674996434759,0.0012588915252821392,0.5267559262565972,0.1661682693106218,0.09804452462217975,0.03526998483942893,0.3194215055068462,0.02907363297009518,0.8732979545495377,2.437335719254224,COMPLETE,IZ-E
44,0.91,0.8639978215779802,0.902537527364824,0.343897877346229,149.3944230460929,109.16486652992825,0.001083757796139204,0.4910926165853814,0.1874448991353162,0.11648068646045101,0.0285183744003081,0.36270471044287067,0.03465268317161579,0.7673669869414413,2.2540748052501316,COMPLETE,IZ-E
45,0.93,0.8065138427650304,0.7233080217753419,0.41498848936598226,154.77345803710023,103.20352166096876,0.0011518493291370348,0.5517422346296099,0.24098682115427358,0.1331938528380286,0.031877747943091374,0.2918919623528109,0.035893278153685704,0.8510408825099923,2.1670211255257423,COMPLETE,IZ-E
46,0.92,0.6476475099815822,1.1384721980028714,0.37490620562547067,160.87985060215786,121.37011175783067,0.0012231661854799564,0.5125288674037576,0.18133901405345754,0.07185841004490816,0.025244388996038824,0.2338228866934259,0.03090388762425714,0.73830223514399,2.4603347986578665,COMPLETE,IZ-E
47,0.94,0.7122686988567852,0.9624851312429378,0.3957079826276111,146.97247771280644,105.66797564970933,0.0008322841792549638,0.46753213630983154,0.34986796529019487,0.09086990646635837,0.0373099003438876,0.04198467592825775,0.0391335256383771,0.7528230181411972,3.4573266607327957,COMPLETE,IZ-E
48,0.94,0.9695275841335237,0.6764823370401158,0.35266012632604976,155.69480389789388,117.61277901983748,0.0009000720070316179,0.48130390718645377,0.21639513978282443,0.10354284307620186,0.03432948199629127,0.1969371789083465,0.03293869432205397,0.7783379998321125,2.7749693311626875,COMPLETE,IZ-E
49,0.91,0.7936655409846939,0.8472300836459282,0.31104912072937946,143.66102507585046,112.77805185853654,0.0007247894920183989,0.44964982575992307,0.19817762880801051,0.080454702808506,0.022229959583379238,0.13262508891516497,0.027978574281968156,0.8776119827621229,2.6350316762749686,COMPLETE,IZ-E
0,0.92,1.072,0.799,0.302,150.0,110.0,0.001,0.473,0.347,0.195,0.033,0.359,0.021,0.827,2.714,COMPLETE,IZ-F
1,0.93,0.7855961000562259,0.6947852788935364,0.3382641890478312,136.75836707842976,100.9802458933689,0.0008054239519987962,0.5765086546572762,0.16245596415915625,0.07614300871560034,0.03060693108774923,0.229450126090242,0.023857288381133983,0.737263568741361,2.0925267578938715,COMPLETE,IZ-F
2,0.93,1.2704387648969697,1.446135817656688,0.3819765830762449,161.97199325474858,105.25592472981326,0.001412456238997867,0.4634387240696454,0.30854086513982565,0.14663999691072177,0.032424227089660286,0.11892276761368611,0.025427882637410824,0.8267279474633467,3.8382754662048066,COMPLETE,IZ-F
3,0.95,0.8915297067154975,0.7730832166612983,0.30495005155918475,165.73246478287123,110.5105512940986,0.0008797316406446265,0.42590646453939085,0.2817624800445082,0.13875740667083725,0.01793839500132691,0.21132416890344563,0.030305747134827452,0.7351451265167962,3.6958497012835334,COMPLETE,IZ-F
4,0.94,0.7544207519296916,0.8325987529632913,0.46776867271609557,153.01381335553882,115.03939660017636,0.0014931756244176558,0.44357156959467653,0.2727053644128913,0.09629800273057917,0.01002666697818988,0.2922586145409792,0.026273202161541533,0.8146533775909343,3.003419930351664,COMPLETE,IZ-F
5,0.94,1.4665795673034907,1.3390603998908368,0.41769159105007886,132.5934027838083,116.0728922684725,0.000600181999343931,0.4490068508066014,0.30909232060900826,0.091133842266315,0.026280873505937892,0.18934931947661504,0.039409098458590294,0.7284587893669333,2.0475071632077126,COMPLETE,IZ-F
6,0.93,0.5328338360999485,0.5348619704543647,0.49107135662894785,145.15025417310432,109.34939840449495,0.0014793678322051042,0.5791885110362344,0.17982507396967076,0.13670923174311084,0.03964804751164774,0.10715367179666797,0.029902633036104402,0.8582588040424689,3.3423817979261115,COMPLETE,IZ-F
7,0.93,1.3967586552612206,0.9692039967023657,0.47508021911567117,137.44137971356514,100.77008358564358,0.0008381996603154878,0.4356049747997555,0.2438722307270349,0.12200546322094014,0.033300316602318206,0.37479038617784804,0.02721034826738519,0.878743414177063,3.383758241867624,COMPLETE,IZ-F
8,0.92,1.1356742268380249,0.719970939680353,0.39638525465943086,138.76335610340723,118.78396859007646,0.0010672691165428687,0.4440555876137256,0.31956983090581575,0.050491354647422215,0.03190399988096434,0.39852577363336483,0.02853024320382587,0.7751118101982315,2.039492428885378,COMPLETE,IZ-F
9,0.94,0.8317548468387543,0.8642664742707075,0.4101033268814102,141.791746170249,96.57681558080797,0.001458865079595115,0.49389347165897246,0.32582503985703837,0.13188236368433182,0.022698120302430645,0.18549190318429187,0.03191273981333404,0.8254458158393271,2.7340905670154,COMPLETE,IZ-F
10,0.94,0.5256920629568406,1.1684818442195093,0.3019760171883412,169.8379165460991,126.17072817501791,0.0005008372491612518,0.4005541124293929,0.23052117730921368,0.17643054000044459,0.015839314213844827,0.026252770596418756,0.034737587210981635,0.7043476268376647,3.990963826404181,COMPLETE,IZ-F
11,0.94,0.7983413810192461,1.084596985194541,0.45125751346675413,159.66650192360072,118.15411852036647,0.0011963245587885748,0.40675484361004177,0.2741696561439934,0.10411650404992945,0.013245690065542166,0.2865728776565447,0.03368190032301081,0.7790887347345615,3.4018699743872407,COMPLETE,IZ-F
12,0.95,0.9327100165203752,0.5235160430366762,0.3471432455154513,158.20786048520955,126.47416867245707,0.0012391510776046187,0.5245026173383325,0.27712337883121907,0.16133172599121037,0.01856440285066779,0.2902093605922018,0.021758390935909717,0.7847312483789529,3.0686532655599694,COMPLETE,IZ-F
13,0.95,0.9456842839310675,0.5463388915380933,0.3448556642109277,169.97762111989866,129.05123208269862,0.001233477552921488,0.5325105966841833,0.21328661373928065,0.16307936858455213,0.02070758291847976,0.27721708011666474,0.020022866428857325,0.7600391196049229,3.681136621479919,COMPLETE,IZ-F
14,0.93,0.9595705115111207,0.6243836936383469,0.3413175651416115,159.1965218505232,123.44287620115885,0.0008300616031761225,0.5318825624936817,0.2722015150341923,0.1692949621105289,0.04914913550503067,0.32437169569416563,0.03656909047900435,0.743970764032128,3.047763442408052,COMPLETE,IZ-F
15,0.93,0.6693714589238755,0.5164481075033063,0.3646625758299244,164.21906463518798,90.611159677726,0.0012528671173874803,0.5363475768563455,0.28349095996352996,0.15333206632257568,0.018359080175046824,0.2387926339268191,0.023029903789308633,0.7943991006131803,2.5624446588083956,COMPLETE,IZ-F
16,0.94,1.184792086020957,0.9380318516842197,0.321526042547128,154.72056450132683,119.78430047108557,0.001106014334445207,0.5136154479257006,0.20758681206474142,0.19809188148401843,0.025018837334872042,0.14464112486463138,0.030996200259141682,0.7061750600782374,3.599392693721597,COMPLETE,IZ-F
17,0.94,0.9300801458779423,0.6954523143016316,0.3682960714417241,164.79202351438641,112.61339025572241,0.000690791030261549,0.5988540193372959,0.24910118459364772,0.12087558869425118,0.01578415240278861,0.25476238624481623,0.028891078608324672,0.760443765502203,3.188536782459873,COMPLETE,IZ-F
18,0.95,1.043115091601433,0.6360709435039408,0.3267458584976151,155.75452124527519,122.9414380620661,0.0009420689439791207,0.4964879144979649,0.29267240722021914,0.17906488481213198,0.03857267483163651,0.32950060943645537,0.03252562149006063,0.7933459441123161,2.381056253833372,COMPLETE,IZ-F
19,0.94,0.6419245867542462,1.1063338162213592,0.36102056464159005,148.9047186602376,129.15403570785423,0.0013500820965978836,0.5562288807803192,0.34461278123465805,0.1494021283548516,0.010686939880762997,0.15963233683945713,0.022730174462379057,0.7204729295734074,3.599997400027123,COMPLETE,IZ-F
20,0.95,0.892814195015757,0.7906253730366806,0.4292927908957151,166.6022774295849,106.90255308534671,0.0009258191941450298,0.4225769723421014,0.2586222811080032,0.113405191452159,0.019130432707874245,0.059893900425962016,0.036124047139930116,0.8496723085658506,2.8815559867370943,COMPLETE,IZ-F
21,0.91,1.016821440440766,0.5036080098393035,0.3476912795618937,169.8996867308339,129.31795900001566,0.001265052301800066,0.5249158875777249,0.21583046996155483,0.16115539794436257,0.021091493990271475,0.26821691562373545,0.020142568049911106,0.7556995220348579,3.7397306020781507,COMPLETE,IZ-F
22,0.92,0.9006547560960528,0.6082943580875758,0.322421748829704,166.60642785502824,125.23159283735035,0.0011503077381321248,0.5473325889463942,0.19431130846364172,0.14044457135423016,0.02696093535081228,0.31532862832203307,0.021571830574436603,0.7689913055029751,3.9996721146309575,COMPLETE,IZ-F
23,0.94,0.6849916742736859,0.5919704381605888,0.30553720326719847,159.6474528655743,122.1891340438464,0.0013147380728388385,0.482667310636202,0.2370473427414984,0.18433950717802527,0.0166429544532976,0.20949604929615395,0.02428971714873412,0.7472685806953058,3.580915266100343,COMPLETE,IZ-F
24,0.93,1.1228432772502621,0.7389430449021339,0.3517738058879328,162.52639525534514,127.14897785332934,0.00104543360831565,0.5154491610782576,0.29441204633003826,0.1659056284117055,0.022137970542908517,0.21488908266273637,0.020083415786551158,0.7841431124274992,3.211621511355134,COMPLETE,IZ-F
25,0.94,0.8684364514504398,0.5779688215427768,0.38059181817272736,157.38433936345734,129.38411013629687,0.0011962915731842877,0.5541140999642318,0.21678689131340673,0.1662802926533578,0.014095348835921555,0.2738322320248121,0.027707780473961406,0.8036813295277561,3.789578098029248,COMPLETE,IZ-F
26,0.88,0.9924009892100594,0.8927435834697718,0.32797611613231603,168.7258240469529,113.33740158028299,0.0009213493438905328,0.5088938531987988,0.2566316427013048,0.156386895419675,0.019779279784940575,0.29915096399967894,0.025529043217361817,0.7227814312547486,3.5028691225360546,COMPLETE,IZ-F
27,0.94,1.1968254415322273,0.657118533918939,0.3857886371018044,166.34689662282346,122.25464597102612,0.0007322250280287517,0.5667446600010652,0.1543426497290986,0.18633436760592045,0.02398080709253636,0.2470107753625116,0.02191790565661689,0.7618970104260328,3.201530990911728,COMPLETE,IZ-F
28,0.94,0.7413170459904845,0.7350625237519002,0.31497125703254913,161.96622628134483,94.55490894126373,0.0013823547633905896,0.48575930236535786,0.22837129231717498,0.1280105841370343,0.012560415266944677,0.34844675163954536,0.024456989240927988,0.8980840040522673,3.731183973609161,COMPLETE,IZ-F
29,0.93,1.0611435794237534,0.8322796814294872,0.30752477712862764,152.77531559724943,103.53431400455719,0.0010180875586320518,0.5404931472894536,0.1904263083326628,0.14552314300027977,0.02798700026206609,0.18718707463633047,0.029870980325130046,0.8044859910220582,2.846437072044608,COMPLETE,IZ-F
30,0.92,0.9662670300509721,0.7745822478728686,0.33136956406380635,148.9865667405494,110.90095280348119,0.0011184222224840234,0.46595643991217317,0.2628468658032577,0.1912539221168175,0.017469356675786533,0.3403861164702587,0.022056074056874615,0.736039908022915,2.544599673711266,COMPLETE,IZ-F
31,0.92,1.1031429695040411,0.5683538382768578,0.33433004615732864,157.15214929263823,125.1438176829571,0.0009487187195672492,0.506948405869799,0.29255193585649514,0.1760916073726075,0.03772734586835855,0.31470001736648984,0.03221176497223478,0.7963272734538938,2.4487922167148284,COMPLETE,IZ-F
32,0.93,1.031258072994822,0.648880245895552,0.3525858158396017,155.65220398954904,121.37665496610832,0.0009835624753399199,0.5225089545308094,0.2936387504927226,0.17111634598137937,0.043627885332844,0.37889015953078303,0.03328045869204803,0.780365797876747,2.320772402240055,COMPLETE,IZ-F
33,0.94,0.8139128442757345,0.6503668656989202,0.31442145949015093,152.2497320220902,127.24044542579934,0.0008918091236102952,0.48190022820624795,0.3091534574798962,0.18122532584805756,0.03714545477423108,0.22446755011836494,0.03184029401504757,0.7897164631521825,2.253956130095129,COMPLETE,IZ-F
34,0.94,0.8685689666486345,0.5513205961865788,0.3395810664367538,161.5330706497492,123.94736245636314,0.0007424812585400083,0.4968911864742467,0.28434542696138454,0.15788590898787566,0.044038329257596376,0.26987431299130205,0.03084481992654347,0.752782211825248,3.878138709511169,COMPLETE,IZ-F
35,0.93,1.1878688205438965,0.67497067932301,0.3724882247377138,164.88369006699887,115.68570835653122,0.0008726055867090094,0.45814815406395953,0.32277094792128214,0.1432119263410959,0.028857366402947927,0.33468555513392084,0.035384698826307084,0.8216216665483581,2.7345280555169342,COMPLETE,IZ-F
36,0.93,1.3504995467637013,1.4994787047658247,0.32099660839639216,167.93324756982656,120.48292749208473,0.0009820150126514582,0.5719772567949369,0.2667546142762187,0.13626531327821442,0.03559636769504344,0.29758031172098875,0.03887423285040636,0.8396482811279145,2.183892071683577,COMPLETE,IZ-F
37,0.95,1.2605608676826034,0.5015175099863566,0.3011638778374038,146.3818734277303,117.98527268266457,0.0007821819435235395,0.42006046779599293,0.34180123293639,0.19962259336736055,0.041500439892024045,0.25898703672507667,0.021048327713137405,0.8119550088165904,3.076495475902504,COMPLETE,IZ-F
38,0.94,1.0634353860483852,1.2368199171192729,0.3569178847320285,163.39614072143988,107.70347731771497,0.0012635058046344917,0.5835292015718558,0.3019625678067029,0.08014378900136221,0.02053908003010917,0.3610863825325577,0.026444902889588992,0.7360907924726166,3.3162880932222656,COMPLETE,IZ-F
39,0.93,0.7539151496051414,0.7683739284694238,0.3398339383124885,156.74270079274768,126.88088786156055,0.0006591071757211616,0.5269704102469608,0.28422606004109224,0.15149996049690884,0.03026240016416149,0.20641059963936492,0.029077610944166,0.7734332348276292,2.9296602662546984,COMPLETE,IZ-F
40,0.95,0.9442579983818687,0.5956501917010951,0.39192468491187676,150.9376779398797,103.5194859894947,0.0014292235825784938,0.43293358509146407,0.17427976967354403,0.1751315865334533,0.03407162854061538,0.16302803543557887,0.037684936947869056,0.7185981579233299,3.8855850117162793,COMPLETE,IZ-F
41,0.95,0.8836008013416994,0.8123519496396958,0.4280792212193886,167.39408796273364,107.581556466465,0.0009470446570998426,0.420736523575991,0.24967535201877417,0.1058751142055695,0.019157321035284572,0.07648613999314036,0.03591162078964814,0.851642263328416,2.902762666399415,COMPLETE,IZ-F
42,0.94,1.0070053580143346,0.8923186282424497,0.4397887549171056,165.77769099875363,100.17205343357934,0.0008844541009271335,0.4158981600123255,0.2748570918467782,0.1149947662061516,0.023391966440015278,0.02816103659153746,0.03389045095831041,0.8336706621220815,2.423366586300557,COMPLETE,IZ-F
43,0.96,0.84642588361315,0.7114055900729127,0.40872944199416833,160.3930066318721,107.42244420887972,0.001078139512325109,0.4527715034433405,0.26334986249028297,0.11786332410340766,0.014198588144442869,0.11622815489177758,0.03301226949261433,0.8787079435714832,2.7002186516300237,COMPLETE,IZ-F
44,0.95,0.8272180118981446,0.5570325648049268,0.41084405313303557,160.43899824079662,110.48455863658528,0.0011988362734885985,0.45592023657892233,0.3124422441507136,0.1336700436611417,0.014567133338175074,0.2850105318293655,0.033148137602106505,0.8887114158597581,2.5704790717408224,COMPLETE,IZ-F
