number,value,params_c1,params_c2,params_c3,params_inputWeights_max,params_inputWeights_min,params_interSpeciesRate,params_keep,params_noCrossoverOff,params_probabilityAddLink_Large,params_probabilityAddLink_small,params_probabilityAddNodeLarge,params_probabilityAddNodeSmall,params_probabilityWeightMutated,params_threshold,state,study_name
47,0.94,0.5620891685688695,1.479837915621827,0.4147877868488464,131.46545375423284,95.65283816752124,0.0013896160905259418,0.5293918468438001,0.22945328946954552,0.19046772450873145,0.011519707389899188,0.1381781369300079,0.03022580433197632,0.7835095895623496,3.1920705911457095,COMPLETE,IZ-C
48,0.93,0.8501420107072133,0.838344044453105,0.3045848648147992,139.92696657934275,91.67240318219363,0.0006270834624558844,0.43747841053933834,0.15084608054903226,0.11532956924914126,0.02218457558177173,0.03813483436467874,0.033700660964323684,0.777956540893821,2.8763888648020712,COMPLETE,IZ-C
49,0.92,0.7395272041544643,0.6086312576212313,0.4759468874868055,150.2876711901348,102.37966316380303,0.0009812633924474543,0.5418357497024731,0.16716138209513437,0.058201240745799826,0.036001900376159655,0.0924212549085343,0.03713362883360881,0.798496810112913,3.6780799864270595,COMPLETE,IZ-C
0,0.92,1.072,0.799,0.302,150.0,110.0,0.001,0.473,0.347,0.195,0.033,0.359,0.021,0.827,2.714,COMPLETE,IZ-D
1,0.94,1.3958808609034388,0.5799917176652867,0.3313458282597796,141.6277750098152,124.78979786092462,0.0007691560457895154,0.446960863778042,0.25971619810671054,0.10499900946428992,0.04064751600908736,0.3883793867875288,0.0354609652685166,0.8171770490306378,3.687686425649923,COMPLETE,IZ-D
2,0.95,1.323785212285495,0.785124715551434,0.3177083098143632,165.71262178542113,107.49751673836037,0.0011939621356759605,0.5865224863928313,0.3370351990053822,0.08618361486234694,0.024918322196364466,0.17821739737109982,0.0327401482346079,0.7976358897780023,2.96545675508205,COMPLETE,IZ-D
3,0.94,0.7892808095115252,0.7109070608592938,0.3168223591539594,131.081824354104,123.90896479015488,0.0014140281850710315,0.426508385073559,0.2174120339739499,0.16317812580746233,0.026217979119534995,0.22154115296872073,0.03347284456191747,0.8854144796880052,2.1031270859777367,COMPLETE,IZ-D
4,0.95,0.7471822019604508,1.3276671359001075,0.3884851474631653,147.3593887673129,110.45585078025606,0.00078149931758171,0.45361825540024947,0.33048962778079277,0.06006468701949568,0.016604386200950345,0.14803654154448037,0.036831206227794,0.8191771214764527,3.690631047411232,COMPLETE,IZ-D
5,0.94,1.441983945748425,0.8732229378635092,0.48010153367689123,138.17013235775556,125.88492141835769,0.0009198495874330394,0.4647339242636596,0.15669958317562027,0.08575578377152404,0.031891878405927686,0.22791370254680135,0.027357035195128408,0.802777703340463,3.9919465625542503,COMPLETE,IZ-D
6,0.95,0.7645686057275516,0.9633834570765428,0.3577265912473233,130.61914336966257,97.81533143096314,0.0008132255737431306,0.4947113369804956,0.18340166994587767,0.09254534482610619,0.04218095291702103,0.06367938387656123,0.023598336407857048,0.8682308955696632,3.2667628448036568,COMPLETE,IZ-D
7,0.95,0.7757135635996437,0.5597935015280943,0.4081594367702077,166.93335024588723,103.76623098053784,0.0006369332168198329,0.5364369747468749,0.2446182969442367,0.07507304675109966,0.02009942889616491,0.2169052865636375,0.027343995495405855,0.7404874870144221,2.1500747280160137,COMPLETE,IZ-D
8,0.92,1.3115562667465355,1.4851244671922093,0.3340325957537232,138.06135282164945,125.27282611247023,0.0007030625365354502,0.5426059203284411,0.3468257805266825,0.19647618460606714,0.016481017904861655,0.36982663446743624,0.02403366542124807,0.7561806778297187,3.2560758832723677,COMPLETE,IZ-D
9,0.92,0.9959318411448707,1.453469597003079,0.451179498521225,156.5570462110449,124.8556419968711,0.0007043504590958408,0.40044056941584816,0.23638183922712977,0.12070644400630506,0.049728200997485386,0.2782422934743673,0.0377834778152619,0.7738912190482451,3.7398406896391103,COMPLETE,IZ-D
10,0.93,1.1829356243544977,1.1545489748487656,0.381542459787668,168.77745816835176,93.41159913248426,0.0012839019544854102,0.5917427424441151,0.2885931415371226,0.14506434756481837,0.023678109256282994,0.10472972913096425,0.03152448704272785,0.7095180417207021,2.6671149432503825,COMPLETE,IZ-D
11,0.94,0.520065675707259,1.1766329970416523,0.4199314236893032,155.53177558476472,114.11051580667953,0.0011991837655228677,0.5837475028762567,0.30448253112135665,0.05915603189027706,0.011997865667538575,0.134158216101084,0.03988283961696357,0.8425823914203011,2.9545264098962836,COMPLETE,IZ-D
12,0.94,0.622817022579727,1.2005166466268236,0.3683930621302066,149.9165085008699,113.07622283301573,0.0011495438187168559,0.5306675003217642,0.31276943907625104,0.05306300355938502,0.011282174850744321,0.14948419185483894,0.03520474200689511,0.7790974640673236,3.2916953124903063,COMPLETE,IZ-D
13,0.94,0.93237333718168,1.3230153859300584,0.434838777138551,161.73503528017753,106.00510067223445,0.0014979211722395834,0.503722500040481,0.3216821560603244,0.07290373553586123,0.01807666140718371,0.17075933767021398,0.030226277449057953,0.8527137858785179,2.484023835543902,COMPLETE,IZ-D
14,0.94,1.2454603809459404,1.03428222306977,0.38809963954388954,148.2853931313443,119.01791739917985,0.0005429131461296677,0.43000780059279065,0.2791414616833626,0.10863591284325683,0.026306082547057037,0.02296451099705077,0.036818436888359764,0.8094215542887937,3.499720507507035,COMPLETE,IZ-D
15,0.93,1.1347231372461692,0.6777498738442902,0.3468433094346425,156.347513666114,101.36282084500861,0.0010601009231334876,0.5696032628499152,0.3268466496341142,0.05186089593158787,0.021665453786377194,0.27068122029348723,0.032661428575485624,0.7842319128894495,3.1155058475491857,COMPLETE,IZ-D
16,0.95,0.9044189712601863,1.0092485122381063,0.4552631416302019,145.25569263582588,116.60136315798881,0.0009036698127230258,0.4981465495626678,0.27978316061233816,0.14142236736323566,0.015573388551539792,0.09537879492501565,0.038514432453483835,0.8357213079352417,2.7928018988095995,COMPLETE,IZ-D
17,0.94,0.650022722850931,1.320410159649067,0.40400196021851187,160.5086518432541,108.11067539811577,0.0012945782846691667,0.5595491039359207,0.3490185894834409,0.07365057149423433,0.028847682397081496,0.284599303731766,0.028511096546577533,0.7311524044321348,3.9377828269297357,COMPLETE,IZ-D
18,0.95,1.4985024783752383,0.8589437451599146,0.3022809747237232,164.1199870446851,99.4734444418448,0.0010610150653032283,0.5183622743476997,0.30542068870605393,0.09670816046879718,0.03552458153969218,0.1763435884629078,0.03453219215069898,0.8998998116570249,2.423479907510922,COMPLETE,IZ-D
19,0.93,1.055175836033841,1.3392948787408732,0.37446401535360957,144.80738407951537,92.21609790321992,0.0008828445101148361,0.47568341142788984,0.2630815634026794,0.11745267391482135,0.014024030556310631,0.31554870443844063,0.031139430180081112,0.7931917281879824,3.534880393314091,COMPLETE,IZ-D
20,0.94,0.9006297269711141,1.1090180255336615,0.4757407370072926,155.04008721804226,118.43633914209433,0.000538071734303305,0.4075756445245953,0.3281668205633323,0.06404070038750272,0.024250199250820042,0.19366490215982998,0.03619527697707206,0.760022005772157,2.9283870620231593,COMPLETE,IZ-D
21,0.94,0.7584684984438247,0.9333704414442998,0.3490832951570212,131.1408231303517,96.54658142792326,0.0008227330341570288,0.49266412427131273,0.19794517486477287,0.08611071682954781,0.04437851135379578,0.042324501904816875,0.02448216699760192,0.8664396710224447,3.3501518747863765,COMPLETE,IZ-D
22,0.95,0.6780040149149743,0.7442259639812662,0.3602521493146904,137.81556563922138,97.45901440219147,0.0007962383342251471,0.45393455005585726,0.15245206472679312,0.08459745983186409,0.036324561905487766,0.06997038661100122,0.020943318327294874,0.8651972220240882,3.127624780820589,COMPLETE,IZ-D
23,0.92,0.5169445530645045,0.9300735031321437,0.3308998996064028,135.98000737224675,110.30618703307832,0.0009707246540410425,0.4859612571615463,0.17888584780791505,0.0980132158844994,0.04098068397834925,0.12399655775207175,0.02427075891338644,0.8736855299716719,3.5205893105296253,COMPLETE,IZ-D
24,0.93,0.8317337211677095,1.0776933974899348,0.35493673596325814,134.3427553465835,103.5104764920074,0.0006356436299983148,0.5198555844767169,0.19324116783150602,0.06754686584879381,0.04912009448868318,0.06757122014752477,0.033282003375333,0.8218844410050512,3.7710860692895642,COMPLETE,IZ-D
25,0.95,0.721250446839302,0.6371027112258778,0.39269756330906685,142.20584030697776,90.55633420556694,0.0011534970190048622,0.4396298028991595,0.2228103842358207,0.09070129925484971,0.0289923263587283,0.15502630068918336,0.028535667745945934,0.8485034030122466,3.132061334089073,COMPLETE,IZ-D
26,0.93,0.8464583054940404,0.8006678689948842,0.31925743803279205,153.25315879618134,129.72066738000996,0.0008501091474573003,0.5115131665153136,0.17013597043681086,0.13151329928386699,0.01829115827703328,0.09025249624982326,0.022373675800766404,0.7946583629435929,3.411625586911471,COMPLETE,IZ-D
27,0.93,0.9810547556040606,0.9560489425147689,0.41928138989575064,161.37999892236252,106.61079409934985,0.0007369134194994398,0.5541458180010391,0.2984717026563068,0.1105913813646539,0.04480042935527942,0.12631016359004799,0.02593028766888117,0.8317720887433867,3.596733448424634,COMPLETE,IZ-D
28,0.93,0.5928851977115146,0.8437641207195802,0.3680320260973378,169.82975961959252,111.96008180472487,0.001266885353010245,0.46557516007014027,0.3349285761011113,0.07539770941251504,0.021252997304118643,0.24987690421947206,0.03927858519997193,0.888783774823397,3.0284341638455894,COMPLETE,IZ-D
29,0.92,1.0809112036482755,1.2478239515566227,0.3005366532975298,151.2664082573177,109.09452679847143,0.0010153967762110232,0.4821267993208686,0.20174672769700985,0.09835546124971781,0.03441933121727487,0.19485883548984886,0.020275617269553826,0.8164499577730322,2.765668129549213,COMPLETE,IZ-D
30,0.95,1.3410147036429518,1.3939042475408048,0.31660717806868555,146.9768804094226,100.99355764067815,0.0009900782820920567,0.5999993411951134,0.34058592250639486,0.161325879829367,0.03924429918133177,0.05856268614813785,0.022165254921345304,0.8544376216175864,2.6113428972972432,COMPLETE,IZ-D
31,0.92,0.730752521622764,0.525859267627927,0.4053898431920676,166.07613274965428,104.18278540521729,0.0006257416594792303,0.535248466928886,0.23679218079008746,0.07872249306456201,0.02016100213693154,0.32112310058016214,0.02618955898998803,0.7367249772897541,2.184216806562851,COMPLETE,IZ-D
32,0.94,0.7979194299835886,0.6175155366629264,0.4160242496876499,166.7116239915828,96.40169816366101,0.0006335564304156981,0.579620241858057,0.256533059760504,0.0612933817639164,0.025962113216831624,0.24155943625338966,0.028640098489426377,0.7165337720971281,2.3133889284524516,COMPLETE,IZ-D
33,0.93,0.5819563540182522,0.7675832713346865,0.3927521661810543,158.88618538792267,103.72901052295052,0.0007467979073427597,0.5636667000385303,0.21590025097014173,0.07959561181899573,0.019145809290252617,0.20181950151139733,0.022882968218032908,0.7577014585243138,3.8740967074311397,COMPLETE,IZ-D
34,0.94,0.6920174460252286,0.5042492435523379,0.49980511632898067,164.07835485337597,99.22255306997502,0.0005826182588557066,0.5444911330702223,0.26938203592820253,0.06677162206850733,0.023729448903592895,0.16770141439613767,0.026467349105808436,0.7372948905000245,3.6393658580257635,COMPLETE,IZ-D
35,0.95,0.8277911591789578,0.5586066349088737,0.3416289055739689,141.48404906106154,106.04974940467912,0.000689851722517047,0.4583492484682775,0.24466057402339458,0.09430958219748733,0.01456669551233437,0.21753837821777244,0.03438770000682751,0.7002318666168301,2.1481571027399626,COMPLETE,IZ-D
36,0.94,0.9475324948943276,0.6927162710588494,0.37891832085032695,166.57209966710184,111.35612442002345,0.0007765677941172564,0.42178202151841326,0.17097857686425744,0.10464825220549841,0.031054961683138066,0.11205104468354402,0.02986572181482955,0.765408171756985,2.0356176183262495,COMPLETE,IZ-D
37,0.94,0.8814251864364567,0.9016962033681467,0.3262927574948443,158.47152265299823,93.90993293417885,0.001377607066680605,0.5488797294774442,0.22173367201275854,0.050020139112267395,0.02258449009974587,0.23622745787592167,0.03231362273072125,0.8028250709908493,3.805658366895644,COMPLETE,IZ-D
38,0.94,0.7675917042266751,0.812793854475591,0.43180324613087745,133.0706283794063,115.52915008504776,0.0009505679255610529,0.43976640412446516,0.20938232228837564,0.0846463567385368,0.027287191600440498,0.1501557820255096,0.03732064675503743,0.7451345461907756,3.222371607532265,COMPLETE,IZ-D
39,0.94,1.302948082857991,0.6033844923087455,0.36455972595061115,140.68146296502923,102.25466535071787,0.0006852811427053435,0.5267341744115345,0.3156324325217784,0.1741673931440999,0.01299489893344185,0.17960121613902016,0.029845429091524576,0.7207304590106377,2.838002154748927,COMPLETE,IZ-D
40,0.94,1.1564124772358844,0.9735934024308041,0.41079583464338454,152.13031697239313,107.9722033950122,0.0008421161322431507,0.5727948957150162,0.2868910714402477,0.06727914060031613,0.010326047139369708,0.21976232678331625,0.02512850789517565,0.7697649096696555,3.4146326805997123,COMPLETE,IZ-D
41,0.94,1.0358543304864907,1.0551939818632534,0.4631996294402951,145.21898751931005,117.96689859048385,0.0008950957649358983,0.5018760556206301,0.29008304302927224,0.13881577284035237,0.01667348092882157,0.09368043710569832,0.03880374600507153,0.8349440935469594,2.8555415345995145,COMPLETE,IZ-D
42,0.92,0.8785013863787436,1.1138612858315229,0.44592830288178276,147.80057939148492,116.27172089786214,0.0009157362447346205,0.4704757304744057,0.27412851643117603,0.15671311934062382,0.016514403944051594,0.08991582892364142,0.03827015424366707,0.8270182022506861,2.517060663479728,COMPLETE,IZ-D
43,0.95,0.7932484396179181,1.0122021665737408,0.4334687598081425,144.02350824340442,121.50880403263803,0.0010683067247684746,0.49571257758670506,0.3374523154272093,0.17803952067243106,0.015318155687601018,0.03949523233642953,0.03604706044767249,0.8103909523579363,2.6946784658459775,COMPLETE,IZ-D
44,0.94,0.9588320317606136,1.2135261968908961,0.453154736282907,139.67312216917531,114.04175343653705,0.0007973256429129674,0.5123433740716639,0.24980984267376935,0.14910400657950024,0.020385909271116914,0.1353131817628389,0.039821457793382864,0.8407974519731448,3.0287466147305206,COMPLETE,IZ-D
45,0.94,0.7209875915465263,1.2624015880694008,0.3837122923913576,149.45570359912682,122.91861029233564,0.0008584285997023403,0.4859167502108812,0.31759086023236877,0.12798504480063116,0.017716648385520173,0.1103572529822588,0.027451865304635604,0.7853727229779119,3.235117146523071,COMPLETE,IZ-D
46,0.93,0.910801466112102,0.7446781307141108,0.33878947877867294,168.43964170368392,105.49456917094646,0.0011220968220919188,0.5092176517993249,0.3004905568685712,0.11341539610496058,0.02476989545073141,0.39627385131851744,0.0345865130607238,0.8621006914055365,2.341389938054756,COMPLETE,IZ-D
47,0.93,1.2219093310500184,1.4857683618300892,0.3988033998232854,163.7600255720868,120.58364729260093,0.0005014296112367954,0.5375696744756616,0.23108283371214197,0.1356980001706357,0.01214489025977333,0.1393295965332565,0.03753975558971578,0.8095882976711845,2.602282298990295,COMPLETE,IZ-D
48,0.94,1.431714101870101,0.6667290223355191,0.4923301951311948,154.4071126369865,108.03843545212678,0.0007276193904767408,0.5903518725830367,0.34929334507956356,0.05577150420044229,0.032514902151829075,0.02216834375190868,0.030990890400983878,0.880892871374326,2.879154512075569,COMPLETE,IZ-D
49,0.92,0.6725525209046929,0.8922447386384598,0.31038032828077455,143.40700112842356,112.70268933158492,0.0006633159806685344,0.5268048985917076,0.32810931674940025,0.10592604565899975,0.022204840427632308,0.25740897272231356,0.0365954097533468,0.8422263528106334,3.696700216823338,COMPLETE,IZ-D
0,0.94,1.072,0.799,0.302,150.0,110.0,0.001,0.473,0.347,0.195,0.033,0.359,0.021,0.827,2.714,COMPLETE,IZ-E
1,0.93,0.802915752784984,1.147443746847359,0.3038738756936112,148.32279922407707,95.57824241307323,0.0014662835973086722,0.5686160688776871,0.21704069700381112,0.05506663549604862,0.04652615387867286,0.28655006916660253,0.03487711925148609,0.8853095948656757,3.2467304276833486,COMPLETE,IZ-E
2,0.92,1.0779361832455443,1.1125087269388945,0.37816371540683114,159.94839719010326,119.31285847450006,0.00118409586312966,0.4145325865974737,0.32608818390332833,0.06664745337801842,0.03375631630928239,0.3429120342107179,0.021127450375826237,0.7686148774759193,3.9414421170472953,COMPLETE,IZ-E
3,0.9,1.4936410048853452,0.9707902250396154,0.4754223666015631,147.8675271367538,98.85276558418059,0.0010598470941829588,0.5045656520165,0.29780281095880246,0.17567355056574246,0.04072599687938236,0.1811206548377797,0.03566640674808494,0.747275123318816,2.7067226355183154,COMPLETE,IZ-E
4,0.92,1.1785161446154973,1.4752498028504681,0.4483857981720481,166.50528879702122,100.05670728629723,0.0006593556957080447,0.5728277190896222,0.2751692566296012,0.15317423841552052,0.039256116984108705,0.33520731253621217,0.034549363789623186,0.7889703855026245,3.3386360269024538,COMPLETE,IZ-E
5,0.9,0.5777920871240729,0.9694188218392211,0.48159804915504617,159.03696785351704,111.92929990420424,0.0014743418323724259,0.54904064205279,0.33419568627069307,0.19913488334364804,0.03764550136125148,0.25617219805022484,0.02284790067356857,0.7235427797202342,2.5491295574739423,COMPLETE,IZ-E
6,0.91,0.8385659587706839,0.7496151622704449,0.3486841708839794,163.5152379619695,90.00550467585363,0.0013397874041356896,0.5138835765486413,0.17590348742695425,0.18863300645399783,0.04166215285728533,0.2033497094108566,0.0354021784188844,0.8438142745681942,2.58978001108184,COMPLETE,IZ-E
7,0.95,1.0193133686121258,0.7549562025634469,0.3885470328909164,155.21375898866322,106.42881362522674,0.0008247983957261553,0.5398141942691866,0.33477505524883433,0.07793925714586895,0.031811529467780555,0.03213150929100625,0.038596699966805134,0.7619559525262688,3.3648807109789898,COMPLETE,IZ-E
8,0.94,0.8304410147010112,0.6831759157646995,0.3665096764004799,154.44126447179872,95.6580672704473,0.0008448996418395941,0.5636577691437161,0.1702383877819399,0.054910060219562185,0.015624437753880793,0.19912147709345962,0.02926463592690151,0.7442500881301298,2.1031268821825444,COMPLETE,IZ-E
9,0.92,1.123785010715264,0.896809387031034,0.3367947537164848,143.62550686808848,125.32097721931302,0.0007387641848921673,0.5338100942940802,0.18314548120699747,0.12600790949656931,0.01730260136153937,0.32667287844827564,0.03318750167271979,0.7204188014196519,2.2825850419472635,COMPLETE,IZ-E
10,0.94,1.3423900770765862,0.5449496003465975,0.41881222553333836,132.38477718847267,108.38069832331796,0.0005673130698326921,0.5993290683816483,0.24287375718411017,0.09177092330543368,0.022901566629436505,0.03531049447666404,0.03948467410208077,0.8113691765443766,3.8428270803733033,COMPLETE,IZ-E
11,0.93,0.9401225612083471,0.760468716858079,0.41213881921091616,139.63175834156203,108.74249579838225,0.0008850906563885255,0.4588585733131233,0.34530774596094754,0.10459519015376988,0.027393221741143337,0.045047279845667865,0.026228754232964696,0.8283792461046936,3.074831767901111,COMPLETE,IZ-E
12,0.94,1.2564860708238161,0.5038782793500256,0.300124618547469,154.19062840620174,114.01883919473711,0.0010388248319009557,0.47537975163517815,0.30512571371006597,0.14153824737911544,0.029664273992507324,0.11286691475552178,0.025286614532222872,0.8613964779491738,3.580198792974727,COMPLETE,IZ-E
13,0.95,0.9926123895843972,0.8221816481884271,0.33476237433824363,154.19149230913132,105.69134983356373,0.000897052722973476,0.4635787233895587,0.2813896061341473,0.09434918848240371,0.024463727612694094,0.39688176368022166,0.0397286600699543,0.7907827493906568,2.878876976344588,COMPLETE,IZ-E
14,0.93,0.6348020738468709,1.2332842206672268,0.38798085100131036,169.85528481410307,104.48784900265005,0.000859645102716567,0.4312818839826915,0.26460046464559495,0.08503719572871193,0.02257011136267375,0.14328734877348076,0.039756220505407905,0.7825856425650295,2.990332399734821,COMPLETE,IZ-E
15,0.89,0.9500876523075544,0.6273964375799419,0.33410306497422615,155.5921135198696,118.37593676494325,0.0007652525951888163,0.44353884527327375,0.2989833946178327,0.10665974271684797,0.023167186967941115,0.39315912881396076,0.037902857490283146,0.760567531214787,3.5061780064267767,COMPLETE,IZ-E
16,0.95,0.7028854201508132,0.8639526396399341,0.4430395270828704,140.5063786176883,104.05133245460918,0.0005582389700435942,0.48823815731401865,0.22933933724433994,0.07733365629785396,0.012322219030826496,0.08500101550379366,0.03160325181238385,0.8034678237680027,2.850215546715993,COMPLETE,IZ-E
17,0.94,0.9850463321106437,0.6406185460112239,0.3496802361257908,159.90407805792447,104.03947466990319,0.0011796242017347426,0.5220252669970988,0.31186751086008985,0.11074502638845496,0.02741525644898178,0.2588731763127425,0.03777175037524527,0.7023204376851121,3.6601677118290827,COMPLETE,IZ-E
18,0.94,1.317820057345617,1.0548612567505822,0.4038651150787928,144.55327209235838,128.2052104338299,0.0009348950321803549,0.4070567444523562,0.2765917252070182,0.12192286576096711,0.04824225243410916,0.1487935177638689,0.028456190040177947,0.7744084839653358,3.25622325651328,COMPLETE,IZ-E
19,0.94,1.207151522616803,1.2728082355587889,0.32792345170457293,130.6387866403919,115.94397545431318,0.0007233550946404411,0.49080035711245323,0.284227945982764,0.07460045684829195,0.019374976789048197,0.08462929173405959,0.0373459184059108,0.7446944868189262,3.0179684353589087,COMPLETE,IZ-E
20,0.95,0.746475048360594,0.8723563350021423,0.36656535930398904,153.38232434931857,121.16330371095944,0.0011290260896507564,0.5361935895796028,0.2078816705549596,0.09553457018378309,0.03492141305561683,0.24447031191203994,0.032226957121296695,0.8995200169204222,2.4214467137707794,COMPLETE,IZ-E
