number,value,params_c1,params_c2,params_c3,params_inputWeights_max,params_inputWeights_min,params_interSpeciesRate,params_keep,params_noCrossoverOff,params_probabilityAddLink_Large,params_probabilityAddLink_small,params_probabilityAddNodeLarge,params_probabilityAddNodeSmall,params_probabilityWeightMutated,params_threshold,state,study_name
0,0.94,1.072,0.799,0.302,150.0,110.0,0.001,0.473,0.347,0.195,0.033,0.359,0.021,0.827,2.714,COMPLETE,IZ-A
1,0.93,1.3233042004328477,1.0382268916229869,0.41628880825386916,143.1327267945446,116.90215222107383,0.0005192743993785204,0.5426719500284972,0.28219974807858605,0.18918940963261222,0.04951705735306418,0.20453257119350107,0.03637992790971866,0.8004850692234009,2.0916049350975454,COMPLETE,IZ-A
2,0.94,0.5069204614934856,1.0793076495313154,0.419067177613807,149.2322100064299,100.71689497364818,0.001111411766618655,0.5880901689364435,0.19940498845971083,0.15736151631399975,0.013880069973806673,0.2091436251024596,0.028217552723373347,0.704804994072044,2.738177966598143,COMPLETE,IZ-A
3,0.93,0.6351094322621295,1.1364102309093123,0.3408722673666056,138.44102947641633,90.38325408949424,0.0011884644935776715,0.4708910702975216,0.34669347534141226,0.060239273931466525,0.012639842438521245,0.2626554788590917,0.03556358801673065,0.7926411975297051,3.990116961145147,COMPLETE,IZ-A
4,0.93,0.5231191049416948,1.2506932584048798,0.3419965554438189,157.30264260508585,112.77593508101933,0.0014308509847101142,0.5919118924413576,0.2749713376355999,0.09836080706768907,0.018903737677234425,0.3993527378905967,0.033477586703449067,0.7386448355290283,2.700979520778045,COMPLETE,IZ-A
5,0.93,1.4573908008290901,1.4219362228822487,0.4063125288817125,133.81871887888693,118.65236879963423,0.0009913805338694912,0.5169072980863009,0.24582108302774647,0.1731061588676049,0.03554214011395318,0.32334354137884347,0.032929363677323444,0.886319578660063,3.0141997801270404,COMPLETE,IZ-A
6,0.94,0.9933382559049068,0.6819624244307987,0.4068197992604791,137.0654151245112,127.84158740153853,0.0010226340921033878,0.47258368434335,0.3176824595359338,0.11728824897672349,0.04632244758042435,0.292669115162532,0.02466809453524093,0.739626802242348,3.324763856921133,COMPLETE,IZ-A
7,0.94,1.3320413753383464,0.6594692621705244,0.4093332935942412,161.86515175642606,96.09223101458826,0.0008779151095597707,0.5159753730845593,0.2970542123880797,0.1387080994412906,0.047254274331581386,0.05871886874659235,0.03331772076124057,0.8510381123240788,3.82690729191184,COMPLETE,IZ-A
8,0.94,1.0209927862572048,0.7608045275976779,0.450662960966555,164.6496079610592,96.82617672248884,0.0008574371863317121,0.4114943221784917,0.33843743268202636,0.10968058495322947,0.0478309496932827,0.34324127838767815,0.02216942159186263,0.7356336529220867,2.8940154040336328,COMPLETE,IZ-A
9,0.94,1.058036167141613,0.5668809838943869,0.4875850014403542,161.84424851103816,123.03168417714531,0.0014554973211600816,0.5000327548603062,0.26174762400242035,0.12429712127030747,0.025703100169705673,0.2869946579001167,0.03568034736858018,0.8269927862354287,3.8368683563356143,COMPLETE,IZ-A
10,0.94,0.8222464835645784,0.8634608600438515,0.3011018199683857,151.8991661493061,105.97865133323836,0.0006251821343378594,0.4049452627892776,0.15690024772914365,0.19723558256600995,0.03530845563069,0.12252588022892484,0.02108763635930993,0.8965783064159799,2.184130962474865,COMPLETE,IZ-A
11,0.91,0.783567914215719,0.8883365974525679,0.3597401794079606,146.8785672985586,106.70733350983961,0.0012004289860044353,0.5988845897829432,0.20407786463650435,0.16343352822144808,0.0287106846578414,0.18443871046435587,0.027472528525142537,0.7031874729528799,2.4472311891180443,COMPLETE,IZ-A
12,0.92,1.1930566794370085,0.9875390472147954,0.451404678330704,152.63235713797542,101.9189442257637,0.0012267920144403152,0.44519967489975754,0.21412603255861373,0.1531091717245282,0.010506240194648641,0.14238015853804192,0.028339609006220796,0.7837288126727853,3.3052380925909923,COMPLETE,IZ-A
13,0.91,0.8573766852395784,1.2259185895603426,0.37369880029251573,146.30520551363415,111.38546342730217,0.0010529170495569438,0.5521896485901143,0.17451994235214469,0.17932823122792163,0.022859520510713632,0.22651995152812726,0.0399117306563284,0.8447989084853017,2.526678576961658,COMPLETE,IZ-A
14,0.95,1.163033444543642,0.8492948872725586,0.3002270565744887,169.33054325120568,101.86436343232992,0.0007613736856587883,0.5603844739967202,0.22791798378117362,0.14574359908564793,0.03555249267231024,0.3949511599686088,0.0247361345214678,0.7718419901678795,3.1916607622928135,COMPLETE,IZ-A
15,0.92,1.1956549764900413,0.8468166375638654,0.3050164545374915,169.47229692135502,106.12763579825781,0.00073495909854868,0.5561761946622946,0.23880851530726438,0.08320028159935347,0.03594660287440784,0.39529378681070826,0.024346653006526144,0.7685715647598836,3.2620888367044385,COMPLETE,IZ-A
16,0.94,1.157961896426643,0.5647074218704906,0.3253075947712734,156.38366345262125,114.78058045591484,0.0007880895551261197,0.46395510705635495,0.22432119272042417,0.14107795475866974,0.040753402700296724,0.35160937786310176,0.024061051632047133,0.8152172667269247,3.5400526359876805,COMPLETE,IZ-A
17,0.95,0.8976441762907466,0.9388458110412226,0.37469027033763413,141.85857959362713,90.05741002420581,0.000674442284003679,0.43618097198501643,0.31102525796478103,0.14175096344855495,0.04083335788784479,0.364112522118398,0.020463364886719307,0.7636595496717418,3.092619093045267,COMPLETE,IZ-A
18,0.92,0.9188661331131982,0.9453532740575636,0.3799663190316444,131.05649645411265,91.1930663655685,0.0006548854869035776,0.4334114506876469,0.30891369441846844,0.13839340272285977,0.04085760996945123,0.03522071445504199,0.025426203906646648,0.7621141670975209,3.076186004482522,COMPLETE,IZ-A
19,0.94,0.6743833958732056,0.7235557824703991,0.3291187878741181,141.12890245543412,94.63509375254812,0.0005632956296111399,0.5715644923523985,0.18092159778635608,0.09448120168280202,0.04285998803239653,0.3127111914646998,0.020254489576858936,0.7609759649109101,3.475609658549187,COMPLETE,IZ-A
20,0.9,0.9460605317241099,1.457078540641178,0.38069426093347847,143.12614030199546,100.08932463581584,0.0007196609688602986,0.533068359970017,0.32123742056837445,0.14768516332493473,0.029987782023225634,0.3719198966088036,0.022472008220908474,0.7742295759483886,3.578562672025326,COMPLETE,IZ-A
21,0.95,1.108370929509745,0.8012397827652963,0.31489602968154673,154.4609637456239,109.26889041465294,0.0008865234370013553,0.44062171600175026,0.33271796624225686,0.17201115204280407,0.03334435390150764,0.3560588393553549,0.02007793041920842,0.8137486857032775,3.1062795427001877,COMPLETE,IZ-A
22,0.95,1.2849983336691249,0.9344107871448829,0.32164439709559395,167.42927958381446,104.90001709332574,0.0008818392083556895,0.4306691307527032,0.2874505201563008,0.17095958347173712,0.03968508825604165,0.2576659139485755,0.022779847638713453,0.8043976068223145,3.174913016414427,COMPLETE,IZ-A
23,0.96,1.1402580973917436,0.8019299047534597,0.352620858355313,155.3751417274834,93.5268043627442,0.0007548384161628465,0.4497826925571611,0.33130100296793497,0.1334343765226746,0.03198108449024998,0.37276226376587773,0.02634769515640111,0.7505297398267089,2.9279612095577865,COMPLETE,IZ-A
24,0.95,1.4920827390804654,0.622996417068472,0.35278481325749017,159.85701793207673,92.95748445258928,0.0006402691311151039,0.4531071055267605,0.2643157155628266,0.13238272442155638,0.0378438533540499,0.39988708833499,0.030468865934592054,0.7204754957937635,2.8927343267176466,COMPLETE,IZ-A
25,0.94,1.2574286731998494,0.5064111130120144,0.3611755729942357,165.5404018659222,97.89610387035457,0.000781260021293036,0.4884699325227677,0.23009856760462646,0.12385785384316336,0.026596399724060263,0.3256959579487392,0.02703510176885481,0.7479042930738772,2.924308548791276,COMPLETE,IZ-A
26,0.93,1.410559255466294,1.1007858280677638,0.38792355073995644,146.0346430481345,93.38034383543271,0.0006943543118632749,0.42020541995851085,0.29734725836394316,0.1501564554333156,0.044443825750558455,0.36982016149852037,0.02600870025328631,0.7573819706858378,3.4202576050899767,COMPLETE,IZ-A
27,0.95,1.1208030724783888,0.9805016146088145,0.3421763802930968,137.9677292216094,90.06736376514765,0.0005809838030458089,0.4975877778562829,0.2568526569918771,0.10945151635402614,0.03314495483448878,0.288929454681403,0.029183885218093616,0.721338679366081,2.3912198774261695,COMPLETE,IZ-A
28,0.89,0.7255916148305981,1.162020663746287,0.3940082211572005,159.2765738928631,98.53045734427214,0.0005008438460507088,0.5732272027470688,0.3253064777692132,0.13005391067950986,0.022947301621287407,0.3739620048019092,0.030143627939539532,0.7858216483927403,2.8017814661420535,COMPLETE,IZ-A
29,0.93,0.9380649369219332,0.7909964387731429,0.36707422843815696,150.77129199132852,94.22525110633684,0.0007986922464561879,0.4203473114024966,0.3495244941375029,0.15984662161741242,0.031343758684395734,0.3341954197528466,0.023146747781578915,0.7734494680559785,2.5796638252072768,COMPLETE,IZ-A
30,0.92,1.0330831676794077,0.8989125519627114,0.352635369088332,164.7139981358261,102.85453760274301,0.0009297515807708838,0.4577213615873714,0.29587149461890155,0.11382656468953123,0.0374469217655383,0.24417378960854702,0.026098594609392824,0.722884129187098,3.1790689243228853,COMPLETE,IZ-A
31,0.94,1.1022854027065638,0.8062019262055772,0.31315905891073875,155.26394080084185,109.17963135711607,0.0009306624053939215,0.44089845477207334,0.32987933621174254,0.18432436536147415,0.032567506148786306,0.3591275383154651,0.020081528501453883,0.8135841850278411,3.1181288146976347,COMPLETE,IZ-A
32,0.94,1.1202668819602593,0.7240467305905466,0.3146834154752438,153.8929745312064,104.20371318821499,0.0008107491315578031,0.48507285354501917,0.3368187454441552,0.16556768118671641,0.034237712010767626,0.3761076937770456,0.021450739327053568,0.7486288472432087,2.9953557075978576,COMPLETE,IZ-A
33,0.94,1.2016462516669177,0.8253329960901357,0.33280889140478886,148.7567852548016,99.6963233314801,0.0007219002464480511,0.40116205689592105,0.31035969120436857,0.1468076094192894,0.02807343802384536,0.30878163639194656,0.023784371979625334,0.8520782409276102,2.786955664118561,COMPLETE,IZ-A
34,0.93,0.8789076868925014,0.7520412641275098,0.31151023673185296,144.1876856225921,108.76334135877502,0.0009473130230706995,0.4459265320221488,0.308692589907281,0.18933081277620567,0.03849125246055734,0.3500305510920063,0.021573544109862904,0.795509611388128,3.1844515720087814,COMPLETE,IZ-A
35,0.92,0.9726777319337112,1.0433384709750995,0.4294387253854474,158.02817229146336,92.55492507124907,0.0008314050603958214,0.4233519804251114,0.27252590431030344,0.15695432967996575,0.042849177748216616,0.3856319752457965,0.03144167301438017,0.7796602333144812,2.671916511324831,COMPLETE,IZ-A
36,0.94,1.249900074191355,1.0346566609543564,0.3452841771338634,140.91164278479874,117.2104782484122,0.0007624935166502346,0.48023144883287894,0.34024430906706543,0.17653253445365577,0.030558293032788803,0.34871501566366964,0.020089368780322154,0.8371669505242361,2.981775331197142,COMPLETE,IZ-A
37,0.93,1.3977250648024944,0.9170075964918333,0.3363015803460062,148.91123082094518,96.30919367948547,0.0005729842541984516,0.4636019392850822,0.33020259780386224,0.06690035220840607,0.023808581577308606,0.30209111191940924,0.02518840671246487,0.8056226712003507,3.3553180778994665,COMPLETE,IZ-A
38,0.94,1.074452674879259,0.689015482430464,0.3209188998785161,134.45132632447059,113.25291858245059,0.0006694852831836178,0.5217253796052007,0.2458041463981753,0.13078399031488758,0.018138165840177804,0.3294591698436693,0.02678305662086251,0.7897724036158129,3.618752603158012,COMPLETE,IZ-A
39,0.94,1.317717476249336,0.7842535082764462,0.30144109921996104,162.57088507534763,101.85508831331776,0.0011063430094773732,0.434845667289514,0.2887610029022961,0.142789493308865,0.03385829878871662,0.26812404910561705,0.02354926592282751,0.7482683553785311,3.0568177583551486,COMPLETE,IZ-A
40,0.94,1.0058335453511067,0.6264132382231028,0.423633178981494,156.02553636509043,95.38280282386665,0.0013455904940478589,0.45182943353960825,0.27597383904607337,0.16602589938636172,0.036397587525043566,0.17568479651842955,0.022213164041487685,0.8219348825387808,3.6818806160737703,COMPLETE,IZ-A
41,0.93,1.2371505193500358,0.9383226655870134,0.3184400826689396,169.76959064695197,107.60265240841139,0.0008752956598420895,0.4288721143622133,0.3150117221175756,0.17776455734715949,0.03911894257450031,0.26219003835862037,0.02258609384658632,0.8022730519016646,3.235614250906878,COMPLETE,IZ-A
42,0.95,1.3071136981665161,0.8585555778476638,0.3289208167436924,167.25323208487717,104.49234986718619,0.0009801016320490261,0.41242358645157184,0.33569711331270685,0.1713842703816365,0.04088074933252999,0.3633604455735652,0.021078134560534718,0.8065166800311718,3.131865068345845,COMPLETE,IZ-A
43,0.93,1.1344489160968851,0.9563359492063412,0.35227377307002045,163.38753897867974,110.78847418067477,0.0008906737253991919,0.4725537972624544,0.3020700626520037,0.19257838487612355,0.0443287272246578,0.3858745100196029,0.02320893001818398,0.7333959114643416,2.8331861738500246,COMPLETE,IZ-A
44,0.94,1.366424131447652,0.8763985783042612,0.3096410759895026,160.32128281791938,129.72201155457438,0.0008432835459299016,0.4416051048901444,0.28449098749536994,0.15468736284371273,0.03942750729606159,0.2733062917268674,0.024811329192297654,0.8332332249934729,3.4148873724914095,COMPLETE,IZ-A
45,0.94,1.0676633160104207,1.0054151461731573,0.3233006671263249,166.11958874090698,121.20385372734714,0.0010215198917001393,0.5082073506443691,0.3187550629896193,0.16805662815851988,0.03209175264026813,0.10537365092404555,0.021586726798490247,0.863154188443786,3.0102553699016354,COMPLETE,IZ-A
46,0.94,1.1662656063843835,0.8247682153947313,0.36700546519207594,167.24219558393156,104.32619593809234,0.0007649081594835207,0.40844813671975766,0.34494114866685527,0.11927632146954054,0.04844565080195728,0.22801551733524802,0.022810193875029475,0.7949624890871005,3.223100320029327,COMPLETE,IZ-A
47,0.95,1.286084485034256,1.3046479756176481,0.34277043936589596,154.04118501516842,98.6680499122136,0.0008919095652739969,0.4290112039402809,0.29182958832420347,0.19909895078575457,0.03453020253709811,0.3374820161749923,0.020743962137234735,0.7676918806082123,2.6560992107445136,COMPLETE,IZ-A
48,0.95,1.211918462770748,1.0982467720184013,0.30288666105208234,167.51905249216182,112.20024438044064,0.0006020384264206709,0.46220147287056335,0.20641490026777695,0.1838269248279926,0.036603901280748814,0.38649381590705745,0.027738012420369287,0.7541536713358419,3.3444427672917802,COMPLETE,IZ-A
49,0.95,0.7909553893965987,0.7503495332669913,0.4822606719926452,152.00267721195254,91.81663175450106,0.0006930201987705091,0.41443305470250935,0.22362137920165198,0.13631865758162542,0.029041997562655558,0.18614579387139393,0.03995711361816243,0.7784667158425591,3.1033681308088976,COMPLETE,IZ-A
0,0.95,1.072,0.799,0.302,150.0,110.0,0.001,0.473,0.347,0.195,0.033,0.359,0.021,0.827,2.714,COMPLETE,IZ-B
1,0.91,0.7426430703189074,0.9962377436586943,0.3280114558296264,155.67379600123064,106.0718034777754,0.0014719114134422373,0.40031803529235777,0.3034127117471713,0.06387312280454749,0.04845433777016776,0.07113292056796058,0.026909046301119253,0.7140614014272681,3.09108937144292,COMPLETE,IZ-B
2,0.94,1.364347995197813,1.3739616986726453,0.31511906106164744,137.27103225674756,95.13308277348467,0.0010196361537733708,0.5375597194078694,0.1744048873269218,0.18269240262468434,0.012710251267590534,0.1422546487495424,0.0287266500346434,0.7005778251933906,2.7123073385834178,COMPLETE,IZ-B
3,0.94,0.836799366093388,1.4149546197819722,0.37522903729357704,156.9256290215362,97.85549456003757,0.0011045171561211574,0.5695070626047616,0.24996250562324085,0.052603733021223655,0.02065101742003656,0.3666855247828688,0.039404859194594105,0.8063232751001103,3.618707830646357,COMPLETE,IZ-B
4,0.95,1.4972597015888338,1.358882748269722,0.35243496655045975,148.49727614492932,118.63620813151277,0.0006179340088271112,0.5377368351862508,0.33573369765081623,0.1160162710219401,0.017613236145123896,0.061105564466151646,0.034722111029476,0.8126383986643619,3.8919889737208413,COMPLETE,IZ-B
5,0.94,1.1945452219285357,1.0003997459395912,0.4575114885242392,138.35422391606073,103.33685741526648,0.0008628844045143486,0.5307523027700767,0.18268297865219696,0.1535618780543735,0.029840011284489674,0.3892673976233548,0.0342183934126597,0.7162220603303289,2.671445549931156,COMPLETE,IZ-B
6,0.93,0.6109405486214409,0.7543543933691264,0.4783820543172745,166.47780296234203,104.7204753266342,0.0008297641910628937,0.5929638897806631,0.33547269196929097,0.1409248866920389,0.010664640298665568,0.3786676222243542,0.026067167934731083,0.7123507360244292,2.0165910344306615,COMPLETE,IZ-B
7,0.94,1.3053430047213546,1.4855886802600664,0.4759466248481889,148.8934708899487,123.19404879353993,0.0012501291088862615,0.5754663032745849,0.19319521276924706,0.1014167317741681,0.020007769646370972,0.06063241000516838,0.0379906632851948,0.7610017644162103,2.6648572242166226,COMPLETE,IZ-B
8,0.92,1.4068325526687149,0.6248088911805032,0.3028429377806228,162.28990372816935,112.51205568274966,0.0005265178271661515,0.5097849650193602,0.21621109762087765,0.13224893862752274,0.030687886329356012,0.3015960709384398,0.03294878195308366,0.7578852278729545,2.17046259447733,COMPLETE,IZ-B
9,0.89,0.8384435313936789,0.6103640547142173,0.4486331593426038,163.30680410601866,98.22273817330215,0.0010872353631069772,0.4465414003606869,0.34746497690416334,0.05220032000010982,0.03592465089924497,0.044595352911544164,0.022138827188892655,0.7597434098835977,2.7424266025097106,COMPLETE,IZ-B
10,0.94,1.0696331116954454,0.9178645627547564,0.4110849334425234,144.3086495152219,129.15769622353287,0.0013229636780199277,0.4668272221804082,0.28386534843749023,0.1996079453052879,0.044025603456698856,0.23692893759375286,0.021052371001376028,0.8811827166183028,3.1755778005270163,COMPLETE,IZ-B
11,0.95,1.4798146855541239,1.1516976323682102,0.3542483846641374,145.2230770479415,116.23238247295791,0.0005946024224305926,0.4714712870128914,0.3085593578575272,0.09806378110833444,0.02285504473264301,0.1736476288869173,0.03263291990385802,0.840803377628285,3.8817359112362606,COMPLETE,IZ-B
12,0.95,1.0706906264405005,1.210282978150227,0.34954510964408736,153.4201517122678,118.52008890572793,0.0007146718175252509,0.5017758643777834,0.2572754916984954,0.16301051255099047,0.037626209596139694,0.2595768735596806,0.03519240313760621,0.8326403698411206,3.4434727296074117,COMPLETE,IZ-B
13,0.94,1.2055047756879607,0.8560932215086502,0.40244552793740246,144.49748820194526,111.16590089442363,0.0008881022939985114,0.4306151873031998,0.3221736179417522,0.10708324876614245,0.027457539020246315,0.13142367160158475,0.02320797794515594,0.8784572901907985,2.335843396194747,COMPLETE,IZ-B
14,0.94,0.9794823036945332,1.2350888263733155,0.3351741259592457,133.21679392854767,122.5157259887549,0.0006955821661061557,0.537959510939312,0.2804081726899017,0.07765929007182831,0.017154480753461706,0.2899166991060258,0.03037421364847311,0.8089299101170154,3.9372032406902533,COMPLETE,IZ-B
15,0.94,0.6014968946635182,0.5184046376888674,0.38224458349129664,150.62171796266097,116.20263515718817,0.0006785344549340212,0.48013088501688167,0.34974290947317965,0.11810687001692227,0.036101607681079714,0.19082989238685027,0.036250450569078135,0.8492190719451567,3.4043269354419348,COMPLETE,IZ-B
16,0.94,1.2229944520783027,1.115116053319392,0.36268327768242686,140.5153279324937,125.54312871023959,0.0011840859702563495,0.5145789075407421,0.31659840424045266,0.16971086147231546,0.026706412983219227,0.09718590347731247,0.024589067918121446,0.7846692207615542,2.4275420370880902,COMPLETE,IZ-B
17,0.92,1.4885004163224325,0.7848398675086622,0.30675487497152726,160.01752706829387,108.80796572876976,0.0009022390439029845,0.4882750705948274,0.2895306885065787,0.14053900512835918,0.015238992193906339,0.3229621810850636,0.030109209640762788,0.7866499417992743,3.0143043590724226,COMPLETE,IZ-B
18,0.93,0.9208012935478829,1.3165355908512473,0.3339930978323121,149.68637413422675,120.31539691437573,0.0014117386674308416,0.5513756801046953,0.24205262587073076,0.19827130668300746,0.04116606462409778,0.023293521230118686,0.03181454781032693,0.8598023512053541,3.6408831673964936,COMPLETE,IZ-B
19,0.92,0.5138775163066529,1.0696288748503417,0.4168018430724387,133.0836741531562,114.60653949652556,0.0007679724058233502,0.44869063091973216,0.15133983574224302,0.08176377550970691,0.03321566157354842,0.218502587352025,0.020473067791642135,0.8203153114566134,3.2582436755616917,COMPLETE,IZ-B
20,0.94,1.110604363258438,0.6996767992196784,0.3809809748557463,169.15158663831514,101.13142156783697,0.0009710095140636864,0.4201196964530332,0.3231682284070822,0.11997851897289163,0.024283037362782787,0.3488083181348829,0.027531828104484325,0.8975725852420937,2.807723296765889,COMPLETE,IZ-B
21,0.95,1.4932505084200647,1.2494135218859659,0.35459641310072887,144.72703870805879,117.06549767200329,0.0005027135629565254,0.467946514332778,0.3110105506126,0.09752282114700196,0.02277763405529902,0.1736721141365302,0.03188256853663294,0.838583993494385,3.977743672128179,COMPLETE,IZ-B
22,0.94,1.3403048276958405,1.1704029051990374,0.32104215543233133,146.75954856119097,107.91366722628939,0.0006001487873774939,0.4904812857336799,0.33490993256238205,0.08962512267394697,0.017523293781416947,0.10776486658635644,0.03723025204262237,0.8598423833486232,3.7675477385184366,COMPLETE,IZ-B
