number,value,params_c1,params_c2,params_c3,params_inputWeights_max,params_inputWeights_min,params_interSpeciesRate,params_keep,params_noCrossoverOff,params_probabilityAddLink_Large,params_probabilityAddLink_small,params_probabilityAddNodeLarge,params_probabilityAddNodeSmall,params_probabilityWeightMutated,params_threshold,state,study_name
14,-120.1,0.7563145477775222,0.721985746944477,0.432901383381454,190.3219637173981,16.100351856186037,0.0013258600505751286,0.5342441682336382,0.29163694167796234,0.09086912582521092,0.04145524042415358,0.1650135838535752,0.020051764232705355,0.7688595687075859,2.0867345794298027,COMPLETE,IZ-H
15,-120.2,0.5025136711364564,0.6398820117546826,0.3214498037917545,224.62567973170317,1.6180272131706372,0.0010468537290721151,0.4915902780747188,0.3482986293338206,0.17418475472375183,0.018342146002122178,0.20627386048252727,0.028241802934232382,0.730164710265767,2.6915767242433333,COMPLETE,IZ-H
16,-116.1,1.2279399345797617,1.4948450493385148,0.3599367337537664,79.2160443686079,10.955775774954617,0.000844458007890852,0.4568127774653164,0.2214665919312804,0.14734971441204012,0.02727839931055405,0.2260947617444771,0.023303034079458284,0.7828775460990116,2.295218275739179,COMPLETE,IZ-H
17,-116.7,0.8586494977882498,1.1411682783997235,0.4482317050730322,139.52846003984558,25.0107393047948,0.0013902498769341935,0.5546769457484028,0.28197779663546474,0.08138731375888805,0.019221256184773633,0.30775933370221603,0.027438097740572355,0.7299119257990488,2.5820745463853934,COMPLETE,IZ-H
18,-116.6,1.4703805375371692,0.7145891245819219,0.3151234792272626,171.42308279398245,43.49586172610596,0.0011134707954600167,0.42837847052588196,0.20442381190907405,0.18114908017629583,0.04365797747526282,0.12724983174941554,0.023967960621709458,0.7526958931713084,2.2071168476204948,COMPLETE,IZ-H
19,-116.4,0.6396570896283547,0.8638009350370869,0.35020298924861487,145.6412408792467,6.611251714401835,0.0013432144416264664,0.5079227971409748,0.15237942561009754,0.152071625563612,0.01584851637320547,0.24768799709731942,0.026966546274071277,0.7103208497371811,2.8513761706294285,COMPLETE,IZ-H
20,-109.2,1.24552056156671,1.1267684664777033,0.38648214225392713,203.82682474519058,24.085822377465348,0.0014982356417331333,0.5403937188558489,0.321162349087706,0.11505241900211324,0.02285875788943705,0.17833746343323356,0.030942910766272234,0.8115155645301135,2.436872213396787,COMPLETE,IZ-H
21,-115.9,1.2948419402659221,1.1240042442268527,0.3676291415512443,207.4445976279135,23.8923298631419,0.0014953868957295914,0.5980544951789316,0.32293892732707263,0.11198172892868122,0.02297852679415186,0.1862697584776839,0.031241133764829586,0.8163665145510927,2.4780498827948083,COMPLETE,IZ-H
22,-115.7,1.4946913174387555,1.305956416255154,0.387606787378869,200.2740517392192,7.839204706339394,0.0014123168895795767,0.5449514852750184,0.32954538551846513,0.09009887954710435,0.02849780610577895,0.11832859752211271,0.03477553146688668,0.8543377904695343,2.1401797202607775,COMPLETE,IZ-H
23,-118.8,1.1080485214718638,1.0678320078126438,0.3184556939154586,176.12566847306846,23.697124541817853,0.0012979472326622957,0.5112574819068726,0.27834696389273295,0.12340660086621116,0.01417332974194466,0.08137558296101127,0.033044717499315215,0.7795180379942432,2.3946477627760965,COMPLETE,IZ-H
24,-117.8,1.233312775872831,1.2117078041991145,0.3458784837414895,212.2569854927618,0.8892296251810246,0.0014105844547483678,0.493615845975141,0.29512167020406505,0.18601288117235268,0.022070488536837542,0.19432650754392455,0.029661885707214942,0.8029884148033337,2.015900220663255,COMPLETE,IZ-H
25,-109.0,1.3768053047270263,1.3540659921658889,0.42489548056505855,191.44972565349894,12.394755679445055,0.0011844020837827331,0.5377861074884028,0.32576823081839956,0.1384634796518099,0.020696292287054788,0.30772452812323253,0.036242010398798166,0.8495249874555622,2.854530162718339,COMPLETE,IZ-H
26,-116.5,1.3439820334720094,1.3308097357706647,0.439437845918057,193.21537800868603,10.91072026926016,0.0011561906521030416,0.41553941024989344,0.3349742227207743,0.14041271159292298,0.014502946982336312,0.3029160645196767,0.03576901598698309,0.8618033372900713,3.3251329378391348,COMPLETE,IZ-H
27,-97.3,1.4170427703364386,1.3886149839789181,0.41276514237094225,154.9861228181987,14.096142650831617,0.0010442496981828686,0.46050791146831144,0.23807052406781176,0.1587225545546329,0.0312854370359875,0.323665833486758,0.0383264322707145,0.8960554154653098,2.8409682336175464,COMPLETE,IZ-H
28,-149.9,0.9300136866330374,1.4739310880293113,0.45223625010871304,121.09787767701546,5.0274691557315165,0.0008441874485338776,0.45942974985475754,0.2355139021253236,0.16084863950767506,0.0384513982042188,0.32785409109841973,0.03777096178360367,0.8830559296554287,2.6498776650819624,COMPLETE,IZ-H
29,-120.3,0.8640922483637079,0.8708650435246923,0.40830242030540287,146.05902825193635,36.449206991176084,0.0006945048195585509,0.468663503875965,0.24151666833638522,0.15715246076472522,0.04563379091201829,0.37392110562171677,0.0338395146986422,0.8819344727456853,2.870204138099532,COMPLETE,IZ-H
30,-114.9,1.390481030622467,0.6042955588220812,0.3745338702684008,126.7234648160114,20.411830032044463,0.0010668331464033576,0.44207902033186103,0.2020834428023526,0.18649308636947753,0.030415266737364798,0.24187565874585512,0.02171847727911188,0.7446276664273747,3.9691673987138154,COMPLETE,IZ-H
31,-105.2,1.4244562275057182,1.4047451715568013,0.42195547875521194,176.86839336644093,9.509153150782556,0.0009482741729610662,0.49685020194054447,0.2718337274390456,0.13950967093530167,0.02048847688550488,0.33313776632026465,0.036730939531539664,0.8934144100543663,2.8779969430081,COMPLETE,IZ-H
32,-118.7,1.4316622959936112,1.389189752551752,0.42234117071644106,154.58029156929587,12.483124464714962,0.0009523976750645013,0.5004311629918091,0.26854685820357715,0.16957084738946687,0.02591606564430459,0.2790828631442604,0.038426655261252905,0.8989229846577423,2.9376545292575833,COMPLETE,IZ-H
33,-115.7,1.4227135923929222,1.4333047447373948,0.4123515976332873,175.77051640718423,4.600719968872669,0.0007277012599458644,0.4846570743462618,0.2700390189312407,0.1356045228037949,0.011972191906472082,0.3348154425688207,0.03963071606509,0.8939279081366042,3.2431611346310354,COMPLETE,IZ-H
34,-107.8,1.3053577397707719,1.2290799565137058,0.40010201582739696,167.0572729933236,33.34518233048378,0.00093846107940096,0.4718154198999045,0.2492885476986446,0.12157952109293131,0.037566037435333155,0.32734774958070784,0.03715617198969773,0.8738620218257211,2.7517749625727994,COMPLETE,IZ-H
35,-116.2,1.4981481281084092,0.7906460108079674,0.46272868832259073,137.19321004630535,4.300274898139134,0.0012709252705915036,0.5195379508492654,0.2120717624727435,0.17744866810092969,0.016018856556287743,0.2606880732283401,0.03306230717205166,0.763041154446056,2.299024654337167,COMPLETE,IZ-H
36,-111.8,0.6011789950083393,0.9283368651908774,0.3117460055232401,152.31065534113455,73.43078545659289,0.0008234143465212978,0.4446423064945417,0.17586033807539875,0.15408541491898442,0.031823844694415,0.39252133092300606,0.036803676978411984,0.8335183093534465,3.4308072203170275,COMPLETE,IZ-H
37,-98.9,0.8222447244465656,1.2864553643190146,0.4766274235344036,114.54882044390375,44.34390587550727,0.0007665879429265866,0.4839108185333668,0.2326600327067984,0.09939160733178694,0.033427809092299275,0.22618776993642245,0.03504156524625913,0.8719259814351388,3.05624826352693,COMPLETE,IZ-H
38,-118.3,0.8196378338803615,1.2692697501297987,0.4903559010399067,113.78754031292944,47.224377375595836,0.0005373153489903459,0.4262638782675635,0.23776415008049878,0.09791462800539329,0.03343661064860465,0.23195148079663075,0.03481803538930243,0.8493579814576905,3.1265505281250343,COMPLETE,IZ-H
39,-118.8,1.0133837632737748,1.05709303584569,0.4731167812042184,106.63788049642976,38.007539343952544,0.0006198208815044793,0.4643504724362949,0.25552687784870015,0.07089878195495762,0.0356721575577252,0.15293397900858174,0.032675565388727186,0.8695364588327253,3.001600162973191,COMPLETE,IZ-H
40,-115.5,0.6769228056269719,1.2987578385656997,0.3295768095995248,88.59713003847081,50.03799967435196,0.0012222570991382337,0.4488915580655629,0.2143528537653783,0.10283299606091091,0.04057001679066765,0.21224664089560547,0.03883912581879681,0.8261953770014819,3.539629207545147,COMPLETE,IZ-H
41,-117.2,0.7873458418609771,1.36309727036844,0.4220162635780504,160.46482290783393,41.23454167765716,0.000778753739137929,0.47980066884803096,0.24634254404723557,0.119580771020922,0.028453268743889298,0.36353695044707335,0.03781891505399319,0.8877279740084836,3.231301223647312,COMPLETE,IZ-H
42,-116.2,0.9081604170828892,1.445739550429608,0.4781110005206672,181.5664337933409,54.935844992683286,0.0010370973784962637,0.5017338112574998,0.22666588078772062,0.12928570383591392,0.025311327686331236,0.2912937267980998,0.03489405398191988,0.8920823916408971,3.0843619914845912,COMPLETE,IZ-H
43,-116.9,0.9714966952118914,1.2039938614884667,0.3794891564305283,124.58371400782256,8.928802251671407,0.0006034502015427807,0.49284726999294237,0.19622810745272876,0.13257629707059412,0.0324413702356484,0.34198663080479963,0.03998927526497195,0.899561924974089,2.7526451092489146,COMPLETE,IZ-H
44,-117.1,1.4323739146868728,0.9253783409355714,0.3998328394498708,143.53704427008898,14.298173454210161,0.0009159002083451905,0.47724165549555086,0.26276060894121006,0.1434263855985647,0.03631488844689715,0.2624344578648323,0.03674287386063477,0.8770717432802531,2.96033197986652,COMPLETE,IZ-H
45,-115.0,1.0717828993182212,1.170302707329218,0.4383309164344319,113.49243864589067,18.672163984865897,0.000995433183273506,0.5121561507851907,0.30039751787328706,0.19469955104253953,0.0295805667704129,0.31683097343610384,0.0261439580686624,0.86121660722943,2.222175279765565,COMPLETE,IZ-H
46,-142.4,1.1764379689217102,1.3947086437850715,0.3437546783279046,131.50734601688052,28.415293528931095,0.0007820937906461603,0.524986824084361,0.1690769608910565,0.10540319638107733,0.04297144740663364,0.2801313435648559,0.02840481737619464,0.7210575447558255,3.1962875551461623,COMPLETE,IZ-H
47,-130.4,0.5920116993198261,1.051888314572002,0.46550570756184667,166.3711191739434,2.07919683193356,0.001100888517209097,0.4859949160959213,0.28575239252860535,0.052179255432622,0.020664920387137586,0.2505363282302927,0.02431164580102184,0.7927701193981166,2.578541341781163,COMPLETE,IZ-H
48,-118.7,0.7090201029920237,1.2544573006598274,0.30580909106206683,105.2644168259421,60.17344482895284,0.0008831211984947667,0.4210848864954796,0.22529871797319428,0.16475120719703448,0.02476943245075775,0.2180190623972927,0.03023665847685357,0.863395490795746,3.3220529437175865,COMPLETE,IZ-H
49,-119.8,0.8140086780236093,1.4515063729386293,0.32733769732347323,214.59093340983503,9.110713375621236,0.0013384012453546608,0.45262967018977884,0.275041195423548,0.07529532543058712,0.047198188410240954,0.2954899149210127,0.022560212406830538,0.8813033517452588,2.7974344669626094,COMPLETE,IZ-H
