number,value,params_c1,params_c2,params_c3,params_inputWeights_max,params_inputWeights_min,params_interSpeciesRate,params_keep,params_noCrossoverOff,params_probabilityAddLink_Large,params_probabilityAddLink_small,params_probabilityAddNodeLarge,params_probabilityAddNodeSmall,params_probabilityWeightMutated,params_threshold,state,study_name
22,-109.8,0.6910308409331795,0.6146201480942588,0.317765116697667,127.5558752601955,21.010063557602415,0.0009616553893180439,0.5229785717520804,0.2829894181718226,0.17869489830167168,0.032904353024037346,0.04549034083806275,0.027638213259360084,0.7164505805681707,2.20459607303019,COMPLETE,IZ-B
23,-200.0,0.5759897779194106,0.5779362884871322,0.34818063457486825,151.4113178003016,37.08702631112747,0.0007976596534223146,0.564246201288807,0.2345591154292046,0.18530221776100791,0.02448923422476266,0.16243753583630655,0.03402485839466858,0.7616605830935931,3.2166177137031147,COMPLETE,IZ-B
24,-107.2,0.5008099678667729,0.6996243142153913,0.3157484524194218,165.76892766067246,10.474853089793982,0.001172451604370071,0.5951152165130057,0.30492090282889733,0.16470606065638416,0.013464095764213589,0.02156587244473651,0.03147005494890426,0.7799896230472975,2.025064696744086,COMPLETE,IZ-B
25,-119.4,0.6856716517949467,1.0055012894103814,0.3789957646279356,141.55147590251372,28.551356608222886,0.0009115362664361977,0.5396962057122763,0.33151475517025725,0.15105240901311204,0.019035518849442594,0.1101215425611105,0.02902662894323963,0.8173278893502203,2.3796681981410943,COMPLETE,IZ-B
26,-112.4,0.5924666488997944,0.8041571373590364,0.3384854174552996,107.00931055686453,53.31543699924126,0.0006188316374477866,0.579593667146757,0.273122967598468,0.18542911155462016,0.01328945305147574,0.05909093261761341,0.02620129995375752,0.7296245457180996,2.7630056610333216,COMPLETE,IZ-B
27,-104.3,0.7760689455775165,0.5562319631473773,0.30363903130227426,175.8239159477848,23.756107730610697,0.0009623421453470469,0.4615219372612701,0.29168771171974617,0.199070090388503,0.014867917568272616,0.1495824524339358,0.022047368827126844,0.8994572046668701,2.53004577397052,COMPLETE,IZ-B
28,-116.8,0.7743661695208532,0.9179192047358047,0.3049627622818108,177.14835922518796,16.690433326920374,0.0009858762739563445,0.45929526614604804,0.30922497333822263,0.19986912759463796,0.014649396008584519,0.16296088123506322,0.021204452192865927,0.8476734378198177,3.1463295263656845,COMPLETE,IZ-B
29,-110.3,0.8446653903835528,1.0536133278305344,0.3367168917421624,152.1530870059615,0.9901491830490041,0.0011554778325823432,0.44609004416333,0.1945399513043266,0.12601495436304183,0.019449714576457857,0.10439635257185476,0.02371469202864551,0.8945045929071125,2.478742699154845,COMPLETE,IZ-B
30,-110.0,1.1355274626910674,1.1963016487191882,0.41603697709684767,200.99250983856638,22.827706177349683,0.000947154406307868,0.47576116141300256,0.2439171348466584,0.18748423963361066,0.011361867529119853,0.14089605931989502,0.022601548529019164,0.7893640566716774,3.411508399410285,COMPLETE,IZ-B
31,-114.0,0.7334199761916967,0.5585499716626106,0.3217011972356121,172.14604881061595,33.63353371053064,0.0008472804772472463,0.4954882097894101,0.29121149763318227,0.1713796767497432,0.020858740552465768,0.21091617216340175,0.02591589388678827,0.7513819033816026,2.3722448293265104,COMPLETE,IZ-B
32,-148.6,0.6570251900815536,0.66251931942411,0.3023089090270738,154.63350054439283,26.375401858356483,0.001042874128410939,0.5134583923885835,0.2722787684883086,0.1996295990536548,0.024447279393366248,0.21669533632520444,0.02162367002254925,0.7659714558080611,2.5483114194841416,COMPLETE,IZ-B
33,-112.0,0.5644032882061875,0.6391136812241711,0.32569947261390775,131.4921366871114,37.76710426828427,0.0007515170757867024,0.4361660411908952,0.29239554251465494,0.18976019768191943,0.014717215364181937,0.18678574111257018,0.02449209246134173,0.8989811492783392,2.1679477921629626,COMPLETE,IZ-B
34,-110.2,0.9198807140787878,0.7497099367641822,0.31394802808999733,159.6457803104698,32.03170261407585,0.0010121600876027178,0.4842496461782443,0.3197020762761254,0.16462871015129316,0.03102985452250865,0.09735554605236575,0.032045934994134675,0.7828949347623998,2.7926177878877914,COMPLETE,IZ-B
35,-111.8,0.8200311606968645,0.5521763212951384,0.33710417722176206,177.30118421263228,7.958981214859627,0.0008244546445897187,0.40176169102104753,0.3363543884417497,0.1789156774767897,0.01814541231541564,0.23617038753302366,0.027008293638370106,0.8196303828441863,2.4691719715306357,COMPLETE,IZ-B
36,-106.2,0.6413977952789671,0.68694244604564,0.36298330906695037,144.44571749862192,18.54274370721697,0.0011137535442712595,0.4713061232463,0.2644210537751951,0.1474055147849589,0.011882335073921464,0.05918826381297371,0.0232400740003403,0.7411377830860107,3.8356797612412663,COMPLETE,IZ-B
37,-113.7,0.7459832225573204,0.5953259613312375,0.3429116217842573,129.41769148113008,25.467085758378907,0.0009515220001587932,0.5075760883763414,0.31426830730915567,0.15835455336562113,0.015843190681457182,0.2604673038498263,0.03060818427882968,0.8676817291079187,2.6292356213467247,COMPLETE,IZ-B
38,-108.2,0.6138328990692191,0.5070679579367224,0.314291905523849,120.59121309359938,72.58778534161021,0.0007412352710094697,0.5609347278565315,0.2634900001134751,0.1344194951753619,0.02846283373956456,0.14347052470336105,0.028632341847917946,0.7478403772531248,3.0467310411183615,COMPLETE,IZ-B
39,-111.4,0.5564530133376682,0.7364863101476741,0.32726864859971105,156.61061782007587,13.958562257921558,0.001013965733174417,0.48737393486274827,0.24471623313982793,0.1118371720209077,0.02323117618966329,0.18386805600349804,0.034828244209406584,0.7176559255381657,2.2866212191025204,COMPLETE,IZ-B
40,-106.1,0.9898411967318859,1.3914379504291856,0.46575375151536264,104.5498254072398,48.48025479925527,0.000516518569478559,0.4983516608475673,0.32515945124648793,0.19333534092212853,0.043281691567606376,0.0670218706447344,0.03914660104309723,0.707046910460108,3.5488595659151683,COMPLETE,IZ-B
41,-118.0,0.6498687733279261,1.211574708683372,0.3287762523392847,200.45239964405476,40.84050671104397,0.001435551669697547,0.518048166524399,0.2911371181069073,0.1596942500965377,0.03903993850051184,0.26912982860738016,0.022090978426349144,0.7927371155089327,2.904386388638859,COMPLETE,IZ-B
42,-110.6,0.5411736355180116,1.2638589716150144,0.30808231007355413,196.63285936288398,41.678049628995346,0.0012247067712468824,0.5335706903674822,0.21879588056832774,0.16755990409885446,0.03327017345960065,0.2996383506542129,0.02116397162080498,0.8067817757282693,2.5897989077347363,COMPLETE,IZ-B
43,-108.7,0.706471059193823,1.1667760447355833,0.427501596624564,222.12245369823708,35.45151449308794,0.0013250005270543977,0.5046508700789882,0.2584211981676201,0.17583742873361233,0.04631617816551631,0.3131333294449383,0.024919467679777218,0.818240410094983,2.674412607333074,COMPLETE,IZ-B
44,-99.4,0.7843877541337788,1.4196621662177327,0.35583028184297566,191.4849948368982,59.08156697022642,0.001381028021590866,0.4899584613630546,0.2820951808839133,0.11270761284286478,0.03983016754447402,0.03691486394539365,0.022760209461594082,0.7983432174834723,2.904113577495041,COMPLETE,IZ-B
45,-104.6,0.7857734430061695,1.4183406707958515,0.30002827305759644,182.4405386565219,65.35962551414256,0.001084055878091548,0.4370455893799888,0.29643312304460423,0.10487004098218555,0.036517382137881554,0.027985063308924127,0.022991801110915238,0.7862706924345535,2.1274794544873523,COMPLETE,IZ-B
46,-116.8,0.7928071524726052,1.437406510352962,0.3587443580650744,183.01078120115946,67.17427313120587,0.0013648155117243776,0.4268493212105905,0.3004095288517417,0.09982909222159012,0.036982351970450085,0.03505858575222766,0.022627462800445513,0.7855710047551021,2.3859313999899143,COMPLETE,IZ-B
47,-106.3,0.8583817787237016,1.3171439633745519,0.37186058301646696,191.18416960513215,58.88407004650701,0.001083991975237391,0.4373665462293469,0.30911371890710554,0.08881214995540113,0.04439389565996561,0.037719325654549926,0.020756242004810355,0.7982426535762719,2.830505993069657,COMPLETE,IZ-B
48,-108.5,0.7773607766365725,1.4101326901585924,0.3001527121950593,162.43179610679223,64.59795635262121,0.0012054679249288557,0.4667061493501833,0.3246214727339966,0.0677269543921972,0.040172711582081154,0.04701264583719117,0.023505748206522903,0.7661413846661936,2.1241998566105265,COMPLETE,IZ-B
49,-102.8,0.897709499701062,1.4624602250782894,0.3105046414104815,205.29848607649103,57.577234155625675,0.0013819962295098301,0.4484365498481583,0.15485639759637537,0.11379605455096789,0.03469029804822656,0.020056891405488664,0.022109544354058305,0.8573864659401741,3.000034282783038,COMPLETE,IZ-B
0,-104.1,0.8087917701170115,1.0900978114652409,0.3323905121625484,150.0,0.0,0.001325769860712736,0.4939624970149944,0.20190213122754505,0.12600067176845353,0.020709859974451617,0.23602845889732524,0.02708631622549824,0.770772665231818,2.4317364034809126,COMPLETE,IZ-C
1,-116.9,1.1631452118593062,1.1426047164766846,0.3350325200981576,156.4144482917582,73.0910558196716,0.0006773433110415386,0.5917000744190934,0.24693342323094983,0.1354406518641713,0.010172187919868056,0.19625627634197465,0.027636646176673062,0.7709343391425691,2.000103981966156,COMPLETE,IZ-C
2,-116.4,1.429295924073916,1.2045430763712297,0.33959823727510197,218.9682153249242,71.15642706693387,0.0007351053476611346,0.44532530019847466,0.19610341763200975,0.1408546084626669,0.01139187711786422,0.39805814348584345,0.0324643813264212,0.8634517590352718,3.9421199002587173,COMPLETE,IZ-C
3,-117.8,0.9980963142410504,0.6780281756976964,0.3677857247359953,222.47203144355805,56.55854634360529,0.0009190453019621348,0.512157334962094,0.302573541452838,0.12093136886601719,0.03979384050754012,0.24133403793078778,0.025191881624362443,0.7314228988639659,3.435182879728069,COMPLETE,IZ-C
4,-200.0,1.076997835537867,0.9160890722726596,0.3407083319816105,78.39246607453188,67.49728562396804,0.0007933954219331438,0.5971532013297569,0.33025379612348055,0.19440826459309513,0.0472366395873221,0.13476872358489494,0.0381969189198932,0.8760680058585651,3.849251825337462,COMPLETE,IZ-C
5,-110.5,1.021208270322891,1.2879358885157517,0.3023361604889677,99.77933370448434,55.602497932357366,0.0006905186120810747,0.5791869656229409,0.20133610809940927,0.1886238212437889,0.01757682169267011,0.04253028146421911,0.027833652637086488,0.7562573433256047,3.862527534197816,COMPLETE,IZ-C
6,-119.3,1.4750754505973678,0.7519904445257655,0.49457367620007536,221.74692887951045,63.226182283860936,0.0012351364197943824,0.439231683839901,0.20447422286488293,0.0563350434677787,0.04995175317870708,0.32178284166182636,0.026104640346622715,0.7798331243331542,3.1889271463184268,COMPLETE,IZ-C
7,-102.4,1.3208908698935988,0.6479060286557368,0.3385493902340765,160.2257300264173,68.53655972826182,0.0013322752963383303,0.5809761680256268,0.279674211115708,0.057814539350380806,0.015774982791016804,0.2989842209277986,0.023430644208314377,0.808187188179071,2.059689447105367,COMPLETE,IZ-C
8,-115.7,0.9160826276838399,1.330427617917612,0.32011017410043346,220.02446678226568,59.12461629831501,0.0006979924443389497,0.41915718255291673,0.24985750412494848,0.07409880637169282,0.036990105519356796,0.07951542226779021,0.039984364796169194,0.731381168533975,3.506223968961086,COMPLETE,IZ-C
9,-117.7,1.0090643351943172,0.914220587417558,0.3963329754474345,154.63332121806988,19.101686590004103,0.0010582568743366428,0.47250735452938536,0.26198112028248466,0.10402510190118809,0.029977751285625645,0.1514423545329628,0.024104039770334394,0.8331083820939291,3.5655234926957915,COMPLETE,IZ-C
10,-117.9,0.5531975441081163,0.5709533946822705,0.4663959061154471,183.02699087393165,31.985903987470067,0.0014948120382917813,0.5440337133437589,0.29397409138124186,0.08582042629874795,0.025027577205413848,0.3110477009468453,0.020526852409338582,0.8211267694531066,2.6660301471481493,COMPLETE,IZ-C
11,-117.8,0.7255552669881359,1.4975539236751938,0.3843525965756474,120.98569119463771,6.796099384274623,0.0014513452523401877,0.5116096054372902,0.16682113069247145,0.16449918946518477,0.021100486533708083,0.26811435922580845,0.0321966548932887,0.8052499929166146,2.129795743101944,COMPLETE,IZ-C
12,-112.0,1.2700502018150364,1.0014984338217532,0.4365799363886308,182.84463392220513,45.261531279434436,0.0012654723465257516,0.5468433395917409,0.22988350027759777,0.10428918728959424,0.017304781602145443,0.35959755840031515,0.020828799289830655,0.7039375147114962,2.4607825638681433,COMPLETE,IZ-C
13,-115.6,0.8150170164131689,0.5203950273600345,0.370683455953107,131.22426376137213,0.20901343795256463,0.001256096356568705,0.48571379373627316,0.284774840706591,0.15679337651247233,0.025879437162221842,0.27047264625612444,0.023459098362171388,0.7931177452423628,2.412978997549338,COMPLETE,IZ-C
14,-122.0,1.2842229468313004,1.0485542679691733,0.4211312029414561,177.43270527246105,31.16870055268561,0.0010886174721748496,0.5462966532722027,0.16488290814749218,0.05091932944947271,0.015479990181049305,0.19904434693791617,0.030372200992377495,0.844876748899256,2.8669924660682495,COMPLETE,IZ-C
15,-115.7,0.626839091098702,0.8341378167671258,0.3559488961499184,134.2364134418962,17.384879820074026,0.0013801931582226924,0.46906242406268056,0.33735432795279796,0.10641857591303218,0.02280485395656483,0.3020606522007751,0.03501895344819183,0.753664335872576,2.3136534256754624,COMPLETE,IZ-C
16,-101.2,0.8412744319176447,0.6931125989574645,0.30511588819453334,169.26043471350386,42.458155823516,0.0005204561806549264,0.5673881760035372,0.2183925953180929,0.07831063231311307,0.030478343356602374,0.23260668758031405,0.022831543906900058,0.8126999294416356,2.709448372875587,COMPLETE,IZ-C
17,-118.3,1.302935346941261,0.663117185144742,0.31663586189996895,170.95291807932688,46.71089146083709,0.0005066297789909751,0.5678560833024355,0.27228897499701993,0.0703734141306975,0.034587534339431854,0.15571587572625106,0.022726677857008718,0.8983030606639155,2.8383420685122704,COMPLETE,IZ-C
18,-115.6,1.1727236289153047,0.7562013787786914,0.3076938750101541,200.83536593544875,44.68463472049015,0.000521268432722805,0.5636806109248114,0.22949581488539983,0.08139134906703402,0.03182972843723833,0.37005750224177003,0.02234892063697307,0.8077466436313052,3.12918615440745,COMPLETE,IZ-C
19,-117.6,0.9018488667060549,0.6098022278237073,0.4119855053865264,194.8709951935376,38.179313203298356,0.0009274668585412692,0.5303268442526232,0.30710786281600805,0.08960857812867778,0.04283880619358917,0.3413384346319461,0.029113119504214212,0.8569548871373307,2.6697604349514688,COMPLETE,IZ-C
20,-116.8,0.6935439086499966,0.8432038032760717,0.35637700100448566,164.1819689257636,50.871578259417106,0.0011572891503813087,0.5686619646667854,0.2277289816127731,0.06272279395224828,0.030969339414362466,0.2758412052668672,0.02012923584546636,0.8244863350872216,2.1700960349711957,COMPLETE,IZ-C
21,-122.3,0.8207102349589436,1.0986332860639274,0.3300165945170476,142.36640967686216,22.352574638240174,0.0013718895534739959,0.5015955108472172,0.1925109535524096,0.11505459382927911,0.027201593585692796,0.22189730854551498,0.02608910964336862,0.783886301072818,2.5756031465676754,COMPLETE,IZ-C
22,-121.4,0.7961018349714695,0.7436784509255127,0.3046346478283458,115.42207830688133,11.699510380775658,0.0013713116029798074,0.526847174933635,0.1821487671993593,0.13643507002043004,0.021020669763519163,0.24087706952443982,0.025047437020037977,0.8094414098908418,2.2713767293269775,COMPLETE,IZ-C
23,-108.1,0.935718191278751,0.903137457876945,0.3518367054082091,146.62115865546212,26.879552332912358,0.0011731753576035826,0.4895636401300512,0.215799225735071,0.09660268108054944,0.015636128374304007,0.1830816948125999,0.022474332536207998,0.7636256702651671,2.035567931079222,COMPLETE,IZ-C
24,-117.8,0.5302083728232837,0.5008789025720521,0.3206247640905733,165.96484076720202,35.43649961286808,0.0009409423515534194,0.5841637784423415,0.1552410023613672,0.06622260198365755,0.012556382444061875,0.11609726160839731,0.027710332908437392,0.7934271385590121,2.4863677534599002,COMPLETE,IZ-C
25,-118.2,0.7388511552903197,0.6598704036235225,0.3798327593091919,202.1263373370923,39.64685790623607,0.0008190229276764439,0.5308540994997899,0.31867523900052924,0.1636503902580968,0.019298793718692853,0.24122554203994373,0.030079548754470005,0.735948457392027,2.890446708680713,COMPLETE,IZ-C
26,-115.7,1.1277443045341236,0.9942651188445524,0.3214551945775826,156.9160911985453,0.1865481313864335,0.0006133390351137512,0.4594417214080592,0.2637542822451295,0.07693240131689849,0.024046078653573954,0.28830740681708233,0.026292559881564443,0.8438346408675425,2.7053135634226226,COMPLETE,IZ-C
27,-117.9,1.3723378360190106,0.8192713252935124,0.3449976429459358,136.157954172637,64.53668317515523,0.0012916807487024066,0.41034934348535956,0.21408084471910724,0.1497435274335392,0.028037445409681047,0.22266024129330214,0.0216625415545459,0.8190476174552862,2.3202687987523762,COMPLETE,IZ-C
28,-115.4,0.8660755052805282,1.2230992531355804,0.32669149269562714,189.45085930890986,51.61591238488436,0.0010609094482531842,0.5567035848352797,0.18037546656556658,0.179189696444175,0.013442681198757472,0.33225716734612504,0.02448301643904222,0.7440297374760906,2.1676687822072775,COMPLETE,IZ-C
29,-115.9,0.6330700382110108,1.1370278546907273,0.3346186681523241,156.95738859179488,74.57096704786076,0.0011484453847876454,0.5975973363231003,0.2394135678085949,0.12799554343632374,0.035726500414105265,0.18160955487210687,0.027431756784089344,0.7733039906315736,2.0348557036857793,COMPLETE,IZ-C
30,-110.8,1.2022969366880893,0.5715017500326579,0.30099361695638394,122.06689764886018,12.476259700812601,0.001325430233097113,0.5827478955213573,0.2794650593254073,0.09364977960870491,0.010186879560943898,0.2139233609493638,0.02878818018411961,0.7886859870883167,3.130000342411699,COMPLETE,IZ-C
31,-116.0,0.9426183013451386,0.9092247946120672,0.35467052292272006,145.517654651781,28.41504331973884,0.001178010975641694,0.4890812997979245,0.21407920982441433,0.09717773699612192,0.015014865657210308,0.176877688169063,0.02321608379862858,0.7661801150759222,2.0972883690758,COMPLETE,IZ-C
32,-117.6,0.9601679399272565,0.9570629278769094,0.3464316290472903,148.3092754100847,28.056371783122962,0.0012072548391196536,0.4879940324238974,0.20999449020825486,0.057486708978383344,0.017963037642324133,0.24591554607162075,0.02156833372111184,0.7665998936234506,2.2199987464439697,COMPLETE,IZ-C
33,-119.2,1.0637035622149553,0.715726895893249,0.3684543369023523,173.0802002094615,6.5241027503859,0.0014249570149896958,0.5112352674639372,0.24410390014854025,0.11593737947809266,0.015166539091114437,0.17400150527148442,0.02394394120025873,0.7075040740946694,2.0052794939661642,COMPLETE,IZ-C
34,-118.8,0.8604901202326898,1.070688293327722,0.3366356360324575,162.71462569775866,23.78467260900267,0.0011191094513131777,0.4574133441865875,0.22340823836478216,0.08328736292927914,0.022129363061688632,0.11327257023854446,0.02194235785620656,0.7197598740422197,2.3618869456922447,COMPLETE,IZ-C
35,-115.8,0.7795267912314282,0.8049898208299314,0.31381971864015595,142.99207429457942,71.9870235533034,0.0013179201346874918,0.4959843707428671,0.1934895379949309,0.12607554246502017,0.019441405591067377,0.25954234946004956,0.025416668281001198,0.7583865816102708,2.5431317171047283,COMPLETE,IZ-C
36,-118.6,1.0878889822483246,0.8754762354426046,0.3482731842657377,111.03042974415645,41.80758238979521,0.0009946813836517097,0.5181594699296401,0.2552660523651553,0.1426237946394345,0.011825313793955438,0.19978927394622448,0.02690642741121866,0.7773235149344905,3.0099309947023567,COMPLETE,IZ-C
37,-116.1,0.9626829350337527,1.2353005564558952,0.3623825696281469,152.22362033961144,67.81153624102143,0.0008605540850222855,0.44530225781837385,0.1810742086851509,0.09750994185414567,0.033785614869273804,0.3974876580902974,0.02284670912714131,0.8012617558246156,2.7472686418884202,COMPLETE,IZ-C
38,-116.8,1.4970668221411887,1.357424922037803,0.33785590336681737,163.94736440368433,55.637369190229734,0.0006129360037949674,0.5002825899373422,0.237515462522266,0.050424771026179524,0.040725115896297036,0.2948278124282241,0.02502956556405866,0.7475049622411163,2.5915295302985957,COMPLETE,IZ-C
39,-116.1,1.0309905090686031,0.6218962657201855,0.39228967564634576,82.77362180077306,61.02304850688119,0.0010018177371440592,0.47808647717777913,0.22039284929192657,0.07396335771830728,0.028607795029342648,0.15231921170451834,0.021322783516522593,0.8342984276950642,3.3366802546134866,COMPLETE,IZ-C
40,-117.3,0.6570724823592534,1.1438101699024272,0.38068085572275,126.30875027142949,51.68091454553462,0.001216567740643702,0.5734551033065782,0.20062101433315727,0.0622866771526646,0.016584199552606475,0.09123782541714905,0.031147487473850134,0.8648534456630705,3.704748526996635,COMPLETE,IZ-C
41,-104.9,0.8819932637207241,1.3163610949129636,0.3089038069314966,100.72264752516114,58.34522304848022,0.0007368735838155502,0.5790546845817519,0.20281871114835578,0.19923924495961604,0.019236998041264424,0.05192038144437547,0.02839545178180918,0.7660111180996342,3.920268990417883,COMPLETE,IZ-C
42,-118.1,0.876141238927606,1.3962832822754314,0.31078890924886515,94.45885230352322,70.23838257619516,0.0005941603915489874,0.5899025036620792,0.19065106624612982,0.1940965399415609,0.01989115625989024,0.022499377808349277,0.033713363921654534,0.7687035263089661,3.8799059188169904,COMPLETE,IZ-C
43,-118.5,0.9936436563541449,1.273746692007312,0.32405799033124305,99.02442964952328,64.09444700094738,0.0007526869787550959,0.5565412825376262,0.20509129260782136,0.06918322640583226,0.013717148394340604,0.07125634779296486,0.02878674984186456,0.7956409443596615,3.6818042222958685,COMPLETE,IZ-C
44,-118.6,0.7395119480853334,1.471767921373794,0.32871881809360115,109.79819568823143,59.29816503891145,0.0006745223434669928,0.5942634285476535,0.1716439427393411,0.1703576235815552,0.024069655027146048,0.03919017071990408,0.023900027968391874,0.7818158356287804,3.3771481151590077,COMPLETE,IZ-C
