number,value,params_c1,params_c2,params_c3,params_inputWeights_max,params_inputWeights_min,params_interSpeciesRate,params_keep,params_noCrossoverOff,params_probabilityAddLink_Large,params_probabilityAddLink_small,params_probabilityAddNodeLarge,params_probabilityAddNodeSmall,params_probabilityWeightMutated,params_threshold,state,study_name
45,-117.1,0.8403752985789612,1.1910279535873094,0.488692251632364,209.50479031557683,67.1428532991446,0.0014980722948301085,0.5370726136673756,0.21723416499310877,0.1857967662645899,0.017560366994735416,0.31811261575149796,0.02626668380374761,0.8154276659102893,2.081920157166291,COMPLETE,IZ-C
46,-118.9,0.9146252788358413,1.425473607264194,0.31385080184563624,180.79614854847893,34.45569059239743,0.0006596745588623441,0.5758571259956923,0.3487018022069248,0.08074003945063402,0.010414894964182214,0.2590677197143093,0.032141205348992036,0.7570521709346957,2.259304602505623,COMPLETE,IZ-C
47,-110.7,1.3647595324644024,0.9604133495271947,0.3012436024547672,85.3410303595532,48.28213115637184,0.0014335424237776567,0.5595028579954904,0.25367223987410004,0.11259419170718739,0.02635763729156171,0.06309003946984687,0.036880271403923665,0.7364928935542099,2.423923644723869,COMPLETE,IZ-C
48,-100.1,0.7761199526216291,1.301192405598361,0.33925961928176807,138.2316008096575,56.75347810887342,0.0005471083392829573,0.5172227416582754,0.2898595343912316,0.08926307603707131,0.015956286724164843,0.13131669795209952,0.02839876712882503,0.8338222500493878,3.0027679452782396,COMPLETE,IZ-C
49,-117.5,0.7840553341119562,1.2889586964777193,0.4426422436845396,136.06212461642426,54.74063201226642,0.0005727703061907159,0.5502813976333023,0.29985501089627026,0.14658947993876553,0.021457716978599817,0.1296227065752213,0.030935531340702035,0.8252736113680827,3.251764709679361,COMPLETE,IZ-C
0,-117.4,0.8087917701170115,1.0900978114652409,0.3323905121625484,150.0,0.0,0.001325769860712736,0.4939624970149944,0.20190213122754505,0.12600067176845353,0.020709859974451617,0.23602845889732524,0.02708631622549824,0.770772665231818,2.4317364034809126,COMPLETE,IZ-D
1,-116.0,0.6414654159054498,0.8670688103428054,0.426887047288508,99.17625271640978,63.1412547406845,0.0013226450773263286,0.4771015009549985,0.16484624708678,0.18599580261333976,0.02303160285339957,0.3528619000525124,0.03637426988769517,0.7138478308189276,3.1502076614203096,COMPLETE,IZ-D
2,-115.9,0.5817334976792423,0.682089265487526,0.481608584951355,190.45435426185372,58.068170783704964,0.0008028815524631051,0.530170966902263,0.22314833723709454,0.1839963370971992,0.048266385106427716,0.3687205118834928,0.0339731517755182,0.8605651049924792,3.834007306137092,COMPLETE,IZ-D
3,-137.6,1.2569130083580418,1.2781154741054122,0.3563093511699497,217.43224890888882,18.138700877001725,0.0014395151581417282,0.44496895624319455,0.31872718160558183,0.10191348010208304,0.030729134635705584,0.15422306961063245,0.03936294400088437,0.885963673621531,2.05234516288809,COMPLETE,IZ-D
4,-99.6,0.6936571618191285,1.1422827197615684,0.38974983519064244,162.67935142274382,18.881304320353482,0.0008449342775161114,0.5834690159693877,0.27669262362872016,0.14376272282543523,0.040057526459154565,0.3134188135482063,0.03761095608539457,0.8077575907042229,3.1881552489166944,COMPLETE,IZ-D
5,-116.0,0.8276558605667942,1.3500009783179352,0.30296352262198445,199.09277233433517,55.23103755123622,0.0008207133739666934,0.46042221454821564,0.25267410497949894,0.1491094299630185,0.04367792244631639,0.1008603493267139,0.02524458035830228,0.8797095137873612,2.3220875032663413,COMPLETE,IZ-D
6,-118.2,1.0574482019592955,1.2065417385726889,0.4952543658796472,153.78189715969955,71.29077488039634,0.0007751824833245147,0.5371260814340838,0.15271272268495387,0.050481117995534217,0.02253486673560578,0.368960932100375,0.026457621691874683,0.8305424458173931,2.156273371535616,COMPLETE,IZ-D
7,-116.1,1.4511000283609943,0.931432241152096,0.4028081967560225,215.2012077610206,17.156486754939635,0.0006634147965784425,0.5968454336767473,0.21347888401398896,0.15904360273321616,0.044524614226866564,0.3457055662400439,0.02501491863348904,0.8356024076175705,3.026208189995263,COMPLETE,IZ-D
8,-116.1,0.5403111507373961,0.8137075514395241,0.34623032075015536,223.23389388690345,68.38090570478376,0.0007832548753067644,0.45398685217369716,0.18204978653741616,0.0823636671472954,0.042998063901889726,0.09443352835935935,0.02202763324761244,0.7525857798192739,2.6643618829886324,COMPLETE,IZ-D
9,-116.7,1.4849271857309267,0.5306508496084721,0.43176182733482477,222.8171209719406,71.10489626354797,0.001438487295144744,0.5101023360496012,0.2854528297238936,0.10606039324437709,0.01181898590079132,0.3208411091088528,0.021722987583624474,0.8448263055949324,3.7419676243770117,COMPLETE,IZ-D
10,-118.0,0.9675868913574379,1.0939836669113303,0.3746573674743881,75.73893907221513,39.631767183756445,0.0010610082350709666,0.5842144099727041,0.3415790959800315,0.1505140626966329,0.03509491663534683,0.24882747489385612,0.032146457685742987,0.7993522477348273,3.3330123435486,COMPLETE,IZ-D
11,-111.4,0.6724828462938139,0.657948248046773,0.48016254219303806,179.6179606029205,33.352179106744494,0.0010035739561594162,0.551129733594431,0.25127064901699814,0.19723693132506218,0.04985989893936822,0.27961737860438474,0.03406851653768462,0.7989877945908039,3.8980572908538154,COMPLETE,IZ-D
12,-116.3,0.7642494516133307,1.4837286117769826,0.4599296852851428,169.9322122710159,32.95019883679374,0.0010520624746974579,0.563365713238777,0.2608311963708597,0.19086976068482014,0.03683115723727979,0.2804515668268177,0.03867739061240986,0.7925946644416825,3.597161423397007,COMPLETE,IZ-D
13,-116.1,0.7007348176447489,0.5045887267927635,0.4016738650248002,119.44887625416561,31.410489187258655,0.0009479917015884842,0.4113982712771045,0.28454936743483866,0.1982560409096586,0.04856675238391765,0.17942431698835437,0.034739489202691085,0.7503221788896061,3.431380571037098,COMPLETE,IZ-D
14,-119.5,0.934281766906607,0.7130572260386852,0.44179989841680495,173.81511957393687,19.245426158971995,0.0005717822866312369,0.5635399132690057,0.28796392631080936,0.16609198754175153,0.03786056750242473,0.2914705913999266,0.030815923318987595,0.8109180914998283,3.9837015935181292,COMPLETE,IZ-D
15,-115.4,1.1231227546895106,1.031748257287289,0.3820825323744601,137.3011083986277,44.93610494990318,0.001181369971740137,0.5591704972848949,0.23656551132731884,0.13048425368273797,0.0403528051892813,0.029814950603895662,0.03673727020386175,0.7757016920123647,2.7331946981859208,COMPLETE,IZ-D
16,-111.7,0.8588240080796111,0.6587752814691881,0.45535829511506226,171.05810812182014,6.426300864971065,0.0009502031913930907,0.5312113893518247,0.31174771041845784,0.1386724483075396,0.049146686405226694,0.3953046610893479,0.02910874897149653,0.7041891433826516,2.8620411911729766,COMPLETE,IZ-D
17,-121.0,0.7051328775415344,1.1659603459353995,0.4171613166738642,131.26305281333273,26.02365323331616,0.0011704202639858479,0.5816195650769873,0.2621595389822394,0.17210423060041508,0.03152525763265288,0.29152199863968337,0.03319544892853989,0.8175215293666159,3.302056954238858,COMPLETE,IZ-D
18,-115.4,0.5447494949420147,0.9657964847649678,0.46904202213569407,192.4316777079761,47.29738920212856,0.0009069479158908975,0.5488355854801702,0.23695282083630984,0.10591972312307978,0.04485731373523138,0.20763252407525312,0.03689452878916464,0.7396892660253842,3.5693962297792194,COMPLETE,IZ-D
19,-117.5,0.5092823953454577,1.3948798633990251,0.3797941723528948,155.94862685175949,12.985968057663243,0.0005217401943749755,0.5110058265564134,0.30592275833798555,0.08228945875582448,0.03998673684328686,0.24573201986458432,0.029899582214137556,0.7813560572996141,3.955338927063015,COMPLETE,IZ-D
20,-119.3,1.1859228169694447,0.7639132381379052,0.49718021980362026,182.63517812652998,27.14665313115357,0.0006506428025389697,0.5996333935387416,0.27013225032490695,0.17397312821332628,0.03484768808728576,0.31388844832742546,0.03985039603003474,0.8572826461879368,3.07581216378404,COMPLETE,IZ-D
21,-117.9,0.892800739309014,0.6294638472690526,0.45618629479386863,169.2517243593265,5.129577824277099,0.0009160691401395881,0.5291386075852131,0.3171274268371817,0.13993734486695797,0.04805974141699023,0.3953978695633481,0.02927023046111733,0.7041293970829244,2.75376534218445,COMPLETE,IZ-D
22,-115.7,0.6659902142675358,0.6313607623302637,0.47407059075074454,204.44996861637614,10.138920927791604,0.0011072131806579523,0.5502044952870236,0.3420859974001016,0.11913220059286397,0.04997523280011337,0.3924452689656999,0.035533385587874944,0.7291551962000709,2.8683064362258723,COMPLETE,IZ-D
23,-110.4,0.8621351622816642,0.8492497955967434,0.4485546011509825,178.3846087266402,6.87478665445364,0.0009766133968616075,0.5695689932688436,0.2998085026932163,0.1419362393719561,0.04557038690344301,0.328468294377711,0.0320600269698197,0.7627199181523847,2.493861826492117,COMPLETE,IZ-D
24,-115.7,0.7766953187275851,0.8616653285130866,0.4433845516616204,182.00690014792266,23.601990362319107,0.0010019759160718924,0.5796896847725121,0.29665362526998695,0.1524119552481855,0.04038469365587424,0.32520137292745643,0.03233920886243209,0.7662301563385782,2.561956504257649,COMPLETE,IZ-D
25,-117.6,1.0213049397989362,0.9108545032858303,0.4178847557755347,159.29620004159545,37.472574778625265,0.0008648557228428452,0.5724667548602865,0.27323373374315935,0.11572544826010403,0.0459868406074012,0.27646141110169237,0.038208247249014046,0.8100855931697487,2.4516845579037523,COMPLETE,IZ-D
26,-101.0,0.6193893189606166,1.026546225213939,0.4829939629475087,137.15045479856167,1.336464072606315,0.0011494421370622605,0.5473424821620011,0.24082521437034513,0.13810652037154927,0.026334200860562304,0.2158847224379496,0.03134266808211421,0.7859186257489577,3.167417342083801,COMPLETE,IZ-D
27,-99.3,0.6119796638099023,1.0602006401851045,0.39367107858751654,139.62542779935308,1.2548583234351707,0.0012629649868290986,0.5895828249278016,0.23347572115890314,0.1364072619498427,0.026938475606544037,0.20961923561908358,0.03122427971715219,0.756564395691445,3.168613498449762,COMPLETE,IZ-D
28,-115.3,0.596951510196626,1.0251235256174396,0.3658669655977226,121.23575295867394,13.254677657625988,0.0012760554068181943,0.5923547269231552,0.19808183685089406,0.1310074479480035,0.026235975983153522,0.1502638946862,0.027877227623266176,0.7867491112560397,3.2165687515716175,COMPLETE,IZ-D
29,-118.9,0.7545953603861381,1.1126595594866575,0.32884306718832795,139.67573934542256,0.6366119447519598,0.0012474045837119392,0.5120756936089975,0.2372721985402854,0.12205434750481903,0.015907674008938128,0.20646819969195973,0.03123968207179672,0.8218373920114311,2.949336346472598,COMPLETE,IZ-D
30,-115.7,0.6122685459329943,1.228749857180478,0.39717506195830715,106.99015887629841,0.4464642736360773,0.001209745923492426,0.4865233229995669,0.1986381229038729,0.09177384245052618,0.02736939226359036,0.2279793989938576,0.027941735194565092,0.7328463837657562,3.447396041649325,COMPLETE,IZ-D
31,-120.9,0.7577541255787892,1.0306289428210966,0.39281316316765064,146.59655284218076,6.312094378593491,0.001150073711214017,0.5727226635646901,0.22090704771726202,0.14455714721173998,0.018748772837647313,0.17178436295513927,0.03127718904670294,0.7732010553089694,3.1719301147343284,COMPLETE,IZ-D
32,-104.2,0.8739754253296503,1.1119935638698784,0.4150923752814211,126.5628760514147,9.281743469217611,0.0010887683790917252,0.5697842715541976,0.27675200595771887,0.13464295811013188,0.026033040876909868,0.22264057303826632,0.03196750505926076,0.7594327446321387,3.0870173483140126,COMPLETE,IZ-D
33,-195.0,0.6382933249277305,1.1311758858080063,0.42809205536399714,123.96824555880238,1.2489927553357845,0.001321135473865736,0.5904317927274007,0.2395525661200897,0.1298016398801453,0.026688121119222204,0.18486078122009938,0.033400346121687234,0.7580557495896219,3.09953632957151,COMPLETE,IZ-D
34,-116.1,0.5765021865593065,1.2777406013589299,0.411232018844621,105.93608225547734,11.632306366405627,0.0010648336023564883,0.5425707392019699,0.2734192582879297,0.16084332155022923,0.0234718114744672,0.1283911621918824,0.03487088564337019,0.7217151552028075,2.926643113732991,COMPLETE,IZ-D
35,-117.8,0.7076584397794119,1.075523745407738,0.34922866099233796,145.1645331705835,16.501188072291544,0.0013967081580063328,0.5775720787843586,0.22253978787010165,0.13466019068918728,0.028903671990314014,0.22696660477073052,0.023388776645966287,0.745841597155954,3.2791886264808903,COMPLETE,IZ-D
36,-116.3,0.8307565461458761,1.1663017313662627,0.38836331398327767,87.55360454725292,22.292219866623892,0.0011201787525998554,0.521833404113885,0.2489899490479599,0.1117873681074364,0.03259088798241336,0.25859644966859385,0.037467333751253135,0.7852189633374916,3.4158242567745676,COMPLETE,IZ-D
37,-116.6,1.3539701076448307,0.9664027080588411,0.368124271890052,161.59853337266995,4.705934911449644,0.0013665157849646825,0.5544877410776223,0.32641263429745737,0.15616834961360695,0.024357721695302037,0.19627803787100576,0.0358493867136527,0.7696063889652408,3.179094465512913,COMPLETE,IZ-D
38,-118.1,0.6277050331653832,1.2482843802388568,0.3288244337071746,128.78250332678732,8.420897162159399,0.0007288614816817381,0.5887598627230638,0.26298407427156817,0.12576225415844025,0.019918483594732528,0.1302203654231775,0.026871842503675733,0.8978711531316763,3.0244126532292714,COMPLETE,IZ-D
39,-100.4,0.5018554436622993,1.3315659601210856,0.34008628171690225,115.61308239419668,15.046380440687505,0.001234038151159657,0.599624236303957,0.20655029547002082,0.05076296655276498,0.0291475728052821,0.22127118387859238,0.030362780016501893,0.8043722070287789,3.613743201879641,COMPLETE,IZ-D
40,-113.7,0.5148494276866571,1.3808676327646394,0.3015641190582626,114.17332181226982,15.30348210271469,0.0012731097709607559,0.5988227834003473,0.18337329145563008,0.09814652746047674,0.029388831838845088,0.15638550232094295,0.02404398390145477,0.8297293830576831,3.6932623141641847,COMPLETE,IZ-D
41,-116.2,0.5666103175883075,1.188964522410794,0.3415625823940487,135.89853901209813,20.0589534841303,0.001218134676535101,0.5866141083558802,0.21351954736227644,0.07173158676898087,0.025483613722823643,0.22004526223286364,0.02020777788923033,0.8103809255886717,3.5449061039330365,COMPLETE,IZ-D
42,-115.8,0.5974818404402246,1.0742236570006443,0.3542098355334356,145.99308030786068,10.685839688255282,0.0013359412374213705,0.5665097600982559,0.2085041285137483,0.050165218417335074,0.02148726973564915,0.2645510459153454,0.03027090592186545,0.7984818145061028,3.381223963862475,COMPLETE,IZ-D
43,-115.2,0.7238900481407281,1.3137368416434692,0.3653826701599261,113.09368061001608,15.502441000069851,0.0010980959756111796,0.5786541602025221,0.18263722288521128,0.05908944481932485,0.033022803824110686,0.23820700381195564,0.02863251363641752,0.7582340408612797,3.250104301059755,COMPLETE,IZ-D
44,-115.3,0.508229395590239,1.4558694279373428,0.3395386903861427,91.68095169049957,2.9797305675744985,0.0008385243740500511,0.5403485371098852,0.2275274548891686,0.14760068349243358,0.02857519250984226,0.18899321971056737,0.02588638385678823,0.8421264437351972,3.7302393514023144,COMPLETE,IZ-D
45,-117.2,0.6587495220769448,0.9843101344050845,0.3173536093731731,150.9802581029379,10.01585965759578,0.0010393496465478799,0.4308612809435404,0.250952862794293,0.13645278146837156,0.030868211874186573,0.0930369518236818,0.03314235035696753,0.7938125329020826,2.291454500275843,COMPLETE,IZ-D
46,-115.9,0.7959594343394936,0.9144702614307489,0.406686644858586,128.99397953261627,58.46692156413408,0.0014616275902237842,0.5581813036566249,0.17274994047049133,0.11223215679535883,0.016618780945535865,0.366239285748733,0.030261106920101723,0.8060575452511146,3.5207562001480417,COMPLETE,IZ-D
47,-117.9,0.9057467213752273,1.1416003468516083,0.3150515290812394,162.80091041016436,2.6675918105659555,0.0013005126641409093,0.5919151411636557,0.2823480949559798,0.1781657793120387,0.024457605691378465,0.21282652769889354,0.03193451667885102,0.7766214314844605,3.1171115459839642,COMPLETE,IZ-D
48,-119.8,0.9764332527219942,1.0535565689549653,0.4893627725635873,140.26630790584213,18.711860658442504,0.0012095742762207803,0.5994969185814393,0.19212340552565874,0.16633905955683176,0.022501020926192786,0.29544357003190236,0.03455993848037429,0.7905279891875145,2.8089493996814117,COMPLETE,IZ-D
49,-102.3,0.5679839364674153,1.293799136721233,0.41597368278571817,96.35417152421022,8.430442488428671,0.0011476466591691034,0.5664456096479743,0.24424280440328242,0.12456917738027797,0.03500056374073274,0.1610117610934259,0.027998277293596576,0.8230905388971231,2.9630169734803697,COMPLETE,IZ-D
0,-109.4,0.8087917701170115,1.0900978114652409,0.3323905121625484,150.0,0.0,0.001325769860712736,0.4939624970149944,0.20190213122754505,0.12600067176845353,0.020709859974451617,0.23602845889732524,0.02708631622549824,0.770772665231818,2.4317364034809126,COMPLETE,IZ-E
1,-115.6,1.1658196365038904,0.7617551416124159,0.4520199148368378,217.3298952775113,73.0917198381716,0.001063437381720462,0.42259718427351833,0.27650688618361596,0.10817780264033112,0.03984068993085808,0.11415873011545674,0.03289721977434984,0.8348047446176192,3.0186779679617173,COMPLETE,IZ-E
2,-116.4,1.4510473556792791,0.9725025104095898,0.4833727496021228,211.21240636583366,43.16461840061507,0.0005300293297916687,0.40446003712471645,0.24964170918949297,0.1862805940943198,0.015046739858329498,0.026714503989101843,0.024997131681796972,0.7193518501308559,2.997769540631017,COMPLETE,IZ-E
3,-110.2,0.8593718362337278,1.1217030873105798,0.3936375816009102,96.04250987463465,62.578131763850514,0.0007260664429485845,0.4709139556361083,0.18976597506244117,0.18291633886038955,0.03417135315056172,0.34770871289352345,0.03539931237064788,0.7931377318063569,3.305518485130284,COMPLETE,IZ-E
4,-108.1,1.1518830986629633,1.114695008285524,0.45182922097361433,214.00844291824473,59.77481822529641,0.0005712577536874543,0.40172397120333836,0.2470549134742247,0.09470643323864011,0.022442612361712792,0.13463420847709245,0.03897795229310532,0.7962980470771999,2.84371469363428,COMPLETE,IZ-E
5,-113.1,0.6612113917672365,0.6131702025251279,0.34344503735076454,185.22765542974793,63.80226481249181,0.001244300416804075,0.5821765495491773,0.3344093720160126,0.1164641705312917,0.03127674514338835,0.3858914989251268,0.03570216442998142,0.7430051650882031,2.8108545538342398,COMPLETE,IZ-E
6,-111.2,1.1489228516006151,0.5115766448179533,0.4953618257675215,91.86739389542922,58.21714716801743,0.0008685922713886139,0.5591337029112105,0.18339407732082658,0.18003972225027848,0.02278103638043974,0.05444690502958803,0.03213988223340752,0.7544793420182575,3.5217773905931624,COMPLETE,IZ-E
7,-106.1,1.251451207961956,1.0081437744378534,0.3576371696435454,145.0072087345846,19.602439973151306,0.0010184977651375234,0.44990922380017934,0.18145699477820665,0.17496900190975356,0.019309169525433316,0.08208083560008009,0.03242977347633116,0.8793318335032894,2.984535891314823,COMPLETE,IZ-E
8,-113.2,0.8786932588086119,1.3276763692478561,0.41786479285625416,110.5837727654276,44.61083213942084,0.0007107821664505639,0.5424149890399257,0.26799272281707437,0.12825080828739072,0.03318224530132829,0.05468786554659416,0.02573807594801326,0.7267383524145898,3.667031799874487,COMPLETE,IZ-E
9,-107.0,0.9684712809616874,0.5905698058818811,0.4489281380837099,93.01756858172502,60.6201567831807,0.0011879973753848305,0.4504679028493262,0.2464158577387764,0.12043479743308348,0.047876425611207064,0.03769395300864138,0.034731898840214354,0.8189131434908373,2.1049099155287543,COMPLETE,IZ-E
10,-119.1,1.295644011970254,1.3609538275671418,0.3028612568959056,141.8032560503892,13.637046612877132,0.0014356411671370792,0.5128467663494919,0.16259103302108568,0.06661767140260563,0.010364100049596882,0.22293761119934064,0.02048315206662294,0.890090434717934,2.4366818755705317,COMPLETE,IZ-E
11,-110.2,1.0266869525086806,0.8413434338978034,0.3802860396188489,130.6106260124231,23.62316956384569,0.0010804491359875002,0.453898782313217,0.3204356695891196,0.15261796878526068,0.043221962360750266,0.13966116784494587,0.029464884701911408,0.8527818176899798,2.027055696460821,COMPLETE,IZ-E
12,-102.7,0.5018733271069789,0.7893469107426817,0.42433050774867687,168.35988987953135,27.954044787337317,0.0011866662493289957,0.451478919171874,0.2223588255689817,0.15720309348899544,0.04992962297138532,0.10374153065916025,0.03957165765110249,0.8934291071795888,3.884286511820506,COMPLETE,IZ-E
13,-99.9,0.5040765701576321,0.8567914607090463,0.3624005068714936,172.44167976167833,27.03967531546782,0.0009249104346816884,0.43995524050288537,0.2188333901251176,0.15378466768697605,0.0499851482933467,0.17898170132428065,0.03978215821732145,0.8917327570521381,3.991443057057687,COMPLETE,IZ-E
14,-129.3,0.5220362787049638,0.7914539161602265,0.41359714789796737,177.94336675031124,30.212333987953066,0.0008848478671931992,0.4913502369084579,0.21824830260747521,0.15358676977251345,0.049999784345368996,0.17565989688185396,0.03967971834678311,0.8991285436120344,3.9921724884271805,COMPLETE,IZ-E
15,-119.0,0.511477814208037,0.9067455363941699,0.3707257998884396,178.9445472711992,34.915111380989,0.0009167680441807875,0.42915986603846035,0.21750737969823866,0.15325819361165804,0.04168252240871792,0.2670553488092578,0.037322575341293754,0.8653978141246,3.909014774553154,COMPLETE,IZ-E
16,-105.7,0.6608860282628095,0.6904595277063628,0.3192716829624764,166.22005580493123,8.569391942694928,0.0014917949642593465,0.5183995121251853,0.2986930873123675,0.14369920358234897,0.04650241424040359,0.17907515150571107,0.03779198295649741,0.8494488027836714,3.704092372416081,COMPLETE,IZ-E
17,-116.1,0.6697325480673297,1.2675952445291014,0.43032181448787477,191.81306334815255,28.930351467613274,0.0011630741636943786,0.47570847536756267,0.22116642750224744,0.1999536571319882,0.037993678293873234,0.2937904458507857,0.03971013406737873,0.8755507688002978,3.3852337447383025,COMPLETE,IZ-E
