number,value,params_c1,params_c2,params_c3,params_inputWeights_max,params_inputWeights_min,params_interSpeciesRate,params_keep,params_noCrossoverOff,params_probabilityAddLink_Large,params_probabilityAddLink_small,params_probabilityAddNodeLarge,params_probabilityAddNodeSmall,params_probabilityWeightMutated,params_threshold,state,study_name
47,0.84,0.5215987810312831,0.6492518937843714,0.46032638237615536,133.629472038911,116.76999518956941,0.0007686810996988889,0.4482144577101846,0.15168929265074443,0.1438464965765223,0.03831648088560005,0.1685457845889196,0.03225292057479562,0.7226460856871576,3.8193357572929645,COMPLETE,IZ-C
48,0.81,1.1632590830793295,0.9621647946550889,0.3950064579247044,144.5561513306863,108.6480657336165,0.0010589739857523905,0.46074272768791263,0.21021868659418555,0.05980646994226323,0.03406264440942862,0.12422031721022832,0.035772956526137316,0.7412432942587195,3.443728686331981,COMPLETE,IZ-C
49,0.72,1.0955303174445314,0.8218255590604393,0.4910621898881349,158.31897386978443,98.14380650555344,0.0014387743804855145,0.4311723260555637,0.17270597110732488,0.0501992175386024,0.012122359852295058,0.25339002547639894,0.039203863035041336,0.7602875611920472,3.122390137987187,COMPLETE,IZ-C
0,0.85,1.111,0.516,0.354,150.0,110.0,0.001,0.421,0.265,0.081,0.041,0.094,0.035,0.842,3.32,COMPLETE,IZ-D
1,0.87,1.187207376794305,1.3752131894293518,0.38765869845920037,152.6102688174844,119.93814870926163,0.0011287641092541986,0.5238116854022147,0.2555542791700801,0.18162618532978692,0.020801154855408597,0.2784522647212554,0.02220658105316629,0.7866420716091038,2.745995545885333,COMPLETE,IZ-D
2,0.82,0.5241739783468157,0.9289577313131473,0.3496499283661001,145.57789807285386,105.58072835760018,0.0006093758581020005,0.5149984753065068,0.25868967160297524,0.1459648330777813,0.047001953988006766,0.14814794430522063,0.03226658760930746,0.7407251649133766,2.205738455057899,COMPLETE,IZ-D
3,0.75,1.4140023857926,0.6108009480131307,0.4704535620034016,150.05162599946684,114.41888693003236,0.0007774781598035537,0.5312070710135663,0.1999733981382849,0.12364291445767285,0.048456379394983595,0.06689378217267414,0.03565362541846434,0.8787656291699553,3.682662887612212,COMPLETE,IZ-D
4,0.74,1.366407940531992,0.8214148952102626,0.36153012267661494,133.87644899733118,114.91006616743458,0.0009243498127140079,0.4218598775501829,0.1687053801039694,0.0667029389797677,0.020115880492275622,0.3739918842005276,0.025139176787436976,0.7269352793858748,2.10353150278211,COMPLETE,IZ-D
5,0.85,0.9527938253446777,1.0849340248482902,0.36180526810497743,148.54262095248043,92.07488736439977,0.0007192254658670188,0.4685909099831192,0.27622022668118185,0.06515863934134349,0.04299281170556022,0.22238473251918808,0.033453607728908784,0.8414481387702192,2.81891725006125,COMPLETE,IZ-D
6,0.84,0.6895101476335305,0.9037031297237796,0.44495040755217485,150.93395719495467,107.2929522681721,0.0007561856721589844,0.5741959703929066,0.34040415618069936,0.18819905048337976,0.03518765876955358,0.3247111604359516,0.03304385881481067,0.7519223849072834,3.3081013696222907,COMPLETE,IZ-D
7,0.77,0.7266237256341934,1.2898445239631284,0.3688255434377781,167.466835838963,128.1030473685887,0.0014610155972157078,0.4758114135081932,0.3311413190653483,0.08908810079855733,0.0228961444908453,0.07569785743166586,0.03268456437391192,0.8748514050418549,2.4382180468858223,COMPLETE,IZ-D
8,0.72,1.2037903449623897,1.3414324256001482,0.47551806655070783,143.90229240066398,91.73512901909498,0.0012445559714077882,0.5170905652614244,0.2806542150669745,0.11951301687905212,0.041950652698665394,0.3618628110500253,0.039323026807570716,0.7026361848241597,2.192753585831962,COMPLETE,IZ-D
9,0.79,1.4301113704677566,0.7650860137032541,0.30331992381634115,165.69558824467305,120.27492844893108,0.00096025764691058,0.555534458570077,0.23170951517129718,0.11988354441295783,0.014172457158580651,0.07366377438686911,0.03300189061392163,0.7009180866204391,2.85204411266297,COMPLETE,IZ-D
10,0.82,0.9340689257154723,1.4649001883213655,0.4246014005934737,159.24197163111728,129.30117217275676,0.0012116358785782741,0.5843050934153302,0.2114098165448594,0.1981059934934669,0.029031959666206406,0.26773892734537696,0.020264450699981493,0.7935409361679775,3.933742227981441,COMPLETE,IZ-D
11,0.86,1.1638460493650589,0.5165154869492581,0.39854558045216243,157.41617422586197,101.10238688181317,0.0011533748988294948,0.4000172027515396,0.30024283590515227,0.1602259802040289,0.033888505089701176,0.14927438503320514,0.026900412680170196,0.8092027726918106,3.246629597295302,COMPLETE,IZ-D
12,0.83,1.2087452387377324,1.1094965472565856,0.4033206715034435,158.22791319081995,99.18533907784727,0.0012308603565952749,0.46683352589205995,0.30357875246393395,0.1699550189541609,0.029832135563558963,0.16892342968139115,0.026288573786728452,0.7867335178160219,3.1669927529718853,COMPLETE,IZ-D
13,0.82,1.0798375534884637,1.2041112762086397,0.3973694217154803,157.14106969760027,100.63328953969464,0.0010968690647456447,0.40693097245895665,0.30730801836413146,0.16338450923168263,0.01016886736872212,0.26581690185645834,0.02213139161541644,0.8189148868564501,2.610885522274317,COMPLETE,IZ-D
14,0.78,1.280179104047613,1.4774218625355846,0.39236431930644705,160.43601217002407,121.68573188160241,0.0013898206423466437,0.45020707105656843,0.30479469854627605,0.14808620406128187,0.024555053899489254,0.1556640153317152,0.02836221347224292,0.7704634406803438,3.5393547496858746,COMPLETE,IZ-D
15,0.8,0.8478356539542453,0.7005624013326974,0.3233520690156003,138.72569713008878,99.13681238906011,0.0011069206268479212,0.5453218069629773,0.23506113911535226,0.177317006191308,0.018356749511691004,0.2250314195449073,0.023461378816119385,0.8134552282929135,3.0538451173384824,COMPLETE,IZ-D
16,0.8,1.0811271795068158,1.0291424945456225,0.4334709776132985,153.7781698584703,122.33039496452257,0.0013612320840077467,0.4955078080912843,0.15515692196499165,0.14340215061532025,0.03753857963171551,0.29081792174908344,0.02836977897122418,0.8443971103129986,2.619370570832736,COMPLETE,IZ-D
17,0.74,1.2799502151151738,1.3266237040211726,0.41691018559261517,163.0460524444887,117.50078261948751,0.0011064032360472425,0.4949046540855342,0.2892092242923846,0.1604761547506519,0.03576469739583093,0.12789536980463034,0.020120365025714224,0.7737095062306126,2.830975961032464,COMPLETE,IZ-D
18,0.79,1.4890980770262003,0.5211120818840541,0.3851991578481692,154.0601964120108,104.26623729849099,0.0008701192186697866,0.44079393077179274,0.2519237142204407,0.18541990541160924,0.026471737225181438,0.02403289879939105,0.025305851499799265,0.8176417555343923,3.5150474404929977,COMPLETE,IZ-D
19,0.6,0.8556102348673005,1.180638923229326,0.45947289302517813,141.63442335885617,110.54340453701249,0.0005082886387077111,0.5560976689497392,0.32508008676022965,0.10388824790052359,0.0327405376913837,0.21497072857416774,0.02983265939201888,0.7675429436283709,2.5031424789743384,COMPLETE,IZ-D
20,0.83,1.1525056464344208,0.6723767984723416,0.3334000097254977,155.240900883585,94.65544833988206,0.001315550058576338,0.5128407749843787,0.22928748886243513,0.13809670371574873,0.01816487673574479,0.3240411594618373,0.02291437198380822,0.804338739511384,3.027473680915749,COMPLETE,IZ-D
21,0.81,1.0466237473033275,0.5517224014479641,0.3788968962174372,148.18147534085864,111.84677179396185,0.0010135878243855733,0.4043459635847411,0.2699057885483434,0.10168794382138677,0.04122954192874878,0.10336779665036455,0.03706543060115153,0.8460596568323674,3.3345422059016667,COMPLETE,IZ-D
22,0.84,1.139571604324564,0.512232292541776,0.3476243330770739,162.32183023277625,125.42903604842054,0.001063760407858015,0.4276741758945946,0.25977980162000813,0.0759696289457162,0.03237192750903838,0.11078858216236237,0.026977777127773776,0.895578696298805,3.236521815085249,COMPLETE,IZ-D
23,0.76,1.2941043735655169,0.636265060151002,0.41085805156421185,151.95532556138153,101.8433618659501,0.001160116259351181,0.42015979709467505,0.2898215440903295,0.1602737052665437,0.039520841194225734,0.19012543221417622,0.03083154843020622,0.8316549318316726,3.494447678678688,COMPLETE,IZ-D
24,0.77,1.0360988247246563,0.8227488295841829,0.37812298946318934,145.95565405712134,109.50756010199258,0.000872049681667248,0.4397488040072231,0.3164791226061896,0.19925047561299913,0.04340562665755933,0.03492314768447941,0.03543367875776278,0.8566379843778745,3.7618419353290182,COMPLETE,IZ-D
25,0.83,1.1726439041774959,0.7326105646533689,0.33688972194279965,139.64266516041772,96.5563634845872,0.001023015264166486,0.40131650789681217,0.349558256331692,0.10477744558107233,0.028085684493245226,0.1831710086367755,0.02398713999665905,0.7844325624700349,3.1077334330889563,COMPLETE,IZ-D
26,0.83,0.940924974913804,0.6085643808999774,0.31751540591449534,156.5930246491618,117.1547743706911,0.001165740261676533,0.48413387738733615,0.20211824440470602,0.05374312753432958,0.03279940282554342,0.248675212412385,0.02176397538562129,0.8642770622097067,3.3725037839601226,COMPLETE,IZ-D
27,0.76,1.3358505146432698,0.869306257669898,0.44630628757779334,131.17313427922744,103.79792763155997,0.0012808001510182087,0.454400820173697,0.2473874013005985,0.13564661115198623,0.04672499138139935,0.1333281934664473,0.0280967051779696,0.8281930193815235,2.9211635093596295,COMPLETE,IZ-D
28,0.69,1.2242366055588247,0.9857337199676433,0.48912212918024234,152.97506533495152,108.92021093860988,0.000914421415763308,0.5964236438422382,0.2869250413091509,0.17872240461423783,0.03840168208949993,0.3047559095027139,0.03880170331257071,0.8045909680929708,2.6474090091221583,COMPLETE,IZ-D
29,0.67,1.095008032517701,0.9617573328031415,0.3496136971712873,145.54452422789043,106.26663268268449,0.0006676432692441342,0.5227196971407402,0.2686841548698928,0.08044962390647505,0.044994456026307826,0.1042180187662294,0.03077146984441479,0.7561938457109902,3.670245563146615,COMPLETE,IZ-D
30,0.83,0.5053507668400996,0.5733970046190326,0.3754194206322788,164.0065891485728,114.05027467955074,0.0008426200060706006,0.41605451878327304,0.24218078063287454,0.14935973804006486,0.04978258577004529,0.19213016867355293,0.03530848104805881,0.735393247010416,3.968797748607216,COMPLETE,IZ-D
31,0.76,0.9679700097897536,1.3978865847238087,0.36663557122661283,148.48602399157684,90.65204798154576,0.0006227742894966488,0.46340514696297386,0.27099484132738905,0.05005675967256816,0.04453859844840237,0.25085857830152986,0.03421253190095951,0.8388285258709738,2.791416112315534,COMPLETE,IZ-D
32,0.77,0.856302403233163,1.1403724171976022,0.358349833648551,148.12547634440844,95.41706688595326,0.0007926887698086539,0.4348618486343593,0.26189078724736936,0.0643484999998832,0.03584582296791619,0.23037870668943172,0.037458240080744776,0.8546725245000703,2.426529817606334,COMPLETE,IZ-D
33,0.72,1.0031411601024494,1.0829945601511823,0.39414110552503734,150.576275101287,92.53418232200335,0.0006845395447365935,0.5348564390124011,0.22034562335842534,0.062173934596523206,0.04077030283905901,0.14272559657866177,0.031413550887266876,0.8272664245391691,2.732897679004877,COMPLETE,IZ-D
34,0.85,0.7825196516904386,1.2326046392275407,0.35903128197346784,144.80168823203695,98.1061168949199,0.0010163628612101826,0.5060357827604494,0.27799831785976886,0.09114062769968315,0.04619623986783427,0.3958187087942635,0.036830379913212474,0.8874322570204993,2.943745973503631,COMPLETE,IZ-D
35,0.79,1.143308615272658,1.4208919990342888,0.3856599632109388,149.883780583377,102.80243574817182,0.0011871901560607237,0.47667216508661997,0.29829214430415174,0.07516600635866967,0.02185503980505516,0.051702543349801525,0.03400504169341585,0.8044150450965663,3.1702933362934513,COMPLETE,IZ-D
36,0.85,1.2312996582490516,1.2679286712881592,0.40957741467553355,155.97335616763579,107.39749622610019,0.0005404549195184746,0.4134629112743779,0.2533474454211754,0.12782701215326406,0.04814549745579487,0.09185782261351677,0.029567615865769,0.8710651218956007,3.4093707218996543,COMPLETE,IZ-D
37,0.82,0.6551968410837206,1.0443877124195322,0.342570355595115,160.50323784038017,113.28356364811563,0.0007416756284870276,0.4305778645094575,0.3160647460958549,0.11372701903905262,0.04341030715853669,0.1712249772762809,0.03412337565649164,0.7931468963126979,2.955052670288936,COMPLETE,IZ-D
38,0.73,1.3980955848087393,0.7982489165190428,0.36318855516523163,147.12713346096314,92.94957803287144,0.000951522689833894,0.48500594707615613,0.19140811351279716,0.0858997882583514,0.037284724826430395,0.35632960405277414,0.03207498607059236,0.8366964641208385,2.2467717240116687,COMPLETE,IZ-D
39,0.74,0.9060364835230067,0.8966705252891667,0.4313901046448593,169.8845103517153,116.75460949997216,0.001075575408864422,0.44997924549334767,0.29733470710655113,0.19099485831853286,0.013714308137716208,0.20471076889941936,0.024759901962401833,0.8188345038886646,2.3204288696723685,COMPLETE,IZ-D
40,0.68,1.1134472377593496,0.6452167830785054,0.325334201908832,142.15040440329645,126.10022590706008,0.0011375230928814314,0.5365791460009419,0.2761601946918852,0.16847180479540994,0.025964266383238805,0.28551280460554174,0.02133747369393794,0.8542615284831027,2.0116292821349577,COMPLETE,IZ-D
41,0.74,0.753379984280814,1.2761704207198283,0.3558960754085241,143.97934890593382,97.82346330732861,0.0009972078723147863,0.5055398462661241,0.28026706352429553,0.09132251268502012,0.04631771718323684,0.3889067455813885,0.03670168343486002,0.8869571209673728,2.9236262201022365,COMPLETE,IZ-D
42,0.79,0.6324711088421944,1.1869023332954898,0.3753613048063305,151.35819232109657,99.96900852045084,0.0010410637776568363,0.5055128791761602,0.2580052849272446,0.07073690907004843,0.042360410362203046,0.3336959634486516,0.039898840811274414,0.8846101576823199,3.248392859480369,COMPLETE,IZ-D
43,0.73,0.7469824366885398,1.2192494406467533,0.30673917832783903,144.59657594886488,96.35841808308246,0.000977585566147251,0.5298350837633902,0.240027743788594,0.09370316932578704,0.03974700486654082,0.3498659508903465,0.03622701734621003,0.8658194736988761,2.7324809543981745,COMPLETE,IZ-D
44,0.76,1.0199910176870348,1.3658242358309038,0.3690594190138002,138.30434896222692,94.09424947574483,0.0012598443296399722,0.5640509125303927,0.2808851691299679,0.061176534833640155,0.0479434277028848,0.3972597056690169,0.033166335014314416,0.7208858572439134,3.0737189334745043,COMPLETE,IZ-D
45,0.7,0.8942592608536002,1.2495527169442968,0.3530827504928831,149.12787499075344,98.08919296938072,0.0014770315304338255,0.5207693034302997,0.2630677800076177,0.08337796624928967,0.031072484141193037,0.16329204373048828,0.03850329053163772,0.7812999852578864,2.885386857209057,COMPLETE,IZ-D
46,0.81,1.184860208830242,1.3116984824509315,0.38441837566280346,158.39280827989498,90.54882850928841,0.0009172337053502213,0.46388566153828187,0.3122716288898674,0.1541008132554349,0.04996865185601738,0.0818559491852204,0.03774577558427028,0.7557324862250114,3.178948106425843,COMPLETE,IZ-D
47,0.74,0.5950667781798258,1.145684106642643,0.40159662560124937,136.2074073839968,119.05637690324221,0.0012068961793381845,0.4107041503939815,0.2951160883292831,0.1119714843226998,0.03432000796226869,0.057807552422315535,0.03506653214538113,0.8960899186539079,2.583354276364255,COMPLETE,IZ-D
48,0.82,0.7719778362194002,1.0713287445672635,0.3655305147167158,142.44820778675847,100.883428781129,0.0014010527868062693,0.547692029572927,0.3326053401176637,0.09637250891759111,0.044629095959100556,0.23573758290641866,0.026487200245272444,0.8786339585478239,2.9943111881452884,COMPLETE,IZ-D
49,0.63,0.8164803148455742,1.4931290934550265,0.39181142255675083,154.16757823426641,123.81778891336508,0.0013322952901759367,0.5103528725808912,0.22248785813074956,0.05655464057923093,0.01577021415174231,0.12313796987050908,0.03285277321540557,0.794764499256161,2.8223345067303107,COMPLETE,IZ-D
0,0.73,1.111,0.516,0.354,150.0,110.0,0.001,0.421,0.265,0.081,0.041,0.094,0.035,0.842,3.32,COMPLETE,IZ-E
1,0.7,0.8976557320606704,0.8306284879479122,0.303858672717341,151.3010541228174,128.83778673601756,0.0009949400802009953,0.5929073136996752,0.31213046651235743,0.17793831656745696,0.03024124787373078,0.1562262179184755,0.023053124562939536,0.8873503133918288,3.60065930422243,COMPLETE,IZ-E
2,0.83,0.9511205942700576,1.4538336407740293,0.4078850518170981,138.71472229807188,112.32564841591149,0.0011054245877454272,0.43598000454151176,0.2357845756740286,0.091075272141981,0.014500523899903852,0.22626532357388532,0.027594479387036273,0.7695513366832425,2.5208490795284,COMPLETE,IZ-E
3,0.72,0.8765897648867594,0.8237589731452958,0.367473950105488,169.2886159646161,96.46072085502139,0.0008118719139424703,0.497346537428485,0.15419008402547235,0.1722133420031658,0.04407263129349791,0.16294460844599093,0.03528814840440371,0.7308916121660651,3.1681883331913063,COMPLETE,IZ-E
4,0.75,1.3413783092853264,0.8756173682301105,0.41656034862182045,135.157815517691,124.5633598128307,0.0012641911255014638,0.5389891620233856,0.17164214708529885,0.1579166561439217,0.03738712572715614,0.24644127264243104,0.03234373265110366,0.796288217397114,2.42810172560785,COMPLETE,IZ-E
5,0.73,0.6144217740194848,1.107916217013956,0.3587903901916857,143.08175181707253,110.15685491917313,0.0013063494851237357,0.5360020814886133,0.3172680237434739,0.1307793200286385,0.029927500357821588,0.13330351278229743,0.03350600432738548,0.7958664057748469,2.8933824144818425,COMPLETE,IZ-E
6,0.69,1.1440498168509863,0.8686470620205798,0.4734907157647431,167.11883364488835,122.45684500253026,0.0013226079772275757,0.5889056418112185,0.2849399006023021,0.1215957395709834,0.017327020343997253,0.1618010928276882,0.022391591934465053,0.7564935891637016,2.5144618376024575,COMPLETE,IZ-E
7,0.69,0.9248494983347291,1.2273171395757958,0.3735016101855706,155.07044670111364,96.17280344983008,0.0014274286201781746,0.5643030907614568,0.19399112076187214,0.06509563029593414,0.045406053831105984,0.2605646588372766,0.029667419428223214,0.7752021719391049,2.8130546166266095,COMPLETE,IZ-E
8,0.77,0.6616731383569592,1.3145941600403312,0.4515008588384676,145.26360034952597,106.20509524968492,0.0009404707849051271,0.5947359217968896,0.2243273657775217,0.18974961649303262,0.04977221514584137,0.38564263632756574,0.028312437351568284,0.8020794241014237,2.7276650727897045,COMPLETE,IZ-E
9,0.67,0.5185111968533198,0.5666949360756423,0.41653437057219955,147.87602409327738,97.30117981741002,0.0011825293686329574,0.510634388891285,0.2390320683379637,0.10362635611002291,0.014456010212828618,0.3078981961341369,0.03208511910801164,0.7359290721955408,3.5607053160945057,COMPLETE,IZ-E
10,0.83,1.3332364226704163,1.498956206445736,0.30969061608028925,130.55503338401672,116.80761568621546,0.0005185282399177967,0.40341151447266854,0.20771062041005317,0.051798897267185756,0.021818758945038513,0.046681503440013705,0.03944193907931599,0.702519207938432,2.20263502440594,COMPLETE,IZ-E
11,0.82,1.4861113105471835,1.493590449475436,0.3112013160904745,131.61699864541106,115.48230798688245,0.0005437286121627932,0.40585820899712727,0.2100846946860991,0.05519841388465504,0.020445635143615155,0.050986110122808126,0.03825577498577782,0.7093719927034203,2.0708021415540903,COMPLETE,IZ-E
12,0.71,1.2210359427065065,1.491675506278967,0.4352616158719489,138.40383797345032,116.98062672393182,0.0005233189786573777,0.44752395635969155,0.25476092865760935,0.08502289563772158,0.010528344691211586,0.055191666347516925,0.026803605974843905,0.7092134474090538,2.058468414787046,COMPLETE,IZ-E
13,0.77,0.7726245519130772,1.3464694854265473,0.4998794545830024,138.08000054912057,104.5300403914629,0.0007077379716384277,0.45362567155063555,0.19161745931989435,0.052120016749537534,0.02361762253112082,0.21938188804756842,0.025339727791295445,0.8343154157504827,2.3606306190696227,COMPLETE,IZ-E
14,0.79,1.3180424749147983,1.1064726637580222,0.3904307510413155,131.33666027507607,116.14502783837082,0.0010799384636778482,0.44826064841737523,0.3434813620736459,0.08472253527780217,0.025354841495499575,0.3149726665139297,0.03790740119412568,0.7495328663261847,2.3064968956008745,COMPLETE,IZ-E
15,0.75,1.0499091330191015,1.3630803976436967,0.33209850699076165,140.58493166080234,120.41834654183288,0.0007771642340568427,0.4734258437389103,0.2256714879391587,0.10098043044050328,0.010686250965963394,0.10274564483602565,0.02016618390259437,0.8323278981139155,2.6623672390846145,COMPLETE,IZ-E
16,0.84,1.418942067995973,1.2049908331589398,0.397672024025273,130.2785334376492,102.89355190810512,0.0011222467221640637,0.40322768281312826,0.26898583891931294,0.06942112112625012,0.01752490074633837,0.1940699896467418,0.039775573393270786,0.7013095147428109,2.217810588036367,COMPLETE,IZ-E
17,0.9,0.9866896887542433,1.1864785516960308,0.39206939940813956,156.44600506892303,91.1979981830506,0.0011219960986343285,0.426846490230756,0.2767330548666745,0.13291063966600275,0.014302715652904755,0.1989065212310561,0.025735554191724495,0.8956173680425815,3.9143005855653716,COMPLETE,IZ-E
18,0.83,1.4892023657867346,1.0469336874727693,0.3857141421516278,159.66636138514855,90.54718196273087,0.0014764276088859785,0.4788782120350954,0.28164815637747354,0.141259325023901,0.029229253043578002,0.2948601508835462,0.024792568660444186,0.8972712959206234,3.8965032916667077,COMPLETE,IZ-E
19,0.76,0.7927978410448046,1.1909333578494292,0.43760075997044834,160.69284547384353,90.40586191296885,0.0011629811038435392,0.4230110590920948,0.2976832532701693,0.116529947221995,0.01759345753153346,0.18032532816599417,0.030454775928623626,0.8677977167468994,3.9555376653893797,COMPLETE,IZ-E
20,0.8,1.234200334568368,0.9631295904558419,0.33969952751629084,157.92037877416863,101.45518858628726,0.0009064760269507461,0.4229745211038785,0.26809480890370774,0.15419731911359721,0.026429148646485642,0.19498398585914262,0.02025282962604022,0.8698521115526099,3.1100584729230483,COMPLETE,IZ-E
