number,value,params_c1,params_c2,params_c3,params_inputWeights_max,params_inputWeights_min,params_interSpeciesRate,params_keep,params_noCrossoverOff,params_probabilityAddLink_Large,params_probabilityAddLink_small,params_probabilityAddNodeLarge,params_probabilityAddNodeSmall,params_probabilityWeightMutated,params_threshold,state,study_name
0,0.86,1.111,0.516,0.354,150.0,110.0,0.001,0.421,0.265,0.081,0.041,0.094,0.035,0.842,3.32,COMPLETE,IZ-A
1,0.75,0.9581893946442854,0.8454812202327454,0.354388266960257,135.3203116366283,90.04696353952075,0.0012086994840976085,0.5967341515336038,0.19147259803661287,0.06136781792474267,0.03107379229611848,0.0331245175793998,0.021512338075705167,0.7859250698217269,3.86639848006475,COMPLETE,IZ-A
2,0.75,1.3920753040340468,1.2446685705787905,0.443119332626053,158.10395597547694,92.15715088888504,0.0013662731397831268,0.5984713636258878,0.2291959756918832,0.08905327964983953,0.04915528687747164,0.09731165363245552,0.039311172710233044,0.8999513972330762,3.9256036661554177,COMPLETE,IZ-A
3,0.77,1.1055865587116718,1.4662959104950373,0.32851759130664954,165.44881432407644,122.45953153321913,0.00062945636975301,0.5131236884122707,0.33145121332790345,0.08505332380799013,0.048472712965586244,0.24779191337348982,0.026411273461202044,0.8487889135326391,3.015380647652986,COMPLETE,IZ-A
4,0.74,1.3094097626918049,0.765521550084747,0.36709374137589584,168.50380137419447,121.31862423936997,0.0006003808398740822,0.41816394619600744,0.2641671808664031,0.1479273615796858,0.030192738045811178,0.24422330225384883,0.028702801436550865,0.7513056880608036,3.8572386639671596,COMPLETE,IZ-A
5,0.75,1.3660243132043899,1.0983052229383468,0.3911148739613286,132.9002724663284,125.50701069359684,0.0007464202068117868,0.44975539833798034,0.2525984339012578,0.13284259193610937,0.017980007570919394,0.3619355764825521,0.03746326969989043,0.8645972572277181,3.4758524396280537,COMPLETE,IZ-A
6,0.8,0.7803538502636976,1.3682191220049043,0.34661208244045383,146.9408385544475,91.81445464078706,0.000853632926790888,0.5583292800930617,0.22104362650572404,0.17578938528322302,0.01654195987685589,0.23864134050684982,0.03955061501436935,0.8410471631899865,3.850426227440838,COMPLETE,IZ-A
7,0.74,1.1132968068980136,1.4740544916623741,0.4097000232769515,169.52568997907412,93.03990030120123,0.0009792667933515068,0.45904612873836914,0.33424793082978127,0.14833506701399618,0.03280180243590891,0.04870705160484222,0.03330269930181544,0.8184443657191651,2.5392965963999,COMPLETE,IZ-A
8,0.76,1.3926106571108519,1.4086545625736824,0.39536441633207103,165.69258654696787,97.02174119684847,0.001100657686085839,0.4322778705573051,0.19855028991561255,0.1276104130172227,0.046666625171739494,0.055020876111866845,0.028980614359977605,0.8434373482261259,2.4107166065537857,COMPLETE,IZ-A
9,0.79,1.1551838344328165,0.7147612367370385,0.4083462079154595,148.91105926654615,100.4445297254243,0.0013380797144389783,0.5303500735618387,0.19333712857382734,0.18607596838874468,0.012993675268612313,0.12593589873541872,0.02879076955172845,0.7132834227723601,3.7150271062776246,COMPLETE,IZ-A
10,0.73,0.6423745806120285,0.5410590468128502,0.4885505770509633,143.44432313984746,110.73452899539782,0.0014858872729918947,0.48010750739231217,0.28685498953432537,0.05175099400524279,0.03973766754139747,0.15697941254413475,0.03380826195621998,0.7921883320267201,3.13922546955533,COMPLETE,IZ-A
11,0.71,0.7868911717463889,1.0256904324455756,0.31029565856739183,151.70571188820114,106.26666015855062,0.0009050237658961308,0.5512868735565404,0.16269924088400803,0.19907232269552486,0.02231193908700437,0.3113072129956057,0.03528748640285001,0.8897322607713852,3.3604248273314385,COMPLETE,IZ-A
12,0.75,0.8694985443823896,0.5314240190175353,0.3457090280846609,142.13594293722642,113.9091157406382,0.0008449985497231995,0.5688662163496567,0.2868771271592145,0.09739218681361175,0.0388405946165534,0.1982264853197135,0.039827947980900294,0.8266876069502139,2.0038918749945993,COMPLETE,IZ-A
13,0.77,0.5739782141145493,1.2358663228577857,0.3010625204603581,155.02832193357338,103.63330017429045,0.001081278169562227,0.489377413287352,0.2317331806085896,0.1712401114289076,0.02440468831853943,0.18384344333218386,0.03602081867738678,0.8716730049146227,3.5157597208735614,COMPLETE,IZ-A
14,0.64,0.7496597905384286,0.8974690596171911,0.3756729092401152,143.85085601534436,114.56419139473526,0.0007683782057756433,0.535595299610562,0.28658815237511237,0.10731444786532124,0.04081976083516212,0.3036355400982962,0.03320086481991852,0.8139289215196738,2.7557055389985763,COMPLETE,IZ-A
15,0.71,0.9289556955205123,1.2744473834260686,0.3440677861914117,157.85966712899378,129.66721306769716,0.0009799416998927167,0.5681484996136873,0.22354468023633528,0.15408064116376277,0.012454763372047851,0.24828786288729313,0.03774531852485472,0.7691145584354981,3.270097672295875,COMPLETE,IZ-A
16,0.74,1.235112722631087,0.6449023284310957,0.43833734192185186,148.17885581552864,98.85796503745614,0.0011816660879225152,0.4012753073479205,0.30422907739115507,0.07257311710953103,0.02453579952593272,0.10282504506591811,0.03181618002766126,0.8431154874918886,3.617110927612756,COMPLETE,IZ-A
17,0.67,1.0351725728648544,1.0748673908870474,0.32435613713211825,140.50488433339245,118.06778083310455,0.0005228358138807093,0.507218123171617,0.15044505594851543,0.11129258725143863,0.03530945728610115,0.1499566873671323,0.03659327889200055,0.8696711221693608,2.8062271484430843,COMPLETE,IZ-A
18,0.69,0.7295042268126272,0.9078940691024655,0.3622989884819383,137.88529431091425,107.12385734005356,0.0007649516997474487,0.46485430682562756,0.25093818519992217,0.17203084600955174,0.0185961992156623,0.29568068429915945,0.021446937495707884,0.7300567963141106,3.673295207534897,COMPLETE,IZ-A
19,0.82,0.8691251523891761,1.1536005118405521,0.327718062531071,152.16507167440378,95.31397530543362,0.0008525330212956773,0.43661494871676343,0.21309484689817548,0.0770196799074605,0.04332946097618823,0.3691382184251811,0.03138122498497096,0.8024316912419438,3.21915199502244,COMPLETE,IZ-A
20,0.67,0.50360980331755,1.1659510416457417,0.3247844982282095,161.1318305767232,101.92811264033035,0.0010738747466967585,0.4356379832098353,0.3110408087563632,0.07304637906528799,0.04359704115185765,0.3863733700119369,0.025611101643647126,0.7721983648138127,3.185888848309105,COMPLETE,IZ-A
21,0.75,0.8532186685897251,1.3669128501023748,0.3342630293547404,152.46981423642723,95.43754397622942,0.0008921046932954511,0.40087896506738435,0.20965784188454634,0.11064048542519912,0.03610052152013485,0.3464116238820807,0.03135014223408532,0.8087372362704919,2.923475513524741,COMPLETE,IZ-A
22,0.78,1.029123993328489,1.3042357978869752,0.3753379172707494,146.35566922302309,95.03560181590439,0.0008329761835895424,0.42626252819719124,0.1751764616637705,0.07446564463587996,0.044333449555022664,0.3999360884954281,0.034505545910919005,0.83072551494636,3.3452389782338843,COMPLETE,IZ-A
23,0.76,0.6708128683693332,1.1483545076973076,0.3128737835520429,154.63153441115122,105.44516187624195,0.0006937592676056443,0.472624917964775,0.2669496081904237,0.052270080852611325,0.02786234251526932,0.2748402612921625,0.03853354431934431,0.8014558108534527,3.059426679240004,COMPLETE,IZ-A
24,0.8,0.8648670830536748,0.9845716377589175,0.3477233141940123,146.4135663534565,90.01782039629722,0.0009606100643213313,0.41887489187164084,0.21522588206940113,0.09632569498717039,0.010212070399068462,0.3423342942055462,0.030583204176003492,0.8557271062358979,3.9964304315962598,COMPLETE,IZ-A
25,0.89,1.4889603778005178,1.3806761662120473,0.38569594779887106,150.97159142127543,110.80349039821907,0.000865334965864632,0.44882424071237526,0.23759388813336485,0.13687002298889647,0.0345411299174068,0.21034223480224412,0.02676497919157076,0.831551914364016,3.500221447245134,COMPLETE,IZ-A
26,0.67,1.4736781956526632,1.1815829491753256,0.42762215434168405,159.52520055069047,110.37941028231249,0.0010515121864542083,0.44949199948537216,0.23916436389535725,0.13825519052245003,0.036271424821361024,0.07490230987054464,0.026327223356491687,0.7791851197921558,3.4614627979103316,COMPLETE,IZ-A
27,0.74,1.249688496702292,0.9851170931256896,0.3806239372977755,151.86634516601904,112.42871018754416,0.0011768164393658844,0.4413509915662715,0.2688706417655695,0.12120817547335173,0.04355412661596885,0.1804341865934304,0.023989537389149024,0.7571802467609849,3.2284467121558156,COMPLETE,IZ-A
28,0.71,1.487367051593633,1.3191655371195692,0.4617574999255607,154.0202895000534,116.8548831210295,0.0009031889394725891,0.4130691093177079,0.2392213631693943,0.0650283145662766,0.04078167055026701,0.21597222906008112,0.023928552661855562,0.8266530411589573,2.8874488129270266,COMPLETE,IZ-A
29,0.68,0.9758763452543318,0.7954214534660426,0.36333620135743827,162.33729081936377,108.05334434340483,0.00067498865101048,0.49180714285644694,0.17821737745276073,0.08425536586690673,0.03367367772838694,0.13812876976977556,0.027400676401751988,0.7927121097520657,3.3908698446849073,COMPLETE,IZ-A
30,0.74,1.224523611299197,0.8973806150141064,0.38848988472611845,150.06922517665464,102.8713406382067,0.0010186687729714797,0.454895813769484,0.20505753059580611,0.11916196944911923,0.02790702573321898,0.020103494165992775,0.023356525812603217,0.8054677512777814,2.621529866137269,COMPLETE,IZ-A
31,0.75,0.8275626682201943,1.3660668363141233,0.3551037035591511,146.15134277483116,93.23444210923383,0.000831635122993531,0.5768633098545645,0.21981909838712804,0.1760898952834472,0.038041504550770565,0.21887030527652335,0.03244263298783981,0.8365135526167564,3.5904781859201487,COMPLETE,IZ-A
32,0.76,0.9466160242135028,1.4036156062544558,0.3341012030077772,156.55582003931102,98.4837726050978,0.0009290432030582354,0.5839746380559153,0.2399884835665114,0.1597176483823034,0.045816058230490175,0.16534406460573303,0.03008391238823672,0.8811573026532139,3.8039823276135705,COMPLETE,IZ-A
33,0.75,0.6908686770618058,1.242902433980396,0.34158748093396624,138.7106388637167,91.14694884754223,0.0008319925030212535,0.5205170110338401,0.18785035762064406,0.09662506423837901,0.031772369900959156,0.11443247621574842,0.034968266000877594,0.8622353725385803,3.7966526358545667,COMPLETE,IZ-A
34,0.87,1.0635219745545588,1.4427505763037218,0.35702077032975743,149.19803833602478,119.53527685177923,0.0011245466056222357,0.44266413435698215,0.2526257870160194,0.1408951259693094,0.04240113987471972,0.2740180221492616,0.03840452419227576,0.8508713431840587,3.0976884708598984,COMPLETE,IZ-A
35,0.78,1.0410742450629817,1.4877604128188389,0.40748240082704784,150.57987662133212,121.41151520452131,0.0011081719436352908,0.4442618168482644,0.260317663752049,0.1395778231436572,0.049553942688313146,0.2659832001226978,0.037159633522779685,0.8534128554772462,3.0031867700642345,COMPLETE,IZ-A
36,0.8,1.115837975146128,0.6181050262967768,0.35667964264980484,144.80578345148868,126.39503360648843,0.0012384631613082597,0.4241126308031393,0.28027586263268073,0.13505836485242068,0.041727984723320434,0.32717855214717784,0.02741140157844043,0.8228354148699829,3.118350689293401,COMPLETE,IZ-A
37,0.84,0.9143450698282315,1.4119302148794304,0.3708588685018428,153.35492032244045,119.60645838697933,0.0012818355770457472,0.4128216185393406,0.24722346121220867,0.08238933992124939,0.047097426305287425,0.3701811693583358,0.020192568256756006,0.890142741147556,3.284031372172745,COMPLETE,IZ-A
38,0.83,1.175654211135459,1.426755872227385,0.42155914821412227,156.6163010276677,118.7465562710827,0.0012568127246593082,0.4112321428440414,0.25581479842666444,0.06281971011034847,0.047063959415914854,0.27810751834577174,0.020404495750557406,0.8988654588382411,3.512832157894576,COMPLETE,IZ-A
39,0.74,1.3247266672411802,1.4935374995505988,0.3874744654645521,148.29485759037814,123.67568086556092,0.0013370459656156047,0.40877570270343905,0.2765330823762272,0.14612278252200078,0.04764047611354656,0.23792845007605487,0.022839235073341707,0.8785575358930173,3.4156088151537682,COMPLETE,IZ-A
40,0.81,1.0968181715129266,1.4306256722442288,0.37045354180238343,132.01955376101742,119.64553841786977,0.0011382740416099547,0.4681612772329159,0.3499759561636494,0.12671778156463437,0.037640650396439046,0.2071181276363228,0.03851866483328487,0.8577401972694552,3.2663568775536795,COMPLETE,IZ-A
41,0.76,1.165504574776301,1.4288026256422341,0.42765867179430234,156.5817145417895,116.95894359595876,0.0012813149945035656,0.41213254542024247,0.2567587539391058,0.06154055285407006,0.04596432330940951,0.2834974813056305,0.020022787665218134,0.8960234354950453,3.5422476688631166,COMPLETE,IZ-A
42,0.77,1.1861242066995625,1.3314727870536318,0.40152783919706964,153.21337038069348,119.4586569732876,0.0014506417811197914,0.42813309192110577,0.24845720039681282,0.0839027643518846,0.0483858262949348,0.3207563967532951,0.02016286143203913,0.8918038617896615,3.3088073657630654,COMPLETE,IZ-A
43,0.75,1.4306871978727522,1.4500929717710542,0.41858362463512633,149.3381568948256,114.64139524960285,0.0013734770831970449,0.42497811626478593,0.30170951220854647,0.09039075828530238,0.0417592243636921,0.25394515621138836,0.021698520475864,0.8805170353238424,3.705549968853052,COMPLETE,IZ-A
44,0.73,1.0710338500692667,1.3773896287015368,0.4626443568013353,164.13052745843115,124.86285130435671,0.001236049331261086,0.40818544751358904,0.23185759050256233,0.06636040300416346,0.04982341324402785,0.07682719915435207,0.021305502571866607,0.847806076479921,3.121669906012907,COMPLETE,IZ-A
45,0.78,1.2903982539259335,1.2865671576981632,0.38172020696225617,155.64232243009482,112.54191584468667,0.0012894332777609355,0.45758156984854054,0.24340125776279808,0.05550011137408174,0.04514654341077839,0.22831186786964475,0.022356785477285028,0.8866525106055777,3.47270644259726,COMPLETE,IZ-A
46,0.77,0.9159391752977516,1.4587889958351188,0.3654090505032203,160.04089197755556,108.54492845962824,0.0014115393092977327,0.4176463119575924,0.2755092593070605,0.16221414357201205,0.046837956329862096,0.183404600107011,0.02487014249516974,0.8709323729587063,3.581439569706026,COMPLETE,IZ-A
47,0.67,1.1354503437397585,1.223389178281265,0.3956679602596847,158.11953683580438,115.47452567906785,0.0011449801369324273,0.4331775214744687,0.25834805815713524,0.10462273455353507,0.03913880319358522,0.2620654741435496,0.035706067289237656,0.8378680411975943,2.3248773781142997,COMPLETE,IZ-A
48,0.83,0.9751182176844551,1.3407560427127325,0.4181927569942437,150.2315079058662,112.24950914566654,0.0010165496022592306,0.44816705302804827,0.2282831690819273,0.14391972320872293,0.03427442131735142,0.2948366176514386,0.020659758724212947,0.8941467888048662,3.366039832103388,COMPLETE,IZ-A
49,0.85,1.365838986473105,0.7211572013230381,0.45246836041600075,157.70466232131488,128.0201035751374,0.0012634386050566738,0.4833882042127398,0.2684799143931162,0.13190451969525746,0.042262834793954554,0.35671594180633,0.027694444333496868,0.8650769519264742,2.892243909871669,COMPLETE,IZ-A
0,0.84,1.111,0.516,0.354,150.0,110.0,0.001,0.421,0.265,0.081,0.041,0.094,0.035,0.842,3.32,COMPLETE,IZ-B
1,0.77,0.8109954084170738,0.8893132695743032,0.45040120596015387,131.92166339505286,121.94431037662756,0.0009996037954790671,0.48997547780629147,0.1939319295745835,0.193116291326906,0.031217244154904893,0.2900197105003294,0.03294265841778855,0.8417015503369364,3.466402117049274,COMPLETE,IZ-B
2,0.79,0.6117861261381405,1.2582633513626187,0.3348681724289749,144.9667836196934,127.87602711200968,0.0011119196118429759,0.40783557912622936,0.2574947228927599,0.08457347021377726,0.035763216176048364,0.15779787136465684,0.02791770083711933,0.7993770987550645,3.2640657060272624,COMPLETE,IZ-B
3,0.78,1.2945024342877849,0.8534805519029973,0.3031299540547304,131.0277216916599,117.80102634693128,0.0008412018830351155,0.5700648129522419,0.2782062299522807,0.19977535687253883,0.011547775732742394,0.39716064454489913,0.03455634454936663,0.8141862348143816,3.400245927959653,COMPLETE,IZ-B
4,0.66,1.4934783823018423,0.5155162535515075,0.4524058921099198,160.6337494886351,120.9193626946797,0.0014745476725887196,0.5722966048889655,0.18965008968144384,0.09724322362949997,0.04971230698031294,0.05664258855106198,0.034119268712059427,0.8790064824523378,2.261423208179031,COMPLETE,IZ-B
5,0.75,0.6948851025902038,0.8074213517541431,0.3172408647788187,152.7786330174796,107.41027657996601,0.0009887052179568157,0.5964270224224967,0.24399105349341305,0.16057730940442372,0.02937227461200976,0.3337834147968204,0.02170846649092168,0.8481154363134268,2.5728007729829354,COMPLETE,IZ-B
6,0.77,1.4670086422705841,0.6646397342433961,0.316472102453194,131.6997020118046,112.8816972291444,0.0012731143058294782,0.5380547486805752,0.17652197429701444,0.062255684867088865,0.04110700453923208,0.23630369297574055,0.028865229821510286,0.7667627466800041,2.9740031987694455,COMPLETE,IZ-B
7,0.73,0.5825433548612333,0.9041610517245049,0.35169214615499317,167.28577992844535,127.7814407057561,0.0009337328092579092,0.5363355130952525,0.23882859048411634,0.1508203210666424,0.04025783268512591,0.17529135848144378,0.028051362805860333,0.8116780817510587,2.2738705886543786,COMPLETE,IZ-B
8,0.78,0.5434685976705727,1.2695652164015736,0.4745257303840019,136.2495461039694,124.78262425595344,0.00134339824454646,0.42492666753055974,0.1702869364226356,0.10339584596833666,0.016445130109619895,0.1683825475373015,0.029702160062531048,0.7844844863331363,2.0042227499726533,COMPLETE,IZ-B
9,0.75,0.9282482135633829,1.181573902228516,0.36706420962953656,146.65747962296717,123.55872629262132,0.0008440059415683204,0.5059856414982932,0.28970967226520494,0.07093667922866015,0.018409026803472225,0.05230027497690827,0.029763700178140555,0.8607118376120434,3.161030905845443,COMPLETE,IZ-B
10,0.73,1.151365179236371,1.4903775342100345,0.3954578943378043,154.39772993858423,95.53016464304852,0.0005754464078288235,0.44857404767996695,0.3386901317456098,0.12473453770534926,0.04872103304018192,0.10122232152770506,0.03894888868076806,0.7168052373262632,3.811403615674102,COMPLETE,IZ-B
11,0.75,1.0729781063920814,1.1448781335517,0.3497847770981269,142.75779834904858,103.18510131993017,0.001159832141559877,0.40064451980330573,0.2867907274375501,0.08498600242821394,0.03579804497639385,0.1323650382206614,0.023903115610390758,0.8998132590010817,3.986829303066651,COMPLETE,IZ-B
12,0.82,0.8959302018036788,1.3969291356479008,0.3915891428539932,142.50944585198846,100.42021644970185,0.0011671566292853622,0.45950900195885863,0.22432627717633644,0.05198784890301233,0.027344440055426647,0.021116853773525984,0.03943025008868849,0.748164632533218,2.8633831890869637,COMPLETE,IZ-B
13,0.71,0.9540318570965473,1.444762546108122,0.39715960745320544,140.5817059297162,98.17445692732116,0.0006895184959698007,0.4568705298636685,0.21389982357468082,0.06103612470965922,0.025151183512986647,0.029136080157874947,0.039888898249851014,0.7389689125141291,2.821398470739058,COMPLETE,IZ-B
14,0.7,1.2065929467764602,1.029795407957093,0.3781185680129248,150.41382341916105,91.88641138216163,0.0011624976822435424,0.4655538703067084,0.32517897438330146,0.05304543275054923,0.023018702244699242,0.10306236625738453,0.03691216025437631,0.7536575376160127,2.7241049426926804,COMPLETE,IZ-B
15,0.76,0.8006032302301651,0.6611065834322496,0.4279994060441735,156.75819247334042,103.14737399725826,0.0013087905223211338,0.4342357122237279,0.21762873175798633,0.05131786198600617,0.043480877735864884,0.024797631173766793,0.03735419721686466,0.7018604088794855,3.621223068284203,COMPLETE,IZ-B
16,0.75,1.3084635659934658,0.51383163775024,0.42182225682989666,138.56960109763293,112.09136829743699,0.001107251826137322,0.48091064884535484,0.15070891370861567,0.11401126360248064,0.03148535927725185,0.08445345765417538,0.036179278038390224,0.8293087452077179,3.1113813598737825,COMPLETE,IZ-B
17,0.79,1.0451168903461714,1.3589613857186214,0.495510463656806,147.4406627884229,104.24663064149114,0.0007686188023977459,0.4280726736296375,0.3159012066338782,0.07966813868669198,0.025562094259596716,0.22333650225663196,0.032690851582288794,0.7759449619160113,2.4969686847854184,COMPLETE,IZ-B
18,0.81,0.8505106763463166,1.0440166941821385,0.3785833432215071,159.1157969412783,114.84796162192525,0.0014006566053652847,0.5181838824856242,0.2701987114146985,0.09691909760194747,0.03528653305979938,0.07548552022855727,0.03844974901862993,0.7335633095471892,2.9492692886796155,COMPLETE,IZ-B
19,0.81,1.1290556424709055,0.6700350050565231,0.41748810854058016,149.88873395636676,108.4130458995595,0.001244950370210661,0.4733231587070514,0.22523754442912947,0.13726668280667254,0.045127000337492215,0.12088128909981041,0.03178458553976961,0.7898058409021007,3.6322922629193797,COMPLETE,IZ-B
20,0.75,0.7024950726153655,1.121031758050433,0.33977723390890235,165.68597130780572,99.59141252094108,0.0005055967439750287,0.44016049586305345,0.2998520948457901,0.07245227120579484,0.020062835149244652,0.022812108651579118,0.03575948001402667,0.8710736058062053,3.3108556477054143,COMPLETE,IZ-B
21,0.69,0.8682112931803423,1.013502733896572,0.3742554835159268,159.28234442140985,116.10473482013823,0.0014732903669812333,0.5170664368355704,0.2616032986994746,0.09718806324794638,0.03516788086986514,0.08341039761653662,0.038367739309822534,0.7291900049927477,2.9748168137266178,COMPLETE,IZ-B
22,0.73,0.9824188539896285,0.750291486107268,0.38674078011048457,162.93019607178857,115.44330987973237,0.0014027137471682527,0.5216658673224422,0.2350612821067653,0.11203650770896448,0.03936519492846322,0.06487770106849566,0.039866715054187596,0.7539722831166613,2.811736580868655,COMPLETE,IZ-B
