number,value,params_c1,params_c2,params_c3,params_inputWeights_max,params_inputWeights_min,params_interSpeciesRate,params_keep,params_noCrossoverOff,params_probabilityAddLink_Large,params_probabilityAddLink_small,params_probabilityAddNodeLarge,params_probabilityAddNodeSmall,params_probabilityWeightMutated,params_threshold,state,study_name
23,0.87,1.2689505282242195,1.4827015316195566,0.4770241941894453,142.08487209558783,102.85154893096484,0.000675251556037398,0.4775370074946086,0.3325444990935738,0.15278309556887223,0.033340379925361534,0.10164926491416686,0.03777221942413861,0.7627263379869549,2.8405751608040277,COMPLETE,IZ-B
24,0.88,1.4066057929292801,0.8573082542515298,0.42324432288349995,134.94055890333982,106.25508796392877,0.0009193245039688618,0.5095408528007397,0.28637908947458096,0.13729674949373508,0.041236660959528194,0.15350759919943618,0.03922700436753885,0.7684401137083181,3.152348769282202,COMPLETE,IZ-B
25,0.82,1.2568520549027002,0.6994770946438087,0.4724945648196041,141.30659750460038,114.66574874313551,0.0007754714142093016,0.42613154557611843,0.2613143806526224,0.1662451233153632,0.03920000424183672,0.22815519884845703,0.03695698819481409,0.7974411457084385,2.793342428430008,COMPLETE,IZ-B
26,0.87,1.1237240382978135,1.0653292987204281,0.36184086046027325,144.7768466595629,123.56921552244643,0.0010739431062958189,0.455488417513518,0.3147080291920303,0.18498558012653257,0.04603230673319518,0.11685504869848752,0.034420926735287856,0.8207642449964433,3.29323349099695,COMPLETE,IZ-B
27,0.87,0.959356696368479,0.8885258197258598,0.4464876727513547,135.98362005227426,93.98749307846694,0.0005791562308839299,0.4796094017225955,0.2537945845019435,0.14609417181434856,0.02522277167607545,0.05809207043737161,0.038313336897534814,0.744145526726445,3.085533568436854,COMPLETE,IZ-B
28,0.89,1.4382747917438894,0.5165461814994062,0.4832319592394327,138.08872819382827,99.04158224518186,0.0007347751252890913,0.5467909231733639,0.30804378543645816,0.16287429075869303,0.03373153389138923,0.199936779869404,0.03610690310046839,0.7910732401877846,2.3398226189910996,COMPLETE,IZ-B
29,0.85,1.1816706151517995,0.7323990794545399,0.41600064062306946,150.87184256707758,106.33132631065143,0.0008298403029684825,0.4311219206336784,0.334549864726761,0.12789459475372314,0.03978350661717427,0.15185055467061806,0.030850289591128326,0.7545810507482674,2.7483762006361343,COMPLETE,IZ-B
30,0.85,1.299319357823845,1.0626298795875242,0.37880120013324026,147.16546425566975,113.08646545569346,0.00101873992731157,0.4183386971076802,0.2874340334679755,0.143282945671665,0.03720661074890733,0.2588954225150998,0.02815753477932395,0.7335374889907521,3.437240707643074,COMPLETE,IZ-B
31,0.9,1.431784666155635,0.5102087620379099,0.48685713132302627,132.9951507678634,98.90502682972834,0.0007248890075156675,0.5380460491156274,0.30742325857528574,0.1629810279814719,0.033430149434633974,0.18289340209665755,0.03574042827568876,0.793292209736676,2.350721259567469,COMPLETE,IZ-B
32,0.84,1.429438500448488,0.5828353893471738,0.46679572056604435,132.8940699414624,90.28185482957637,0.0006539204954409299,0.5896942465009064,0.3108734776454647,0.18244806392400897,0.03384151986615281,0.09628958741034929,0.037472543501905965,0.7711693673174267,2.1509741411365857,COMPLETE,IZ-B
33,0.87,0.8256418692466684,0.619136687994613,0.4849156039653618,132.80100114984768,104.08777683218891,0.0009069554528528893,0.5090369405678546,0.2899628328648908,0.1553402365133157,0.026549007977302197,0.17218751938557858,0.034145474118173424,0.8073433774700093,2.3894575695442843,COMPLETE,IZ-B
34,0.83,1.4873461556872087,0.7510465779621733,0.4998387281334509,130.13505939556663,98.8885474475727,0.0008030589178168881,0.4757109722985758,0.2383557086756175,0.16522103893465578,0.028116284334731987,0.19784904728542788,0.03929832603268496,0.7892914184755166,2.9742088689609565,COMPLETE,IZ-B
35,0.85,1.363471923271005,1.303691548295572,0.4879717451962981,144.55260848123706,106.43352232057191,0.0005576875143839619,0.5365374623627835,0.32413355924764353,0.12581492388914617,0.04647416071592347,0.12556725101649607,0.03820039599703583,0.8416941122254994,2.0678540729992676,COMPLETE,IZ-B
36,0.88,1.240617846016,0.9304070766482951,0.46476585600405346,134.89124687297544,108.30401271618011,0.0006236728055952769,0.5185394064340086,0.2798408428607267,0.14996124049295154,0.021209323189484947,0.15402778798676325,0.036071757597939506,0.8194872011658049,3.197367606067801,COMPLETE,IZ-B
37,0.85,1.298059324326476,1.4153657472790369,0.442842933310217,140.0882766316596,94.96759265780503,0.0007200547585329886,0.4996658899687799,0.20423100498628288,0.17416319109457845,0.032501088110583096,0.07064986209132819,0.038759264059303,0.7558847185725713,2.6992362937677585,COMPLETE,IZ-B
38,0.83,1.3824329441221115,1.3113026223268198,0.3249504172611161,136.96523992823475,104.14147495875903,0.0011260909297698214,0.5573679830678462,0.2990711057313107,0.15983370250807302,0.0359874004009265,0.26294419721974194,0.03495866157976098,0.8627602505520761,2.558762166359137,COMPLETE,IZ-B
39,0.85,1.165141919638233,0.9883648569649397,0.37308352270958145,132.51254486256732,92.4293001160269,0.0009056473453392138,0.4547224164114817,0.34113749486083556,0.0974132586590947,0.04379985413308517,0.2878110667213575,0.0399323455314066,0.7324405630494409,2.23377022565522,COMPLETE,IZ-B
40,0.84,1.4395240688892448,0.7908865334319977,0.4893554335547,154.23608148831866,98.92214170500635,0.0007956102460521447,0.4395932933402464,0.1522920608228427,0.1166872434905258,0.03895569367343686,0.2118430121443266,0.0364054648286092,0.7727138138191008,2.466331526625462,COMPLETE,IZ-B
41,0.85,1.4432969130580622,0.5104654061823473,0.48026028498909656,137.89110153009787,98.70689224486902,0.0007368785447151203,0.5501839373900133,0.3116402926339549,0.15957741644162785,0.03449733924408735,0.1789287694826465,0.03597478073442843,0.7918564116557327,2.357802511672613,COMPLETE,IZ-B
42,0.85,1.3364137758358992,0.5056404668064451,0.4996680144229436,134.20338158420515,101.7574233557581,0.0006686980283755061,0.5410879681812432,0.30537176032111124,0.1891929519367013,0.03249382623705652,0.1987737948102212,0.03733307503439376,0.80332954419979,2.190302741567831,COMPLETE,IZ-B
43,0.83,1.4999788894111221,0.6631310238608901,0.4857652973689288,139.62591399566438,111.25809246349327,0.0005862296694237047,0.5628385843733702,0.2696397197477293,0.1618949313543944,0.028895174409689268,0.16077427761614801,0.03404732964752519,0.7859665240522518,2.55824705722443,COMPLETE,IZ-B
44,0.84,1.4066104508924597,0.6309355726047138,0.4549908531966082,131.8782268240887,108.0592380614368,0.0007515582198474972,0.5750070327453998,0.32675720801235075,0.1732141943023413,0.037570153137732966,0.14109513011453415,0.03873942316150091,0.77580454421866,3.052633140138954,COMPLETE,IZ-B
45,0.85,1.2170764154075833,0.5675794481971197,0.4708828055391544,136.93062245842935,93.03477971726271,0.0008614060631608818,0.549837058019376,0.29398469170042324,0.1404435301328686,0.041863292181831754,0.24150599756991523,0.03524130033907591,0.7629791089894762,2.4519136246667474,COMPLETE,IZ-B
46,0.86,0.6692510796533107,0.5957660655179902,0.4922945203315823,143.53246044920428,99.80132739916152,0.001237146557116326,0.5233173270094394,0.31091866279566344,0.17889829101075302,0.04082118365945807,0.18592800428229234,0.03200540728748831,0.7505330621940958,2.031012254453765,COMPLETE,IZ-B
47,0.83,1.4570789969562545,1.1127040918130269,0.3412077468056161,147.29924465117833,96.64287171782898,0.0006909957759513643,0.49388303318082205,0.2835621509416718,0.19978196283471975,0.031168790171372363,0.08552612976022711,0.023352842818543138,0.8160728996070197,2.6615809333582208,COMPLETE,IZ-B
48,0.85,1.2997331560608156,1.208822844516838,0.39345647044466986,140.14832695386718,103.420901624208,0.0006024779254288183,0.5760650532489731,0.24891911369091954,0.14703232647184747,0.03467464273782113,0.21182128343513523,0.039025075166602405,0.8326488626120387,3.4073106720281547,COMPLETE,IZ-B
49,0.86,1.3484404854782868,0.5379355339566303,0.4343721876015827,131.39127765921327,105.2923318143814,0.0007312540915858798,0.5402041321534786,0.337149389700011,0.16807515321713698,0.038102726031196965,0.13216293370527527,0.037740415741521406,0.7995350998721635,3.8326211903833785,COMPLETE,IZ-B
0,0.83,0.873,0.982,0.382,150.0,110.0,0.001,0.424,0.242,0.106,0.016,0.293,0.03,0.723,3.907,COMPLETE,IZ-C
1,0.83,0.5942529416111618,1.1012231529350776,0.4958354321943471,158.04601498873387,104.86817898536498,0.0007017910372726474,0.5459033595773088,0.19164535772443284,0.14888655516354526,0.025688347135986417,0.3919038611612602,0.025790123980683328,0.7357860770129838,2.048855402427467,COMPLETE,IZ-C
2,0.85,1.1468289994524072,1.4539830641174736,0.4105536806265663,136.20203044355006,107.73603618635431,0.0013832412272927388,0.4563537818086197,0.22246763647120002,0.05602159571623254,0.014394954544205528,0.18905233670268665,0.036794151377008213,0.7777487292917493,3.483728135922324,COMPLETE,IZ-C
3,0.89,0.8278709657094939,0.5172047278765067,0.3419975871704046,140.99746811596194,124.53076913912308,0.0013155824715366535,0.5067477738525575,0.30717995219112915,0.09366498970481718,0.023601268802261148,0.18672011537844324,0.025499711737978437,0.8768596555897882,3.2658316208885503,COMPLETE,IZ-C
4,0.84,1.135778130759721,0.8363102123462974,0.42804291327631006,131.2366984703895,121.63171803324889,0.0009834706552454386,0.4738330502650737,0.28958222134065015,0.17403678494727717,0.049198090389292105,0.3382959556218464,0.03246860760169819,0.746953696809846,2.741715620224802,COMPLETE,IZ-C
5,0.86,1.1099274165506048,0.9988567572342805,0.3012108552920649,147.06351703859676,103.54858464414222,0.0011589512011483398,0.5261307777128033,0.28665244164447246,0.12907542591244112,0.03899293051558642,0.19116540425030099,0.03728923788896217,0.8059500594517104,3.1815714388384544,COMPLETE,IZ-C
6,0.87,1.2458102319032416,1.0825405921187932,0.47115593497526154,147.24961879250793,124.13738959172751,0.0007966649238418576,0.5534053114177773,0.17694195411308186,0.10237424753126996,0.030257999276106402,0.3055604417021972,0.03518412370096388,0.8565204871813739,3.893247114980342,COMPLETE,IZ-C
7,0.84,0.5455865748163272,0.577634297715779,0.4624696308743769,150.77758595052353,98.53570231085251,0.0007256888071243865,0.5961427691570202,0.15649761385280994,0.12464212239750712,0.027438463425660087,0.1554281196015374,0.02068855193229542,0.735283222776887,3.2800804286944545,COMPLETE,IZ-C
8,0.84,1.3928997927958071,1.2529723685845373,0.4314173263695823,133.17993486446835,93.024426545466,0.0011077396134373534,0.4545475376547308,0.2054572496156998,0.12495183045610414,0.030268806675621693,0.24782684104558986,0.028730375057762405,0.8690816053427735,3.0874284111548573,COMPLETE,IZ-C
9,0.83,1.4959769768881426,1.3789616207100803,0.3146949172567961,156.84763813855687,124.2363341514059,0.000567229508509843,0.4895275778999124,0.32839040423981547,0.1936358859509903,0.027679803424704726,0.02875513616750218,0.023548040335866084,0.703004540445166,2.327398632883348,COMPLETE,IZ-C
10,0.84,0.8136476961593274,0.5438245611368121,0.35290769839448305,169.6802585928413,118.27811370657435,0.0014804886909287308,0.40163955526295947,0.3489819251186863,0.055292501168565884,0.019554190815130545,0.09123051205554303,0.026051884488527535,0.889220501048218,2.7041744978055564,COMPLETE,IZ-C
11,0.85,0.893539124748174,0.7550943243516257,0.3571129331043318,141.3127462476587,128.7329196663771,0.0008732719614084427,0.5612761770202631,0.28245240268544114,0.08653513528212138,0.038320391149660495,0.2624977461241895,0.033699144233629776,0.8404838703168818,3.9680702153874696,COMPLETE,IZ-C
12,0.84,0.7123947495031286,1.223081731404158,0.49965728502518386,141.7129186973236,116.39585770115276,0.0012913535128224983,0.5192907116090228,0.16164384387789646,0.08529310991261718,0.0338588726424337,0.33743714340946285,0.0330515403940204,0.8436115865042706,3.665264025134688,COMPLETE,IZ-C
13,0.86,1.3068325175127147,0.7808989003032593,0.33819097248694147,141.30278528700464,129.87242993651796,0.0008259805994808748,0.5783429802072498,0.3137382481639847,0.0866395168143596,0.021966855432368676,0.1327134334548079,0.03959410765464744,0.8468045862713045,3.5681605958660656,COMPLETE,IZ-C
14,0.84,0.9967620732972128,0.8773202089386244,0.3848163182730523,157.5562212736773,115.41980853583635,0.0012101038562825613,0.5142693461709411,0.2573914739717539,0.10278008327152303,0.03517233032199147,0.22756858581461734,0.027497944728469816,0.8944269988474725,2.7115644139204704,COMPLETE,IZ-C
15,0.83,1.2931478610588982,1.1429009512853958,0.4622624390554308,146.0333795660962,123.60091593189895,0.0005140596105349399,0.5469688314297477,0.18325436548001706,0.07263594579845736,0.010847060980883054,0.3006027978287688,0.022867736189054223,0.8209882690277981,3.7772418537721273,COMPLETE,IZ-C
16,0.85,0.9765705623517957,0.608082821381235,0.44805057092148143,154.0591924003897,114.83925081355245,0.000878289644535134,0.49374287277484286,0.25618675235501764,0.14772107029377812,0.04356458608417502,0.3673882185461125,0.035237753834550196,0.8677327509378888,3.4231839098243904,COMPLETE,IZ-C
17,0.85,0.7319060498329406,0.6570401900287723,0.3281203015757893,136.1785192198507,125.45033216107592,0.0010349466238576337,0.5412531104970865,0.21902010563736132,0.10254002429667529,0.02214109997724747,0.07945379073137745,0.03149705966635976,0.7786954140113453,2.912415129816514,COMPLETE,IZ-C
18,0.83,1.2348109628976704,0.9240588552684011,0.3761544775667849,163.9582538340371,119.0304281478818,0.0013048078252554584,0.573158588253007,0.3116957862804187,0.07183318204913366,0.03148683233806674,0.2825690217300841,0.039967965918780865,0.8703071959052913,3.3202338388453376,COMPLETE,IZ-C
19,0.83,1.0627587828891651,1.0713396853061399,0.40592656924156606,145.64241452881257,112.20342929180067,0.0014941454378049116,0.5933134299017344,0.24045938086960172,0.11504217413577651,0.02418048587652981,0.14556261016838093,0.020278114992856276,0.8266972311126934,3.657383334778668,COMPLETE,IZ-C
20,0.86,0.6650280755473217,0.6813303189349356,0.4815319485032001,137.35104312673707,126.95265480838864,0.0006727083572279322,0.5044857915437075,0.2762768100503529,0.1466872510830688,0.018247873475828576,0.21895806714987698,0.030746024013405607,0.8974981768168876,2.4362756195372945,COMPLETE,IZ-C
21,0.82,1.0688078630983389,1.2941476584098788,0.3211822434114478,146.76812670621396,103.68286868890787,0.0011540021145111446,0.5311291991302147,0.3060359709020619,0.13362933291280685,0.04027326482347853,0.18680336830432598,0.03710705536091355,0.7819984913529118,3.2060405396985563,COMPLETE,IZ-C
22,0.83,1.205472418308219,0.9805747574474529,0.3129456070721409,149.73894799755365,100.0725925767633,0.0012345442352839722,0.5272803695016149,0.2757871275285382,0.16527228373378677,0.043985048137261604,0.18341092411068038,0.03652168813481886,0.8019059744534027,3.091985701496777,COMPLETE,IZ-C
23,0.84,0.9026099483442263,1.0746103234259565,0.30140857739485516,142.6464402548908,121.57597249599155,0.0013540091855092876,0.5586342259260821,0.34750819670713756,0.11513856829920116,0.036045166724416454,0.11441001554977466,0.03821294116867575,0.8089887383322935,2.930775264580388,COMPLETE,IZ-C
24,0.85,1.3916499872732242,1.1705225469472063,0.34695418887623597,153.4754326815807,92.05053997620547,0.0010834051490205088,0.4826239543653018,0.2948684445420667,0.09475648933474777,0.03245577807239935,0.24720817796819727,0.03440179111944417,0.8564044177964075,3.7669166393107907,COMPLETE,IZ-C
25,0.82,1.0599571178101381,1.0176819013767395,0.3021713842412745,138.59467302034022,97.56287540813419,0.0009153409977902956,0.5087774866172825,0.26285383089914216,0.13227510032947867,0.04073431539963358,0.1700833179681451,0.035489234460849194,0.879076693072073,3.1811220680691323,COMPLETE,IZ-C
26,0.84,0.8149513277272464,1.489912574583685,0.3683420651357899,145.9703455758716,104.24541445530785,0.0008012202913735987,0.46842147268843193,0.3256390250153956,0.06973377276099321,0.04988578320511424,0.2112569194870347,0.03832152879816005,0.8242074066673345,3.414255963246686,COMPLETE,IZ-C
27,0.85,1.1530257087968236,0.5116072187479822,0.34058934696553783,144.2889328141694,111.97686791147245,0.0011920652513659217,0.5313505157735755,0.297782907803492,0.1130291738254439,0.02875310657541647,0.3188459553352838,0.028500633263025706,0.857085396607765,2.849560677702271,COMPLETE,IZ-C
28,0.86,1.3192663704780037,1.3351726593632052,0.33085497061399816,149.35050956620756,107.99653067623507,0.0013999782171013023,0.5592610721551926,0.1724684845665215,0.14032280839205413,0.037098503012385695,0.2714153518201844,0.024338453445657753,0.7644139485466529,3.838013086204932,COMPLETE,IZ-C
29,0.85,0.9167746871654621,0.9681063471088013,0.39307873229642726,139.239200985772,95.37603418536716,0.0009745578070663211,0.4335323664207653,0.24075058185475356,0.1629245488345284,0.046052927869897384,0.23805942811496933,0.029029378498389935,0.8354130373688509,2.44337223790461,COMPLETE,IZ-C
30,0.89,0.8334496526708735,0.8304555728385656,0.36501403044995845,152.1522953869966,101.06388206091164,0.0010954673571385424,0.49858416499553965,0.22980489021577338,0.09233217110079409,0.015976833914407365,0.11733304362206308,0.026853733961739852,0.7909152611923623,3.9449658924312185,COMPLETE,IZ-C
31,0.86,0.819086346378297,0.8989436882764137,0.36887847257879475,152.33927200510863,100.53437647608692,0.0011103219576293864,0.4999656517251809,0.22976926143915993,0.0987056465885273,0.015552205568762297,0.053848040252497564,0.02666801935600008,0.7944279823608422,3.9867563781618767,COMPLETE,IZ-C
32,0.85,0.964060416060647,0.778924236904435,0.35814111373319235,148.26136127295268,107.24863480307877,0.0012585497899267558,0.5219755876237603,0.19987621209549283,0.1117627898178532,0.010892373218266655,0.11232892001064164,0.025003616890759434,0.7568406098747708,3.85935635979078,COMPLETE,IZ-C
33,0.84,0.7394753994585915,1.0504734355844465,0.4233603085943378,160.52953836041732,102.19770219125981,0.001055420254926139,0.5412276895936581,0.21460176843263448,0.0793465529164921,0.02387398747760279,0.19984383217608626,0.021941890377454545,0.8115249002561836,3.5787487924058268,COMPLETE,IZ-C
34,0.85,1.122856003321465,1.1331066193774433,0.3936467963742193,143.80281342030094,107.15365608449478,0.0009722416432394377,0.47998691985064934,0.17589058911005473,0.09277646375626925,0.017502119313322323,0.16702196011939,0.02732574344703984,0.7893722234872917,3.6911286148930316,COMPLETE,IZ-C
35,0.89,0.5944622095729362,0.7052671398083338,0.4805300147691006,155.6677593199109,121.3036864799668,0.0011704262914955463,0.46263355015247265,0.27321770029060316,0.06537898531925883,0.013179920377702764,0.3989508690519139,0.03033248030685294,0.7677694628685967,3.5335827813950695,COMPLETE,IZ-C
36,0.83,0.6258009872556719,0.7009723653272525,0.48365542121511007,161.35440152346763,121.54913161028549,0.0013513963078779136,0.4518125231433659,0.2674756950333543,0.06647950986382521,0.013516179161048632,0.39551801957592103,0.03084155364384016,0.7663730129585206,3.5423176143264463,COMPLETE,IZ-C
37,0.83,0.5087741822042013,0.8409251265587048,0.47577839911513453,155.56880407313542,127.1188262383306,0.001412509543950341,0.4398086810846322,0.232277404531335,0.05108147984713508,0.013772034599227845,0.3063479212869833,0.025427693424703118,0.7367918838880785,3.8924223068120147,COMPLETE,IZ-C
38,0.85,0.5657164605521117,0.6217722590312238,0.44160738584517384,151.6270831689287,119.73285271282757,0.001155989622322246,0.46474047817610725,0.20319595618476627,0.06281834084540958,0.019845332990848976,0.35790509208606375,0.02997831784510529,0.7493414818846249,3.415384865802454,COMPLETE,IZ-C
39,0.84,0.7886845211776159,0.7304405073694319,0.4582619375755992,160.13906607017523,123.69404418781782,0.000736234122078193,0.44629620813915033,0.24941047882105524,0.07696338368357952,0.025813005045683454,0.3691244485860006,0.027666233405978465,0.7074951886677012,3.752495040874344,COMPLETE,IZ-C
40,0.83,0.6331307854385294,0.8162950299342204,0.48879721460783554,164.46200363001455,126.14535082569246,0.0010194465707289418,0.4231635983064465,0.3259984796180066,0.058542647943164224,0.016068606283711772,0.34298874095576126,0.03210938388409651,0.8845979405181222,3.994307105752251,COMPLETE,IZ-C
41,0.9,1.2217626992937625,0.5503023327244053,0.46955013819594155,147.6357862549213,111.25677344911138,0.0011614822105771312,0.4920423619675673,0.2889954816186312,0.11921872944360336,0.012308881973390626,0.13631675796984208,0.024524796123079166,0.7907549341133016,3.315392658470786,COMPLETE,IZ-C
42,0.84,1.1988712259421372,0.5626381704869713,0.4748343890105228,155.75122512408544,116.66079447855185,0.0011309065780043732,0.4944038708267168,0.27091011965138334,0.12113291882906595,0.012504974486453959,0.12406281469906096,0.024215823845162757,0.7732686216598873,3.3627940861897887,COMPLETE,IZ-C
43,0.89,1.4908470873457913,0.5000504057346814,0.46902767041452187,148.49026753379042,111.61404464526414,0.001263232700581136,0.4638634918792691,0.28763922049040846,0.10715658042462461,0.016190059151675918,0.09498405627318081,0.022358428069218096,0.7905787668002343,2.026625942797472,COMPLETE,IZ-C
44,0.85,1.4896961593998,0.5002201537560601,0.41970808335428195,134.38160887492248,110.77226238221995,0.001279527435505565,0.46092180608696187,0.2882372828047964,0.10587580600507931,0.016012181329737883,0.09023676262175276,0.022315170742329277,0.7855065846290983,2.0143289833366116,COMPLETE,IZ-C
45,0.84,1.439658237616462,0.6320757522693295,0.45015471589806655,148.48877707323908,113.29396683746103,0.0011950986825128827,0.4778137391345618,0.3030603455234406,0.08765684533024479,0.010104986600576776,0.07608720288190281,0.02175840624684638,0.7975270464573795,3.244749914377441,COMPLETE,IZ-C
46,0.83,1.356567977841929,0.5750698632295185,0.4928837027980893,150.78012076941172,110.17756553392871,0.001332795831148033,0.48678575188408507,0.27970141286741373,0.12149945855297267,0.020676125845412324,0.04547037228728551,0.026162155036929372,0.7693467133679863,3.073612207642925,COMPLETE,IZ-C
