number,value,params_c1,params_c2,params_c3,params_inputWeights_max,params_inputWeights_min,params_interSpeciesRate,params_keep,params_noCrossoverOff,params_probabilityAddLink_Large,params_probabilityAddLink_small,params_probabilityAddNodeLarge,params_probabilityAddNodeSmall,params_probabilityWeightMutated,params_threshold,state,study_name
0,0.92,0.873,0.982,0.382,150.0,110.0,0.001,0.424,0.242,0.106,0.016,0.293,0.03,0.723,3.907,COMPLETE,IZ-A
1,0.9,1.3502902733712752,1.1445698441445278,0.4182265015098083,138.08504124627646,115.32541617384142,0.000571171322437583,0.4490193380112622,0.2699132693628191,0.16443577854125677,0.04718015458513734,0.05618921150916324,0.036540659919912274,0.8522324998679457,3.784764272385356,COMPLETE,IZ-A
2,0.86,1.0880969380003132,0.8072950877828068,0.3313977020274492,142.66516312532053,102.02019652048122,0.0014461578202876763,0.4693682130038475,0.2148761183810428,0.07840694166072633,0.01604042380942997,0.3817058971868041,0.02882135227405093,0.8230067566173683,2.206306481998932,COMPLETE,IZ-A
3,0.83,1.3295287655123342,0.552156504862089,0.39151354441345954,159.5213567610528,91.96063572249854,0.001191288995095545,0.5703937199208534,0.33497631352847446,0.08895951091531251,0.026371367156722704,0.19693025050215082,0.02058844302291013,0.7610713590319858,3.2203753417940453,COMPLETE,IZ-A
4,0.87,1.407480302428561,1.3539476848222018,0.4455706941986746,163.1189792819067,113.64347087760865,0.001208633646432954,0.4902289053064561,0.2012718980243931,0.1258678588151892,0.018485838911105466,0.37307653510590516,0.030974001239220835,0.8947063978651348,3.389417767861921,COMPLETE,IZ-A
5,0.85,0.5693968351385452,1.1211814244835063,0.4647462119099369,133.1119564918767,128.6401028250965,0.0007401554171076797,0.5979269869761085,0.19038105467652916,0.09898892339107533,0.021629831555064045,0.3242569206192196,0.03770111618938626,0.7646710101952872,2.2337189879727397,COMPLETE,IZ-A
6,0.86,1.2714365145662152,0.9558257116715928,0.4584065780438335,148.7408372287607,113.65245622615475,0.0009040106813825214,0.5101947805317505,0.3150828439423444,0.18260286980418744,0.0488434738394748,0.10156206164991914,0.020010735322096913,0.7772959026742101,2.413614206212232,COMPLETE,IZ-A
7,0.84,1.0584158200285159,0.9308966428017545,0.42614999111346097,150.1162156817225,107.04277202283969,0.0007363925029540343,0.5242036314916585,0.1848376835529252,0.1879796457442811,0.03463485073185347,0.2118919450645657,0.02373149912254985,0.8744297796549593,3.9591317560386,COMPLETE,IZ-A
8,0.87,1.4459045450405108,1.3370619343790406,0.4659815226559627,144.59529714897738,126.69848889236933,0.0014519934497468894,0.5618762154925002,0.30715503307208025,0.06991660007946006,0.018607650084506946,0.21488721013621295,0.026177802853461062,0.8478463779344743,2.127235618524738,COMPLETE,IZ-A
9,0.88,0.6528848507380592,0.8139819369196023,0.30086596432279405,166.57146159489494,116.77900376989768,0.0011459678680544177,0.47126497559217284,0.18110367759315144,0.06063002621449283,0.018506251595351964,0.24474028137781179,0.03710885936127403,0.7335404407548558,3.050511458914312,COMPLETE,IZ-A
10,0.85,0.8020624216451946,0.5694802240611125,0.36901748555709096,155.44141097775614,100.0125279332562,0.0009800491292802716,0.4075669022948121,0.25089238675947334,0.1310447143878833,0.011221849251592232,0.29852236322814796,0.03235615461273119,0.7091956065469358,2.7680167984603816,COMPLETE,IZ-A
11,0.86,0.867010427055158,1.1476067943616335,0.4995111540063255,133.464443866841,120.36000412984833,0.0005201304933602402,0.4174701591594475,0.26321910131700926,0.1543480794244376,0.039065886921877374,0.027926785257442813,0.03404346124651428,0.8142007401569737,3.919340413490445,COMPLETE,IZ-A
12,0.84,0.9102565627501917,1.1369832347546431,0.3678466568288368,139.34207036210262,106.46558577462235,0.0005004416665286013,0.4411430635793269,0.2795385569991398,0.15804561333892098,0.04739073873733381,0.12184764654180366,0.03545566154423355,0.8528673161994055,3.583183390568077,COMPLETE,IZ-A
13,0.86,1.2092338029586733,1.2525975472351374,0.4098185210644048,137.96983234718815,121.15330390344505,0.0007461322929739597,0.4418027058185947,0.22488717746197745,0.11270965329763272,0.04153721586319537,0.0278181344531771,0.028306277218292514,0.7058039365012971,3.6620835017830244,COMPLETE,IZ-A
14,0.86,1.1324113048666642,1.453164421498729,0.3793812872380788,154.33043274555564,110.2959521763919,0.000865690655935631,0.4425759576582754,0.15150502343174915,0.14937061908801846,0.030439542204654266,0.14023345707926912,0.03940912673273164,0.7934197087218718,3.6797566204112386,COMPLETE,IZ-A
15,0.85,0.7012799971070911,0.7468970637039674,0.3432817754693726,147.8840756150444,99.67708099973423,0.0006308271881214638,0.42076701919927106,0.23470661291444048,0.1713352271383514,0.02585131101347289,0.2816382352500285,0.032478985760657636,0.8461958704820898,2.7295248317144063,COMPLETE,IZ-A
16,0.88,0.9681315395039417,1.061947807941356,0.41604815913845544,131.1390682485985,120.43308374594679,0.0010994123363276122,0.4657785675731027,0.28486149548020623,0.13644228646362844,0.04303924650321904,0.16379491272253655,0.026228608809030374,0.7426101230967843,3.4405588498991926,COMPLETE,IZ-A
17,0.87,1.4939162123438745,0.9720803577965108,0.4355148703878916,140.653477014019,94.67736666410624,0.001292371031870385,0.4038986340582328,0.2698014787809181,0.09930326321341888,0.034346431224578026,0.08540444150224333,0.03481558067760613,0.8253312315115843,3.995372148217832,COMPLETE,IZ-A
18,0.84,0.7682194893367864,1.2396812426025874,0.3477997757596263,153.8557185445654,106.91148483277811,0.0010236995691722457,0.4378582310716287,0.23964084000111954,0.11302079737277262,0.010742950758508882,0.3340207131786177,0.029793781612867366,0.7951917437181387,3.6924582802773376,COMPLETE,IZ-A
19,0.85,0.5025553584761204,0.6922922693035128,0.40020116556519325,146.29880757712368,124.4519351907645,0.0006347429122735455,0.48826773520562244,0.29789966644506366,0.051181983408871645,0.03598222756249678,0.06664775642330581,0.039769548841900294,0.8738575186800351,3.2293399590081613,COMPLETE,IZ-A
20,0.86,1.196202027147174,0.8850365649762899,0.31263760122325807,136.77862721104538,115.25948549638187,0.0013596728846465953,0.5347876448633352,0.3468246062998089,0.19464344562754665,0.027540731776650743,0.25974014981891613,0.026751085825552943,0.7342955629880676,3.812538715330161,COMPLETE,IZ-A
21,0.87,0.6223942180185538,0.8341759890279259,0.3056575617899424,168.02208790471104,116.89944309013222,0.0011467154032180644,0.4633451256483331,0.1704158652840998,0.05754036799957746,0.022288414966251977,0.24834354448824014,0.03649714505274783,0.7317285957493593,2.962741072703035,COMPLETE,IZ-A
22,0.86,0.685083388781182,1.0550508276991184,0.32491510873956614,166.48785581378192,111.60749441852161,0.0010369928031380275,0.45776003361229156,0.2534119295585351,0.06797079905131494,0.015456858638652,0.24790917055259837,0.03729861254979931,0.7162759192107375,3.071099051616043,COMPLETE,IZ-A
23,0.84,0.9982443099137343,0.6804138797711525,0.35567138385303876,159.01512382759483,117.14470115716317,0.0012757644402851315,0.4837267020796455,0.20653101796216483,0.17065024961208364,0.02111776676271809,0.16806820405169032,0.0334682329701181,0.7512413793785135,2.543896018374706,COMPLETE,IZ-A
24,0.86,0.8022552148468152,1.0345252995024277,0.3872139776475717,151.55033461643092,109.24861109998781,0.0008741998686473545,0.43150805812206433,0.1550548002408625,0.11319687122227755,0.015095085067002125,0.3359817389055705,0.03161636464466626,0.7237940733901189,3.4660166128317766,COMPLETE,IZ-A
25,0.84,0.8724289969609627,0.814354626653311,0.48627009097029084,159.29161468196347,103.78950173291032,0.0009555817847987419,0.4542003954777079,0.2253671576791502,0.13928754419037012,0.02934679513620255,0.2892052815154282,0.03821867593408523,0.7778108409759137,3.792758940440748,COMPLETE,IZ-A
26,0.84,0.7255245959366096,1.2282369552174464,0.41010017504259966,163.97728805098126,123.20102975478898,0.0010922609095174742,0.5049751904728603,0.17321389892738887,0.08562745426337795,0.04590105857726784,0.22924197115782058,0.03578560216842781,0.7496858737977345,3.261201175024934,COMPLETE,IZ-A
27,0.84,0.608855817698346,0.8998767681445566,0.44219776890978785,135.93712233684474,119.50130377885978,0.0008051921981133121,0.476670453312381,0.29201910275565396,0.09802384996443213,0.013482771302997909,0.1850784504201381,0.023709591068439013,0.7830484689854458,2.967053461686185,COMPLETE,IZ-A
28,0.85,0.942676301223524,0.6549283398589565,0.30129866627635876,142.8700137169818,112.10958477034484,0.0005968162557095192,0.41943080536983635,0.2654729063727539,0.06458907122589735,0.023572237387538438,0.3146914704091336,0.03341111779711539,0.7031107065712958,3.804384902628064,COMPLETE,IZ-A
29,0.86,1.0625091133514066,0.7820893901865923,0.3250110465107416,142.7766717079323,116.85551076533638,0.001250914182403875,0.47286588389943396,0.21547596882992254,0.07885244482615808,0.017787943627308532,0.39134270451022407,0.02844965142825778,0.8162707049098361,3.5088888184791913,COMPLETE,IZ-A
30,0.88,1.1200325454215674,0.9901592499052213,0.3341958939263919,169.7938844968468,108.77479542079993,0.0013909409812557882,0.4522719630573074,0.32052500766846137,0.16932251282535454,0.03254762564802621,0.37010689620289744,0.029719856567716633,0.8296054284770995,2.844940102636334,COMPLETE,IZ-A
31,0.88,0.9792907141359501,1.0679964641194184,0.42364647359596797,130.33085847580406,119.46012418928557,0.001101678546730548,0.465968403413342,0.28115480777795615,0.13964871900610654,0.043552487623455524,0.16246395419362153,0.026548366910701764,0.7406959657734767,3.3458626639160696,COMPLETE,IZ-A
32,0.85,1.340760523321878,0.8621227782948031,0.4171879060381526,131.5939922251476,122.55842530402964,0.0010927770908096075,0.42731598694160244,0.2835617971650093,0.14051971387914583,0.039112238899044784,0.2693837417427384,0.024360299434341155,0.7641601082450346,3.148228209938793,COMPLETE,IZ-A
33,0.85,0.8821682574381186,1.1583332385528902,0.3977768022592165,134.94821716841975,114.88632641742203,0.0012135399813478413,0.4950898618486665,0.23974642783706715,0.16037135444022307,0.04505499622546433,0.06926824700132597,0.025082195585992936,0.724134188818016,3.4020236743347425,COMPLETE,IZ-A
34,0.86,0.8293553691565038,1.0878847605724846,0.45270605478531056,162.9229176851083,125.68614706052821,0.001170012375477864,0.4510548927509067,0.331393217083804,0.11962002916738036,0.042032903506182766,0.233380471201215,0.030961526066779953,0.7375853761934739,3.571797487514576,COMPLETE,IZ-A
35,0.85,1.0349869040248127,1.3025918198530249,0.4302869614764532,156.25900594162175,117.72536909676755,0.0013161259483761485,0.47688871858192755,0.29630938549177993,0.14528945828588705,0.049787412933647524,0.1877781854032119,0.02199945256247437,0.7542094146123979,3.856547968662659,COMPLETE,IZ-A
36,0.86,1.3388517717359474,1.0092875543194242,0.38128357923560124,140.62546170810654,129.19506308357757,0.0014923362622907253,0.51175413630672,0.27210036971983076,0.12945381904234587,0.019380032530242938,0.1406553576886993,0.02782866328608079,0.721147754547495,3.2984651570630446,COMPLETE,IZ-A
37,0.9,0.9454495740463339,1.4192094014590753,0.3656373142264321,133.46395052016302,113.20723699492257,0.0011356082250352619,0.46670561678572525,0.19773918661164738,0.1818073245236616,0.012934237335060921,0.05453808955273172,0.02223957387780865,0.8630013722732686,3.7101765315742816,COMPLETE,IZ-A
38,0.86,1.2480726100083512,1.413556054982229,0.3643800672853553,145.46762947059207,104.15097981275828,0.0009389624933867505,0.5224927009034006,0.18962762659230561,0.18199388948215217,0.014097613649697603,0.05706506868485399,0.0385002338982324,0.8959715743516893,2.5441587002054833,COMPLETE,IZ-A
39,0.86,0.7442619573542305,1.4007742175362354,0.3989560042945908,133.8395874834841,112.81200566496074,0.0012231161409471615,0.41209646923327803,0.20025211417872185,0.18134044116948578,0.01292047648153973,0.1030872296466053,0.021879231632168726,0.876290607617473,3.717792048014437,COMPLETE,IZ-A
40,0.86,0.6235272335335192,0.9348129677341045,0.3555277780114173,161.8754139906875,115.4461766033874,0.0008065232325505567,0.585402986180521,0.1767077476188914,0.19790776540432656,0.017195067868012073,0.31124842796859004,0.03687072964180123,0.863032756677188,2.342295189065288,COMPLETE,IZ-A
41,0.86,1.1083861610020362,1.1689510021976068,0.41016483673491727,131.58984746841668,113.61107353570546,0.0011313482689204997,0.4726787281114942,0.2572020205602936,0.16494835223059187,0.012087580505177838,0.043897167839471896,0.022161352920222296,0.8368371237470702,3.5774297570317817,COMPLETE,IZ-A
42,0.87,0.9553837001675602,1.4879509911193138,0.37892169915700835,138.21711256340916,111.21422057152088,0.0010553433487390592,0.4631403848000402,0.16296662003947165,0.17582923313954812,0.019787595044356173,0.0963128538573961,0.021090190541770804,0.8830179569895029,3.9104334605763147,COMPLETE,IZ-A
43,0.88,0.9265593605966944,1.0981582883711654,0.3910722005512987,130.0604566025945,118.72025839901791,0.000992628820352882,0.43023312256937163,0.20040472590773495,0.19151702877167365,0.04796230458474796,0.20691265188896732,0.025107794712120702,0.8647715136976972,3.4706900111520467,COMPLETE,IZ-A
44,0.84,1.1661752696453818,0.5124094268761954,0.47425154444955786,150.9834170289576,121.5778835719344,0.0011793681227358743,0.4819062772363837,0.3076329503292925,0.10285682694578277,0.01659661024121716,0.12465120666970855,0.02735797963220417,0.8122873694509307,2.0379587111881996,COMPLETE,IZ-A
45,0.86,1.0234840964163605,1.1838163593075377,0.4172044365047711,132.71244231309683,108.13136406544858,0.0010545728437133769,0.4484706433040096,0.2132725307753126,0.12451900886638838,0.03990793389546569,0.3591932670600193,0.023010230224249646,0.7681340985367752,3.9969657693444205,COMPLETE,IZ-A
46,0.85,1.395116853543982,1.3059164641215093,0.4379261314222848,134.9816107178026,114.49599677525678,0.0009190182997022269,0.4918024188575805,0.24642508038112754,0.1554343957183194,0.02427368902233165,0.0224114418574509,0.020130895601389726,0.7152652170079044,3.718851312219772,COMPLETE,IZ-A
47,0.86,0.8304686044044605,0.7534028325146972,0.3726521845448592,147.97197429353358,127.31306104463181,0.0006920868379465102,0.4372123158329171,0.18076215043244287,0.08817590975614228,0.010377346686407917,0.08603105892537488,0.02918326800969105,0.8558881733466421,3.6200872780470967,COMPLETE,IZ-A
48,0.83,0.5352280197316569,0.6162366155012797,0.40447570795407717,157.27520162611572,110.37312296373868,0.0013298058942890422,0.5501019906834259,0.1906781489014316,0.18916284559270108,0.03671477146712403,0.05241418118146291,0.025382919234026597,0.7418332743230054,3.1294032901277533,COMPLETE,IZ-A
49,0.85,1.0718905379136214,0.9516964671598384,0.4519904226589692,137.72761922584118,99.1573362219952,0.0005430576752747354,0.4606706964736924,0.22912066976085155,0.14945636485875433,0.04670437209519595,0.2752486914045318,0.035221614173913146,0.8391355116579265,3.8601122769138994,COMPLETE,IZ-A
0,0.84,0.873,0.982,0.382,150.0,110.0,0.001,0.424,0.242,0.106,0.016,0.293,0.03,0.723,3.907,COMPLETE,IZ-B
1,0.87,0.7608810179197859,1.315113288020382,0.3586989437148744,147.2961423043795,109.5105517981944,0.000851690895859495,0.5810734213683247,0.2214957152330126,0.15791509492107364,0.03611231968057418,0.08653544192973663,0.020584173845296188,0.8602918248866136,3.309405486924036,COMPLETE,IZ-B
2,0.84,1.1525530538337365,1.377223361610721,0.31057417676580806,144.76416621351456,104.41160756565606,0.0011724710623814806,0.5750492093345259,0.22454662455195545,0.10335445195285828,0.04779719402510639,0.18335743635785998,0.03485253819502364,0.7463033149563213,2.0206311247871227,COMPLETE,IZ-B
3,0.88,1.3621958141465573,0.9559398741426622,0.49462159882014367,133.44111144696677,106.94244451173995,0.0007890293423723814,0.4656496725597205,0.2776886020060799,0.1187869996907168,0.044388354722102626,0.14603800562998911,0.03855184551857653,0.7161521199277304,3.989769929120957,COMPLETE,IZ-B
4,0.84,0.9407546108477329,1.4016325124465587,0.3446345078390067,164.18336661746955,100.82006253482176,0.001499827780304331,0.4013192905714865,0.167158203953388,0.07627141095424533,0.029768721852394632,0.3311890348475764,0.020301675988026378,0.7416439099087551,2.6443780264459287,COMPLETE,IZ-B
5,0.85,1.1953699978216368,0.9380318364365645,0.398887386248565,163.50866169692938,114.35510919890478,0.0006180364993553732,0.5596071740401349,0.22111457562750012,0.07235000508120405,0.03056398810793179,0.26755793864263455,0.03568761505656386,0.759917079861003,3.0942825733328725,COMPLETE,IZ-B
6,0.87,1.208838898665514,0.5478124185616606,0.44139621043978505,139.7235624825588,120.18018037982408,0.0014100678263362211,0.4108044900774021,0.27091362862915647,0.11724104934946385,0.013157613440766852,0.3793529683701642,0.024604004372824513,0.8338275465352305,2.57296209065782,COMPLETE,IZ-B
7,0.85,0.68955564834716,1.376536939836655,0.4004218474560003,151.91268888892284,100.71927595380005,0.0012148679334122322,0.5662461048583978,0.294399625010614,0.15509521958451564,0.03910853925698862,0.07858859859176077,0.02871000079229727,0.7216356958849999,2.6436071403407633,COMPLETE,IZ-B
8,0.86,1.1029014375457555,1.1795763101294012,0.404258146338458,130.09340499462272,109.96359262152257,0.0008565139209469063,0.40514476541035005,0.23658868458282117,0.10429684704858497,0.0170479875397846,0.06295651778773961,0.022269527459466185,0.8469008659645151,3.7691177269811718,COMPLETE,IZ-B
9,0.87,1.4360842117098218,0.7109228869225936,0.3936433470440975,163.7678191158735,111.18483453715825,0.001386221017236098,0.44795517491968706,0.3271134961198274,0.11216871888833901,0.010185796317493577,0.3426332790735878,0.03287640525650999,0.7833479654995837,2.476959628854238,COMPLETE,IZ-B
10,0.88,1.4862883308513375,0.816319472742026,0.4972456309348497,132.41278673468162,91.74185113261814,0.0005215180596325349,0.49689953627732664,0.34908471657071416,0.19325987780438728,0.04943284476989751,0.16995603069178622,0.03999405003796617,0.7003274283751819,3.522385983815246,COMPLETE,IZ-B
11,0.85,1.4936918071323348,0.8117520289904642,0.493935627407833,130.28631427087973,91.27773664655027,0.00057361342487722,0.4899267463675197,0.3433265401581103,0.19556962694117844,0.04950694148308677,0.17315055117185554,0.03984197147248875,0.7006846008745932,3.517044528174818,COMPLETE,IZ-B
12,0.89,1.3319836761723947,1.1268484664712477,0.49799744102726684,137.29987111522817,90.03582680507856,0.0007245808786392528,0.4959573616289883,0.302797161048088,0.1514113106411497,0.04274657723614548,0.13582481323570406,0.03996445746391849,0.7990112626588253,3.9820866509941326,COMPLETE,IZ-B
13,0.83,0.5191187766866825,1.1503951971924027,0.45833556656821867,138.52962100071178,127.82128877824718,0.0007591913247356575,0.5298871599515442,0.29581137923410455,0.14437057821983573,0.041761358546118205,0.12885836614557106,0.03688859910890202,0.8102019881470042,3.995102811438563,COMPLETE,IZ-B
14,0.86,1.3091202616048307,1.1315666855284667,0.4613571720947696,138.3528395280497,97.24044268488117,0.0007152893609575502,0.4633013494410425,0.30314456653662447,0.1335258810054631,0.04286069940771842,0.23790524243963473,0.03810984380849662,0.8969812299907802,3.656187957054497,COMPLETE,IZ-B
15,0.85,1.3364206149400921,1.0204482331186249,0.4732622630546828,156.4119427769387,118.92325271410125,0.0009537616803067843,0.5296714664582598,0.18320521885369528,0.16915840740361296,0.030536370781197624,0.031243841952295015,0.03311232328443935,0.808237357756961,3.283983308401027,COMPLETE,IZ-B
16,0.85,1.3512795235223558,1.2314400924635303,0.42947329892828856,135.67292877318272,96.54300000944635,0.0006935912150839687,0.46721017202903603,0.27576913574832795,0.08737138740428252,0.02433189251397567,0.13810191768447552,0.026818282651213603,0.7788320059913462,3.9838500762153894,COMPLETE,IZ-B
17,0.88,1.028550123330133,1.0306449428912154,0.48052792395658156,142.6789391409194,125.71746290941805,0.0008563856397329345,0.5156489540270816,0.263307983992933,0.052870384543850665,0.044647827534994716,0.22312966522767275,0.033026750231759716,0.8873677253198761,3.733937399583162,COMPLETE,IZ-B
18,0.89,1.2855173690907595,1.498880590446504,0.42663387083728316,135.32825392081367,104.87756908520088,0.0006488639595366593,0.440535810758216,0.31694052769840886,0.17307026982252788,0.03728251081597081,0.12434582584450125,0.03794460702674151,0.7820643257202617,2.916458723914597,COMPLETE,IZ-B
19,0.85,1.2490349485926149,1.2570221811914204,0.4317183486264089,157.4585524491064,95.33014479615903,0.0006369604523349996,0.4375538697259701,0.31971671885940917,0.1737951029757528,0.03557513345903222,0.1125818916495201,0.03520333428415787,0.7814233110719178,2.8913392140431067,COMPLETE,IZ-B
20,0.87,1.066373622795885,1.4807661785369448,0.31462954901092266,169.1094194480754,101.6759703580417,0.0005006723830320691,0.4867352653067167,0.3198372905242233,0.1792082195528156,0.02401666653803479,0.03077842049275739,0.03129518439244776,0.825911434312665,2.2904104701870325,COMPLETE,IZ-B
21,0.89,1.3923377418962886,0.8559795164659167,0.499384225115936,134.90512307418533,107.12440765043853,0.0007943698919030847,0.46321470772214923,0.2882437441020081,0.13484324024307792,0.038267867706846107,0.15779500743451677,0.03849557449483,0.7643571615256854,2.88885991690237,COMPLETE,IZ-B
22,0.85,1.3891204240503296,0.6502049897996035,0.4524426002933843,136.16889443020955,117.54127589605652,0.0010041061925974504,0.44707019621478705,0.30492273768845574,0.1339389006312119,0.037004156549460154,0.1961304703358809,0.03673457833824598,0.7958581416081607,2.960913196431697,COMPLETE,IZ-B
