number,value,params_c1,params_c2,params_c3,params_inputWeights_max,params_inputWeights_min,params_interSpeciesRate,params_keep,params_noCrossoverOff,params_probabilityAddLink_Large,params_probabilityAddLink_small,params_probabilityAddNodeLarge,params_probabilityAddNodeSmall,params_probabilityWeightMutated,params_threshold,state,study_name
21,0.85,0.5140683946873804,1.4142970077294659,0.4349159069394984,134.86060196667003,120.1710072725702,0.0008538411744485173,0.4006655793847936,0.17350270088990039,0.12185305710037675,0.049941859778091874,0.2293811409449958,0.03800247715166613,0.8398509438969353,2.042651116934335,COMPLETE,IZ-E
22,0.86,0.5081170226111411,1.4007147586096014,0.42263791127805933,137.03661823531573,123.19205031496489,0.0008069247362222697,0.4151703622506444,0.15226930775831177,0.1303860898980124,0.04648777735630614,0.25725136599155096,0.03741724071950642,0.8462238328726953,2.0342400179027886,COMPLETE,IZ-E
23,0.85,0.6089013453880969,1.293759665176268,0.44164669836198117,132.56926007007803,116.51275366564019,0.0010606479643623726,0.4000815633245549,0.25377706104905196,0.1440425766214287,0.0470978908704789,0.15024040627911348,0.03499138777390542,0.8735193171185044,2.2584009010785464,COMPLETE,IZ-E
24,0.83,0.5801540873940535,1.4564436973316883,0.4006174517902327,142.7123855355328,120.69905208508675,0.000960262548174999,0.44213979204436293,0.30471872905091824,0.16024262103188136,0.038091661113464334,0.2213968771577331,0.039792233956743035,0.8161580958851795,2.0097388105824803,COMPLETE,IZ-E
25,0.86,0.6692432057246553,1.328022979379603,0.4589535505544531,146.70568884361217,113.65707060314826,0.0011540331241051919,0.42637209370771967,0.3311501531141773,0.13490929660221188,0.0421846609552263,0.08502832995188588,0.03677785820558917,0.8430430411106276,2.404407813801552,COMPLETE,IZ-E
26,0.84,0.5058942032964325,1.207993350510868,0.47147575571564404,137.35390314495928,109.02912305497811,0.00129039040411368,0.45571838755486727,0.28238006911483343,0.11992413221623172,0.03080484107890856,0.321569207733426,0.03220372571804876,0.8787038831565057,3.042566915144965,COMPLETE,IZ-E
27,0.87,0.7432215909835294,1.4361638637732623,0.3846161891383365,131.56182016719504,126.86793539162166,0.000661670257993287,0.41418408555719477,0.15391268909591732,0.18337955398573566,0.03801057973222755,0.2529340847049733,0.03465934156820201,0.8596312330124641,2.1582992736895266,COMPLETE,IZ-E
28,0.89,0.836616431512412,1.3608001813262063,0.40917826320818323,153.20055519877056,98.96129753914947,0.001051168666581996,0.4692298267895262,0.20245149412470176,0.11232778010245326,0.047614283525998884,0.20468981620583165,0.03849683361853658,0.8190965464470915,3.9138464254540066,COMPLETE,IZ-E
29,0.89,0.882580194386246,1.0061161779124193,0.36801508757969903,152.5667466440685,98.88137190810802,0.0010680853565592445,0.4687553402438408,0.23727873141992364,0.10907576565366381,0.0398119158478007,0.06780846111944813,0.030899757522561026,0.7200804495887778,3.856983766241086,COMPLETE,IZ-E
30,0.85,0.8942928261939946,0.9562472676727021,0.3693189018240459,151.38740968380074,98.84009535705405,0.0014957437124080782,0.47623256019491955,0.23864178144913195,0.10893819814774194,0.04741887920665482,0.020155877010447888,0.030535258883025634,0.7052673925211154,3.941229524967595,COMPLETE,IZ-E
31,0.84,0.8187747484161508,0.7611928602548177,0.3778989937427686,159.01904227628776,97.03399002028435,0.0010358770865763521,0.4668012550044315,0.2164609229372284,0.09801820043970312,0.03954029467171931,0.0584595422764036,0.02914351314275213,0.7399808007945612,3.8315616377014314,COMPLETE,IZ-E
32,0.85,0.9191156246051813,1.0230070176294035,0.3539236594735191,154.01224527328867,102.90953325567855,0.0010821071298135624,0.4952368200639001,0.199731722485009,0.08203886750129667,0.04393906280605102,0.12494731121371888,0.038681174102777764,0.7605433628115491,3.788613461128807,COMPLETE,IZ-E
33,0.87,0.8248454916723755,0.8234423464325451,0.39609918530275046,167.69642650861877,99.68221836084044,0.0010125003811522456,0.4507250501364427,0.2497019733259988,0.11287911231933866,0.03303359565137838,0.05080427639189122,0.03132477158245933,0.7990979029174683,3.66795301188992,COMPLETE,IZ-E
34,0.87,1.0068289360022278,0.5875385410152604,0.41142746405936176,150.2895416531501,94.483386561105,0.0011616935647233103,0.4829275452705957,0.2174499280596787,0.09824076200979114,0.0370384224799753,0.08770590839879304,0.03602537787308697,0.7213206065523239,3.998002179650433,COMPLETE,IZ-E
35,0.87,0.946215634374803,1.1385642579040067,0.3358004508687203,162.7013121483814,103.18765541011237,0.0012630813853616203,0.43526120858623907,0.1983992123456116,0.06892595911846218,0.040645805759685454,0.2948321803054378,0.03396582203076094,0.8229239280937415,3.7357511083228054,COMPLETE,IZ-E
36,0.87,0.8485361166244567,1.2523382454254837,0.3712673499870615,148.46801442146585,110.26910993107303,0.0013824858953002778,0.5170191109315875,0.18549856919863036,0.11645556643059216,0.02753975977551058,0.1124761693104265,0.0328739418173587,0.8004247727312821,3.355197352834265,COMPLETE,IZ-E
37,0.85,1.1351334843058651,1.3253265175339326,0.4250357486648918,153.20269635374163,96.08087971831671,0.0009807064089279397,0.5929480845099675,0.22615908678972957,0.15448181366856667,0.03227706082551803,0.13618001872138827,0.02641517495778859,0.7033640069654798,2.7272487348924375,COMPLETE,IZ-E
38,0.89,1.0492347547676246,1.357685316229691,0.3608165594842011,157.27290493322784,91.22048904520386,0.001117940055352852,0.5488193757509002,0.24827571072104168,0.08650185717275698,0.042244297302571496,0.2041863733351636,0.03581686374959345,0.8948177860089775,2.5643521999305894,COMPLETE,IZ-E
39,0.87,1.0527719397601791,1.176674804638986,0.3388129804080658,156.33381832433727,91.0822007324644,0.0011984538896579098,0.5465011767037681,0.24795027451029722,0.06113599393819742,0.04474022468251712,0.19848168621671983,0.038690630408764866,0.893259993132519,2.5715648971103264,COMPLETE,IZ-E
40,0.86,1.2345334440971676,1.0795090092812512,0.3605480153712973,161.52940187592895,90.2782516867661,0.001092629507257933,0.5550291691956014,0.26423917297919947,0.0896962613413964,0.04768000450858223,0.06939033587244761,0.036428117143402085,0.8995641984393843,3.481282165050261,COMPLETE,IZ-E
41,0.87,0.9515957638886728,1.3755812856901144,0.39130505421099404,157.08766314867262,104.81521799412988,0.0010181414131866988,0.5719363926734263,0.23622465937244214,0.10219866588469645,0.041986667427482346,0.39006009554602794,0.035395653064013405,0.8828422640224068,3.880723470456167,COMPLETE,IZ-E
42,0.89,0.7669259040529747,1.271013673813932,0.3097902653065197,163.54320234492653,92.6113875732185,0.0011314513593817814,0.5312056882398425,0.2782268613927158,0.09024836016356033,0.036094898732360804,0.2790399444843671,0.03426202457336538,0.870395616867193,2.8666881768623353,COMPLETE,IZ-E
43,0.86,0.7806209971270297,1.2463326106029762,0.30381553015296364,164.53088545246587,92.21125568959627,0.0011157318151554148,0.5446906156757281,0.2763246777557349,0.0890407689503232,0.03632668318868347,0.037290288733593316,0.020524995617546928,0.8713156675208176,2.9036077040255943,COMPLETE,IZ-E
44,0.87,1.0937687770741167,1.2779869134010808,0.3221901850019129,164.75952719396386,94.61952982120842,0.0012544674911449342,0.5305923993848227,0.28314913665197805,0.06611659932493794,0.039212086217325054,0.34971415529914796,0.03389287439800252,0.8975598170088146,2.620561302350655,COMPLETE,IZ-E
45,0.81,0.9754058638553386,1.3404977633749644,0.31709873819149664,159.60505347606045,100.02514911469788,0.0011713434584081344,0.5250968023709005,0.26119038855207505,0.10561461960492038,0.010071307012921044,0.20975733063365667,0.03822173871591533,0.8850122898946183,3.0419036335143392,COMPLETE,IZ-E
46,0.88,0.7234848800093061,1.012074178434859,0.3799799602694354,152.03185038331563,92.84350214640378,0.001056422890587076,0.5578417282728162,0.22295349101394601,0.08342120469947895,0.0428529025949264,0.2750393297433742,0.037450440103644324,0.7486371550077394,3.3311695095893836,COMPLETE,IZ-E
47,0.85,0.8735068024484749,1.3489252526207767,0.3364029744212531,155.5472404056644,95.03745412694607,0.0009319320354546065,0.5048754622260783,0.20795413696352733,0.09379979089085039,0.04863643041116965,0.16596759527419558,0.03459212025521883,0.7887182760953408,2.7931145157766077,COMPLETE,IZ-E
48,0.88,0.661726799382319,1.4578722592970328,0.4081926139227379,158.36575346070774,91.3103278245929,0.001219526556723517,0.5701977707188876,0.30048158580626627,0.10606466241799262,0.04488592607399864,0.27539053454660145,0.03937071398853747,0.8522421404112356,3.2571000103757317,COMPLETE,IZ-E
49,0.83,0.800607117208544,1.1954165378192696,0.3614690931192258,168.68019416369904,97.78394463107429,0.0011262384452703999,0.5328385363570958,0.27069275561537154,0.18997908845706032,0.04095002179465146,0.038271668781919066,0.031086237897328683,0.8663123970738674,2.4804212786794086,COMPLETE,IZ-E
0,0.86,0.873,0.982,0.382,150.0,110.0,0.001,0.424,0.242,0.106,0.016,0.293,0.03,0.723,3.907,COMPLETE,IZ-F
1,0.91,0.9460703443985133,1.0221805021687405,0.3039178559857158,141.2008349844704,116.44610811331155,0.0007673342014008317,0.4512857522295342,0.2152448279535551,0.19951661515598418,0.0411088939975178,0.2798988193052574,0.028200327542188132,0.8498646730586188,3.7890784092257963,COMPLETE,IZ-F
2,0.82,1.0706608238420714,1.2653503305441394,0.34581967030042454,143.0133561227364,95.85670655181976,0.0005487960519646947,0.5790555297305117,0.31828915034644634,0.11194956318255386,0.021861873141940956,0.35311761352031107,0.029496404593269358,0.8723916602847257,2.3527771017043833,COMPLETE,IZ-F
3,0.81,0.5521984126903415,1.1046799080657075,0.3102445766879064,162.35237897001855,109.93658467426852,0.0014037707428068227,0.4927718845174918,0.17579865298238298,0.06643077729644967,0.04746269622326384,0.07702128676480174,0.029854520922754667,0.8937780178800646,3.3026137510870237,COMPLETE,IZ-F
4,0.89,0.505258713425888,0.9734710581069124,0.37078512838408273,163.98763443403044,119.38609763997144,0.0009191051568449406,0.428754528457771,0.26020035783410356,0.17667478036610612,0.013910951412493548,0.021065876620875845,0.034389287295854574,0.7939918288398783,2.46338043324265,COMPLETE,IZ-F
5,0.86,1.1145971466234261,0.9997754550339305,0.48207208197605356,137.8755070907016,94.82833216747657,0.0006518005052792206,0.47017659372084597,0.2688802304966735,0.053214124199832395,0.032923623462838544,0.11257161841754457,0.023412450438985488,0.8423372290823337,3.3078060687175075,COMPLETE,IZ-F
6,0.85,1.0523387785622051,0.6861316747878419,0.46432331350265177,135.88109655135383,95.65277002905901,0.0012506787716147758,0.40916970159652377,0.2012435479090117,0.08785835175944683,0.032553859900541084,0.164868969572926,0.02502192454173395,0.897693319557811,2.258164306619953,COMPLETE,IZ-F
7,0.83,0.583031352287261,0.9860251343548267,0.3454380142434844,148.5963151091069,112.47044943669682,0.0008949050978846544,0.5468232481347235,0.34728687517556867,0.16665873666962008,0.04578334876132416,0.16495323151330177,0.027770170912740248,0.8988500841254241,3.0096217603571533,COMPLETE,IZ-F
8,0.88,1.1297664046712497,1.192726295780705,0.3591309038278489,151.83125016629148,118.3825147942179,0.0009431844732820259,0.4850697624657393,0.1760899280275619,0.09960129026648341,0.012721211848472086,0.22590190296210777,0.03473071329841107,0.8044563964118211,3.5090157941295743,COMPLETE,IZ-F
9,0.86,1.489156315919574,0.6485162534077721,0.49937673488014506,158.86165337201632,123.55073255562093,0.000687448271540599,0.531466506258227,0.30826892685189633,0.09098176823799528,0.02288825765688441,0.259084240110602,0.024104094034269614,0.8091125916299895,3.3407534634774234,COMPLETE,IZ-F
10,0.86,0.8419890423712713,1.4989141650392064,0.4327347263997954,131.05458108767462,129.17222288292615,0.0011500350303497878,0.4490555525661936,0.22198601925518857,0.14798996927658276,0.03929719518953595,0.3717935526868015,0.03695782975841323,0.7446190989143902,3.982654743976944,COMPLETE,IZ-F
11,0.85,1.349673734964023,0.8091398081953095,0.31335749567018917,166.6007044434335,118.44596656392405,0.0007894331123372502,0.439524344069052,0.26495334158670064,0.19331094927684803,0.039545883186278365,0.038167509494400426,0.03485139653939505,0.7756216576539293,2.6025161700206705,COMPLETE,IZ-F
12,0.83,0.7365613886989685,0.825575024236392,0.4114278013965388,156.9299993508077,117.03643431215184,0.001080750878886844,0.40307174019417447,0.22977584094659925,0.19919427584199242,0.025590496972163625,0.2969366913617109,0.020295675578421282,0.8398592366110993,2.0138348302962656,COMPLETE,IZ-F
13,0.83,0.7223021525919759,0.5205372332005518,0.3015954318048971,144.00721388342177,103.83891952495745,0.000810021665298319,0.45587275424790086,0.2894393332265957,0.1694447015691479,0.03916731645825906,0.17280836544167655,0.039257003499158206,0.7707283169044882,2.7558219872703194,COMPLETE,IZ-F
14,0.86,1.2269706195959271,1.3563414816055712,0.3887353579136169,169.10977818837208,125.8118446876368,0.0007706738949712853,0.43666708957130734,0.15318215032578364,0.1349823561552332,0.017423755844673112,0.023022317132955883,0.03269713589079355,0.8338026571055752,2.9317670596341503,COMPLETE,IZ-F
15,0.86,0.921695732575099,1.100177447663138,0.4271235258779409,143.51330144825596,103.11036183239545,0.0005057154610243947,0.5116059492134524,0.20017181528685202,0.17535235100223023,0.010359975681645352,0.31899404537730813,0.03318148006961486,0.7792745845761387,3.674433471226065,COMPLETE,IZ-F
16,0.9,0.6496781399514009,0.83738515379541,0.33270892106509214,162.75093857903505,122.39511099135485,0.0012566337236984888,0.4673310575890592,0.2596973169758448,0.1495077919540816,0.02996796348435914,0.23054861787462347,0.02650412109475383,0.8625474798188337,2.603512792916421,COMPLETE,IZ-F
17,0.85,0.6869443405183394,0.8523379553951232,0.33082242104166576,155.45102034981832,123.56671803711295,0.0014762988418366508,0.4731570873903596,0.21044704517502227,0.14864450022929634,0.028196344326069454,0.24240307711443865,0.026713623963888797,0.8603380600121633,3.027285543233537,COMPLETE,IZ-F
18,0.84,0.9713236132541361,0.7466524856942057,0.323067317130018,135.8884043031127,114.67385980077124,0.0013063300406944214,0.5200038207877599,0.2874921863235711,0.12568868220246554,0.035771258414525144,0.1926507660455582,0.02212839977066449,0.8198166989106889,2.7914580908232867,COMPLETE,IZ-F
19,0.85,0.7874858932049581,0.5218725149039669,0.33637400791729405,130.1780501499084,105.13966343898787,0.0011355212561573013,0.466539587700507,0.24733035477489823,0.14748939677480866,0.042558254126124774,0.39964940616687405,0.027479805070688357,0.8692161541380871,3.7261256904496514,COMPLETE,IZ-F
20,0.82,0.6191108112909268,0.8820642186251852,0.36032896662772895,146.16528646814203,129.1315053317462,0.0012337909086915003,0.593779100715789,0.1763970703907723,0.18479616622964237,0.02941491570569286,0.1181342042318895,0.025895765229125903,0.8606787175558506,2.1192009765131794,COMPLETE,IZ-F
21,0.85,0.5307240933702128,0.9400867567577043,0.36636481052091624,163.15542945820164,120.87444295998462,0.0008909384141614744,0.42342045313524923,0.2697070543396015,0.16091087714275498,0.049465914045386986,0.2663731639348717,0.03157717934050088,0.7915899509150071,2.4980411089695607,COMPLETE,IZ-F
22,0.83,0.653792766980472,1.1022172502979752,0.37634120248546715,162.60734546678506,121.43922925272479,0.0009998278986521867,0.42291781250646826,0.2523374165923664,0.18411969787814766,0.02149166856047057,0.2019023095262364,0.02840008365303512,0.8257439683144296,2.3828033333708305,COMPLETE,IZ-F
23,0.85,0.5005681267465661,1.094801198576041,0.3241390117166504,169.68625597389877,114.0968492887217,0.0006825844730363425,0.45301757908643125,0.22817953891239814,0.18209765932971106,0.01722349632731141,0.13103274378472998,0.03138922828641074,0.8497916729601185,2.610315773193217,COMPLETE,IZ-F
24,0.86,0.7877279498867337,0.892792679049118,0.4039280184082898,153.5546858272217,126.53042493840309,0.0010880161244956267,0.48143556265179605,0.2861108640065367,0.1613221547088462,0.035620925958087954,0.3279376118857901,0.03705385796775566,0.8769752832447419,2.817323971148467,COMPLETE,IZ-F
25,0.88,0.6214405476517683,0.775551043615323,0.3449258473606418,165.35667288739586,121.06746629154506,0.0008588427407070872,0.5040403496335035,0.2532779717828736,0.1993982660600678,0.043586565683631694,0.28007681042562194,0.025799846083255692,0.7488594748782069,2.6117250981267817,COMPLETE,IZ-F
26,0.87,1.2168451707060899,1.1970255435756016,0.30202493625199517,159.7086813602622,116.04997580569115,0.0013552968772245523,0.4401463154700678,0.21257954833343512,0.13534614918796167,0.026444354809773807,0.24165720986162412,0.0348347191498947,0.7939284617802713,3.156047367853239,COMPLETE,IZ-F
27,0.84,0.948102987010553,1.0601006492420149,0.31574334754160105,140.72885126407286,107.03888877248737,0.0006114927655261025,0.45959226467342,0.23753079407897232,0.15691305896041238,0.0314425644809275,0.06805075046629004,0.028719154667849522,0.8172114642757747,2.1789604683708403,COMPLETE,IZ-F
28,0.85,0.7901881865228986,0.9198788464857031,0.3545873285269952,166.41702317622202,111.48532058430109,0.000963606943582818,0.41680241967727333,0.3001541127004511,0.17445891732239974,0.035335117299237224,0.2213741837326953,0.03112493657310735,0.7542139684041194,2.449743028027858,COMPLETE,IZ-F
29,0.84,0.8476246461723231,0.6059865850073611,0.3788151986908016,149.26474842810518,108.71058594511227,0.0007537546715752748,0.43998186552938784,0.25901904053444097,0.18515874957881212,0.01929894007087303,0.3046087583745808,0.02242234066842359,0.8811936075183125,3.7182301176867627,COMPLETE,IZ-F
30,0.9,0.880307201444109,1.0305562539395656,0.39302742204813274,159.43326555371726,125.1389651158067,0.0010828052940925837,0.4934982800649109,0.3290476205601159,0.1374069895623576,0.013314109838783506,0.146766670332934,0.03320039156372959,0.7019175696717962,2.7021751491294297,COMPLETE,IZ-F
31,0.85,0.915498660488362,1.0313123433301474,0.3913005175670986,159.5638436470448,125.1725913613911,0.0010541752256371518,0.4955741467394422,0.3219507879584064,0.12063535975625901,0.013325893196223106,0.07323484933821457,0.033305578808978914,0.7146605675089369,2.717365997897053,COMPLETE,IZ-F
32,0.88,1.0227673739210064,0.9470417994022182,0.4161597949825036,157.30838144537347,119.10600824091351,0.0011757436835893769,0.5505427293410847,0.3484181186475405,0.13658239175692696,0.014789450383048757,0.15039614666351014,0.029118554128375197,0.7028518880521105,2.533723269637755,COMPLETE,IZ-F
33,0.84,0.5983979204971736,1.1629046540942432,0.3704123886850693,160.97129691484787,99.28865262456613,0.001010581629155093,0.4827963185105868,0.32028971431567677,0.15288728817573832,0.023561247172129502,0.10299618231942413,0.030559377216111856,0.7305212591714025,2.3148048236420453,COMPLETE,IZ-F
34,0.86,0.7034711227545355,1.2788210399250237,0.33778736923151675,164.82854060616498,90.76453313228345,0.0012284987983557083,0.46922246131871237,0.2744869216613599,0.11198228259965137,0.011284649277084426,0.19174049016838443,0.03589249390853018,0.7623795362699279,2.8847677514292256,COMPLETE,IZ-F
35,0.85,0.5553861043172608,1.0120907537979584,0.45027791047286136,152.94720948688712,122.9895683861986,0.001302618799075595,0.4309982235021335,0.18885181757529193,0.1917114805967779,0.01930219071527032,0.3438896642210001,0.029641510511172656,0.7342491974086494,3.1437629661726474,COMPLETE,IZ-F
36,0.84,0.8815749909582421,0.9597096800067397,0.3936234082399564,140.72189351223173,126.61634451527891,0.0008379828177716837,0.44689010338634205,0.24108917624227252,0.14003858777324968,0.016255142085080283,0.05337097460613721,0.03222463625340645,0.8865524566644045,2.659958837156185,COMPLETE,IZ-F
37,0.84,1.0006415566352018,0.7338062994941686,0.3487037292507952,147.5391018141975,120.19078489645358,0.0014934548694723016,0.41314240643625166,0.33230681748628205,0.17471811048055508,0.015094924499712644,0.14516339594586072,0.038474797620788856,0.8598986900090905,2.431683779673112,COMPLETE,IZ-F
38,0.86,1.0963269620675222,1.1430563010979498,0.32029469835596336,167.5842717222925,116.55526094653091,0.0009546577356295124,0.4898303292070946,0.2783306568368,0.12708959605287223,0.01986290140092966,0.09465929813415376,0.03377454772782247,0.8492266703601438,3.4558713460799564,COMPLETE,IZ-F
39,0.83,1.1977972201456888,1.0236402892932461,0.3318801445580439,164.10153784324564,129.76356155942605,0.0009112982983612274,0.5025939126804282,0.3345328072770958,0.1654453335489972,0.045604854410327786,0.23971915257416407,0.024099205432994656,0.8323621861486514,2.288370116846341,COMPLETE,IZ-F
40,0.85,0.5049666677656613,1.2745938642616212,0.30573777820285464,150.70344520205208,122.62331472446978,0.0011899782798682659,0.5251652953751909,0.29864495377213424,0.0738026745611941,0.024872373344347116,0.2778883427687634,0.030063530082135366,0.7876072215300254,3.1594153882371336,COMPLETE,IZ-F
41,0.85,1.165506604542399,1.2017932474809612,0.36686881218415845,151.6265329984698,118.56813503798656,0.0007340803063496113,0.4775658311090063,0.15174529990553884,0.09703765198147014,0.012950642133704334,0.22176873085933949,0.03475101035676577,0.8046544623507684,3.818447821456175,COMPLETE,IZ-F
42,0.91,1.2784427915572287,1.0555144886286574,0.3571816626058273,155.8389280410833,112.36517451647813,0.0009415044702151829,0.4646605694753028,0.16838632345127347,0.10942044430532907,0.012485708578540968,0.22063260376322272,0.03634002184639992,0.815648231578816,3.5555083570062496,COMPLETE,IZ-F
43,0.87,1.3445475730800245,0.9988875372386838,0.38536998094839814,156.1994176125368,112.774287015406,0.0010102225243021653,0.4617967859939303,0.1881539746276043,0.11957611814476782,0.01106138572587984,0.17550573833241365,0.036788905868271576,0.8150637567397248,3.877924173214968,COMPLETE,IZ-F
44,0.83,1.0584989515432848,0.8654386713258514,0.3499731429125106,158.27198504336667,110.67148501051098,0.0006079288293594179,0.4477099611897658,0.16661372745016284,0.11340599243163305,0.014257285016910629,0.2586556830192379,0.037882322439423126,0.8461642816664703,3.507308553866037,COMPLETE,IZ-F
