number,value,params_c1,params_c2,params_c3,params_inputWeights_max,params_inputWeights_min,params_interSpeciesRate,params_keep,params_noCrossoverOff,params_probabilityAddLink_Large,params_probabilityAddLink_small,params_probabilityAddNodeLarge,params_probabilityAddNodeSmall,params_probabilityWeightMutated,params_threshold,state,study_name
47,0.84,0.8422995620484449,0.526378513864342,0.43632451717548204,153.94159698789986,113.83897458181315,0.001221131593562661,0.4691811921121482,0.2903901204037948,0.09166526811348574,0.012550899372784273,0.14929854978343632,0.023159691224642703,0.8152945729451416,2.266486066529385,COMPLETE,IZ-C
48,0.9,0.9413178432874516,0.5932754933181331,0.46684178844336494,131.95194539161386,105.94423464795202,0.0014500106950620147,0.5099050231842512,0.3155685363680687,0.19943971168793592,0.017986103199815497,0.09787179247129237,0.02136303083929268,0.7892633502059692,3.5048616821948277,COMPLETE,IZ-C
49,0.82,0.7642759316460848,0.6006727605264988,0.4643154107015324,133.26375540317068,106.32462667575531,0.0014373994623822213,0.5079025342709468,0.33925435438985235,0.1968034839483213,0.01817201730721554,0.13838375959273286,0.021264070745921376,0.7555945928157215,3.514000193624375,COMPLETE,IZ-C
0,0.85,0.873,0.982,0.382,150.0,110.0,0.001,0.424,0.242,0.106,0.016,0.293,0.03,0.723,3.907,COMPLETE,IZ-D
1,0.85,0.9803124734670556,0.5165776316106815,0.4089560018387021,157.43930487426482,94.40049162705746,0.0007147532688608997,0.42632843647861574,0.2886235184114394,0.09722092823624157,0.04431893603028066,0.1777795134249752,0.027022058055903502,0.8061245256788672,3.9223416132468545,COMPLETE,IZ-D
2,0.84,0.6248692646912923,0.5553713482849179,0.3347027107202854,135.92677870628052,111.92256764773803,0.0007927459617494475,0.5585515274206259,0.23304525759085215,0.07885373160895245,0.03966331589071113,0.05048915760214395,0.02522251555562372,0.7172226091979811,3.1928038786307327,COMPLETE,IZ-D
3,0.83,1.0523746731525596,1.2056577711697667,0.4379887683244435,155.3410514137408,116.19663535297823,0.0011579735003904067,0.47195146622537437,0.24756958387619513,0.06037668649521889,0.010294334003767848,0.08466407837099915,0.039975384263093224,0.7818161895354281,2.4124432181337285,COMPLETE,IZ-D
4,0.85,1.161046472271663,0.6106348025478913,0.47552677333935345,144.24257649883984,96.28075555274631,0.000709279836070996,0.43850343470332803,0.2566850406052916,0.195802774513343,0.04913286481942277,0.39290861830377377,0.03792148571318507,0.8454303104984469,2.712415515683344,COMPLETE,IZ-D
5,0.87,0.768181768262693,0.8075486493868138,0.3922377634537034,166.7317271439379,90.58659681035567,0.0010664063934904626,0.5660748482321837,0.2601480809056327,0.15976826335782596,0.025181820160540314,0.3966049177107892,0.026872399141291387,0.8971174129334818,3.8522747148630514,COMPLETE,IZ-D
6,0.89,0.6861526021868638,0.7091635868324699,0.35941858213764033,158.39224046327755,100.77954293387262,0.0006168400833963549,0.43358513699634876,0.2891206902042954,0.06897572263131199,0.04563796246477202,0.03950948326249333,0.03974280110075767,0.8327717267135958,3.775537145398464,COMPLETE,IZ-D
7,0.86,1.0531734393446253,1.3562188693088268,0.3861314474671224,164.13963435144944,98.909342700683,0.0012447701446454892,0.4153973442400571,0.18001949791921093,0.11813678210705693,0.023579763085040218,0.20861842053602356,0.036988224494315755,0.8849106869549814,2.9114154694290795,COMPLETE,IZ-D
8,0.86,1.0594086679045998,0.7411101253196827,0.3216217918783485,138.90277120327906,100.47159129910942,0.0013465086544171313,0.44758843602994614,0.2700754441518036,0.1695898446911977,0.014276677976186928,0.061253387867777606,0.038812249875622165,0.851625029460647,3.204083018994162,COMPLETE,IZ-D
9,0.83,0.6600642797382966,1.4859031317985187,0.4119467757031876,154.84549037498914,119.50770484605738,0.0006075883865467712,0.5338842941448171,0.17246179006713422,0.07356754395572383,0.012751236892527204,0.16115453776301095,0.02464889969721289,0.8091962171559131,3.966766877237453,COMPLETE,IZ-D
10,0.83,1.4316004781657996,1.0122191090077077,0.35213401011326495,130.02606066230982,127.09984412142396,0.0005069754642891399,0.49770862442800556,0.3436666571513821,0.1425766825864182,0.03633119974426752,0.12130404060700632,0.032677099940794554,0.7599058253756497,3.496186059879644,COMPLETE,IZ-D
11,0.86,0.7899141137800261,0.8257381590610159,0.3598225193707326,169.94009989575872,90.4442101164608,0.0009573044711250838,0.5967865819129368,0.3133890361038101,0.14847933479323513,0.02874023184400072,0.30495926730766343,0.022324875101964826,0.8956388248420158,3.5501152729572807,COMPLETE,IZ-D
12,0.83,0.5444454893787946,0.8276562760771644,0.43578902008681797,163.93630836826247,104.65258277234213,0.0009117980447477484,0.5335623161099591,0.2158691546112923,0.17126432223984714,0.02372704163678307,0.39578615458738897,0.034041068545847014,0.8556979880839495,2.0351035329557243,COMPLETE,IZ-D
13,0.87,0.7658452168381051,0.7103685105029168,0.3037534557135519,163.34682568962262,90.97009825851966,0.0011206908976327664,0.5994921838306697,0.2931078287249194,0.14104046189569325,0.03191241927094612,0.27963473807391814,0.02902225712227243,0.8298487051288954,3.6006948339491402,COMPLETE,IZ-D
14,0.85,0.5244230624914815,0.9720392792336071,0.36587155510868635,168.4231071237244,104.18246717031404,0.0008310272175326477,0.4784039304130373,0.32664543331809265,0.051153200923450104,0.021389233100794148,0.022952892263477243,0.02006266952385309,0.8664940030569239,3.67238374207807,COMPLETE,IZ-D
15,0.86,0.7504649150687146,1.1066246287555423,0.4742919714444692,159.52144546468185,103.83593680039053,0.0010865375361370892,0.5593600313231717,0.20534248448983106,0.19898380703933893,0.03217063454415207,0.2510543271572802,0.03428600387011703,0.764558352530623,3.272796886400151,COMPLETE,IZ-D
16,0.82,0.9111009805628515,0.870870745954186,0.4328863787428706,149.25148528795978,94.94776626264948,0.0013075028138254444,0.5183868776723216,0.28534944480537033,0.16857512351162476,0.039914925677940936,0.3339412517406146,0.03072201404299989,0.8241759252547999,3.7443927029730473,COMPLETE,IZ-D
17,0.84,1.3373035813647163,0.6603072844609251,0.3906544523866917,150.5716527042644,101.5892495795087,0.001493973897524413,0.4802469350239157,0.3056485624902468,0.12816188412473709,0.0485492944101471,0.1135157395041249,0.026279033494732085,0.8821280017266175,3.425129863833122,COMPLETE,IZ-D
18,0.85,0.686562056869392,0.760964416485444,0.4987435200062572,161.0386502431407,108.96919617257194,0.0008846875048030306,0.40223312981991133,0.27073897218187465,0.08997000753549889,0.026831162720159788,0.3431070791794728,0.03577121245377542,0.8717780809927016,2.7735950253390778,COMPLETE,IZ-D
19,0.89,0.8597679317488358,0.9218036563876231,0.3421998299319416,166.2957653586301,97.55923939451081,0.0005648396820285104,0.5614994728437306,0.21778393287560494,0.11552668303591135,0.01899888962698612,0.22896899552129546,0.031887306623251024,0.897356756782343,3.7722837886255123,COMPLETE,IZ-D
20,0.85,0.888051394194017,1.1193025853213547,0.32895966571829627,153.6631772393837,106.20084337165247,0.000524567134604383,0.5090906696646414,0.15684418928700078,0.11055731480689529,0.018571938189268465,0.24101682975703093,0.031979802534871024,0.8311351083927349,3.3368312404848353,COMPLETE,IZ-D
21,0.84,0.8202878629634489,0.8851744287906186,0.35178647046998107,167.06099960542483,97.37066829231824,0.0005926803100409746,0.5702211045516851,0.2118213006587472,0.12911469135662693,0.020412664137184088,0.17151139283239517,0.02779276061370783,0.8989924028808363,3.7658381203107534,COMPLETE,IZ-D
22,0.9,0.7041077443012718,0.9272896806051375,0.372012518587658,160.97473525889947,92.76147381160483,0.0006869344811772196,0.5753109204921844,0.22704335545598037,0.15364184786151175,0.02734224312712294,0.350311322311878,0.02287892977186608,0.8731724252836034,3.771714071362048,COMPLETE,IZ-D
23,0.86,0.6250701319111525,0.9295641625205062,0.36846064169749226,160.29227875045677,94.43392613414098,0.0006573375915095676,0.5820665105703924,0.22691265051581397,0.18368065601686856,0.03586965275677636,0.20795091043864666,0.02221689815567039,0.8673738099221819,3.092662425766201,COMPLETE,IZ-D
24,0.9,0.6889431673380888,1.0509958729212583,0.34046648036448707,158.14874895996016,99.76152042487685,0.0007563405345695806,0.5427304104855085,0.1953013232243856,0.07682090061573679,0.030104189641955856,0.13619979836720414,0.035288712468605564,0.8427851131325639,3.9981882442238885,COMPLETE,IZ-D
25,0.88,0.5782231351303275,1.080570272413943,0.3162990672992647,156.9547168670165,101.27329356706854,0.0007635105056228205,0.5319248516079266,0.187554575115077,0.07332869977901843,0.04526993327626945,0.1282901977579241,0.03585512335118523,0.8398154862057751,3.990011899729287,COMPLETE,IZ-D
26,0.85,0.7069115158180472,1.2259454717963203,0.37343075485206983,152.04776634220505,93.20671340344815,0.0006627630940463867,0.5458412551192008,0.1994641088682369,0.060728597627035,0.03548213905524823,0.026307644351244913,0.039854309382987965,0.814241344465815,3.6209941726843904,COMPLETE,IZ-D
27,0.84,0.9647014482396243,1.2123925349744629,0.3448218140904613,145.07834506198017,107.32290764999271,0.0008618326774930032,0.4587257215227971,0.19155959333624623,0.0843192497128008,0.029973545205644506,0.09276420677088434,0.036888425860224824,0.784090065392976,3.437060038263882,COMPLETE,IZ-D
28,0.88,0.5017802047826937,1.0656617960411126,0.30761585670745084,161.37780787669197,98.77795747484357,0.0007726101651542892,0.5827184613483399,0.16025626931221706,0.09815211432834924,0.04108364047964105,0.0780559476247816,0.034002900111046994,0.7907433421227343,3.8155231667568588,COMPLETE,IZ-D
29,0.85,1.1902760469359295,1.0227135167893229,0.3793965547045913,147.61490703255174,113.73885348839273,0.0006419533066097514,0.49456770715627074,0.23116511539773035,0.06282644619826622,0.03296444769750289,0.15923792697962888,0.029507884908796352,0.8518194860088397,3.995799755196247,COMPLETE,IZ-D
30,0.86,0.6938284482619801,0.6698335977624762,0.33301595300661396,158.41460293377548,124.79934083320934,0.0010097983279253636,0.5457719651028851,0.2706875822768834,0.10177210483381731,0.04326273063957761,0.14271640930332172,0.03849098239477409,0.8184915449272826,2.450168202946876,COMPLETE,IZ-D
31,0.87,0.8539472320023029,0.9369057847395117,0.340179398030155,165.59972222424435,98.44959424200623,0.0005512595632297106,0.5797936494206346,0.2180585818426969,0.11479596805143544,0.020195311563881706,0.24473800475390753,0.03155227551667353,0.8799228187760478,3.713495189881133,COMPLETE,IZ-D
32,0.84,0.6009293102435287,1.1486228231754352,0.35561393371835714,162.4277576530371,93.75667375863576,0.0007227430221754484,0.5499164771748036,0.24533605064957664,0.08695908999719903,0.016765938053510336,0.18997186078273562,0.03293048070570675,0.8618311450149665,3.8471135884148566,COMPLETE,IZ-D
33,0.84,0.8594696985643122,0.8883235578537226,0.4066648169391403,157.504231027172,102.50744044673675,0.0005701304511112473,0.5236088321118206,0.23788868461579543,0.0502135277032659,0.027232177785624156,0.346041030011129,0.03552391685018366,0.8357385133272142,3.8212126445324297,COMPLETE,IZ-D
34,0.88,0.9283959677551452,0.5257536891374772,0.34764139902784086,156.134758931497,97.03926723529086,0.0007017963479181351,0.5693793388259751,0.19923403847378576,0.07138075858494707,0.01680661229835642,0.29191924988888496,0.0282430903761291,0.730556227825987,3.6472408122367326,COMPLETE,IZ-D
35,0.86,0.7126648145866201,0.5936797656054643,0.3211156677651531,153.22663357136773,93.44045157505403,0.0006384170682085864,0.5585652190814239,0.2284089104514181,0.13695900127530963,0.01003903082996083,0.04272647783474971,0.031152181818645888,0.8761182146452959,3.5416908575132426,COMPLETE,IZ-D
36,0.85,0.6358716292524622,1.2678039111239225,0.3764623334057944,166.11015999394593,111.12168102912182,0.0008210741395539736,0.5877079120469634,0.25345496979641396,0.16034606627865655,0.03798485343835581,0.10410696098472189,0.0371183455241352,0.799981713830225,3.8828477428795147,COMPLETE,IZ-D
37,0.87,0.8238460179454885,1.0243854109434911,0.41846160291839785,159.21697201725175,96.33318051337164,0.0007311457710911648,0.4332685833070754,0.2215646578293254,0.09282204209346472,0.023016573636221886,0.36471720732516894,0.030204229411481043,0.8889432082541487,3.360730123079578,COMPLETE,IZ-D
38,0.88,0.744950129174703,0.7808015753698473,0.33526522993961383,164.55594274461126,99.96093885086921,0.0005020058419944028,0.5123865412166771,0.24302546419551832,0.10496326300644562,0.047045134812873396,0.26626147440337034,0.025172008308640116,0.7007458519876952,3.896342698807608,COMPLETE,IZ-D
39,0.85,0.9863810132100118,0.9598860529513137,0.39660199863658474,162.1094818501842,92.62025834187402,0.0006013638716873153,0.454568972642156,0.16796704466459242,0.15434832223707073,0.01291749740870633,0.31512620270713854,0.023734388175045786,0.8455509582659451,3.7276685544978334,COMPLETE,IZ-D
40,0.85,0.654142707705965,1.3926290618116541,0.3607737999602308,169.60732234814105,95.88612558484668,0.0006745096358103788,0.5720259273495182,0.18268008597953456,0.11997252855254034,0.034026705899490965,0.22723062340448807,0.03913398622692073,0.8584846033392176,3.0692884639595626,COMPLETE,IZ-D
41,0.87,0.5723989184104172,1.08475923166961,0.3162983818043035,156.12158587178837,100.89566327556165,0.0007561811880160427,0.540737706770379,0.19269193187771266,0.07252221403983239,0.04534210473007783,0.13477183177643354,0.0353960659800327,0.8409277806749746,3.9826208412626265,COMPLETE,IZ-D
42,0.86,0.5917227100882128,1.1494953298728936,0.32788245499883795,158.1590743655174,101.7199650484147,0.0007791745104530093,0.530779609332521,0.18042548429724173,0.07976304456433003,0.0424482219583019,0.0672590586946526,0.037895918007468554,0.8451088576517363,3.8852266072696375,COMPLETE,IZ-D
43,0.85,0.5624301071963751,1.0565960018918208,0.3117896292871242,155.47307801001202,99.28934237681227,0.0006997793797627493,0.5545317244798524,0.2103458065611796,0.06318692754830593,0.045534087884350316,0.1367697791009647,0.032949518054473756,0.8235855242398137,3.970385036613325,COMPLETE,IZ-D
44,0.85,0.8141649514494423,1.2828737170978557,0.34116762144104673,156.83007657225443,106.7139877865757,0.0009540575122735507,0.5377793020304735,0.189607583329355,0.06849501565505454,0.049877832101209774,0.19199955818117276,0.03657610736221765,0.8898223064190021,3.7888630731220183,COMPLETE,IZ-D
45,0.85,0.731648760872673,0.8556520015028679,0.32396062633783274,167.8037083057508,103.30700782784386,0.0005547036516740345,0.4180269746968594,0.17237835799668705,0.07896562125416899,0.038714544987444366,0.05000222155366499,0.03498088112300041,0.798492812055781,3.5104865762531228,COMPLETE,IZ-D
46,0.85,0.6711393348334418,0.9193274958296355,0.36306857293536926,164.66189693113338,92.24423040660062,0.0008142582384939661,0.5620399982748085,0.20348634122912224,0.0555634578834146,0.025534141081611676,0.3680013072259605,0.03348498565997943,0.8736841006321752,3.9105938637488897,COMPLETE,IZ-D
47,0.85,0.6245101388921098,0.9904007753339957,0.301734542030888,160.12595402926817,105.25578031674743,0.0006172242411936473,0.5284172110416816,0.2628290225536207,0.18733331770358774,0.014567360481646984,0.09730571840406049,0.020318703347693604,0.8370089480417915,3.6622664787927,COMPLETE,IZ-D
48,0.86,1.0935458869164278,0.7201437033278469,0.3830423000138594,138.49110904887138,117.51863338045729,0.0007426543317769453,0.5066920453509456,0.2802062650936044,0.09674173708630912,0.030234078795795157,0.12475433513171687,0.037730639495205935,0.853888549902236,2.0089747096801234,COMPLETE,IZ-D
49,0.89,0.7801978391734372,1.1526014268320153,0.3167713305205411,154.08333774195873,90.13045332301073,0.0009299514254539096,0.4889177994846226,0.3472698066096569,0.07961401363808453,0.04677084383580729,0.15192168137103332,0.03209345632875076,0.8094523801078579,3.591816640520216,COMPLETE,IZ-D
0,0.85,0.873,0.982,0.382,150.0,110.0,0.001,0.424,0.242,0.106,0.016,0.293,0.03,0.723,3.907,COMPLETE,IZ-E
1,0.89,0.7496368280527396,1.405255568920736,0.400692088653765,135.55533324672285,116.97556131283208,0.001154858750295251,0.42430400987453565,0.28745955436573817,0.17561865363403434,0.04614527939696507,0.043703699947601045,0.03608136242353796,0.870404509616013,3.1231787957020596,COMPLETE,IZ-E
2,0.88,0.5776906442669595,1.3828639769859805,0.4517644315018706,137.64492203492594,104.98582765499764,0.0010745347819756622,0.46066419747762516,0.3376220449082714,0.12758923062750288,0.03453185803000818,0.25986992482355287,0.03246812316834123,0.8403943158275798,2.2417340537237496,COMPLETE,IZ-E
3,0.84,1.0958106051445216,1.1196910562363565,0.42961348446963993,168.88660266909196,93.14153567506094,0.001047414213708066,0.4488364534621772,0.2910818683701184,0.19363692686845108,0.03083609693068059,0.12926120185708057,0.03581705150320867,0.8996517665271365,2.6422019275763375,COMPLETE,IZ-E
4,0.83,1.3661817816682245,1.0935819372118827,0.324811403218544,148.83039626718218,125.21415058188649,0.001422099398689675,0.5826566049683459,0.20222057386086242,0.15708018123846873,0.02689328041263596,0.3807808549518825,0.0321307824420424,0.8875296527569383,2.535679795932446,COMPLETE,IZ-E
5,0.83,0.9626664944224226,1.2883134568881283,0.4838325204538121,143.8034359689845,111.51902957685985,0.0014270050606702122,0.5693210634028552,0.2165965243385497,0.17510845152166948,0.04101951163575781,0.3422284056530685,0.023977903992799934,0.8289098170446219,2.2498710885681437,COMPLETE,IZ-E
6,0.84,0.5439048536051786,1.314793268038081,0.3280026404417871,160.6217772125033,93.82682965873444,0.0011905880402183458,0.5440505428870066,0.23030854393205574,0.0516350995723302,0.019735038056627685,0.0835459126142383,0.034182911140620435,0.8026490009810218,3.3802037805887055,COMPLETE,IZ-E
7,0.84,0.6908368305154503,1.2307078480556637,0.4700878354629806,134.22674991258884,93.04204981744451,0.0007407015867501598,0.49210566403227984,0.3100244505808373,0.18285623781187826,0.019529080145116527,0.3008704482644275,0.021708052831864895,0.891198450484505,2.9359945583614815,COMPLETE,IZ-E
8,0.84,0.7605777422930516,0.7486091433541917,0.4584739753411324,139.11617010870378,104.95217433943778,0.0009876652250580215,0.48584868627029254,0.2688340647862395,0.09797366619516387,0.03808438399617939,0.04837697384121489,0.02879429414953462,0.7839466170310788,2.8808735518822752,COMPLETE,IZ-E
9,0.85,1.1601066410496204,1.0659791663816813,0.36804778349822703,140.85110294483502,112.84543811099299,0.0012227991382262851,0.5284291040135441,0.23199083081446698,0.14483390310419106,0.01311643864721641,0.3695298654371051,0.024417199432560342,0.8860189323315977,3.5932134678837677,COMPLETE,IZ-E
10,0.84,1.4920573362652738,1.4922408692940308,0.41498866141294344,130.03942813821496,129.49951643805537,0.0006496834982855403,0.42508304100583516,0.34990782407496945,0.050697904011305445,0.049945893645979116,0.1714760959738043,0.03998632410452527,0.741211712436706,3.2244110768561525,COMPLETE,IZ-E
11,0.88,0.5011903834144932,1.4592960718735732,0.43562380028189446,134.92168974435106,120.62325781336834,0.0008478474560322643,0.40077860783194247,0.15295579407150411,0.12748181464882466,0.04983465182558209,0.23885703001785644,0.037318312461921174,0.8463508249571046,2.022549249697792,COMPLETE,IZ-E
12,0.87,0.6823538076535832,0.5268129729194969,0.38881959878159744,156.78239955995386,102.23897862599517,0.0012231645234159873,0.46043673229627197,0.3485687878369515,0.08966269777708445,0.04057862124698676,0.2286474426646085,0.03307418115658285,0.8530011889035964,2.4805549213573928,COMPLETE,IZ-E
13,0.85,0.8196193652946402,0.8957724769325169,0.3514264564866524,130.08473050823298,119.4384571279032,0.0011062438348002509,0.4560998242069293,0.316712608422535,0.15633795792760707,0.03462655151273828,0.02064445003369328,0.027502590300168096,0.8126376598369955,3.168169565120592,COMPLETE,IZ-E
14,0.85,0.630375393470556,1.394264318062435,0.4995973202451955,144.89088157739462,101.40297587222969,0.000520505031576229,0.40996478929531804,0.2763888837237547,0.12563825104990786,0.04313878363881557,0.16704063993274254,0.03874849122151943,0.8589746035571473,3.5993809566819546,COMPLETE,IZ-E
15,0.82,0.8878112344736707,1.2116768798930346,0.4450128554256346,136.16120691188723,116.90573033178529,0.001322622440667832,0.4731595344332648,0.3243375209210712,0.19931590751106118,0.027849701905223668,0.2739629990390226,0.035342306805249926,0.7698016654050441,2.7991295008913157,COMPLETE,IZ-E
16,0.85,0.6028017060567095,1.36804538699566,0.4018198889889297,153.8070909362927,106.37929373533773,0.0008940637377639334,0.43767244872326905,0.2965275629419815,0.1686390520943599,0.044475108812996704,0.1096727355563594,0.03170987434925448,0.8639098330522784,2.194543412404035,COMPLETE,IZ-E
17,0.88,0.7686839179426794,1.4992166793545028,0.41304761977607274,145.2177475619221,97.49090114328497,0.0011327802497066548,0.5118083705779375,0.262402385788382,0.07472905320248482,0.03517245245303597,0.1847656564932444,0.036572322974996775,0.8288269659228005,3.1251496257688784,COMPLETE,IZ-E
18,0.85,1.0323623401556792,0.722056047375387,0.35261559981695595,138.71173850206227,115.16954654916523,0.001311763418180372,0.43671340921372886,0.3327205703425132,0.14106311005107983,0.04583896578677972,0.25343535605455275,0.027450400995451818,0.8290756522556868,2.3591137430014464,COMPLETE,IZ-E
19,0.84,1.2744653814488225,1.1533430801712021,0.458033494595597,133.87862008009955,107.43152459106516,0.0009236726965899561,0.5073577034622251,0.2922669701119345,0.11080606098126247,0.02359960483640225,0.325378589796803,0.03021826397036104,0.8707186955608888,2.709046060894494,COMPLETE,IZ-E
20,0.84,0.7075333459899417,0.9184526953101115,0.3059740634929286,141.00992591627815,124.62596623964725,0.0007430958400631504,0.4760233708351121,0.18673484164070442,0.0781797689302208,0.034601215041856884,0.19805336075287366,0.03341664405799426,0.7831824579887366,3.4598400009640793,COMPLETE,IZ-E
