number,value,params_c1,params_c2,params_c3,params_inputWeights_max,params_inputWeights_min,params_interSpeciesRate,params_keep,params_noCrossoverOff,params_probabilityAddLink_Large,params_probabilityAddLink_small,params_probabilityAddNodeLarge,params_probabilityAddNodeSmall,params_probabilityWeightMutated,params_threshold,state,study_name
47,0.9,1.0139269839932246,1.1606116380683067,0.37836257051715094,160.55136360581233,124.48204176607565,0.001334340542432457,0.4629840565237854,0.20669824934950562,0.1299948521710843,0.043295806305515355,0.09318780505993615,0.024008082881319243,0.7182062454117623,3.602031414863072,COMPLETE,IZ-C
48,0.89,1.358080735609178,1.229323769458809,0.40951028935918893,156.52326389782482,128.10370800239755,0.0011737963971109266,0.5031063962267573,0.17661661378724308,0.179596525020224,0.03852578773323738,0.17746836566998894,0.021223396057331506,0.7522970008397424,3.3113891891827345,COMPLETE,IZ-C
49,0.87,1.1650637675710953,1.1387391193653578,0.35762589932524397,168.68002726955996,94.7812338599522,0.0014227402246410501,0.4827562807384431,0.27718932689333603,0.13981710051263843,0.02631897242543581,0.2710970252365897,0.028647226043767304,0.8520637876815944,3.765246711271432,COMPLETE,IZ-C
0,0.93,0.776,0.984,0.405,150.0,110.0,0.001,0.519,0.217,0.188,0.014,0.084,0.026,0.864,2.587,COMPLETE,IZ-D
1,0.9,0.6631592068691718,0.5851541575028952,0.3554192067711978,150.19576756191134,98.10838782650556,0.0005279369457501654,0.4776311128226364,0.3447441668738629,0.07533495737075831,0.038890319690476856,0.3530381720423341,0.036057583852962795,0.7832394253215943,2.596342627106438,COMPLETE,IZ-D
2,0.88,1.304559001526807,1.3182476989480418,0.4578379480608197,165.4900694719371,104.27368331618001,0.0010595943014901985,0.5980293626047393,0.2099410287578347,0.19521202908357593,0.01762046197513102,0.10752207290769179,0.020833685581249636,0.8487898976102112,3.8890222661842357,COMPLETE,IZ-D
3,0.88,1.1577496908284517,0.6452642147423823,0.35547103951990666,148.71414628822137,109.68513744779253,0.0008281423034360545,0.5876520037449718,0.3449336992483724,0.1579186781334868,0.024544003501625333,0.28945441431594915,0.022267470098884072,0.7086728024164266,3.267282886880577,COMPLETE,IZ-D
4,0.93,0.9046465051825372,1.1404732236179425,0.4087569070064886,141.70889449010014,112.61875693275303,0.0006262991553393554,0.5568400824889146,0.26031710815800596,0.08482643458715577,0.027420149316048706,0.04922307158192095,0.02272664419942212,0.7683287797732135,3.469037959427707,COMPLETE,IZ-D
5,0.88,1.241852327397337,1.4067438390012557,0.3267422177141206,137.20485426145223,92.84001062336438,0.0006136194653330812,0.4830807478352189,0.33203800059315924,0.19621451437143556,0.03721787647487819,0.22836288828428233,0.021786506664092254,0.8025072374576351,2.991943960826943,COMPLETE,IZ-D
6,0.89,0.5469256046575401,1.3956585953206981,0.41050164410757156,145.81719878112133,102.65331529519061,0.0013467353137993523,0.5190019574907754,0.21053896397377903,0.10898011085620599,0.023120322982299216,0.16019937291770203,0.038594375383576386,0.813360239192892,3.858706138119585,COMPLETE,IZ-D
7,0.89,0.5062509055814219,1.0329037325485468,0.3521161598993858,158.2537995369354,110.86281057629813,0.0007479171131839024,0.471942530229519,0.27149203137543326,0.13113394946951706,0.04913040709161969,0.11996871274930367,0.03322374289584104,0.7148750283489294,2.85043083731036,COMPLETE,IZ-D
8,0.89,1.4896792910268657,0.9705278140941237,0.4753958882640126,168.06244624679462,100.00172089447159,0.001378553423892895,0.5637265676113088,0.16954772536976764,0.17097204135773114,0.011258199494932057,0.3023816454713652,0.03885770924762201,0.8073373721600153,2.9023241223460188,COMPLETE,IZ-D
9,0.91,1.2064539122486506,0.7278426253919722,0.4984401088831127,138.5288287980384,122.32963782662809,0.000993988367849307,0.46774316431126545,0.3229798573724254,0.10518456678674777,0.03294029011267205,0.3293433128776837,0.03734079539763607,0.7112110403394936,2.32587283654557,COMPLETE,IZ-D
10,0.91,0.8486530531519847,0.8488116753474237,0.43699086702518747,132.01596042088192,127.2335186351104,0.001123575508305877,0.4070408139305027,0.15250564210614412,0.14159931860397815,0.011799738701538779,0.025134213056031425,0.02760406694454848,0.8966665455912485,2.1251834535805063,COMPLETE,IZ-D
11,0.91,0.8883463576174999,1.1754965441468654,0.39836110128991015,156.8687881529167,118.34930892857042,0.0008302593411328623,0.5321517766715795,0.2608636731248902,0.07516231865411549,0.025854427380088328,0.025957999155578608,0.02656689999110779,0.7696491265627644,3.351193718329536,COMPLETE,IZ-D
12,0.89,0.7836840225126113,1.1326425009235188,0.4043492986403651,142.62974606470732,116.1241961814354,0.0012242155171764638,0.543458920305438,0.22603722564794299,0.058731669028110445,0.01860909427177556,0.07260110803141162,0.025899968537943834,0.8692955408262101,3.5106256945361225,COMPLETE,IZ-D
13,0.89,1.0147570979095688,0.8706950415354788,0.38993187058681605,153.35124728988478,109.7495994258295,0.0009349151304976065,0.559639164316243,0.28531948816484004,0.09962489825087567,0.03224518681852019,0.1756200550629469,0.030122361891974675,0.7503243448332645,2.560838881041645,COMPLETE,IZ-D
14,0.89,1.005255273816832,1.2224915847281528,0.43553492029874175,141.4910747584275,114.17930656429225,0.0006783218193060894,0.5062418687818906,0.23900292356349898,0.17213132781636226,0.04489764546384056,0.07635762827697529,0.024235530143342586,0.836385253445516,3.6274732703780224,COMPLETE,IZ-D
15,0.88,0.7063932717281269,0.9597336243206445,0.42801396561231897,130.72238923021803,106.12135542203474,0.0014673552479195226,0.4407590648154468,0.1865645194832896,0.08541986430023688,0.01822269183429189,0.21964991325139993,0.030252994424845858,0.7447199034410017,3.1629376433555842,COMPLETE,IZ-D
16,0.93,0.9022043652034,1.0797570363989577,0.3798601187079194,159.21198684888645,122.15170836081703,0.0011560882698084319,0.5699288250739405,0.29987589528019903,0.054160737904769315,0.029039770118783767,0.07112112388791095,0.024468258119233838,0.8972825764751029,2.5968743915251555,COMPLETE,IZ-D
17,0.9,1.0815528496450075,1.492655304516581,0.3071744620400119,145.7766081164926,129.95452430686066,0.0008805789655007127,0.5407217761913962,0.23840658726534042,0.12207028156454244,0.014744739401009684,0.111429359060083,0.028200711973971213,0.8305594457418799,2.0238607449083297,COMPLETE,IZ-D
18,0.89,0.6560697864957411,0.825092157139341,0.3735566886351922,136.62913159895376,90.83101894085414,0.0005648574604438733,0.504381880371455,0.19457537692637442,0.15361655870886498,0.0216611101203159,0.16077281577891595,0.02307352084184604,0.8558378380004396,3.6634608160513227,COMPLETE,IZ-D
19,0.9,0.7855495482800022,1.243181000026527,0.45703365011916425,154.07895362402078,112.64454757079307,0.0007167595507223792,0.523559913557836,0.2572138636436748,0.1786716076121968,0.0371615407979354,0.0485214078236596,0.03228832804546541,0.7816899685597112,2.7722186799064463,COMPLETE,IZ-D
20,0.89,0.9427983878234566,0.9279162377382871,0.41756501642945465,163.00217999145437,121.47749730415931,0.0012291286826417204,0.5772492439550478,0.30163672318981355,0.12445356702926587,0.02778958037275191,0.3909930217919818,0.020404358065945295,0.7398414460953013,3.1345396444067855,COMPLETE,IZ-D
21,0.87,0.8877546569673406,1.0687805530050045,0.3807816939506057,161.8105421937358,120.36165894746364,0.0011463949741470783,0.5607039689178973,0.2972563673798599,0.05834169739665568,0.029507052564618,0.08275255130645157,0.024880585094485038,0.8985415930330938,2.420092198712288,COMPLETE,IZ-D
22,0.93,0.7578561095825266,1.0718973968679522,0.36856846622612416,150.0850316454333,125.83549885344311,0.0010231444177859139,0.5736658764539289,0.27831576790011414,0.05202083696420612,0.03298403476201182,0.12449813219987033,0.0237248156086357,0.8823686135486993,2.604536286286619,COMPLETE,IZ-D
23,0.93,1.0820502456182026,1.1068810907403779,0.33766158346289354,159.82343715426637,107.62454527546564,0.0012266430093955433,0.5514273141269065,0.29719974557996603,0.08527343631376894,0.040543038510543805,0.054228151921515554,0.025219635069187445,0.8751431775043708,2.3648493907393338,COMPLETE,IZ-D
24,0.91,0.9392982512307405,1.2816782016925548,0.390026027427636,154.15751431724348,115.20570002568009,0.0011167843315093746,0.5998285816293637,0.3161356568406062,0.06877851398122786,0.02152218548507303,0.09183134970650633,0.02777053753307742,0.8626174843937156,2.724894114120069,COMPLETE,IZ-D
25,0.91,0.5790529879899567,0.7707062011042021,0.41674309413104205,146.37182069185747,118.1211722658643,0.0013127849282967325,0.518727292514497,0.23977762733827895,0.0922507349951385,0.029426829915310065,0.13836530129623867,0.022877660987437202,0.8258037531512705,3.031951750194521,COMPLETE,IZ-D
26,0.89,0.8308128039971625,1.165288480270116,0.4525205349909087,141.74817155163987,124.27047370231037,0.0009463900738211537,0.5764319687557341,0.2151418405920743,0.07011179091587086,0.014919451771447191,0.19930071519652764,0.026633501016969596,0.8861866209422357,2.3123807283643263,COMPLETE,IZ-D
27,0.91,1.0711303164902124,1.007347826920608,0.3857051325676129,156.2760802946935,112.03678038925449,0.0007984808673130352,0.4941366397233659,0.25865429890252084,0.11832957247848053,0.02662396665560437,0.25145407541519155,0.028279038088036692,0.8462035781949384,3.401720079332605,COMPLETE,IZ-D
28,0.9,0.9345770143745288,0.9034712676782116,0.42477023672689695,151.78544134454387,107.20455753060365,0.001475597756326149,0.5390555056835715,0.309966428500527,0.05012706184684392,0.04271637671574958,0.05075317183552016,0.021588042415943545,0.7862196298399239,2.2207360007286177,COMPLETE,IZ-D
29,0.87,0.682763890145882,0.5250202182118877,0.3604110820352893,169.2745015062133,94.85148859349914,0.0005117459974704455,0.557899790004781,0.28338942712345383,0.0831005335783798,0.035070384858534025,0.024631883896097308,0.03425792061688494,0.7574428136490682,2.556214136548843,COMPLETE,IZ-D
30,0.89,0.6178410420655553,1.0291947341492556,0.3956622817256131,134.56615970835637,100.46680395854656,0.0006754551868631472,0.4405062462139666,0.19179930195326744,0.13925819935330003,0.01011622993565942,0.14047772547730014,0.029203084935954717,0.7830392596294693,2.7006774600428294,COMPLETE,IZ-D
31,0.88,0.7209544918810946,1.105613402799622,0.3665397799751866,149.33122114257785,125.3019888053766,0.0010332962763236683,0.5726690850555198,0.2703040660307437,0.05070173668622703,0.03212635834685307,0.09392710326542705,0.02381188138247063,0.8851168762733483,2.4944848112861813,COMPLETE,IZ-D
32,0.89,0.7668958321931167,1.1966211008148755,0.3412158240829355,148.04488679403894,125.80866826331828,0.001078440234769681,0.5724556380236955,0.28310176647021124,0.0630301109316605,0.033633207176831645,0.1302541388902516,0.02009349974933757,0.8810193177719964,2.6465350223993678,COMPLETE,IZ-D
33,0.88,0.8356245757419114,1.094033386336461,0.37049095555274214,150.71939279189314,118.74954132635793,0.0009631479578282683,0.5919488117776471,0.22604380598756377,0.07804559901982583,0.030206127989760967,0.06303652851625516,0.023864278728777312,0.8682231250321181,2.8671834266487064,COMPLETE,IZ-D
34,0.91,0.7639791712088977,1.3267657449207797,0.3783227147605924,165.3102700773278,129.54100926734768,0.0011740560133102769,0.5829804338273645,0.2749134775020665,0.06680924611918759,0.03617295010485976,0.10523560191766597,0.021613022612656397,0.7289269306290665,3.991872892365343,COMPLETE,IZ-D
35,0.87,0.9656526580480052,1.0472222035337433,0.40303161482542543,145.28812322484626,103.66811368603578,0.0008764424856741686,0.5281599215910527,0.33123577774204066,0.18633421712662562,0.023607099983032582,0.04605738516375036,0.02258180676277881,0.8459460437475427,2.457935729989828,COMPLETE,IZ-D
36,0.88,0.8805168013695671,0.9931193216825625,0.3509334455242989,139.4632762525272,122.82327781517748,0.0010447683121571536,0.5490953607456035,0.24891645332779125,0.09545071858399523,0.03895864131946247,0.19213509485710614,0.025517414026168923,0.8908175998516236,2.9920970064721297,COMPLETE,IZ-D
37,0.9,0.6406867159739066,1.3434873078144125,0.312217043632939,143.35206092983745,127.85230150443088,0.0012863915604312,0.5859649716343165,0.34262823520651875,0.11304158070912797,0.020519140371997528,0.24557203901729505,0.024130047006975307,0.8205203101192027,2.6157905159627295,COMPLETE,IZ-D
38,0.87,0.724788008077776,0.9359470837930342,0.4085821456489462,156.19829346153216,113.2599509902163,0.0005933200599207915,0.5142606723982448,0.22378430923782971,0.05810852732105827,0.024674179786379574,0.1156044215657268,0.021877329059384144,0.794484427910732,2.80295030790998,COMPLETE,IZ-D
39,0.87,1.3417433238240144,1.2776761764657687,0.327073831673686,151.74806087837013,116.15767947724765,0.001401203363307304,0.5694584018326192,0.2905817248111183,0.1625672311837203,0.049144519774603115,0.15944869676180082,0.026610962731221984,0.8771374757844986,3.161842544436201,COMPLETE,IZ-D
40,0.9,0.8194792094378027,0.6832511156998378,0.44544433753728513,159.49498103239875,109.67267240212001,0.0010794786501357643,0.49367984549416916,0.26866627746246313,0.0740640360724162,0.01375121069574907,0.09225318249235481,0.024564048366900113,0.7654696162533935,3.79964021279742,COMPLETE,IZ-D
41,0.92,1.1054338793383196,1.1358239609611072,0.33011696624542475,159.8087541601474,106.12759300689527,0.001218211070950082,0.5457773955326828,0.30244900342416753,0.08742497930796356,0.03918911291354122,0.06132620158427135,0.025354229412199922,0.8693626161938294,2.2528862699657526,COMPLETE,IZ-D
42,0.92,1.1719763265327314,1.0716092930978804,0.3427921986376093,165.5407121018378,108.72680116415361,0.0011808524813349845,0.5541444574180264,0.3141615350557479,0.10388359356708779,0.04513723145291832,0.03348588006970154,0.02323931842895367,0.8548854493985177,2.3582387960895823,COMPLETE,IZ-D
43,0.85,1.022736998252567,1.147726574324794,0.3592616354213609,160.99824981853573,107.55667635590083,0.0012875773277890592,0.5333862093438002,0.2957673306951432,0.13686901588398828,0.04182414206955084,0.07434178589502335,0.026301454419488682,0.8988468001979074,2.166108676295044,COMPLETE,IZ-D
44,0.88,1.2625589878158447,0.9947530153382217,0.34086369311383047,165.15304677313358,111.27293924472202,0.0010024084993325631,0.5507340283947455,0.24797038516136666,0.07789431288645332,0.02789699087985722,0.04991112253064725,0.021060091490573075,0.8780596627786039,2.407519912238825,COMPLETE,IZ-D
45,0.89,1.1241144390322262,1.1948417505329196,0.3920368881618409,158.29576753717632,102.25295555077511,0.001253391962950623,0.5596757451412246,0.27987391522914085,0.1501574855106967,0.03414018586421258,0.09990430836094528,0.031011947807434298,0.8734818681785599,2.512831428513003,COMPLETE,IZ-D
46,0.9,1.0412443463735523,1.1115269667468954,0.4699208007735373,147.93909626043313,97.36435352933437,0.0013962194438261544,0.5670571593474671,0.2658175874369097,0.055832185258108735,0.041147411759370006,0.0379814534781662,0.025062358321074747,0.8590481450642493,2.065363969765705,COMPLETE,IZ-D
47,0.89,0.9745442065885257,0.885208405858404,0.3151657547623599,143.943309919672,104.84971286398583,0.0013408707791485932,0.5919410241262199,0.3237493705509509,0.19203947865271195,0.030879713480903216,0.06722600860197153,0.02897636437133234,0.8394791996416878,2.658153649252549,COMPLETE,IZ-D
48,0.91,0.9048366479898782,0.822367971192065,0.3513656381963724,133.6950954267223,120.01812072999141,0.0008823401883930794,0.5791203708661963,0.3073699920958546,0.06447750159021227,0.046575524528341974,0.12520888138178687,0.02709014254959717,0.8910691405673348,3.2863097531660195,COMPLETE,IZ-D
49,0.93,1.3459381010736675,1.2370975875797035,0.41534537654242726,139.28546648901963,123.63451711815364,0.001112425543949175,0.48101807604071084,0.17876795357601075,0.09321004157016617,0.02550753313149398,0.0798246502748122,0.02346647083785056,0.8146953613633074,3.4820771208630803,COMPLETE,IZ-D
0,0.91,0.776,0.984,0.405,150.0,110.0,0.001,0.519,0.217,0.188,0.014,0.084,0.026,0.864,2.587,COMPLETE,IZ-E
1,0.91,0.7527111587489309,1.0496699791262285,0.3744573457854913,156.65272340644523,128.81489946639215,0.0006498587614762225,0.41049114936979714,0.29775381481278995,0.15295385997236025,0.04661619901398309,0.05282542024229968,0.02565095153904027,0.7390639055301483,2.0698408184043324,COMPLETE,IZ-E
2,0.82,1.2947906369270432,0.6930031853782193,0.3478917653770256,148.71736987471658,90.25762484222133,0.0011117398071316714,0.4812322869030783,0.21018492668788238,0.1676292159083938,0.020585273779711803,0.17064575791934639,0.030375339567190185,0.7578992843613209,3.435748066783929,COMPLETE,IZ-E
3,0.86,1.4252767047755452,1.4352573464454839,0.34034877500159527,157.93965352806828,107.4408273952414,0.0006836722079810286,0.4261649648851227,0.15822537434752687,0.13411529764504196,0.017671594605946975,0.19660703687349845,0.027713308255830925,0.7037900244013533,3.4048775756458456,COMPLETE,IZ-E
4,0.94,0.8537104996542614,0.6856279694429286,0.30774100430780293,133.61847290457433,122.76099678069389,0.0013127956262999085,0.41245531256347767,0.23221446578426092,0.1994723621265881,0.033048453841254224,0.39368263916204604,0.020384364213287327,0.776161068879806,2.266886700940761,COMPLETE,IZ-E
5,0.93,1.4015370216643228,0.6826469828199543,0.38297671751686363,144.86048292195377,106.6846306594606,0.0009732338579905385,0.4310246974013472,0.34368228422999186,0.18646234534731893,0.0398608203379802,0.2892369793358679,0.03592678578395288,0.8885155692701101,3.352009202301337,COMPLETE,IZ-E
6,0.9,0.8696346942069325,1.1909832578675146,0.3316495311073778,156.61347819412865,107.23644992841511,0.0012378685756884475,0.4671651500788597,0.22068867619034305,0.11606083355897107,0.03848316078120589,0.077454348612287,0.03199324147514952,0.781005303574858,2.8309164758524368,COMPLETE,IZ-E
7,0.89,1.4363854743625752,0.7113003534525246,0.4232130048727324,137.29366374753542,115.69283935886097,0.0013681011471941757,0.4896924276512397,0.3093277558023815,0.07941020876364092,0.011392604719257049,0.20608088171243363,0.020472027207910123,0.8570291228668958,3.4601793673036045,COMPLETE,IZ-E
8,0.92,0.5277559497128151,0.9927502512115409,0.41527240147123345,130.7449975196352,117.55039295462618,0.001098520923890815,0.48558765309130164,0.1964752334486939,0.17907808460730107,0.016110915730791743,0.33232060559893273,0.030673580111730943,0.8700692477653305,3.4483077618869507,COMPLETE,IZ-E
9,0.89,0.8797945905536639,0.5895540907953032,0.4085154992534151,142.34195162680277,97.79061712879934,0.0011719354330292043,0.5946943888990204,0.21446787168576034,0.19702681827266838,0.017989043657317634,0.22893529472358204,0.030185176564182056,0.8558335790645935,3.6440881170601562,COMPLETE,IZ-E
10,0.87,1.132236474609877,0.8566890002997478,0.4875330038274875,169.20728981462466,126.78551379712883,0.0014989179463462783,0.5366992465822943,0.2652137896489668,0.06887674047873599,0.028778599885256148,0.39519746554151586,0.020459042544785387,0.8152251210360855,2.0482405042452667,COMPLETE,IZ-E
11,0.92,1.0765931452695152,0.5390753425323818,0.3121873236308053,131.82925154560905,120.15033979736461,0.0008770546373577503,0.439910484183246,0.3490930503470784,0.15419478930839786,0.035207134057491866,0.30947370650439576,0.038761659330013964,0.8975085056251361,3.9061282224360503,COMPLETE,IZ-E
12,0.89,1.2637706260759751,0.7949523927708888,0.4606948946901045,141.13903994090097,98.2821935678695,0.000884745913249797,0.4063269243358084,0.2621508598046691,0.197820665102097,0.0443258824692296,0.39177296318101495,0.037607346665144474,0.8178057377996247,2.5190065568194346,COMPLETE,IZ-E
13,0.92,0.5821467915549299,0.519508306054416,0.30743530616668,137.5350592046872,101.91587276642207,0.001314444592133872,0.44663037402305605,0.34977333439307107,0.10884365389207622,0.027758785427971545,0.2949476627748191,0.03555315670949244,0.7884059757900157,3.0600109657035834,COMPLETE,IZ-E
14,0.92,1.031680019284743,0.819884759479192,0.3763203102264158,145.2682255220044,123.95643531134417,0.0008829063314803002,0.4551688697125354,0.29382601025942046,0.1661610640466571,0.036163019588166825,0.2647114076694226,0.03400035422236487,0.8265247777355382,3.0591151505405474,COMPLETE,IZ-E
15,0.85,1.2155217596527796,0.6585715648992931,0.4476911782252501,135.4972334780211,113.25552843336499,0.0005146238733773771,0.4034417582184101,0.1754379130272996,0.13909429697895598,0.04260812511660978,0.335544276874587,0.02333975306566642,0.7524955910305096,2.356805043756237,COMPLETE,IZ-E
16,0.89,0.9149575586584784,1.1804642946815802,0.37665212723171376,150.53586190305995,121.7493862242531,0.001003173606450498,0.5571558701176023,0.24696902228006315,0.1803673503263225,0.024664877261351404,0.36426500679885077,0.03378582141251579,0.7209476137115309,2.8507261758722926,COMPLETE,IZ-E
17,0.9,0.6565621129677159,0.8735887197642984,0.35830456235643826,167.67599543549875,103.30374284477824,0.0014306593727924886,0.42984944046525086,0.328636398195131,0.102220651487133,0.0494788287942217,0.2683672035820729,0.03983667993424923,0.781592096749824,2.2875077122974323,COMPLETE,IZ-E
18,0.9,0.9748818241099395,0.6388598096520294,0.31736156176069563,142.83927080560537,113.68502345046531,0.0012685834088120263,0.46054199207353286,0.2434745429683916,0.05363114636414791,0.033279447958489465,0.15168856818256937,0.03629098099844856,0.8956927924413254,3.1950443168650278,COMPLETE,IZ-E
19,0.93,1.4896319062773768,1.4719457194987173,0.43659873128832616,134.50077491423858,92.18134551480676,0.0007860356935945921,0.5155171315324601,0.27883308173005733,0.17117937179147627,0.03913261853477859,0.3577094655543561,0.02256753201885952,0.8343172135155547,3.9109281863735403,COMPLETE,IZ-E
20,0.89,1.3420116377578812,0.7332467076984057,0.49863639443311814,162.99782285835627,109.31176689092074,0.001052153547959584,0.4222120147416561,0.31967632417557457,0.15292272336677767,0.03280490603106934,0.2505870282219399,0.028142651950410158,0.7985741940903883,2.818041523591255,COMPLETE,IZ-E
