number,value,params_c1,params_c2,params_c3,params_inputWeights_max,params_inputWeights_min,params_interSpeciesRate,params_keep,params_noCrossoverOff,params_probabilityAddLink_Large,params_probabilityAddLink_small,params_probabilityAddNodeLarge,params_probabilityAddNodeSmall,params_probabilityWeightMutated,params_threshold,state,study_name
19,0.86,1.0024315550127236,1.1466510388166573,0.439624438402594,154.36137266492148,106.68325035173659,0.001135364838723076,0.49514569550060367,0.23252307148839077,0.05252841800830828,0.03061430713023355,0.35467010565238083,0.031723844341857765,0.8733727751923628,3.4138238571609585,COMPLETE,IZ-H
20,0.91,0.8317496255302741,0.8499520557214757,0.3478319676103555,146.18166463728915,99.1878614582819,0.0009912396910963697,0.5337608908489786,0.2667694735374845,0.12776376105198137,0.020710597473566555,0.18036181424762424,0.02732605097954135,0.8571831423821358,2.8585278711273796,COMPLETE,IZ-H
21,0.9,1.4191205172787387,1.1937441795817143,0.30609315040702256,168.37034593719076,100.73240433489688,0.0012436174628930932,0.502956971359417,0.22270175768733588,0.15714591710651427,0.04984661415445573,0.2913407878357185,0.03978575195563702,0.8259934475498892,3.154454536118882,COMPLETE,IZ-H
22,0.91,1.32542023959588,1.2103026758454762,0.3189860528540226,164.17592530008434,106.42998340816827,0.0012595044780982214,0.5213047563228739,0.23262734142548944,0.17585043017101182,0.04526385404070911,0.337715665507273,0.03770295138610795,0.8258522656449819,3.077675144685881,COMPLETE,IZ-H
23,0.91,1.3495591020420734,1.0630262216999702,0.3156875058646173,169.6888463281544,94.95086310263224,0.0014609406442644894,0.46657839256509603,0.18128579494703567,0.14941484899498694,0.040664311323946205,0.3686244852703016,0.03973934836266816,0.8361095408885003,3.3118194135639514,COMPLETE,IZ-H
24,0.89,1.4886331431365818,1.375678585138331,0.3381577392523608,166.63624077577992,102.64570358016391,0.0013288869656067654,0.4442178187697612,0.2238761193474738,0.1997309215572734,0.04878065094993653,0.3094083537476738,0.036641162661586915,0.8057745139947788,3.656385827720637,COMPLETE,IZ-H
25,0.93,1.1291567214952822,1.238510359300773,0.3579529501847386,130.26991831954902,114.66490310538339,0.001085942033314627,0.4966344735314302,0.15291385080482575,0.11240105656861045,0.027961761067059058,0.25632413556218864,0.029715353633611878,0.7326701292843906,2.9904605003201588,COMPLETE,IZ-H
26,0.88,1.1868344332035043,1.0956886963951726,0.3967603381894633,160.50083665900928,107.93734522364836,0.0012012494976656489,0.48020803691918845,0.21059157445389595,0.18283037760853768,0.04582652899572068,0.36293823678555875,0.03320576789584706,0.8951847869292875,2.714816667984479,COMPLETE,IZ-H
27,0.87,0.9580434485303567,1.411107848465472,0.3195054533305682,156.72461089194698,101.4927484904603,0.0009553006663457716,0.5421188605586373,0.2369646436885273,0.1405927174611494,0.03662677190368904,0.28634667052372376,0.02511727212710592,0.7948349690368238,3.2134483766945428,COMPLETE,IZ-H
28,0.92,1.0808149106133949,1.2617119269906494,0.30453420585819585,166.2471820504481,117.50578409824723,0.0012764747930865215,0.5615120313498355,0.2677285502625704,0.1567235777203107,0.0397629865143075,0.215696359909352,0.02172265912850265,0.8492308336647648,2.8500673077474254,COMPLETE,IZ-H
29,0.89,0.8020241862051082,1.0063795705939251,0.41572347458430703,150.7449723008623,111.60846010364529,0.0010367004960980411,0.5183342795042801,0.21563241237174974,0.16419425322980008,0.043981477923433085,0.10406212619415253,0.036277823708040134,0.8659822008335243,2.654350949456401,COMPLETE,IZ-H
30,0.88,1.246337516433496,0.8875878672324835,0.3874166501608152,149.63577196287088,97.82220883115025,0.001405064286722613,0.5141030864216778,0.2543404852141421,0.1833159787314985,0.04781500821927156,0.30638395675529695,0.025881224472220944,0.8794264557847457,2.5231656076612587,COMPLETE,IZ-H
31,0.9,0.9980862615165274,1.2329329390211183,0.36357868818243116,137.6215086732429,113.37879754191738,0.0011043677350489386,0.5049382125735561,0.18434079829092942,0.10754601592671452,0.028153293116144982,0.2623098593873996,0.030136766250193816,0.7304871367784034,3.057640012720791,COMPLETE,IZ-H
32,0.89,1.1393148182386537,1.1552895187237637,0.3388191116214379,130.68475056546717,108.32434103835274,0.001178116279106868,0.4919685160899334,0.15055807020070738,0.11470587474138855,0.016402191909272626,0.23795427845826753,0.02887304923213809,0.7499076856104392,2.931920188518313,COMPLETE,IZ-H
33,0.92,1.3140844339372009,1.0216081388695277,0.363001310118292,130.59422590080857,125.80833373488177,0.0005040956035115919,0.47087738008538643,0.29335312584698103,0.1375020463824475,0.02338648921421552,0.058967266935487705,0.035371659270126414,0.7479181942026797,3.085586580641237,COMPLETE,IZ-H
34,0.89,1.1141056439213648,1.3562049404107743,0.35421827691359964,158.26140926052372,118.48783884069245,0.0010720603885914378,0.4562513427659525,0.24059829393663512,0.09499942507382811,0.029163477335043115,0.2169721915110235,0.030946932795807756,0.8557172548779606,3.476392252911365,COMPLETE,IZ-H
35,0.9,1.2021450392555233,1.1154817047007464,0.34287839811314363,140.72154273696944,114.01383731996496,0.000988495228181411,0.48741566910734657,0.16162799261576172,0.06283608944914935,0.034522243507702,0.2645983329934465,0.03325825969417328,0.8267909500958583,2.8125427787882926,COMPLETE,IZ-H
36,0.92,1.0182727491647445,1.460896286245749,0.3274767860374835,150.68703509323825,104.73890964133012,0.0011102709074295276,0.5283948848239604,0.20865958671315654,0.0785492586263232,0.017676026374335775,0.317392102766415,0.026690740559242795,0.7720590718097164,3.2369904682178303,COMPLETE,IZ-H
37,0.91,1.0759218358426639,0.7440736851629073,0.3728197720179492,133.56909361286625,119.9759518100401,0.0011961789120586745,0.49971778675569595,0.27599599374169004,0.12094162806870283,0.031463666817505655,0.1844190418927748,0.03434460903119533,0.7488067591071282,2.019698079924998,COMPLETE,IZ-H
38,0.93,1.3974692963411992,1.292577663129143,0.3892223810458052,137.140495429246,110.12674054185831,0.0010218587025771595,0.43666976989555817,0.3002260099151405,0.16481627707802488,0.021975591148675026,0.38131184609085667,0.024330175723979726,0.7843809745225823,2.9867154918346346,COMPLETE,IZ-H
39,0.86,0.9680561536225946,1.1799118632242593,0.35358922384786656,156.23306659581783,122.55034475318097,0.0007706964585007445,0.47428075750793247,0.31738890052832996,0.17544177394028662,0.025941412931601345,0.34439180922302826,0.038546677272030004,0.7286464101953422,2.4458243715281984,COMPLETE,IZ-H
40,0.93,0.8607545658152138,1.3993757332288228,0.31278038586717255,148.37123066104294,115.88232011632543,0.0013897660754358366,0.47988772221392434,0.22505588992189163,0.14597552086821686,0.04681104564081344,0.2317439811015307,0.030643915315960772,0.809906699935986,3.613858580238569,COMPLETE,IZ-H
41,0.92,1.397169398750078,1.3065283650010258,0.40469247872399017,136.56154617202705,110.07722397500162,0.0010379247075421893,0.42800877138384885,0.31043566797518374,0.16324542636563724,0.021992182659247225,0.37472546336210766,0.024095889727420675,0.7814225758120066,2.9732339759704316,COMPLETE,IZ-H
42,0.94,1.4528633095828882,1.231519759648921,0.3908089219267436,133.56194439688377,112.3293707562272,0.0009376421375625343,0.4365638784663701,0.34638426824264434,0.19313186454809886,0.019270532088836636,0.38701246964842434,0.022188839531433507,0.8347677790056198,3.0557439361128687,COMPLETE,IZ-H
43,0.91,1.4649467115187451,1.2300149928402677,0.41843040458659087,132.7638427688511,112.28717918143681,0.0009221137123836525,0.4602837270616299,0.34503708676644623,0.19237708186624533,0.013919977873042538,0.3868199273806244,0.022255931255915615,0.8336540955489651,3.3349742214981584,COMPLETE,IZ-H
44,0.91,1.3653718251026017,1.0706063345320433,0.3808393365849777,139.4597643223348,119.38236435148897,0.0008791983314492525,0.41069036121400426,0.24757330480464124,0.18277243462984796,0.011370111993305164,0.3991075002706187,0.02017653958688982,0.8546336578446343,2.8834632260152273,COMPLETE,IZ-H
45,0.9,1.2988151602089324,1.2452337534690845,0.3666714488785518,132.20261393168354,115.33531737404644,0.0008037327688338956,0.4398109982667766,0.199058851468535,0.19420886275016308,0.019031894534098284,0.1453278485723162,0.025200899317028694,0.8439297567589129,2.746423810137572,COMPLETE,IZ-H
46,0.89,1.23962822419324,0.9506386572127011,0.39380195454692085,144.21808635420467,112.73879816809345,0.0011462935977659364,0.4516183370286824,0.3365519219346655,0.09874543551932374,0.024773853900173337,0.32624434912409517,0.020922030720734733,0.81840208488947,3.0553907716128847,COMPLETE,IZ-H
47,0.93,1.048929207078603,1.3407182022612807,0.4865143419960358,135.4330178156928,93.07498401821212,0.00066958594838805,0.413372125764057,0.2751457873786941,0.0835978622268777,0.026954991774797977,0.35036102735813945,0.022444107851292246,0.8012659193184362,3.149872689347069,COMPLETE,IZ-H
48,0.91,1.1199422647557258,0.6709267371013057,0.33253614966110734,161.63623005758728,117.81950019741423,0.0012268391496293037,0.5914180965249155,0.2878757626114099,0.18792379405889123,0.032840018181592975,0.268490539216961,0.032096723945452744,0.8633716546035762,3.31041569428887,COMPLETE,IZ-H
49,0.9,1.4532778202286125,1.4882585837963185,0.35920981904141336,139.3794191124004,104.52487799311803,0.0010746936425210301,0.5093752173502725,0.17702089733126092,0.06904946599169245,0.017079227418353327,0.20114901250229458,0.023235061691144716,0.8842616721499422,2.755312798908821,COMPLETE,IZ-H
