number,value,params_c1,params_c2,params_c3,params_inputWeights_max,params_inputWeights_min,params_interSpeciesRate,params_keep,params_noCrossoverOff,params_probabilityAddLink_Large,params_probabilityAddLink_small,params_probabilityAddNodeLarge,params_probabilityAddNodeSmall,params_probabilityWeightMutated,params_threshold,state,study_name
23,0.87,0.6203499375205267,0.9245799988527483,0.49686426851212717,141.1000463419617,108.36434102911757,0.0006070125668080408,0.4507529186782991,0.17128246237423322,0.13708642781982983,0.012979258710134856,0.25506013210961637,0.02441329596189629,0.8832745699274721,2.4545733166773513,COMPLETE,IZ-B
24,0.88,0.7859218055410709,1.1991017926152228,0.4447599813714442,148.7648356317068,123.24382206349566,0.0007918813143016816,0.4256577501512109,0.21942193876926191,0.1894522858809833,0.018787628270682408,0.1556350003141793,0.02208660654204245,0.8500684020400473,2.815435615286361,COMPLETE,IZ-B
25,0.9,1.0157492202258271,1.3747449691065772,0.39623910707697446,144.1155640550988,115.43461673699831,0.0009143356011105376,0.4012067132715686,0.3488700786337937,0.16820937604220718,0.02436178070051299,0.30638809002150813,0.027600465205459643,0.7707545494535901,2.179764713511417,COMPLETE,IZ-B
26,0.86,0.798435643767992,1.498526216132202,0.42085676738491734,139.84952564339815,127.69829982548815,0.0006854823058642548,0.4709437320921736,0.25500823503490877,0.14529278321324818,0.015860672847371735,0.12830860547921547,0.0250016143016449,0.7108962785729109,2.3574387913065316,COMPLETE,IZ-B
27,0.9,0.6187272276948685,1.0384842651655768,0.34230798466831214,146.3283405636278,104.67373252574433,0.0009137418783784194,0.4374094547894773,0.19669035107508057,0.17588451224555274,0.028045696890772156,0.35369803612704465,0.020201895999381752,0.8846935530108336,3.6956275877792257,COMPLETE,IZ-B
28,0.92,1.1806401725101485,0.7784388092780108,0.4815592884369507,156.26467537367793,122.08862471912626,0.0006055966223827824,0.5264135244476333,0.2685923443445306,0.16151658706088567,0.02107558333294573,0.24515643824461147,0.023284141896100223,0.8265073393546735,3.382807279072718,COMPLETE,IZ-B
29,0.91,0.7193668714241719,0.5118096673809784,0.38361349524177113,150.40614804477303,110.24926392956915,0.0010703560297411884,0.5517554305753786,0.2276876982030893,0.1905118610730685,0.01374502341958026,0.07288289437784692,0.024350408523841436,0.7518577261257142,2.1153156913020017,COMPLETE,IZ-B
30,0.86,0.5086716374919499,0.6927585555169423,0.45264613432639506,133.53650420643748,116.38796112276465,0.0008410104048830007,0.42037176275757004,0.2053111801036609,0.15843762398552722,0.017542667210395137,0.28349706718289835,0.021533512618879397,0.7415176019998007,3.9967130903956676,COMPLETE,IZ-B
31,0.89,1.1925507288653534,0.601109809172031,0.4824199249487754,157.41850025003947,122.92919219702381,0.0006120229527869717,0.504691995335419,0.2723149751920821,0.16160570954344383,0.021211589321349134,0.2464263490239986,0.023406907442940703,0.827676855234328,3.460297307142572,COMPLETE,IZ-B
32,0.89,1.3982268235932431,0.7582640336301287,0.4710877311190429,150.83461910305883,127.09612855361368,0.0005080864836023484,0.527616734100923,0.2407632489293777,0.17184062719545745,0.020774700646162863,0.19880015378087915,0.02216885530973496,0.8617491672126526,3.296208641506865,COMPLETE,IZ-B
33,0.84,1.2154131086297855,0.639613669178233,0.48729864408250145,163.4985062640005,122.12931089878597,0.0007197832664605111,0.5566071789051272,0.2657904701331577,0.14633447819002793,0.025753948168734907,0.22768824648640487,0.027620451676686718,0.8354913324755243,3.7402237311793214,COMPLETE,IZ-B
34,0.89,0.975194721537696,1.049782854051287,0.4534112529756529,154.99559844518006,121.3201333417988,0.0006562201464767588,0.5295819790159427,0.24729530982006115,0.18386889074890486,0.011866180108734008,0.024844409835745457,0.026201699890903908,0.7941922271270658,3.048914322124463,COMPLETE,IZ-B
35,0.9,1.084765316965557,0.7349549238705428,0.42171047412971396,160.15924003203625,117.36775497212858,0.0005739701654886306,0.5208025656363526,0.1777481738007496,0.12647592877816038,0.03243334846611998,0.28248593520773013,0.023888563907891174,0.8805828666817431,2.889310985661637,COMPLETE,IZ-B
36,0.91,0.6744357272525601,0.935137038778612,0.40404346347336256,153.32663279536283,126.55713120561558,0.000723199473875564,0.49424691333712506,0.3023625206070447,0.15674886488000334,0.030192600902081167,0.15893412898519835,0.03781023028839917,0.8126277881947607,3.5566940998935705,COMPLETE,IZ-B
37,0.87,1.3701399608240694,1.177854476629446,0.3692061488875882,148.6502772887475,113.05622096608356,0.0008088887672438964,0.4950800694015239,0.23063638578729448,0.19372636960995707,0.02263438695614233,0.24641296271687055,0.02129255637089961,0.7827050342273111,2.6673761482437217,COMPLETE,IZ-B
38,0.9,0.957722339195105,0.8261761223978816,0.33434239111163966,145.16189180947643,118.91154101887304,0.0011015304503771942,0.5639199911983396,0.20146896317066013,0.11520421583719576,0.019575701116220097,0.17994544669680293,0.02886776026578065,0.844270444629421,3.3578306770366164,COMPLETE,IZ-B
39,0.92,1.1621271773518256,0.9186202754009716,0.49904483445083725,151.056778660204,120.84611132591561,0.0010262472726744179,0.4162744526449032,0.2811539336593966,0.12776143818131558,0.03574197784184917,0.2157205815720784,0.03166018624132723,0.8181786187097803,3.0415055495754566,COMPLETE,IZ-B
40,0.88,0.7676801513244564,1.08020236286864,0.4718309445320669,155.56375004754102,108.37620563867462,0.0011512176075763078,0.5325831145966446,0.29800830138200135,0.09103626332506448,0.028562343554185573,0.14044608985094914,0.03972763037240479,0.7635480877050521,3.8135990539481823,COMPLETE,IZ-B
41,0.91,1.1649535368940445,0.8969521512718093,0.4954385281684038,152.23790773806851,119.50317573629891,0.0010190664884223645,0.4158549080753481,0.28029050920941484,0.12569497785647146,0.03503678095759509,0.2217173127687409,0.032111348725502045,0.8205135206107512,3.0765411419571635,COMPLETE,IZ-B
42,0.92,0.8541532558295257,0.967268493961164,0.48321249383131754,149.1594290749523,121.20545235085595,0.0008656145324934437,0.4001849846138346,0.31606179639858384,0.14181850923130435,0.03871488287330404,0.23279009506800508,0.03445326315983814,0.7996882555947147,3.1584608019892797,COMPLETE,IZ-B
43,0.89,1.064844967533156,0.8353825767410976,0.4985082109847079,147.60900986197646,124.99792902243331,0.00101357262083431,0.41212003042848344,0.2693986648588673,0.13060617548584555,0.04862735444195542,0.2063800382168715,0.03136023579468745,0.8087540472776232,2.812225176012477,COMPLETE,IZ-B
44,0.88,1.1315598953539159,0.5598962027071261,0.4889595902618387,154.97929362135346,117.02012681417177,0.0012404219564497048,0.5452431422893846,0.28584070998846167,0.11073905961535349,0.03604075572242273,0.271100932809219,0.028877549964093058,0.8600934918154262,3.5977943181932526,COMPLETE,IZ-B
45,0.9,1.2535299332562901,1.1214307357398676,0.4603148400139641,143.24278415265613,120.20878325480878,0.0005520654625250177,0.4351724026933519,0.1538304785755012,0.152634485160208,0.04318604363030131,0.2957202267156435,0.03437968327379988,0.8194686792255864,2.978697319000314,COMPLETE,IZ-B
46,0.89,1.3355361283700928,0.9408341420656738,0.4443037128693081,159.32159433757994,128.49301337453736,0.0013017548206233137,0.45592906689180224,0.24840160374331383,0.12044744229185537,0.017130126909969748,0.334588538123302,0.03021140815861077,0.8298522260749719,2.576458503711327,COMPLETE,IZ-B
47,0.91,1.4518415540647707,1.0333138548830396,0.47338513642144486,163.79559653531703,126.16772958666492,0.000660295261530405,0.4717087352325444,0.22326121087469641,0.10850272548743958,0.014816347506741443,0.24019426033682761,0.022834394949011533,0.8030210567835773,3.429749545303982,COMPLETE,IZ-B
48,0.9,1.03708602461499,0.8694629558311859,0.3576122715449842,152.2721541328153,123.44999616243284,0.0009451838245523263,0.40988539224200266,0.2395453055566401,0.1981054755888939,0.038202847067145274,0.04550538814553906,0.02680388993879428,0.8412700151839344,2.3646615197126577,COMPLETE,IZ-B
49,0.91,1.181122685676694,0.7807766532112457,0.3951650202253824,166.2653831903801,99.71941271288554,0.0007530008545973205,0.4261867784930514,0.20811754200885285,0.1750666085187037,0.030628232366457578,0.19052216999013022,0.020715795866214477,0.8779807910856825,3.247969223354506,COMPLETE,IZ-B
0,0.92,0.776,0.984,0.405,150.0,110.0,0.001,0.519,0.217,0.188,0.014,0.084,0.026,0.864,2.587,COMPLETE,IZ-C
1,0.88,0.6959101785457337,1.104175046486782,0.4474825557943998,145.167851695711,106.90752818687221,0.001294734789485348,0.5004412498454768,0.17516299040321365,0.18770033001711867,0.020848610131059712,0.06908303521120804,0.0246977448248678,0.7832419525335765,2.327761879039352,COMPLETE,IZ-C
2,0.88,1.132768850723031,1.4810122541690225,0.3091646289085611,153.2043725015744,104.36183280053643,0.0011929771322067087,0.5323783054266373,0.28402695074693574,0.17525674186945306,0.036459450816362815,0.259146070785406,0.033969510082519215,0.8946824967926666,2.831954637854798,COMPLETE,IZ-C
3,0.9,1.3918792550203625,0.625039648656231,0.3084895882767349,167.0986836347405,116.34387145338955,0.0010457005747569691,0.46351223451767914,0.21286201540489594,0.19316935794960982,0.043903234980736575,0.2723211143022973,0.02472335563882245,0.7297227435863964,3.68274502735286,COMPLETE,IZ-C
4,0.93,1.2289355093001173,1.1297283517904417,0.4186206345010851,157.9101285766623,121.6135578618588,0.0014704084512849889,0.4355703155618031,0.2655319091769316,0.1123052611085302,0.03698565473528601,0.39532858087077216,0.023194600646419383,0.8924800599706686,2.3069424228933806,COMPLETE,IZ-C
5,0.87,1.473601730524357,1.361524583344115,0.3184335627151662,138.44099754226949,125.93920826716715,0.001092643512768088,0.4836559746814769,0.22092100096355471,0.06379212656212882,0.03454567751449973,0.3888529551132263,0.02463314171547922,0.7993026712057736,2.9475514243480374,COMPLETE,IZ-C
6,0.89,0.9507336029748631,1.2260259087533196,0.4728215672351691,134.10340945129366,123.96001752865995,0.0008122143941493871,0.4910857127640769,0.22956504145326978,0.1277450935475502,0.03041549132322449,0.386397389781551,0.025172857264355968,0.7142266916076709,2.8436221103785972,COMPLETE,IZ-C
7,0.93,0.56221260720017,1.0298175307100754,0.3372220270056372,134.96009023281647,93.0627858139834,0.000795336269742656,0.4740937975550531,0.3160466956019504,0.10308484544644844,0.01509983546355206,0.3836040478215568,0.031218471509276993,0.7536688019028501,2.96263312258284,COMPLETE,IZ-C
8,0.88,1.4098180521969175,0.8066319635753385,0.4598996121050496,131.90569508984032,121.51684393925272,0.0008002946447472428,0.571881018152226,0.34679813775169555,0.08670383370294607,0.023856946430816373,0.312098740016784,0.035844417775320304,0.8901494306466732,2.8925134324486996,COMPLETE,IZ-C
9,0.94,1.1743191688359471,0.5961772962772441,0.47269672258345063,145.6943362973774,92.91247261830821,0.0012245966833522998,0.4242256316867682,0.2022195816312153,0.1706394469808596,0.03198651882661813,0.35359862101931927,0.02988477678800263,0.7243771086908252,3.7467854769078794,COMPLETE,IZ-C
10,0.9,1.0098710006077407,0.5119808084322197,0.4973548277612422,142.07251793629146,91.67104208627786,0.0005154246721362868,0.40060136408233826,0.16438677385374717,0.1501362383765976,0.04501251607859592,0.1293108845913064,0.03831721313064218,0.8366927813212857,3.9405084196912825,COMPLETE,IZ-C
11,0.91,1.2104835935366038,0.8288565402116587,0.41788410792961245,159.66047461285302,100.68271720135445,0.0014592770207292472,0.4191122434747152,0.2674107557497783,0.14356143337033478,0.03912644523693735,0.17504037604701916,0.02048675505193626,0.8325854794424585,2.015407311382531,COMPLETE,IZ-C
12,0.92,1.2391001554720757,0.8205834138171669,0.37519449376832364,157.55654850837323,114.502186606758,0.0014983544270153798,0.4386708825564201,0.2558299770128291,0.10476414686202366,0.0273120608979701,0.31728699782232117,0.02954472110116304,0.7564947930315964,3.3838683357252846,COMPLETE,IZ-C
13,0.92,1.0477213557168412,1.1896284542951805,0.4366214592768103,166.73092381376028,129.7343498473403,0.0013475194588318143,0.443517924995552,0.1838724135863844,0.15989628005064774,0.03192104079046384,0.3335468680157531,0.02064067718534306,0.8381153661283736,3.371437812788937,COMPLETE,IZ-C
14,0.92,1.2876435515380047,0.683495855674622,0.36375292265600795,159.70244693730305,97.95090818705054,0.0012911091892591445,0.43418070136120746,0.3028368213647764,0.12529434294475833,0.04928698350998661,0.2579171242353041,0.028623871405399435,0.7044279257938029,3.3428122933213125,COMPLETE,IZ-C
15,0.92,0.8874598965986731,0.9203099446553663,0.4870189088373264,146.88323201624135,117.55097025879243,0.0013813979532014706,0.4014572179096209,0.2004597527429547,0.066885520633145,0.03983517630507493,0.21162006838326428,0.03260432003189859,0.7753135535470552,2.3974460368425943,COMPLETE,IZ-C
16,0.9,1.1294099292874356,1.2812208761059019,0.42496136287655484,155.8317272781907,111.25125982957826,0.00121426314698138,0.5671781986095528,0.2414433262872004,0.10226949810078147,0.02488991882509427,0.34529862216830676,0.022701659089558103,0.8125083427512556,3.9514455236133057,COMPLETE,IZ-C
17,0.91,1.321067523735115,0.5067752127040365,0.38455974973445584,151.13493585119218,96.38923221769154,0.0011933856481551267,0.45557903063094596,0.27533493397996545,0.1634129508288126,0.033565824349501144,0.21453753477902257,0.027834078641970624,0.8657593725465784,2.14424971254191,COMPLETE,IZ-C
18,0.9,1.1033075670470849,1.1021788170979023,0.47064934360082056,162.7134703580895,119.92668621174238,0.0009404583813655652,0.42199264647934065,0.15232645176763598,0.13518037766314897,0.020875692662409993,0.3556735216878849,0.03852548567129964,0.7436564170127261,3.6233972341159237,COMPLETE,IZ-C
19,0.9,0.8738653464258971,0.672672372867745,0.399069420466929,142.72388142960926,103.03972595629867,0.0014117800160685973,0.5311010720350288,0.24162362672436952,0.08454259913044591,0.0414692943732229,0.021515681574032858,0.02702693060973654,0.8671264784881443,3.177199614397204,COMPLETE,IZ-C
20,0.91,1.195973450448946,1.358858322483339,0.44792716664683424,153.54479647963387,113.991296699661,0.0011305267948205793,0.4524740677381267,0.19513561455048545,0.11567880756898462,0.028393140565270366,0.28538616285570184,0.022612720072017294,0.818148126709814,2.5054718098660063,COMPLETE,IZ-C
21,0.9,0.5144318153689654,1.1008529861652605,0.3455688890628713,136.30974536285262,90.75644771171169,0.0006466849528865324,0.46491667382769847,0.31792271206076256,0.1077471344930165,0.011843009755818474,0.3963469380583758,0.03128972326447574,0.7620758691220664,2.6076544140881674,COMPLETE,IZ-C
22,0.93,0.5261895314382943,0.9981336112957637,0.3437929161144107,139.63143752225224,97.12787630623694,0.0008869087487521808,0.4721485287493224,0.3352984470836732,0.08625107977315737,0.01785071888804494,0.3623289525442268,0.031772590554601035,0.727676541713059,3.151779488726561,COMPLETE,IZ-C
23,0.91,0.7312819955920438,0.912929425216734,0.34522555629521795,130.02911830674958,93.08791404681934,0.0006797127686504842,0.4228115277608077,0.29362096771436325,0.09414249318005166,0.016488899972052502,0.36477190242831714,0.034184951875282844,0.7313225730497428,3.654398361510639,COMPLETE,IZ-C
24,0.9,0.6278544368432251,1.068027437140964,0.3981123397391314,148.26070211332228,94.50362418211654,0.0006509254114742667,0.4771366813334595,0.3134180362020409,0.051191014533770986,0.036347324652671334,0.30276574833153674,0.029923204889829188,0.7492393990464921,2.7326898393895167,COMPLETE,IZ-C
25,0.87,0.9383285200842941,1.1688827962669652,0.3635478489044608,163.7606019788662,100.61618675125713,0.0007940438472014456,0.4161755648516905,0.2572983690345379,0.12018320805034088,0.02501426432999649,0.39783080202979365,0.03625248545886111,0.7782831936503845,3.180025598442924,COMPLETE,IZ-C
26,0.89,1.329917249703166,0.9105650527540002,0.42278752671960407,144.15505832599328,90.24502658449349,0.0012814985546308047,0.5970943680477274,0.31961699440193236,0.13779874475070372,0.01085535638538636,0.3317737650516893,0.031144295132553897,0.7027135711734832,2.2634493479001776,COMPLETE,IZ-C
27,0.89,0.8173813498005047,0.7494538530721706,0.435782763231532,136.42024799516494,105.63804701104097,0.0009351396297031702,0.5079875686754761,0.290873557805833,0.17208323715365373,0.03104291666703434,0.23198845368201515,0.02271060234280661,0.7978165986298785,2.702419697893254,COMPLETE,IZ-C
28,0.88,1.0794162004389358,1.032691356164779,0.3320603480149897,141.14372687800855,108.62980986253596,0.0007272356302963788,0.440562722835641,0.2680861243605245,0.11246902583042216,0.048576580951823704,0.3750467134676313,0.033333247204090324,0.7195481250624385,3.060277697932744,COMPLETE,IZ-C
29,0.9,1.2080934837128807,0.9567954795951159,0.4130255027647162,149.74487609811905,100.26702918346408,0.0009952079640934341,0.4523721735635096,0.20910991152389888,0.09574519693972797,0.015592872484215758,0.16446776149400888,0.02700476757701742,0.7400593093017872,3.4897681308848756,COMPLETE,IZ-C
30,0.94,0.9954661411797937,1.2643532091347494,0.3811486123579664,152.03843909416213,94.42178050102899,0.0005598736397824793,0.432575402104442,0.23391217746006784,0.15059749277739826,0.03768485841511542,0.3468348313846709,0.03595830111024127,0.7734449366364864,3.8096945891872465,COMPLETE,IZ-C
31,0.91,0.5812813725890976,1.2735653935225144,0.38631571377759427,154.4700416382614,94.22558764296191,0.0005100552085306862,0.43028258711889317,0.23296996667784758,0.15687126830419923,0.037821892953584194,0.33964975906400086,0.03968195496890816,0.7653333165605338,3.7485049934641497,COMPLETE,IZ-C
32,0.9,0.8001651212267531,1.1644999696717737,0.36413105545168417,146.86004422105395,95.5575810769334,0.0006042603624462254,0.4096457272306567,0.186445732918155,0.17971482974115513,0.042107432432118556,0.3682974701521721,0.035435818753790295,0.7883937856325076,3.7942569989281756,COMPLETE,IZ-C
33,0.94,0.6709484514087323,1.4742159181762893,0.3311905818266127,150.7476019380165,98.31444696674694,0.0005746735642060969,0.5069348253204741,0.22718889448612964,0.18441005748357928,0.034276007369428776,0.2941944102346126,0.03706095644963007,0.7647841281427274,3.860065545238127,COMPLETE,IZ-C
34,0.89,0.6499651525017527,1.478504577125126,0.4051175610890275,151.33975706808621,97.965928194265,0.0006064979933449976,0.5094016781276898,0.2221482819321725,0.19795561221585414,0.03440505858033416,0.29193489929505223,0.03764160180850743,0.8823776568239526,3.8705373236151064,COMPLETE,IZ-C
35,0.91,1.1804129807531185,1.4104074781328944,0.32270900964946675,156.7630095378063,102.73768664900989,0.0005826479668004719,0.5349600917892346,0.2440321592223462,0.18355001135495563,0.036142906522237284,0.24701338075007293,0.03706064673038819,0.7695845049963065,3.530192891708504,COMPLETE,IZ-C
36,0.94,0.9788906508795175,1.314568066067301,0.4573958073940558,149.74938618456986,111.15323738495128,0.0010630005185548223,0.4960942095069641,0.20869208148393956,0.169242622665965,0.04493041140970207,0.32035228855676323,0.034364664012372245,0.7884412582179782,3.8123715350773337,COMPLETE,IZ-C
37,0.92,1.0103795559107034,1.4223014759122945,0.3018483614417028,144.90492166408873,108.77829965609565,0.0011137585898061265,0.4952945360265194,0.207036990269035,0.1688079492717777,0.046437986572243434,0.27086549162069407,0.03524713061790006,0.7883844611053229,3.9925639639680295,COMPLETE,IZ-C
38,0.87,0.738375766727593,1.3106226530275897,0.47618783786046415,149.22276138531322,105.62933271064641,0.0010357775946870573,0.5462826784714585,0.22003272889224218,0.19390473393147353,0.04211701486571455,0.31846479012238604,0.034158793167262974,0.8106816155204636,3.8328406939858386,COMPLETE,IZ-C
39,0.89,0.9530700498606663,1.4892489272575822,0.45228766126177183,152.69573939171428,111.70377479658484,0.001154230468771071,0.5156492042151385,0.17207015945161808,0.1888395548822074,0.033041558189188684,0.2883493502181955,0.03983677858466668,0.785235219905665,3.7216504974228073,COMPLETE,IZ-C
40,0.89,1.0569304055608453,1.3586640976158801,0.4635094748221724,146.34596451833923,99.0804670397132,0.000723733431605987,0.5223939092364189,0.22989692776888326,0.1517099418795417,0.044339342811426506,0.31753416231747167,0.03683103652779839,0.7387041133334563,3.626247335274013,COMPLETE,IZ-C
41,0.91,1.1438280225806747,1.2308999144151094,0.4333113329968379,151.27191109290416,126.1489194700617,0.001260480588728872,0.49389484469469097,0.1962957167125846,0.17820271627276987,0.028983676676471816,0.348671509442393,0.034770604704937966,0.799783142980336,3.866288253809593,COMPLETE,IZ-C
42,0.89,1.2697742353317136,1.4187414021719762,0.48399256631039844,158.62915412266204,122.46390924497636,0.0010765476003040562,0.48327670642176623,0.2178560585052292,0.16635642561346914,0.0385882656103423,0.37921439838479226,0.032910274629086717,0.8269062695450676,3.53503693708206,COMPLETE,IZ-C
43,0.87,1.4068058786178952,0.5717556584550592,0.4606701671259477,155.0952901947944,92.65569139499149,0.0008613061937161968,0.5532625952049296,0.257414987912071,0.14765414429101487,0.03594353085638581,0.3223154788775861,0.03883239374710084,0.8490569485241938,3.999716768327492,COMPLETE,IZ-C
44,0.92,1.4567357884166614,1.2857889609865116,0.44119615852748906,147.9908378623449,118.4454241987522,0.0005536350223195214,0.42657305911038645,0.1883006749529696,0.17284442810978498,0.04051890110512184,0.30020266724703726,0.02517098068616033,0.7618152968334075,3.765950080563873,COMPLETE,IZ-C
45,0.91,0.8622666100312082,1.236811685286641,0.49384617510225504,152.5235722530041,114.27338461284309,0.0009962488838151477,0.4122304250396674,0.23360578684227284,0.1570909273440368,0.04660947722841166,0.3476996570373138,0.03617231988772748,0.8977817779297868,3.4192655059514587,COMPLETE,IZ-C
46,0.91,0.9325998700587774,1.3406585759730076,0.4546158503838961,143.67921770903428,102.42854175390754,0.0012422208030512757,0.44639791012081476,0.25003149966981275,0.18775309066184,0.03182444019880892,0.37908083999550624,0.037354836764601676,0.774435404066003,3.8935764853127517,COMPLETE,IZ-C
