number,value,params_c1,params_c2,params_c3,params_inputWeights_max,params_inputWeights_min,params_interSpeciesRate,params_keep,params_noCrossoverOff,params_probabilityAddLink_Large,params_probabilityAddLink_small,params_probabilityAddNodeLarge,params_probabilityAddNodeSmall,params_probabilityWeightMutated,params_threshold,state,study_name
21,0.93,1.4636830189269079,1.4838132406798266,0.43728729374957376,134.14744273240962,92.07740431241635,0.0007976737923695116,0.5117396229666371,0.27149996359411777,0.17494069422850136,0.039441629448930614,0.3451445529738748,0.02275719747746644,0.8426385513865461,3.979751789788704,COMPLETE,IZ-E
22,0.86,1.1715096993999548,1.3284602002933554,0.468864918150093,139.28263179753787,94.76392175676195,0.000788865928030441,0.556000517270679,0.28081055092983526,0.19923631662159855,0.040522414542523325,0.3674027263453759,0.02247668486762528,0.8350569584946894,3.8092649466611355,COMPLETE,IZ-E
23,0.9,1.3442214966483226,1.127548256722667,0.4351215403632094,130.0651663153645,103.17814770651982,0.0009495407085687229,0.5212407599688234,0.23476958559032374,0.1865228655006312,0.031242148976028936,0.31293356934449695,0.023510033849946536,0.8816426905196272,3.6971546772766395,COMPLETE,IZ-E
24,0.9,1.3604266473560866,1.311755097409772,0.3920473099978019,146.35476244706211,100.042617304862,0.0006996796485765552,0.5022934720673361,0.3309940703107905,0.16269723217176507,0.024997458056041928,0.3716222139940394,0.02524573150088611,0.8061006540153408,3.2018958469459387,COMPLETE,IZ-E
25,0.89,1.4964755023326344,0.9339681614914721,0.3611172321095073,135.3663801004008,95.02629496490236,0.0005720194576414176,0.4738930649077872,0.19063970183171355,0.13920860405871716,0.03746876633099193,0.2998127768181408,0.021305202505827608,0.7666313511567706,3.633369197235603,COMPLETE,IZ-E
26,0.92,0.7061566031114294,0.7630341480077685,0.32682547436479076,133.15730230262838,118.17388509179712,0.0007884219162100228,0.5382334256407251,0.287602540226516,0.18600754819477794,0.041303292875865094,0.39744297146853913,0.028110498859897436,0.8812504914391712,3.23804624878349,COMPLETE,IZ-E
27,0.9,0.8163632682598585,0.589489136957503,0.3948340241313059,153.9794958030475,106.2212219494108,0.0011921213656741403,0.44072053965569113,0.23097257370707563,0.17072501914200267,0.0456793596882931,0.3487184441406007,0.03267385603607521,0.7408408313735518,2.5830780794368833,COMPLETE,IZ-E
28,0.87,0.9720187764838576,0.9082931440492444,0.4753046587784212,139.79457542760548,123.7276642896389,0.0009140831939175409,0.5888554986728555,0.2569710434091443,0.18935843587679324,0.03427221189929242,0.2871593039359932,0.024069376501368714,0.8416075733017712,3.781364118657692,COMPLETE,IZ-E
29,0.92,1.097419248080343,1.0677348095857708,0.45319729180972024,144.0278215188355,111.91999902556269,0.0010869060071869584,0.4178447701017664,0.30319453467521773,0.18731058985030108,0.049703172207312823,0.13993060992110304,0.021866659383140797,0.7983529212920089,2.748230825976945,COMPLETE,IZ-E
30,0.9,1.2276127135937658,1.294936844583414,0.4329726909641375,148.87329715003042,110.43207675494817,0.0009985356128639619,0.5215189413009866,0.28183762763333264,0.1591891132248305,0.030972073249578992,0.32770444415349287,0.02666070662806795,0.8662389222509653,2.2423493052184886,COMPLETE,IZ-E
31,0.89,1.4963249120135136,1.481453729148569,0.44100057747437377,133.76059448189815,90.94898112843217,0.0007975614736623061,0.5061644855610451,0.2617065646256734,0.176071925297553,0.03901702118539759,0.3541213185109307,0.02016031355196343,0.8394353030420595,3.9530793398017874,COMPLETE,IZ-E
32,0.9,1.4239126339302306,1.3867174922566576,0.42709199681602555,137.6542234849656,94.68166544594378,0.0007366347379844665,0.5335898737048744,0.27396289401034163,0.17299245876157338,0.0429307857427076,0.3744587870291956,0.024765161324129287,0.8482759233639853,3.9378775346269466,COMPLETE,IZ-E
33,0.91,1.403706993793033,1.4999605865208312,0.40887809925907215,134.87622972223187,129.9935779223554,0.0008300983953254378,0.5142039375935066,0.2306866193650914,0.19311844088516267,0.039646580716380164,0.33006215872318256,0.02632089673483781,0.8264480789395316,3.578494978489708,COMPLETE,IZ-E
34,0.87,1.3020475958685938,1.40872698579207,0.3931718942990976,132.5791871982362,92.76100817948107,0.000992448663346621,0.49444175192241263,0.3156816298944446,0.1475840773391521,0.0369299100161697,0.23486849704432342,0.022468819169466504,0.8793487191119744,3.754479066634036,COMPLETE,IZ-E
35,0.9,1.4729322474542301,1.2734014891603662,0.421390320888957,139.80792270382116,90.75895848716539,0.0006292486581254105,0.5491865100915869,0.24852139368366466,0.18014922812463305,0.04714547815132864,0.03877758991636204,0.021370074193226802,0.8497053691446771,3.519453756212805,COMPLETE,IZ-E
36,0.87,0.7683395122922267,1.3693411899037211,0.3558610397268387,136.68284325662194,97.5489581015331,0.0007301838770459295,0.47949004107814447,0.2722422950802308,0.12530392019816355,0.04189968360264047,0.3475299063190899,0.02925186129390637,0.7642004853152484,3.328352973016671,COMPLETE,IZ-E
37,0.93,1.378886744885309,1.4523369499477226,0.4485316570521463,153.2093298823977,105.05003815004444,0.0006353130836664688,0.400426127053705,0.20290532245782233,0.16974717665401579,0.026449680795373895,0.38402910779755967,0.02443660350721702,0.8106718721398362,3.9992399717127887,COMPLETE,IZ-E
38,0.89,1.2884882186041844,1.0579250163992897,0.38308594781952815,146.8000918320001,92.75682199060087,0.0009493323955981608,0.5749867744268375,0.15014149621102696,0.18250413265972795,0.03760862300000247,0.27604509668232097,0.02253925737717777,0.8293514171271428,3.818336172563273,COMPLETE,IZ-E
39,0.92,1.458572625991343,0.6725109908963204,0.3394347091440429,160.87733499512245,126.57789699876275,0.0011461270558671749,0.4318985223172107,0.22497982275955453,0.1586759534326196,0.04686306569869328,0.10700773375812862,0.03154592809618291,0.8715820324465874,3.3498928333300393,COMPLETE,IZ-E
40,0.87,0.842679772778232,1.2376793861761195,0.40406355457389354,130.3543373122829,100.717229387511,0.0008277757730532848,0.4656996249109903,0.33532181998515675,0.08991326194695978,0.04443208126383034,0.3249051893814444,0.02559186113704061,0.7845659751293641,2.6769365342401112,COMPLETE,IZ-E
41,0.9,1.3698674212869661,1.4542443211680285,0.45515930745727357,152.5323274981332,106.10633464181139,0.0006422294641657355,0.415284352381444,0.19995187756378635,0.17035537461734562,0.026225652516613653,0.3833753893693116,0.024599535334797248,0.8206854452137533,3.9674674471289286,COMPLETE,IZ-E
42,0.9,1.402407168923185,1.4304652337843835,0.4696281670766039,155.97092799505677,96.79989112500185,0.0005278697465343355,0.4045181199578855,0.20599625080787515,0.19254362198822123,0.021672167016668343,0.3559736962512824,0.023437210651470065,0.8079300013822576,3.852209914060956,COMPLETE,IZ-E
43,0.87,1.442407313253385,1.3696326606671638,0.30011596132933094,158.98454438502696,104.04151039698284,0.0005746813493440832,0.40008736134253287,0.1801674268355617,0.173331193080547,0.02245076609546036,0.3805540302405585,0.02113891377417513,0.7734440512188632,3.999813874027862,COMPLETE,IZ-E
44,0.94,1.4031988474936772,1.4592153121222968,0.4444614758010494,151.8197364274521,116.65800805116343,0.0007421420700090702,0.4155725820444177,0.22058562121209158,0.15173666149824114,0.028255899149537335,0.39832325111165656,0.02064162339587038,0.8113268009818781,3.868314040857926,COMPLETE,IZ-E
45,0.92,1.3143586139798966,0.5834617534419799,0.41729423220553497,151.12452298696778,117.2629897788545,0.0007446762422557914,0.45007988407328353,0.21768603337936634,0.14884878220084585,0.029215464795295795,0.1853048274664939,0.020414059840774667,0.7906815144318831,3.7109909870332287,COMPLETE,IZ-E
46,0.92,1.260136909501773,1.2196345272948101,0.43916416668927144,147.72828294613765,120.0421694135697,0.0008494678424806662,0.4370500815867748,0.24141340996198993,0.1998238192038688,0.0314024126004613,0.34495390612799715,0.021946454673796564,0.8599653541853711,3.525142432615898,COMPLETE,IZ-E
47,0.89,0.925867964354694,0.9817017831909661,0.4821628789195802,138.3905495897739,115.2690672738778,0.0006802406144075297,0.4126466545887971,0.29644951044721357,0.16405103469016094,0.03483559161553199,0.313195823022913,0.02003960832992258,0.8523353370688174,2.129851202440201,COMPLETE,IZ-E
48,0.89,1.161805801743037,1.3432568257492081,0.42845518896079454,141.59000067075846,127.2392560575316,0.0009379963846213071,0.5128838882480836,0.21146394428668813,0.13587703038892332,0.038978069901815585,0.39974571114259394,0.03735564626938425,0.7510862711731187,2.9674929925656457,COMPLETE,IZ-E
49,0.87,1.4470201762374586,0.8071145135228248,0.4608206404224646,134.24923381969822,123.16744825494195,0.0014888183409343466,0.5280274716148465,0.25435383357637026,0.14564181958458902,0.01012425121851683,0.35759047321447834,0.027121575118749568,0.7203331330544096,2.4193663575142623,COMPLETE,IZ-E
0,0.9,0.776,0.984,0.405,150.0,110.0,0.001,0.519,0.217,0.188,0.014,0.084,0.026,0.864,2.587,COMPLETE,IZ-F
1,0.9,0.6108424842943054,1.0063293169632432,0.30122988588814864,135.95335106042424,122.2058210647811,0.001393089135648562,0.49515233679769166,0.34774128053180897,0.18468198697354882,0.032772448949564284,0.15682666129642459,0.0200671777330236,0.7509015356379348,2.7025917164299305,COMPLETE,IZ-F
2,0.9,0.8063784176805944,0.662672543356582,0.3884929249810015,149.26006741499722,114.92781339428032,0.0006920169040696472,0.5964200028931219,0.3281399578910168,0.13208021057704977,0.04325127903723298,0.07397080165590258,0.033515705535667156,0.8446028658738196,3.24677465395534,COMPLETE,IZ-F
3,0.88,1.2122759898678526,1.2371841047163752,0.3473091217202745,164.49003661999132,123.21693173343736,0.0006856151202956723,0.4650900118824717,0.18022093018800855,0.09552309080487588,0.04543290506470019,0.0483340521196563,0.038296420898962055,0.7316932369809942,2.084190808255345,COMPLETE,IZ-F
4,0.9,1.2903736135560822,0.8112524879677306,0.39259810985133137,155.21161384341102,119.01488112811289,0.0014813570064724762,0.5418082947856443,0.1900500884235471,0.1540335090540012,0.022711719471208543,0.19811434896263114,0.03216250000919326,0.7697245907472492,3.0436702592115186,COMPLETE,IZ-F
5,0.89,0.6682526163692835,1.378518670409668,0.4981299051783874,165.05478715983543,101.43314336509697,0.0006109379869942342,0.5519859182687538,0.2696457092783612,0.1641294389351205,0.02420857704871441,0.18539364038309084,0.031203718363761894,0.7926388611515168,2.7162116349934458,COMPLETE,IZ-F
6,0.91,1.4087038592504892,1.1353245147126039,0.39106841665388437,134.68554707609184,125.32877860126953,0.0014599855665903365,0.5167283185806386,0.18493998614331583,0.10096858859896624,0.035611120569848026,0.17273837006364703,0.02360638036141982,0.8079549652990647,2.1231337192718107,COMPLETE,IZ-F
7,0.91,1.4973706208781103,1.0192281794701934,0.43767416216287236,168.24481144073658,124.67295776323628,0.0007803626478841894,0.41981686528834966,0.2139185690688169,0.1329285057198647,0.015036462900803432,0.22254607401365725,0.03942439685593166,0.8308288201502817,2.6634571480425753,COMPLETE,IZ-F
8,0.92,1.0929262299886844,0.9842044897628123,0.3105867405028104,148.48891481590772,126.94615174972122,0.0014011269799259793,0.5380752758343268,0.2970853240952316,0.14262266979413557,0.024007014612993524,0.22349988956147762,0.02282998157845998,0.8776361603181455,2.1972888027688704,COMPLETE,IZ-F
9,0.91,0.780437844889834,0.8235925940430129,0.48822150625308547,161.9163791732881,105.72524841390918,0.000605222795995743,0.43518495108176003,0.2715279415135551,0.16330833208814155,0.04169156100698294,0.08376411777596572,0.031160689638631334,0.8358700867779473,2.0874508835382963,COMPLETE,IZ-F
10,0.86,1.0506555760365797,0.5375814599103271,0.3003960421547583,143.0196147143655,90.98839769491661,0.0011872428657875554,0.5688940266914664,0.3028146118813443,0.0676044492154747,0.024217585529297477,0.3365397549467665,0.026249624417821135,0.8995572334437406,3.9879514901571653,COMPLETE,IZ-F
11,0.86,1.3151888107456222,1.2697658026683265,0.34582394810003503,131.3331144534998,127.85985205247431,0.0012710272379783767,0.49719439009399624,0.16155048219391002,0.0989763980533437,0.03475212155543068,0.2905159593214263,0.02096949725402507,0.7010531979204899,2.002249186059958,COMPLETE,IZ-F
12,0.87,1.0642175258882594,1.1331422266687843,0.34593993423899305,141.0621045239383,128.75414886993474,0.0011041283611286142,0.5231930891750463,0.23908076683685003,0.10675129589944654,0.03694165962545251,0.26662433233904237,0.02475351019686173,0.898376721801894,2.307795766302982,COMPLETE,IZ-F
13,0.89,1.4216517757330853,1.4137850625161477,0.4381439965592014,131.213219838576,119.11824790264453,0.0013372023090899555,0.4634314365470351,0.3022504562963127,0.057496788162181234,0.02878585466582616,0.3989164637398229,0.02373920443895335,0.7986856577583805,2.376995222107048,COMPLETE,IZ-F
14,0.9,1.1933619354808633,0.8752615282158328,0.3694472564404313,142.50650550260988,115.73436639456,0.0014840894641499022,0.5806127562626895,0.1539221037975711,0.11567203401540062,0.049397059564307025,0.14027998332914282,0.027625279907733412,0.856546512516713,3.4203139317786024,COMPLETE,IZ-F
15,0.86,0.938501770524023,1.1567050780264938,0.4346017031949364,156.12700059312343,129.93611908258356,0.0009424861011129706,0.5287954808980623,0.2550911919239652,0.07486345542141315,0.018470411446077632,0.26000498499424046,0.022451207063798304,0.8186696598890896,2.387079841784363,COMPLETE,IZ-F
16,0.91,0.924515829360451,1.0973140164911142,0.32982470607680936,137.71573169512135,97.28984072431344,0.0012273750269275723,0.47577247625279573,0.29580484883855024,0.14232118272411245,0.02987801231699176,0.1332994214076692,0.022778930946959434,0.8683200043283199,3.594559426501996,COMPLETE,IZ-F
17,0.93,0.5158570651812681,1.2826765146812331,0.4156494374326633,148.87756900352142,112.4186668001946,0.0013601676218977707,0.5604069261050431,0.22502763234378234,0.08683548198601523,0.03849397774330931,0.3238311131883209,0.028436150907594278,0.7765943632705999,2.963444981173208,COMPLETE,IZ-F
18,0.87,0.5171796367722858,1.4982891632152837,0.4736486895850803,146.47786763826056,110.61821177255703,0.0010709244614186648,0.5571200435480299,0.23274237628633918,0.08115091393202023,0.04003262526775203,0.3500059482855763,0.02856550719437948,0.7806940536087779,2.962719240866076,COMPLETE,IZ-F
19,0.91,1.1308104198090332,1.2820253355216793,0.4236794088575085,155.98429708764812,109.88194572808052,0.0008725716760899867,0.595906190475793,0.2811159943506899,0.05205174726769883,0.019672847984247226,0.32116897183274495,0.029075013409719512,0.7581690728787455,3.6732821827218474,COMPLETE,IZ-F
20,0.89,0.9221420251817537,0.9186220427010935,0.4147201268394452,151.65111510144132,103.83962337718191,0.0013469257971168995,0.5659240780874935,0.32524961750744685,0.11633669417541481,0.027912593187962742,0.39769481251565353,0.0345317672030406,0.7185875769048093,2.9078527478163165,COMPLETE,IZ-F
21,0.85,1.3630334545591793,1.1857860285353226,0.37390667808336403,146.4409780889657,125.58459809205235,0.001397215625017282,0.5155155492814008,0.1973112035713064,0.09282168693746423,0.03606809495805046,0.2377631406535018,0.025898254232668207,0.8135739280420693,2.236548489438704,COMPLETE,IZ-F
22,0.9,1.227745682107402,1.0707208863097992,0.46110456899035845,137.0422882760794,118.9756025853194,0.0014928725904842983,0.5397940895732207,0.21107293482914244,0.0840807080465784,0.03827151166790397,0.17658854441903038,0.02186085006621619,0.8815220906399102,2.4588447070209862,COMPLETE,IZ-F
23,0.9,1.4916087790942194,1.3343273521610157,0.32613785773977483,159.58911511882238,114.49402134442428,0.001289220807534397,0.5408943715847147,0.17443418944756495,0.12107898988388141,0.03416105389416902,0.2942773468175096,0.02427860662830244,0.7486490261019241,2.2408403581882013,COMPLETE,IZ-F
24,0.87,1.1362432969651546,1.2076061120417654,0.4527307973978678,146.59924387189295,120.43683999606107,0.0011661648704919723,0.5091599270594982,0.25052253627910426,0.10739599405149873,0.03191404238396874,0.11709269621638531,0.02723505283045112,0.7818545890047631,3.1638828367540843,COMPLETE,IZ-F
25,0.86,0.5015786947212322,0.9161542445719021,0.3709798361034964,152.28533492339756,126.38670613889599,0.001401704001143808,0.4829755872450719,0.23114182583214676,0.14573577290145062,0.026664827807740918,0.23148937031443925,0.024281242125583753,0.8126168176203173,2.5150102893602204,COMPLETE,IZ-F
26,0.9,0.8526457275202102,1.4710906132762602,0.4016746334325465,134.42464160438504,94.33007598159048,0.0014226920325401595,0.5303525121679918,0.20825136404536793,0.0660289837299413,0.01124020297541176,0.3584744338489344,0.0357140611562418,0.8798655670150008,2.161843478633908,COMPLETE,IZ-F
27,0.87,0.6569352294335196,1.3350702662514147,0.32191018584372333,139.52585938731534,113.2087492385339,0.0013249310984436498,0.576283046445333,0.1705501254430466,0.12865253663659046,0.046283741539087916,0.25890112642230806,0.029493009980649264,0.7362971958651592,2.8228247495239103,COMPLETE,IZ-F
28,0.85,0.9918145421528058,1.082855505463982,0.3836503358009893,144.8916153994292,122.22271753234388,0.0011232465428175364,0.5517937396182715,0.19850104417283987,0.08694458187925368,0.0392836436976928,0.024516552362985528,0.02131966562538305,0.767727377023689,2.000114680635338,COMPLETE,IZ-F
29,0.89,0.7260874662604726,0.7741464261998015,0.41011972182559975,149.36428215900804,109.07364392477545,0.0012483709877022177,0.5090178750478238,0.22312669377917815,0.18401993577694473,0.03163682565187517,0.10986379775932813,0.026112795576418185,0.8511211392439477,2.5818545043811985,COMPLETE,IZ-F
30,0.91,1.3750216141507576,0.9807043656123094,0.36101099974455303,133.5850391699317,106.63527361494074,0.001011192400492164,0.5850841941541313,0.264233047652514,0.19547053812386264,0.026167821064656344,0.16472339005840386,0.02007059138153104,0.827498734321796,3.896111908213801,COMPLETE,IZ-F
31,0.87,1.479120940724848,1.0403435570863706,0.43914218553051665,169.6126261662867,124.99092778147345,0.0008432742762079156,0.4106005244752265,0.21634356870070065,0.13304305290719343,0.04221072930011556,0.21628201166667066,0.03537313907986724,0.803715256149079,2.7025497365528723,COMPLETE,IZ-F
32,0.92,1.4318479515761608,1.0032089388721137,0.42370229296035017,168.7932941403712,124.4571956074998,0.0007466838501096136,0.4018366892383395,0.24398041165888013,0.1409480878419765,0.015545238253137209,0.21090922786099947,0.03933411501681592,0.8294718208381944,3.1194859867311227,COMPLETE,IZ-F
33,0.91,1.2750801785862642,0.9484032878106571,0.42433334245191406,158.75558689351084,121.86260956826207,0.0009699754602074671,0.4506108461538871,0.34926761321291333,0.143477293881155,0.015880142067676697,0.20171012951494283,0.03790778132129878,0.7829200394583397,3.258934064810675,COMPLETE,IZ-F
34,0.85,1.4183110264802579,0.6818678961508389,0.4546358464200736,153.5771889058428,116.98248502654064,0.0007764142593488622,0.40078857526394124,0.24266347779669045,0.1660067242506657,0.011603832729296548,0.15571783101359318,0.023072855531448826,0.840851891262597,3.4292508567845523,COMPLETE,IZ-F
35,0.9,0.5745825487467588,1.1364183817611209,0.3967080924351785,149.14078281681304,127.44379468294882,0.0014428307258764594,0.4887759132283751,0.32008788360484947,0.1769909239509939,0.01950737216092696,0.2848545261298392,0.03207330561020863,0.861028735851763,3.078773798495096,COMPLETE,IZ-F
36,0.89,0.8521723876777912,0.9937897009741586,0.316397606197243,163.29656065963587,123.49993986681464,0.0006675814093778617,0.503928633925533,0.2887716275830144,0.10448451325245996,0.022294860535414653,0.19512571299500575,0.025413835696541136,0.876099695929724,2.851882290696989,COMPLETE,IZ-F
37,0.91,1.338926976968436,1.2214832992280666,0.416853133832268,159.94791385383917,112.53743295876049,0.0005472537229312534,0.5523149394583133,0.19268978636909564,0.1535894124159176,0.013509643007338208,0.31515362792613033,0.037236052468589256,0.8218357861290057,3.2748219360190465,COMPLETE,IZ-F
38,0.9,1.259361399938264,0.8657306005840595,0.3825073466539835,166.4817081841176,123.74081440636581,0.0005042349536644934,0.4330384980256522,0.25679973154625596,0.12314632139193823,0.017361384341131148,0.244949365296497,0.027844855755885745,0.805516895516925,3.4178147564095,COMPLETE,IZ-F
39,0.87,1.1250923931324555,0.7303334477039365,0.310524154768166,139.4955259867845,129.87026336064616,0.0013584510792028228,0.5383609907243316,0.18802483415895116,0.14974324334282485,0.044957624853711305,0.10433316328841405,0.030453628846781378,0.8449573741830197,3.0691081510953273,COMPLETE,IZ-F
40,0.87,1.4300760394249248,1.274287228683086,0.3579100449057583,157.5484292766595,117.90615757092186,0.00144802004195329,0.5188222463685993,0.277649019215459,0.13680292983864514,0.021523054881285524,0.17839764170055628,0.033163873691821874,0.7696630486040923,2.7994087234864526,COMPLETE,IZ-F
41,0.92,1.4602944563919846,1.0460659542667305,0.43074125839777494,164.63601366387877,125.38881015377311,0.0007443675070375505,0.42502562981541514,0.22513875213634343,0.13654102535575158,0.015284641945359246,0.22072899694080161,0.03971180323111974,0.8306305641075918,2.7268860971554365,COMPLETE,IZ-F
42,0.9,1.3994086615938843,1.0390507091295584,0.42752006315803703,167.00821065442693,120.93295493261668,0.0007701300799118029,0.42498548510468415,0.22626640106224188,0.13914802973277454,0.016241284013231144,0.21166869429675733,0.039330098000625355,0.7912618830762066,2.137804485926398,COMPLETE,IZ-F
43,0.89,1.3293632149862897,0.9719416955879803,0.40544270900754553,164.0373645034386,126.66683931001488,0.0008576893829253916,0.4016646416146264,0.2402916825990946,0.1618425554211863,0.013066110622817125,0.14919139733354264,0.039692258452476675,0.7931958073892159,2.6314687872579086,COMPLETE,IZ-F
44,0.9,1.4561299464217887,1.1060356668874305,0.44602859807170286,169.47924665049754,124.33269770948775,0.0007299572803100812,0.41465481414320926,0.2069027554871929,0.11429467360816316,0.010350933981951247,0.27771035078527656,0.037173305142861914,0.8384483774802481,3.163218904612248,COMPLETE,IZ-F
