number,value,params_c1,params_c2,params_c3,params_inputWeights_max,params_inputWeights_min,params_interSpeciesRate,params_keep,params_noCrossoverOff,params_probabilityAddLink_Large,params_probabilityAddLink_small,params_probabilityAddNodeLarge,params_probabilityAddNodeSmall,params_probabilityWeightMutated,params_threshold,state,study_name
0,0.9,1.382,1.219,0.471,150.0,110.0,0.001,0.453,0.344,0.137,0.047,0.343,0.035,0.774,3.584,COMPLETE,IZ-A
1,0.87,1.0826425525146628,0.9785640587345481,0.4352910101388434,131.18755028477798,97.9971585310307,0.001116827810870431,0.4454574102258124,0.23782103237011015,0.09579219104580927,0.015467036527376186,0.05900249630029811,0.03755082349959102,0.735179577506471,2.1982008458782154,COMPLETE,IZ-A
2,0.89,0.5682293393465148,1.2081033190356454,0.49679196226221567,151.2175575024526,124.79678477983964,0.0008581718363368316,0.5183144430943726,0.28200355464397486,0.18983338924599635,0.03907014779865646,0.1318491789599273,0.027320765147595637,0.78497264706649,2.4939401944794684,COMPLETE,IZ-A
3,0.85,0.8340733608576607,0.9922430135849492,0.4161072392915853,143.4061543900044,116.96564658374996,0.0007095916192300923,0.5221180474301015,0.24761754440587935,0.05259571121084735,0.032686224911505427,0.1486830816826962,0.02678528665841224,0.830679860411525,2.9530120382369587,COMPLETE,IZ-A
4,0.93,0.9151160612295326,0.5518780198140149,0.4894964090083405,134.06536006086864,113.6364078448744,0.0009808371616858106,0.47950097015241006,0.30926403468384955,0.07319084567427024,0.048557335299464634,0.31116031472126054,0.02194004905032651,0.8107721712851201,3.8608647554892146,COMPLETE,IZ-A
5,0.88,1.3009511938949765,0.7422115302032021,0.43391212844966714,136.8815703754275,127.73591218190377,0.0006473887664306759,0.5824673805353376,0.18058644750962544,0.11997946828621515,0.018648264242599313,0.31447326314339896,0.027133047872421424,0.7202919307716887,3.6899806143617555,COMPLETE,IZ-A
6,0.92,0.9504380496174801,1.2159040196426467,0.45309094513275033,155.66997024520376,121.8689274023933,0.0013116329438645714,0.5525403717078438,0.251903974425602,0.1908825388368488,0.01410611471974264,0.29864656156941954,0.03339859154594163,0.762921087983169,2.3972332589063896,COMPLETE,IZ-A
7,0.86,1.3531060028221618,0.8674573950921145,0.39310689411192534,163.95454234540006,115.96410929746366,0.0009118669282339672,0.5920801039109171,0.2677660807744272,0.13518395661388208,0.01724846541351106,0.28392055780635567,0.0332651492935172,0.7693715670039254,3.0225613517070813,COMPLETE,IZ-A
8,0.89,0.6294587975230228,0.9744666064001029,0.3140724920700378,159.17930348805316,101.15472220806086,0.0006527609630773271,0.549273037993635,0.29720984839170517,0.10197372601398769,0.015250207893007572,0.14410260796451146,0.02417375851793107,0.8114894858750591,3.20013106450618,COMPLETE,IZ-A
9,0.9,1.2040478447489287,0.5939310944480505,0.4571634420399239,131.6187437327673,94.16930506709359,0.0013479808392330575,0.442516005782425,0.16171187996952205,0.07475632525826915,0.017634424809458073,0.21087959592473388,0.026457405539933927,0.8979335774736474,2.9634425822835038,COMPLETE,IZ-A
10,0.91,0.7998229110623896,1.4964337694069008,0.36903363192948757,142.14943040182848,104.9597779688907,0.001174506426752481,0.48198410094482314,0.3492303782246989,0.051799435212274446,0.049561143547925054,0.3970947736924041,0.020085348525433838,0.847705616455374,3.9317952805770116,COMPLETE,IZ-A
11,0.92,0.9672180872479774,0.5112503426273244,0.4990213022314648,155.48136245928973,119.55019060740645,0.0014989671754083193,0.48675563607586436,0.21258725915943044,0.19736874600826546,0.02687235659856515,0.2543521153221437,0.0315117569238226,0.7489948760572879,2.0296073267474504,COMPLETE,IZ-A
12,0.88,0.9319980003316258,1.2385343782143006,0.4580829855079119,169.4780391301639,110.86122981584874,0.0012216754252706422,0.41079340084763855,0.3020583677303696,0.14935921822398196,0.026240306293860816,0.3799853252926638,0.020768621385459596,0.8593013203540991,2.5487496569802635,COMPLETE,IZ-A
13,0.85,1.1219870819899163,1.3574368257766407,0.47931814625486663,146.4484833793915,122.51319714468929,0.0013770760707701737,0.550774510618724,0.3198071148911721,0.1671752526384979,0.010467785886317221,0.257013997595451,0.03990786586200228,0.7048281129265311,2.5255178445586814,COMPLETE,IZ-A
14,0.89,0.7202781696865563,0.7454167333223758,0.3758841650255919,158.07522568862296,129.2131466526771,0.0008083423140137718,0.5525551400900488,0.21411549906004887,0.16236175385687712,0.04011038282071625,0.3239691505940144,0.030135933046543106,0.8068532788531697,3.440351724797863,COMPLETE,IZ-A
15,0.9,0.9299124875766297,1.1272935968810744,0.43855359273270167,137.99912207655822,112.38363390126719,0.0010002817457035993,0.5082273984500162,0.2644308451171081,0.08365513886987644,0.03459087824149817,0.2194269398731688,0.0347003135881748,0.7510064548004886,3.9540852088414713,COMPLETE,IZ-A
16,0.86,1.0676071934955238,0.7805258858800925,0.30755327608447974,152.5820244944857,104.49679356916181,0.0010695001812376737,0.4715830523099126,0.3240957731301473,0.11615731490627963,0.02337014503886716,0.3493425553844939,0.023300109637453513,0.7938757091338761,2.7141341181242833,COMPLETE,IZ-A
17,0.9,0.8373264135215278,1.0925725007903282,0.4761744026580558,164.13621199033395,121.58691993119446,0.0005197692698642284,0.531795557074463,0.22140176820178137,0.1792551235312826,0.044477327341375536,0.2864163131095053,0.03178221952087143,0.8282569741859175,3.3020665771389472,COMPLETE,IZ-A
18,0.9,0.697311435040562,1.3649681665818811,0.3388471873940649,147.16372284141244,115.52216065973762,0.0012690344671772932,0.5724777643260639,0.28641590485456225,0.06734077415827039,0.010541907260380554,0.1779747528658825,0.03602587099565268,0.8777048852110185,2.2840604856268762,COMPLETE,IZ-A
19,0.9,1.188070015354831,0.61791967387253,0.4120730253496466,137.09608025425447,107.99688945999294,0.001427994935067227,0.40271496667179585,0.31365809928622124,0.10439817359026435,0.039333708456957994,0.24570053282922713,0.029205110773992196,0.7622623979010599,2.748158095712785,COMPLETE,IZ-A
20,0.87,1.4972450734890537,0.9058997523233879,0.44941833381920426,161.11362717105663,113.67785346515006,0.0012997027572128031,0.4922860705776093,0.18685300188311,0.156390502290351,0.02221448049738272,0.051786307375034896,0.02312418911601185,0.8247650799988308,3.619683012203626,COMPLETE,IZ-A
21,0.89,0.9653017801964151,0.5952866483968517,0.4993996328224766,155.58068226976332,119.67563523155582,0.0014856151173927325,0.472366045390803,0.21107311035113696,0.19168847199311578,0.028705275386131494,0.2873858846147889,0.032019020476160724,0.7421167029117378,2.0386947452951825,COMPLETE,IZ-A
22,0.86,1.00520613912296,0.5043473837095098,0.488633925342551,154.43541543830506,119.19162012311074,0.0014382730458126047,0.4946015955258344,0.23089018262255503,0.17786271515258129,0.03433589288615295,0.25406174629560585,0.03163091952492295,0.7265919996354816,2.002940315377525,COMPLETE,IZ-A
23,0.91,0.8822661582957312,0.6676967057095855,0.46831246578596286,156.2705245318947,126.14355755742915,0.0014815560994654252,0.45830320550636755,0.19811447726986656,0.17902709819997992,0.029638447968402475,0.3596771901947071,0.029155234898601355,0.7545546372979317,2.250155531607846,COMPLETE,IZ-A
24,0.88,0.7471310350080973,0.5586098605050279,0.48681137005779573,148.91209316711746,123.27475101642058,0.0011658390296904646,0.42812227021689114,0.261236123092025,0.19387488219145946,0.022700123607478747,0.29168376001391155,0.03343725616582352,0.78400566120898,2.3877874882389083,COMPLETE,IZ-A
25,0.9,0.9939135384812122,0.6797725919964833,0.49828096079576606,163.31412076360468,119.54686562250404,0.001008250326766428,0.5351326068035521,0.15859722444341584,0.14754880345215798,0.02639975799856891,0.31758494832853384,0.03818732329911918,0.7940722598970938,2.16091326321952,COMPLETE,IZ-A
26,0.9,1.0404411653712369,0.5156755197645503,0.46628018073341426,141.71791064209611,107.180619202217,0.0013341298393357262,0.5066883759796807,0.24864696515369566,0.16995435813968743,0.03694109227945609,0.234409376012006,0.03072546304343195,0.7015187006571085,2.364143050276673,COMPLETE,IZ-A
27,0.86,1.187838933334762,0.8161045270055041,0.4489679142688704,168.6349695824887,117.31569758280574,0.0012401894280196094,0.5662278965017256,0.27885737915255865,0.19446090260249757,0.04351225360810992,0.19126467959378443,0.0248626813840391,0.7757363277605247,2.6958841332646313,COMPLETE,IZ-A
28,0.9,0.8951209153138864,1.1154692549662895,0.4832425766672317,152.94237590710688,125.5776866242795,0.0009138698013478995,0.4786404837744465,0.19980836221429898,0.12935663345320167,0.020209083189952987,0.2729722837960301,0.028688896396588663,0.7434609483582949,2.133302734054061,COMPLETE,IZ-A
29,0.87,1.140573509262851,1.2893144737040125,0.41611924053924015,149.52997959020914,113.6071758352006,0.0010913585127564017,0.45469725233120817,0.3324842335458045,0.19951906205649972,0.012963178029767992,0.33072773968368435,0.03504865972497441,0.764329759638192,3.7902627057752443,COMPLETE,IZ-A
30,0.91,0.7867530627128255,1.4876788635136455,0.46793348215343844,144.95290160111614,108.84308927211295,0.0014088714652685142,0.5000733945012977,0.23171280454984888,0.14571164691291377,0.046737981639543964,0.362555649498455,0.021927120006710443,0.811786143099647,3.161635666826828,COMPLETE,IZ-A
31,0.88,0.8706111884122358,1.4282527991557614,0.35900704302437114,142.39846866757367,102.62108454290963,0.0011875663958397526,0.4764916204959802,0.3477823279421011,0.05222062175163396,0.04980538577072799,0.3894567365031922,0.020955314645367557,0.8515580522039204,3.9745358441940977,COMPLETE,IZ-A
32,0.88,0.8072280406508889,1.063137028021064,0.37402557785229434,133.00806331885883,90.54443762528635,0.0011298802796014642,0.4883136104169438,0.33767313554361694,0.06376191960482962,0.04996874954986931,0.38613249655854853,0.02008697712542787,0.8418957163925908,3.8720459812018406,COMPLETE,IZ-A
33,0.88,0.6474557691030711,1.20859420124645,0.3485612883010393,139.85808745135225,105.62993470465676,0.0010465243290450133,0.46261291398213894,0.30170070620606965,0.08627147807950168,0.04301979123925766,0.3014611336621559,0.022079757952335903,0.8732490134706046,3.7551347166345175,COMPLETE,IZ-A
34,0.91,0.7704533725482048,1.2785080867026382,0.39553191513697167,139.6523942243861,97.08355915821468,0.0009221347031006763,0.516718206451303,0.3457725520535563,0.06211711218859256,0.046594244074310245,0.3989330890987941,0.033227885388773346,0.77918369326299,3.392332409887016,COMPLETE,IZ-A
35,0.86,0.537385380631909,1.4489227052090365,0.379880869009138,134.70829107776527,111.64160643908757,0.0011576559515606335,0.432390263081974,0.3105437953806667,0.0744013823975221,0.03155557450956344,0.11081574506289782,0.025095363775306384,0.7285058211727564,3.4867492078644298,COMPLETE,IZ-A
36,0.9,0.9479178412475118,1.3558347627526706,0.4253297534062848,150.9855300914351,100.57995686674722,0.001300938335767127,0.48481989238590945,0.24541860357567752,0.05076310245099968,0.04137574901863121,0.3408438727559972,0.028091596554205484,0.818813164272533,3.6218942338898676,COMPLETE,IZ-A
37,0.88,1.0447885326232214,1.164464038080797,0.32577015381506885,134.73148458180427,117.99658703338298,0.0009538700589850945,0.5251734357982499,0.1732322851371323,0.09202834610230509,0.03753983895865098,0.26197602958555993,0.0364139903230172,0.7136679466981221,3.817126070880135,COMPLETE,IZ-A
38,0.91,0.8603304338487461,1.0154183711043074,0.4906952082761392,158.54809199516262,121.22438699171667,0.0012110400297944137,0.504552729306717,0.2898135310374267,0.11377073082065368,0.0145233887584395,0.18843552723622808,0.026192565347128306,0.7957555278123843,2.8233417460641395,COMPLETE,IZ-A
39,0.89,0.6044052872973102,0.6710138158302306,0.35832360718705597,131.04829122939552,114.7418270035036,0.0013613810172918403,0.4656537460001379,0.27661884422839067,0.18465196820695565,0.04542090920284304,0.026279807301652802,0.03419523299527165,0.8409604060865649,3.0960139292037905,COMPLETE,IZ-A
40,0.88,0.6937052521794145,0.9620149772262442,0.3859666086242422,144.6803593691278,110.63528521489191,0.0008491408087254744,0.5981088536399372,0.3266222732383204,0.05937601776170008,0.04766015071285204,0.23207833335600814,0.021509390249049878,0.86374928435565,2.5745311643932416,COMPLETE,IZ-A
41,0.88,0.9033461055720318,0.6940774161492878,0.4702978848301397,156.95040527264064,125.92869991811193,0.0014741785959886506,0.45109887108483976,0.1818585136335617,0.1796911955393202,0.02881100859651285,0.359159891852176,0.020106874643596905,0.7570144842127515,2.2937828262585667,COMPLETE,IZ-A
42,0.89,0.9897306807678123,0.554492932827811,0.449324379671779,160.51552452594208,127.76901280527035,0.0014887924168200785,0.46009917541003903,0.19424778614958443,0.18628235357439432,0.02617694482012802,0.3060089233147705,0.030661842103662178,0.7456722765870657,2.088799864221999,COMPLETE,IZ-A
43,0.89,0.8130383509732225,0.6460350472400078,0.46149342015714334,154.82751314331443,123.27511992637636,0.0014114221869422528,0.43632088094295607,0.20242783460216518,0.17349687118143678,0.029634305275254277,0.371248542643122,0.02305898690505493,0.7323914292236653,2.2780682842604385,COMPLETE,IZ-A
44,0.88,0.8951612407333484,0.5573679693779855,0.4752036793211687,156.71268580533976,129.29620286086745,0.0007796381648335468,0.4209407631404806,0.22463451399410309,0.07358223728831813,0.033030357070521175,0.3361635953209347,0.0328491210576943,0.7722569878859369,2.4543947989780275,COMPLETE,IZ-A
45,0.87,0.8412383853945683,0.7374486323734364,0.43833913591255735,152.71984451737916,124.74060536646054,0.0013799167467176908,0.48320406024975404,0.1731072209296481,0.1986425330765765,0.019447569986231587,0.35006331748628056,0.02937923443196319,0.8997560349036212,2.2219200778491515,COMPLETE,IZ-A
46,0.91,1.1149416430401318,0.9146214343436718,0.4804851263431534,161.33040130034206,120.37557594761593,0.0014471623065411376,0.445355827407084,0.20774111986897736,0.16149400178699513,0.02465886011955309,0.3718976850267653,0.027682461174366922,0.7547685652023328,2.208453821985061,COMPLETE,IZ-A
47,0.91,0.9313268117211047,0.6364113301657028,0.49196118004052336,147.08878415922652,117.94912609430546,0.0012715203683606215,0.5107095023300758,0.23742885210811457,0.13524771158968102,0.031507772453525006,0.31418139404624246,0.025571851263657255,0.7850807057836695,2.9178114884492876,COMPLETE,IZ-A
48,0.93,1.2876211793720966,0.5379328040098456,0.45459528620163436,166.48563278789513,126.31510086505494,0.001320278877152569,0.4945946448178403,0.21641600891040397,0.18643899415189974,0.017287420713357787,0.2732510276169566,0.02410023340554864,0.8025209877893439,3.8731338793767076,COMPLETE,IZ-A
49,0.85,1.29965882426425,0.8485971051091887,0.4005710362219947,164.79034705071047,115.84701515042487,0.0013144410163671537,0.4971418582432676,0.21986012722485918,0.18753872648822084,0.01614408015515524,0.2656422006253149,0.022618476328885462,0.8034926613151261,3.8939088120928083,COMPLETE,IZ-A
0,0.89,1.382,1.219,0.471,150.0,110.0,0.001,0.453,0.344,0.137,0.047,0.343,0.035,0.774,3.584,COMPLETE,IZ-B
1,0.88,1.1977343684801416,1.1874599451296597,0.33645795287667213,166.09514820243433,119.7865825504526,0.0007798370762013963,0.400771481204287,0.15094254005082028,0.06938715796307929,0.02767300942050962,0.27679205327635026,0.03577137638729615,0.7395565652245455,2.303977119048885,COMPLETE,IZ-B
2,0.89,0.8960925822947151,1.4036873496244278,0.4917495449114849,139.11755460992845,105.49698445111916,0.0012787621025003451,0.446400293636302,0.1729774305887459,0.1126196846433607,0.04484876635826385,0.30111050583215704,0.03544617052517959,0.8010909158028896,3.0701426917310632,COMPLETE,IZ-B
3,0.88,1.0724648515285171,0.7659050303206725,0.3095769426820387,137.2918731177822,96.77842775914704,0.001499495026049194,0.4747063128377358,0.31272077909397944,0.10110780842566414,0.040322475910078745,0.1833146654036976,0.027352569489255078,0.8385459170864158,2.2327700930369785,COMPLETE,IZ-B
4,0.91,1.4707314507472002,1.4017308916101863,0.3204562281656973,165.45389548564845,115.82377806033296,0.0014801597139333543,0.5508854383086814,0.18020561663646567,0.16108651666828905,0.04030978578074136,0.23016306501592862,0.026449016893527102,0.876024287090015,3.7744583761958967,COMPLETE,IZ-B
5,0.88,0.5224833333402951,0.5412400010499742,0.4007232621223805,161.336445412818,106.60988739994146,0.001399907188842815,0.5314232888807512,0.30061711403057695,0.12688479589486648,0.03940248361193235,0.28419054256925075,0.02674317608771158,0.7490103771055775,2.7913910895758782,COMPLETE,IZ-B
6,0.84,1.3590650490271368,1.2047944901162788,0.4689116645568011,133.22199834730523,92.53518047544665,0.0008746566675754772,0.5289594852875817,0.26242598702283576,0.05269853311071959,0.04123012480417765,0.10669636625144115,0.020579047642950793,0.7791969305089357,3.441996026122873,COMPLETE,IZ-B
7,0.86,1.3532437514050037,0.5050411215121989,0.3239119642078125,132.71646637033942,126.18010524393662,0.0009308542179611865,0.5751766869989262,0.22991513345287434,0.07980571538828887,0.020723980170276914,0.06697143785538665,0.028299912570950533,0.8228552692402477,3.5607253865785617,COMPLETE,IZ-B
8,0.88,1.1498142806026466,0.9641163630285813,0.435904450539097,144.35851011187074,92.62953261841027,0.0014470133213527478,0.42735887179940835,0.22979196355768983,0.10476969898958718,0.014206948245891056,0.16031899481566983,0.0348859492547868,0.7939951902039056,3.413246686901992,COMPLETE,IZ-B
9,0.88,0.8217654440869645,1.3908943091408186,0.32791710796665435,132.26012247927264,94.74608511427718,0.0008042277814502867,0.4624521943534339,0.18210325756097928,0.09314702925640284,0.03870837669206665,0.11497989361030335,0.021656442767716763,0.7793548045446629,2.9000807555298063,COMPLETE,IZ-B
10,0.89,1.4929650698804842,0.9566464926849912,0.36582475567761347,156.31114887307467,115.66557585523262,0.0011420816027337436,0.5985845052472847,0.2024543739713615,0.18958873905342763,0.0316682973050771,0.3922367108587109,0.0241101531300093,0.8958201702240595,3.9960540138438114,COMPLETE,IZ-B
11,0.87,1.492701252015312,1.203368349033025,0.4068162379834545,151.63449750738963,112.96705243729583,0.0005550311633588536,0.5041852655336787,0.34732552526471544,0.15108875869920452,0.04903474042638524,0.3484599202125894,0.03140144115219411,0.7042023960969985,3.946334989774422,COMPLETE,IZ-B
12,0.93,1.2773236593895316,1.4607437960207943,0.3648281450359247,168.5396636366421,120.7780802599622,0.0011139803937519975,0.5504174253437667,0.2692543409896937,0.1589502846448985,0.04939015169477326,0.23003199790616258,0.03178416570756349,0.895653945103546,3.7762130094194886,COMPLETE,IZ-B
13,0.91,1.2462245742859446,1.4617318517861864,0.36335639764156813,168.51651463958225,128.89340795588993,0.0012114490398344993,0.5594108271715301,0.27329958501800605,0.18092869373523066,0.032872074747693915,0.23364554031173415,0.03142694291842097,0.896525402279747,3.761196205038794,COMPLETE,IZ-B
14,0.86,1.2801496255675664,1.4791735461696054,0.3631043669224522,161.3827164887083,120.74390257718944,0.001084101517926055,0.5448833160219874,0.23064096958748673,0.1660989425226211,0.0487479700134677,0.22379615538666037,0.03895728497751091,0.8651413376730367,3.279046574849156,COMPLETE,IZ-B
15,0.88,0.9894814682281815,1.3048009288145777,0.3489831366672235,163.2907830030416,121.88899913044894,0.0013231290666041236,0.49557825705164726,0.2918863701652335,0.15615930107982026,0.03530425715800211,0.24337852335674273,0.023768701207778957,0.8633397317908796,3.7332062316745716,COMPLETE,IZ-B
16,0.89,0.7055742537950204,1.3258146274796203,0.30266516712377106,169.6655185699216,124.05616074206313,0.000620527360586316,0.5774153442113921,0.2082376575307384,0.16641518148260537,0.026207346169981743,0.1660133889466311,0.029450880246814058,0.8670395597791848,2.5938628957399876,COMPLETE,IZ-B
17,0.93,1.068313646116265,1.070904615657911,0.3786497097544836,158.91817310790563,116.14284740299463,0.001065226725605751,0.5036086975902223,0.2508418365498765,0.1398453718370987,0.04556004913099945,0.19633821029445458,0.03213694811102452,0.8379820316536133,3.175892668819281,COMPLETE,IZ-B
18,0.88,1.0690764161740742,0.7932234641916179,0.38531369817470185,156.7616079517396,99.587457300806,0.001079866018680422,0.49519045515303495,0.25144511239397854,0.19910233435029673,0.044475799789729334,0.02561156089679728,0.03234239545733854,0.8336063811362248,3.1907291297002387,COMPLETE,IZ-B
19,0.87,0.9452439042974662,1.0728753475639234,0.42422615387743956,157.18627256536013,115.95552275300783,0.001183945928142246,0.510175043070982,0.2816514323131553,0.1391630355159622,0.011121607254691902,0.12816634856693498,0.039974109313978066,0.8447844529602029,2.5593533471598917,COMPLETE,IZ-B
20,0.89,1.1174678809927605,0.8194553270975803,0.3873876208580657,149.07695122129593,104.10550472657079,0.0009845423605379015,0.5197828645604476,0.31958630576889585,0.1210463472250905,0.04999252559690932,0.20439057764130247,0.03291431618679927,0.8159668148991823,3.0706743305403736,COMPLETE,IZ-B
21,0.86,1.4101899544895005,1.0801313813648394,0.34539547420162275,163.03923981499233,117.25013312522023,0.001309118110662491,0.544141186656233,0.24574212553085736,0.174554527134728,0.043541330063087,0.25724575464747534,0.024736673668633233,0.8842717522546129,3.79789537519291,COMPLETE,IZ-B
22,0.85,1.2789584851763147,1.3162472232855718,0.3768801047715015,165.47787010882453,111.0721668489711,0.000700310310168409,0.5626186924072482,0.2037793429796662,0.1478372383750094,0.03578771622428951,0.2148388865879138,0.02958552074592396,0.8721710721884598,3.6247960659723613,COMPLETE,IZ-B
