number,value,params_c1,params_c2,params_c3,params_inputWeights_max,params_inputWeights_min,params_interSpeciesRate,params_keep,params_noCrossoverOff,params_probabilityAddLink_Large,params_probabilityAddLink_small,params_probabilityAddNodeLarge,params_probabilityAddNodeSmall,params_probabilityWeightMutated,params_threshold,state,study_name
47,0.9,0.8740021573396779,0.9143081982851213,0.3490661746148692,130.03271854682927,106.9950616596205,0.0005334457790272877,0.40297183607897313,0.2916677971633115,0.09817222808229983,0.047690053765993314,0.12576435015343684,0.02118456517140301,0.845937846993162,2.8170424617558925,COMPLETE,IZ-C
48,0.94,1.137630973831775,1.1009578960670723,0.32245889447115417,163.7217416139155,112.62211537093927,0.0012594948590586522,0.45088029031916854,0.3202332654147044,0.13208148534386205,0.04526430803907168,0.054153171451299914,0.024736991936216285,0.8215672264513285,3.0781575471154925,COMPLETE,IZ-C
49,0.87,1.148993456171021,1.1127877791740366,0.3177968261023787,147.3615470914627,118.40329381421557,0.001338912342712533,0.44914037801157297,0.33798681103828243,0.15641381151963202,0.01745007947247637,0.05283275255912506,0.024534476736563508,0.8158458184343591,2.3184470037775027,COMPLETE,IZ-C
0,0.87,1.382,1.219,0.471,150.0,110.0,0.001,0.453,0.344,0.137,0.047,0.343,0.035,0.774,3.584,COMPLETE,IZ-D
1,0.89,1.198003665841569,0.7999379702104271,0.4314843265853307,146.8549865276308,90.76775206413058,0.0010246673417000792,0.5562107352259958,0.3362391479998479,0.18384037608532688,0.015841433359357115,0.1973402996869004,0.03682886678579471,0.7692835299504411,3.463841164459458,COMPLETE,IZ-D
2,0.83,0.8080766060353173,0.9195998920211838,0.3023988557295214,147.04072939907374,113.43346648077664,0.001319324324596298,0.5764105091917289,0.34809280924034935,0.1332280863673288,0.012521770463689758,0.05424261264626036,0.03240502511307549,0.7260049649189909,3.958611023097718,COMPLETE,IZ-D
3,0.92,1.2547409793005215,0.5050329145409868,0.3710358398210012,151.9960791751015,107.26352782736264,0.000689805513437305,0.5418941104928123,0.34203896181340304,0.05557357842858955,0.026656786362855324,0.08659740886868561,0.036883292958437355,0.7673499571257936,3.887329742453274,COMPLETE,IZ-D
4,0.86,1.1233877516249686,1.29983841607842,0.3633104268622744,138.98736500510915,121.76416142855899,0.0014132565632802834,0.5503726372443778,0.31205503590836237,0.050746264945165015,0.02832697349825463,0.2665345703860119,0.03969673725824304,0.7651824733067676,2.314391757459146,COMPLETE,IZ-D
5,0.88,1.4057028661054203,1.0784606840523536,0.3956691278640977,169.9681732907858,105.8631777387547,0.0012626182131622661,0.49466520998570596,0.31807210761478555,0.18593844454247505,0.023306716097901567,0.34860558616107884,0.03907408486249492,0.7965780561041172,3.2528427664860358,COMPLETE,IZ-D
6,0.9,1.1515915855615793,0.6713185386424017,0.38281596062486456,162.48856695721747,125.19967993426596,0.0009575341402556114,0.4837899522600616,0.29163934597453267,0.16986035734970484,0.030217027727885218,0.14261910726900198,0.03818078031508381,0.8003492475049314,3.784666944496255,COMPLETE,IZ-D
7,0.92,0.6628996086786796,1.1445848059706316,0.4130185018387596,167.19341164410366,113.80849614998493,0.0011071619782342416,0.5251809779614512,0.3045284512205536,0.06853251608627176,0.01183765160232945,0.22023775818909924,0.025611069622673798,0.7520993006987883,2.5615731182698562,COMPLETE,IZ-D
8,0.89,1.400700007448353,0.8365703982972269,0.4074044271057457,142.3418315634073,90.38104952818529,0.0010418135171018266,0.4270032610643763,0.2689877891327257,0.06973822195240793,0.03292585152908312,0.2460367989118142,0.02041331425817917,0.7987449178605698,3.3271595141657153,COMPLETE,IZ-D
9,0.91,0.5281899872995139,0.5601339727219451,0.4353222926199727,155.44568479965858,119.90588030200747,0.0005122493429106841,0.4598808639276392,0.32356906871864555,0.05799901591439813,0.02181024994238491,0.38645248110447245,0.03380816112072596,0.7006473342796212,2.0543964683099043,COMPLETE,IZ-D
10,0.9,0.8702354217514667,0.5004582993417637,0.33424213326137947,130.88270815640118,99.96300976504723,0.0006914802098784475,0.5951423864040307,0.1920159042929583,0.09952141235357365,0.04155615720449196,0.031562503349602325,0.02778938369799722,0.8698303197863653,2.8443163823115833,COMPLETE,IZ-D
11,0.89,0.5552128771166958,1.0969252929672126,0.490773710953828,160.19829596128739,115.24098205425068,0.0007659670711607212,0.5267331166178809,0.2190771836177814,0.09445142575908297,0.010082162628345815,0.13270948531458954,0.026732115427865515,0.8430281703306275,2.9238879867473853,COMPLETE,IZ-D
12,0.89,0.7241266702885321,1.4322369376875748,0.3619100691999165,169.13965044485673,101.66952812477288,0.0008065080080352665,0.5240743337161264,0.25601742887508205,0.08534825389539988,0.037989768400506274,0.11733895034781514,0.023455308729959597,0.7372402731204423,2.5516248469970084,COMPLETE,IZ-D
13,0.87,0.9793066580018022,1.1892847000062328,0.43318070127048136,159.10476289339525,105.55720258631665,0.0011785108914416614,0.5209264974546813,0.2926526174507609,0.11078248217326649,0.018704517484012802,0.2061506470264679,0.030104831682658068,0.8302367087832335,2.5902276038640464,COMPLETE,IZ-D
14,0.9,1.2547525284694498,0.9539921853774186,0.3399224602556845,154.08169602409836,115.92793033011161,0.0005200547827168176,0.5514792692763022,0.2291199680459894,0.07637021949396133,0.025179560785657727,0.07910244943730035,0.02486735938745414,0.7396640124316716,3.1090130417971005,COMPLETE,IZ-D
15,0.93,0.6944296024889887,1.4546293839583733,0.4130826498720508,163.1543215345358,99.6436617491062,0.0008789717222090727,0.5097456106152186,0.2886418253595304,0.1528407761250842,0.03466229293684728,0.2742804347041173,0.030505906814838897,0.7013107417473625,2.599665521061032,COMPLETE,IZ-D
16,0.86,1.018513269625755,1.4790009463427245,0.45152857605114727,163.76810661846366,97.66247746206021,0.0008611790408145322,0.4039906556057546,0.16189538875199228,0.15410115309398803,0.03681844145183242,0.28784891482220537,0.030658329943127022,0.7011364052170324,2.8112691833420094,COMPLETE,IZ-D
17,0.88,1.498065054584298,1.309055005693455,0.3762079132507383,154.69901641405121,94.80429966487941,0.0006578004767184764,0.47452164768146904,0.2799108534899154,0.15195022987263315,0.047642471839147195,0.1736920467812798,0.03585052069195064,0.7203659536278155,2.032602192173571,COMPLETE,IZ-D
18,0.86,0.9811254525257436,0.6634277274165586,0.3127868342671432,132.19944982942783,105.4644225214654,0.0008929625058594336,0.5738503136186598,0.24226456208678857,0.11441485497244719,0.034032249286282644,0.3025231861208692,0.032507171077639396,0.8232456707580382,2.287739673024228,COMPLETE,IZ-D
19,0.89,1.2761296058372646,1.3714465296028817,0.34887553413734773,151.70388940787208,109.39304274185314,0.0006553371675873039,0.5076605682994003,0.27318462808465876,0.19865898380358216,0.04095461657116389,0.0898550840160182,0.028623133158814446,0.7194310052061789,3.61182535392785,COMPLETE,IZ-D
20,0.89,0.8545477589694627,0.7351853495825559,0.40000274556252896,140.49647051029197,96.02329299743857,0.0007399099412572145,0.5035400035840656,0.32894093242773453,0.1518942122866888,0.027787673580715416,0.16587013222897215,0.03181987938313667,0.8905579056607196,3.9607050080195387,COMPLETE,IZ-D
21,0.89,0.6538978009578683,1.1191578210989785,0.4153378829898768,166.66991399411017,102.60702179631245,0.00113966044138794,0.539908505109134,0.303890713963714,0.06128726391959655,0.018774800472404832,0.23703515536395056,0.024758684016512524,0.7536322766704348,2.6193381672131584,COMPLETE,IZ-D
22,0.93,0.6828373823754604,1.2059487184464799,0.38717940285532504,164.91454675970135,129.9163953360982,0.0011337011502150665,0.5324172038582896,0.3025681542993475,0.07715312693679399,0.03230718276159848,0.23034410357736515,0.021171490685151922,0.7515039882601108,2.4188072795274,COMPLETE,IZ-D
23,0.85,0.76332051310349,1.2685196918030333,0.3816295760821559,158.14316054074288,129.57361516962263,0.0008996759234556733,0.5661235414940635,0.2871416444751326,0.08497316756154973,0.03195753953839003,0.29022065675674386,0.02133556285221922,0.7837396573226217,2.337498570102469,COMPLETE,IZ-D
24,0.85,0.661113916883882,1.0143753603557704,0.3695771298477809,163.36204799278386,129.1598872593664,0.0005812952616442361,0.5383440077121483,0.32541796272050477,0.12706385765145517,0.03538200375153847,0.3224216977633365,0.02259061931823308,0.7518529084305039,2.767028620250223,COMPLETE,IZ-D
25,0.86,1.058158811229207,1.378538187400939,0.3945427303307134,165.51155189503362,119.7876591465391,0.0008513298667509452,0.5938105867560828,0.26060239791583417,0.05001051138143991,0.03985871394553881,0.255600774919404,0.0287540663021227,0.7371160721926895,2.196510548116684,COMPLETE,IZ-D
26,0.92,0.9398870086928371,1.0190027544463793,0.45113581666247315,161.16853058072695,106.90703359700439,0.0012140966448619594,0.5094229843092969,0.2989938622956415,0.10747056483959339,0.04415949613769447,0.18383008480514862,0.03713435761621401,0.7832274966844652,2.4055036301064265,COMPLETE,IZ-D
27,0.89,0.6038388943202851,1.390741253050833,0.352562840065164,155.91239664162381,102.59746823823689,0.0010980785536925516,0.4931986039538831,0.31827082228539,0.14367326238847047,0.026144068994588727,0.22566349339927846,0.03492842384724815,0.7120023391593354,3.102996892708798,COMPLETE,IZ-D
28,0.86,0.7343891662202604,1.4930032541917098,0.33016487881384127,158.05946852352113,98.68823977485778,0.001458039541631853,0.4749375178045217,0.2413987723066639,0.16947516512190478,0.03007864900267139,0.2754112444168594,0.03373352367100067,0.7338057696091224,2.731362017740448,COMPLETE,IZ-D
29,0.86,1.321633132210253,1.2374697546799607,0.42168522708918804,146.36576467769123,109.2129330186435,0.0009536855441708414,0.4473056836348565,0.3471583303617796,0.12248697094347623,0.04481892514064642,0.36036406770346724,0.026731551623794175,0.8124927589615966,2.4280155947597795,COMPLETE,IZ-D
30,0.87,0.8970126851894821,1.197242704821439,0.4604496393818899,151.78793235687817,111.07442830072252,0.000598736888954171,0.538152146146312,0.3378266686313759,0.07912696704869068,0.03203107927628311,0.3302825523059479,0.030973013382348827,0.7632146760940061,3.0314773733892326,COMPLETE,IZ-D
31,0.9,0.6671587751831898,0.8972794125135286,0.38790566999483717,167.3128940911251,125.39084907198001,0.0010634622517418355,0.5188510838925862,0.30465645517120715,0.06582904892412078,0.020812314378826365,0.22027157714177686,0.025479714697916683,0.7489596655495734,2.5248784850082044,COMPLETE,IZ-D
32,0.88,0.5981381339878331,1.132668988249795,0.4133333321764584,164.68809544262993,93.83194902553501,0.0009675839942479745,0.5334210138147014,0.33593161751677236,0.07176808143390423,0.013724897543355612,0.19681358858110715,0.023402974399024393,0.7800875405344377,2.1634319374641917,COMPLETE,IZ-D
33,0.87,0.7024540495978828,1.3214865308309605,0.42427293904266783,167.9667659788028,116.81080046093741,0.0013348401663997216,0.5567249072035058,0.3082530346506638,0.09222226989076708,0.016261433438947735,0.3104344890373858,0.021676263407769743,0.7706375719261856,2.6802984995043038,COMPLETE,IZ-D
34,0.86,0.8186003217674045,1.195153823589057,0.40070685250385507,148.06486208852198,113.01224344535036,0.0011154313531087365,0.5104003491604743,0.2743969244661182,0.05824311532938612,0.03725163805829544,0.15252942228947136,0.02603057071287669,0.7530277600273196,2.4655519533643595,COMPLETE,IZ-D
35,0.87,0.7572044464931283,1.0500551573875558,0.4413491134134278,161.13169750823718,125.43877506820701,0.0012474275574094374,0.5474345303980683,0.3492965629604749,0.1633213310146318,0.027346704461387455,0.2588049372434148,0.028814448112086218,0.7624371698973279,3.6407732963529957,COMPLETE,IZ-D
36,0.87,0.5044036548345138,0.9418401537239396,0.3670956287296409,169.96365150440056,107.67016038244564,0.000992624055636975,0.4893002764560551,0.28500766575044134,0.0814365099195405,0.049965291892502456,0.10935253583015242,0.020137994146383335,0.7118459651837302,3.3530708067582973,COMPLETE,IZ-D
37,0.88,1.1107230860232282,0.8141669223737429,0.47885000150781243,143.8239837160898,92.23475806510552,0.001317796711938801,0.562974217565773,0.31060636901183336,0.13911676469069437,0.023072813630939035,0.19822032853415303,0.02391536431998649,0.7892900586287962,2.910595484331176,COMPLETE,IZ-D
38,0.88,0.8114238701741789,1.140841682897409,0.3877509471666944,162.8240130260207,122.22715738643306,0.001037398492044826,0.5157932063260944,0.33668830394413296,0.06505052235394093,0.03422804096443591,0.24390276421086352,0.0381946211224952,0.7274166726878691,3.8249215437845736,COMPLETE,IZ-D
39,0.89,0.5897156012837019,0.6005633875518945,0.40903716775455695,136.83935200350385,112.44286478880254,0.0011617200415820288,0.5786956853449178,0.297638479952819,0.1835661599752504,0.02448020171162812,0.022606520069904185,0.039976782790641666,0.7738038490818031,2.2012894550531663,COMPLETE,IZ-D
40,0.9,1.4851690942432922,0.8632679178087299,0.42185482142122543,165.5193648514663,103.93428214881746,0.0007847877709265202,0.49816379017795437,0.32666365777912265,0.10007882786090161,0.028809970851637334,0.05778794448723005,0.021743396127581544,0.7449609934449918,3.418378613845534,COMPLETE,IZ-D
41,0.87,0.9271693297399284,1.0144591243197019,0.45554398138480334,161.14310509817875,101.09099016846973,0.0012334018529472916,0.5280486620766989,0.29509090125367576,0.10920872264625528,0.04474454223887754,0.18199498174958928,0.03674377672498599,0.7921939664571321,2.3730445458354494,COMPLETE,IZ-D
42,0.93,1.1668574321111855,1.0647988638611452,0.445161406907416,157.03608474289152,110.687127754889,0.0012021708329524854,0.5110637241616378,0.2644008105414283,0.055253808438593024,0.04364117286217778,0.2265255148825036,0.038302085949602875,0.7603022517265301,2.484831787439632,COMPLETE,IZ-D
43,0.93,1.192222024656128,0.7588136275928297,0.43685135086959054,150.26800887895345,117.28749173261137,0.0013136320055793201,0.4813981938346577,0.2589329249480373,0.051107003092280584,0.03900977388132718,0.22231954854910418,0.03837482673100724,0.7624982684764549,2.4911910411530362,COMPLETE,IZ-D
44,0.88,1.1639699015283556,0.7631088573124765,0.46849802372743815,150.0800008557962,117.67908575495343,0.0013861129210111255,0.47775852508615757,0.2619839299388436,0.054104345857299924,0.03915611945754758,0.22492500751695396,0.03793267258367342,0.764467043525806,2.6854485094546905,COMPLETE,IZ-D
45,0.88,1.2085844046675531,0.5274674047327438,0.4456402953777094,153.08675600550995,127.32863986990155,0.0012971420897022856,0.45824763915283884,0.24928237458927524,0.05678965957209772,0.04159491396978308,0.2737989355439487,0.03914022149400685,0.80242953471691,2.499345274195001,COMPLETE,IZ-D
46,0.86,1.3343363009114038,0.6390704027998371,0.43494859310198214,149.60749425153514,114.45662555821488,0.001371986390004184,0.4844896549027411,0.22073382656786633,0.07404975159739788,0.03576006389749166,0.23996935728701982,0.034176111268994835,0.7596388551078748,2.296701554907588,COMPLETE,IZ-D
47,0.87,1.2168770175152646,0.7459208060395659,0.4268919094108661,156.98125427118728,123.40145156859806,0.001287368082204317,0.4417131861135683,0.23427139440990027,0.0507526224494935,0.043849436711251466,0.20559941328662248,0.035868153326256695,0.8070656426079107,2.127085969766994,COMPLETE,IZ-D
48,0.88,1.0896054474155183,1.059460800726036,0.48618193089607586,145.6979565893407,118.07986655555435,0.0011748521146771487,0.4649385280687967,0.26812893911164276,0.06524106800091085,0.03134924163993505,0.14551176151723366,0.0388368737557032,0.7739022025772776,2.875722459462448,COMPLETE,IZ-D
49,0.88,1.2642610810716135,0.9700861691927162,0.4661329041668436,152.91395658605825,107.77538924167017,0.0011950713253859446,0.4994148842244331,0.25200277066278864,0.06024383213819011,0.03858888690214063,0.26150468399033766,0.036932492106296004,0.7312633581503115,2.6259112718479507,COMPLETE,IZ-D
0,0.89,1.382,1.219,0.471,150.0,110.0,0.001,0.453,0.344,0.137,0.047,0.343,0.035,0.774,3.584,COMPLETE,IZ-E
1,0.87,0.7582821300077605,1.310512148657645,0.4497602606539972,135.32987814693422,123.01989135102005,0.001382871982695794,0.5487117538386607,0.15696828096581253,0.12050920765500024,0.02695739617820147,0.14372518593541944,0.02790112037107703,0.7859101868069392,3.6478013322137723,COMPLETE,IZ-E
2,0.9,0.9468886342112796,1.4656276672690614,0.32785658744686036,164.1860071447539,96.57467670876939,0.0012157067963128978,0.552306947535918,0.2593246423785637,0.0758571103890153,0.014093238465990358,0.16234680624901843,0.026234519848878823,0.816077337662116,2.9120834798831803,COMPLETE,IZ-E
3,0.88,0.5572074872473655,0.5059492231238333,0.4935641662107945,166.88714268614228,118.00883081807802,0.0014264774714584886,0.5527553916571603,0.2509215605082799,0.19205856165596225,0.03686141475357592,0.28549937079585297,0.022814992604410566,0.8096240002165794,3.153941903999767,COMPLETE,IZ-E
4,0.88,0.6618067598667864,0.6529494398804141,0.4241872313127162,137.11139248137678,95.31081093616993,0.0008020318639002224,0.559013179892192,0.21190873805796553,0.1613701247941857,0.02800148774644761,0.2834263117377019,0.03260466424353501,0.7701023267463348,2.052700950021056,COMPLETE,IZ-E
5,0.89,1.000026750666998,0.9509260162741067,0.40142073931063593,151.81186822487146,122.66123125314442,0.001003579311150887,0.5621948139270786,0.2174568138829468,0.07525285981026299,0.04914115972256487,0.08977877080173226,0.03632403891934306,0.7039827928511536,2.6634618041143217,COMPLETE,IZ-E
6,0.88,1.0497654261432992,0.8504632497706115,0.3588855873681084,140.65549104099316,129.59435156363958,0.0009548221215302446,0.5342644967910394,0.3010813905660721,0.19547762431672344,0.041419592157408626,0.11379392602646661,0.03574523585728805,0.7467159721239742,3.4958191296122374,COMPLETE,IZ-E
7,0.89,0.8586755158307214,0.8928584408859979,0.355982931447256,138.91489408496938,117.62177076359424,0.0013272427618981932,0.42234152504292444,0.20825094659368107,0.10022299738255025,0.020470538949945917,0.1847013201193672,0.021932651759812457,0.7539753618027447,2.356888286206713,COMPLETE,IZ-E
8,0.88,0.8948666121842659,0.813747300573024,0.3809232842958655,150.49904477405317,97.43620095384875,0.0008945628820130496,0.5761801816180885,0.34586383352530237,0.11068930314521877,0.0261931827571271,0.12690022007876622,0.03692611418003508,0.7907235811312157,2.572821440817726,COMPLETE,IZ-E
9,0.89,0.9845479734625565,1.4125261526612096,0.36595231639083525,141.23538005938963,116.81340912295927,0.001488191221193571,0.5160676636691126,0.17736429096391512,0.1351740379731287,0.03834403481061554,0.22796491142032493,0.028348454413829736,0.8934426352571558,3.1371397186427608,COMPLETE,IZ-E
10,0.87,1.255974100827089,1.124913563527074,0.30006308874901416,168.94107283242099,103.78849078872875,0.0005260186488554378,0.5996659322620701,0.27962109866088575,0.05049321416017634,0.011161300393749166,0.3853468958892369,0.025241420246082006,0.8452545762286432,3.9527871721141636,COMPLETE,IZ-E
11,0.9,1.4243372136178127,1.244094149656079,0.3197123300718031,160.1654833307109,105.75992444128495,0.0011803166812043976,0.45604235911106683,0.33567958371552864,0.14349212134959102,0.014451722743171982,0.3939560175191891,0.032157989906631566,0.8298468021300135,2.903996524717654,COMPLETE,IZ-E
12,0.87,1.4944975251481523,1.4018990850833126,0.3088174879778141,160.5280481659362,90.72741590106402,0.0011936459354351416,0.4826667693881185,0.30770744075642525,0.1580830034529968,0.010755860002356524,0.03300488461633094,0.03162129328118188,0.8432083647419591,2.862685281749449,COMPLETE,IZ-E
13,0.89,1.1837922279193176,1.494049757102677,0.3238238549994169,160.48197851398322,104.52281801458122,0.0011937870048629817,0.48074838681114385,0.25771559693690604,0.093595862277662,0.017500895667405883,0.22484180867585193,0.03995355376538379,0.8307687945560903,2.997012559015512,COMPLETE,IZ-E
14,0.89,1.153900391853475,1.150690365234627,0.33255436349543177,159.19792922300277,103.21061945717655,0.001159374319314709,0.43776971357487565,0.3096937467235171,0.06820849993717622,0.019479055672093036,0.398560088809982,0.026143462040092727,0.8787699949849872,3.324193944902359,COMPLETE,IZ-E
15,0.89,1.337177572396827,1.282169251121982,0.339055383517613,156.40385744623413,109.69359729937544,0.0012885230224484122,0.5011137344010417,0.27942565517034856,0.15836124784983951,0.015101278424916006,0.2904047378470193,0.032064277615333446,0.8217487148510816,2.7528530438891665,COMPLETE,IZ-E
16,0.91,1.114022164640902,1.0586705313283877,0.39875640226951214,163.5135001978179,97.42209111972025,0.001101366979071692,0.40329080477999346,0.32832924764644766,0.08325021176370591,0.023075476438635667,0.18607488175410453,0.0289354207127071,0.8632696776789788,2.3570940737078363,COMPLETE,IZ-E
17,0.86,1.1382875823824186,1.0350563736795408,0.40341069096527027,164.90870421181612,90.05795169792106,0.0007168457532915775,0.40074776510854704,0.235863972419247,0.0797768263782891,0.02259124943397254,0.17316315030348622,0.02017782632933876,0.8623540349412852,2.3062406602749492,COMPLETE,IZ-E
18,0.87,0.7976502735668682,1.034343387528876,0.43928780612821705,130.85041940274132,96.71995814164615,0.0011073250980449289,0.5195883088702673,0.2813794104716312,0.05033865453710274,0.03350370869895673,0.06587025483224412,0.029272706760707562,0.8663045626854458,2.0019977456001206,COMPLETE,IZ-E
19,0.9,1.0669805769788783,0.7161045821144214,0.3829747100727032,145.7771104258683,99.6833624499643,0.001096491971530255,0.5995102363659783,0.3224270042116222,0.09024009131005616,0.023594564799837132,0.24394690285279508,0.024728726523423644,0.8993555758147969,2.4372138984051532,COMPLETE,IZ-E
20,0.88,0.959703540635738,1.4944300647430286,0.4217300446106693,164.23945918925176,93.44274984191472,0.0012776227810048564,0.40115131751631333,0.2668271197801985,0.06981001867852825,0.031688259938430524,0.16766380501744935,0.02678626895410609,0.8064931678028024,2.1916673273538887,COMPLETE,IZ-E
