number,value,params_c1,params_c2,params_c3,params_inputWeights_max,params_inputWeights_min,params_interSpeciesRate,params_keep,params_noCrossoverOff,params_probabilityAddLink_Large,params_probabilityAddLink_small,params_probabilityAddNodeLarge,params_probabilityAddNodeSmall,params_probabilityWeightMutated,params_threshold,state,study_name
19,0.94,0.6070026379699416,0.8133292491863262,0.3584545742818386,148.84004080062897,118.35587078623375,0.001171964654670924,0.526451088859891,0.22989743544891222,0.06774545467110961,0.029174444166974678,0.1318657634538185,0.03523105255124846,0.8068418084170871,2.6144519232043617,COMPLETE,IZ-H
20,0.88,0.7430559248153724,0.7961765329016532,0.3934519351609147,136.00008584273124,123.45874739579868,0.0009501382550748895,0.5566766544432896,0.21235597343661564,0.057417882594527916,0.04382269641306229,0.23767708141990757,0.034955356896974724,0.8071060903136734,2.4833186069471203,COMPLETE,IZ-H
21,0.91,0.5972598863233368,0.636600908807584,0.348917598851889,148.68245703294048,116.47391584798511,0.0011678294481402513,0.4829609785023505,0.23560105413364857,0.07377758115650165,0.02867682982937527,0.12759117090810898,0.037794898415501314,0.7316365965463165,2.680567362365963,COMPLETE,IZ-H
22,0.9,0.6017008561981263,0.7554400649781414,0.35614676237281984,135.30771378159082,112.25393450247869,0.0012930748163516382,0.5223991865958622,0.1806469820590322,0.09273025830777624,0.030605804569208164,0.19499586085130144,0.03475964608137707,0.795350434251506,2.3096722312933124,COMPLETE,IZ-H
23,0.85,0.8159945008940894,0.6066058633921521,0.3237941557956339,148.17198727092773,118.46255222630136,0.0011314642812822295,0.48347210402423685,0.2669578878672073,0.09367998364161288,0.035766427447986075,0.1188594913199338,0.038130420178439074,0.7583996611188459,3.1136568411943384,COMPLETE,IZ-H
24,0.89,0.5102772256838936,0.8538556318561148,0.36573256088696643,165.5329798461418,107.30891346384524,0.0012296046532579395,0.5920986905208393,0.23212988118233469,0.06941316689687405,0.022468510059987852,0.16445309857769186,0.03639248347038007,0.7917615801379325,2.904564354407401,COMPLETE,IZ-H
25,0.88,0.6349770158412554,0.9516414838046807,0.38831594843818135,157.75341181701853,112.29721233404628,0.0007513276958328604,0.5205070950056204,0.20501886363574268,0.05185415338689037,0.01524146077407625,0.07961718697168177,0.03888389254574509,0.8259268356686148,3.31109486521987,COMPLETE,IZ-H
26,0.93,0.9277156104621218,0.669820591780051,0.3266730795259874,152.81969925318538,119.52949493515692,0.0010463139953421888,0.42596754929710556,0.22265871272621893,0.1198581853083514,0.028253894127505202,0.036240400494604114,0.03494529021403963,0.8684321526046778,3.7510021217801275,COMPLETE,IZ-H
27,0.89,0.9556652577708822,0.8066787491942462,0.32053863955655315,153.0188221619388,124.6958891615522,0.001021989584841171,0.5508073874775066,0.19193509313433638,0.12148664724591426,0.04962226638999939,0.04820193081396229,0.0342407641861654,0.8609792854756024,2.314737106730069,COMPLETE,IZ-H
28,0.89,1.0500308783012189,1.1262609086519204,0.3637221483217646,146.6708512017807,119.94697084766145,0.0013512067664720718,0.48322668777577243,0.17359604425633435,0.11994878873810509,0.028067722890437585,0.0472240302979246,0.02965017557997047,0.8203799054716707,2.765801958536626,COMPLETE,IZ-H
29,0.9,0.9105458892131173,0.691517422039213,0.3206603075141684,151.34713254841088,128.04062416436156,0.00094538234565067,0.5997749649922498,0.2204894299712377,0.08279956103026145,0.03348005708968947,0.024831409972636657,0.03586764556989732,0.7760866282007037,3.5975345321040706,COMPLETE,IZ-H
30,0.9,0.7474505469486377,1.4913736175893093,0.3019984865766391,155.54382680130928,110.98241223845939,0.0010693323595606053,0.44243497196192844,0.25765645968086315,0.06275408637289061,0.04311336213226743,0.18387476033047945,0.033817236859370256,0.7217946699710048,3.531108227265832,COMPLETE,IZ-H
31,0.94,0.690381074646894,0.6171684210698029,0.34605154290715134,161.3829690308428,116.60448745923392,0.0010973896188228793,0.419698045075681,0.23999219556978565,0.10085357051080499,0.024105705042398267,0.10868990853090567,0.0375179602161361,0.8500605555059397,3.7248630799487814,COMPLETE,IZ-H
32,0.9,0.6913062130535385,0.6764343019283949,0.3623968647253011,159.764391585734,116.42241899071715,0.0010322167617586673,0.41999130322955935,0.22766253281041124,0.12993350442542703,0.02348818717847889,0.14881084923709653,0.037268788546933995,0.8447856005881383,3.682850680444218,COMPLETE,IZ-H
33,0.92,0.7810833373081124,0.7732577571998555,0.3331998248879833,163.6796394799897,123.81915367335095,0.0008985377744931244,0.45306125823611293,0.20841987689108582,0.11083347819449095,0.03069618673034807,0.08595532137940637,0.03547092797715672,0.857714636723926,3.189684071380186,COMPLETE,IZ-H
34,0.92,0.8488354260419835,0.5598959556405081,0.39295905065332576,145.6328894442986,119.37842721923596,0.0011138320261206134,0.4043436307441541,0.1926114175113068,0.08617562118500255,0.02160415308959232,0.06110765306519848,0.036935346719308704,0.7060798260391874,3.8259677684348254,COMPLETE,IZ-H
35,0.89,0.7172037861952871,1.3267804466566433,0.3449516726181748,140.36131252349455,116.59062918402856,0.001244686198386829,0.4508272393002904,0.24095482251041211,0.10147539488857693,0.03604911855383905,0.13368013545561272,0.031317223879360694,0.8714217241569946,3.0669236288525177,COMPLETE,IZ-H
36,0.88,0.5713278669122498,0.8887188827613176,0.49530946087787153,134.35330264183068,122.16281566042693,0.000789370447325928,0.5108321520727357,0.2162625650034362,0.07476194115901709,0.02732070088068758,0.09259997309848696,0.03365272430722574,0.8450646661426936,3.4515751462889526,COMPLETE,IZ-H
37,0.88,0.6733856132781365,1.0140597531872046,0.3710084041497913,154.46058707076557,129.71348064558856,0.001144434587936072,0.42884768322211714,0.1661350344114365,0.11560641011642188,0.03879608396517591,0.1104589036749431,0.032305424958998394,0.8149794183600639,3.215222465725036,COMPLETE,IZ-H
38,0.9,1.1010302257832947,0.8505246335831288,0.4387403321012094,149.69312368872326,126.25072529107393,0.0009937483705851295,0.4925415358132374,0.24292370197814483,0.1472066021824484,0.03177362772213773,0.14320582309394592,0.03521902254828979,0.8816072259827467,2.982384556657323,COMPLETE,IZ-H
39,0.91,0.7951851475102029,0.5992141244424543,0.4029138150817035,157.3835536709098,119.86380452959351,0.0011826195345801818,0.4182694307817124,0.19828997154560446,0.10200534813029793,0.017739435867722645,0.06862414548027929,0.038999452111399685,0.7856186805845414,3.6684880424423834,COMPLETE,IZ-H
40,0.87,1.2100733959253693,0.9447820482696005,0.38285200199114283,142.1722105094365,115.91071212655604,0.0013311545577893479,0.4637262527912446,0.2981869100256271,0.09071143172378529,0.028588879407538507,0.22012188354764806,0.03042787400846783,0.7656381985210843,3.872334300816031,COMPLETE,IZ-H
41,0.92,0.7687523418011608,0.7605763307594144,0.3348013421638264,163.4036488928939,126.34542255180882,0.0009215840488711035,0.4404374089248975,0.20833112215943764,0.11450347685323847,0.03309413366378898,0.08669454539838696,0.03574810872442175,0.8599291384432292,3.2059638165270465,COMPLETE,IZ-H
42,0.94,0.8763956033894043,0.6554479933440607,0.3290398323774571,159.28426920948627,124.59087820652708,0.0008713834979168695,0.4572906046398448,0.18504928452057323,0.12812451444676268,0.04113346425741366,0.10583134534436792,0.03765930792331811,0.833855412491147,3.792226435740277,COMPLETE,IZ-H
43,0.87,0.9393023586072796,0.6491521327272668,0.31391549501569993,158.91345540718086,118.68201642880325,0.000821651867509142,0.400821272557078,0.1828874783571104,0.12864395140666576,0.04031184463561059,0.10782684969698686,0.037422586420336565,0.8355630488073899,3.611032900122815,COMPLETE,IZ-H
44,0.92,0.8804525515299874,0.5444354585574911,0.32729087054786754,156.4173137676698,120.81948082165542,0.0006308717588005497,0.42407040507356875,0.16290309022683902,0.14293673535016846,0.03832627281647638,0.17204408963332407,0.038720782891241756,0.8280760309088123,3.7646828353994843,COMPLETE,IZ-H
45,0.93,0.9859817896523381,0.7067617766884264,0.354378900451478,161.38889672705227,122.8604808230065,0.0010733896285208498,0.5372366071381546,0.22136898696271778,0.15184249618524084,0.042878094488875446,0.03433008278825454,0.039578074829411294,0.8035900645248296,3.4639259611859607,COMPLETE,IZ-H
46,0.88,0.6270426867732481,0.5903962981571177,0.34364540042772773,152.95144558622061,125.16081895422644,0.0008336928381910397,0.5655606920820654,0.18934495212930094,0.1350951201469094,0.048676060373014834,0.12953938547888624,0.032886104897260196,0.8493104955834802,3.829726253892198,COMPLETE,IZ-H
47,0.9,1.072924892716754,0.7352578797413492,0.31276416959797715,169.7526413173538,118.06925669923962,0.00103735666335321,0.434135918866784,0.23542387755525454,0.059312336753529905,0.03674512685083188,0.10264150635834773,0.03706363856063012,0.88884208449751,3.979581702466009,COMPLETE,IZ-H
48,0.92,0.7234226232600361,0.653026935370466,0.35901434209363137,167.85807467020012,110.64285363468016,0.0014778024843989641,0.4128562448993881,0.2618763113893475,0.09932403716855986,0.02599441880348251,0.15261758609247683,0.031505580380790835,0.8359080768293382,2.612514293896364,COMPLETE,IZ-H
49,0.92,0.8350922725298546,0.8287430521046998,0.4165739689934027,150.74382123029412,112.50353303804768,0.0011045217001751939,0.4516701116668916,0.2813089128780907,0.1660386563059935,0.02414427060476037,0.17502708016269256,0.034393075413013084,0.8719718804434542,3.906106647749972,COMPLETE,IZ-H
