number,value,params_c1,params_c2,params_c3,params_inputWeights_max,params_inputWeights_min,params_interSpeciesRate,params_keep,params_noCrossoverOff,params_probabilityAddLink_Large,params_probabilityAddLink_small,params_probabilityAddNodeLarge,params_probabilityAddNodeSmall,params_probabilityWeightMutated,params_threshold,state,study_name
23,0.9,1.215032335051144,1.4902601916514948,0.42528957014515,159.02876819888442,113.95576597144114,0.0011256515439507593,0.5990749977512452,0.2622502759118623,0.1617668573753267,0.0447740121428869,0.1942307656027753,0.026040869332733963,0.8529291593426941,2.0292894622866693,COMPLETE,IZ-B
24,0.88,1.423625368213295,0.67178563953357,0.32037797265861784,153.13979064965915,119.29543490217009,0.0012349446877484571,0.4814372606134617,0.24183560605967747,0.13816486837262265,0.036487522980808,0.14308601639500867,0.03726746924033747,0.884845428321812,3.3156719757001123,COMPLETE,IZ-B
25,0.84,1.310429038126929,1.0822982111922106,0.3501881302193246,166.22921756671326,124.63515732577915,0.0008831880125875784,0.5418025122124387,0.1504175814352522,0.1763818433102679,0.04219202931076183,0.30621657221917176,0.03325171459202928,0.8526286268034051,3.9267753643999748,COMPLETE,IZ-B
26,0.89,0.8397350805437369,0.8829323169312058,0.37566218625811565,168.16433412621427,129.67378007031414,0.0013715300409214235,0.5607168978945015,0.18243185197881404,0.13037878550368134,0.04637166913002292,0.2580496823850817,0.030865490326224057,0.8834774183772366,3.4516155771414403,COMPLETE,IZ-B
27,0.9,1.0266369057398215,1.3771531880647996,0.41394247827349673,160.70638532725238,117.52921595884318,0.0010287243943410624,0.5848501814575193,0.21717403953233758,0.1492307410532695,0.04684743129490952,0.17640393613852776,0.028449029265473977,0.8198986620914827,3.805600701241587,COMPLETE,IZ-B
28,0.88,1.1838055432110743,1.278666739752174,0.33859672824554665,164.36060156141687,107.90195910192685,0.000946978425305786,0.516869722936091,0.27070088750891375,0.1879783773189549,0.03829258800851234,0.32601604977916654,0.033642502707504615,0.898514352305691,2.7764005794872544,COMPLETE,IZ-B
29,0.91,1.4032442514672876,1.137885425462774,0.4424741024325637,148.0850189025836,110.72023614944627,0.001046973194507514,0.48044075200347697,0.2904443746990442,0.1417548590718106,0.04741856088212814,0.09512687726470284,0.030148022473410075,0.8757058331992287,3.622140342481103,COMPLETE,IZ-B
30,0.9,1.4533854032139635,1.4167750066226608,0.39222839539571375,154.17023686333619,102.00086060638502,0.00137586893932082,0.5332353360561132,0.331450810665399,0.11538072028851706,0.04225548810695611,0.14681000495303903,0.022502347234332056,0.854146504744535,3.6559422725386694,COMPLETE,IZ-B
31,0.87,1.2465440705460538,1.4593616693410651,0.35701282009004437,169.8281154529046,129.8342526486186,0.0011998179454899148,0.5644916679378582,0.266243960760664,0.17570645031372278,0.03339616282268831,0.23153272767922328,0.03113203560814995,0.8949844580412574,3.846352283135027,COMPLETE,IZ-B
32,0.89,1.3261010598529104,1.3736731275700536,0.37079229811206127,167.1881989759256,127.00110814610859,0.0012325622812449696,0.5539353921802568,0.27818982923756413,0.18548122510939377,0.022583017226433213,0.2652848394199156,0.034280487988347916,0.8840371528632845,3.5092354081667616,COMPLETE,IZ-B
33,0.89,1.127032417064392,1.255154276122367,0.3338765138209873,166.8528598019053,122.8528545428839,0.0011389860388223475,0.5515043401889109,0.25599004256709185,0.15866923749380188,0.029918133053416625,0.20398791499889152,0.036948176202223695,0.8759406100699613,3.726043010723251,COMPLETE,IZ-B
34,0.92,1.2219059718526812,1.4351871944064303,0.35821249486950896,164.22112201054594,119.84332151786876,0.0012676181186812485,0.431818578392768,0.30443550671620845,0.1702005293360459,0.02749217840866185,0.2427737766920131,0.032149860534197106,0.8979582243223029,3.2010819046940493,COMPLETE,IZ-B
35,0.89,1.1917110323220537,1.1311712608168538,0.31595828675132825,159.06329304677848,118.14435226074144,0.0014624853684627175,0.4054140619779567,0.29891956673637643,0.16932536335901918,0.026144750642197845,0.2907961807403994,0.0283876632458346,0.8318952531829713,3.1126759105047066,COMPLETE,IZ-B
36,0.9,1.0724710457293825,1.3603450957951801,0.34207448483920655,163.9472081589782,113.4673338374953,0.0012838264954702452,0.43914869098493736,0.3133071906228895,0.129714158984018,0.018309463378345943,0.18343435009506617,0.0359753095665751,0.8595182729794152,2.957516358780783,COMPLETE,IZ-B
37,0.89,1.3733910220327676,0.6798443946406274,0.39646876590077557,161.70869007700426,121.10146734703363,0.0014456298109128986,0.4198091796359347,0.32485790790466623,0.1995046633167979,0.02241159551467576,0.2456900248264932,0.02563071617895229,0.8028405458187933,3.295742900142918,COMPLETE,IZ-B
38,0.92,0.55703562610222,1.4227074584734765,0.3078116854527407,143.56994349622482,108.48000312304404,0.001356544458338189,0.45834471109693486,0.304189854182841,0.15299962440688322,0.04039317546448831,0.274093760585432,0.02737758551519569,0.8416469595417472,2.7722612895519303,COMPLETE,IZ-B
39,0.89,0.5671770701789602,1.2529642053630514,0.3031591188079354,145.21252481491413,108.59466052723027,0.001252478505437709,0.46127329809639595,0.3060563217971486,0.1448034339809591,0.029030234189761958,0.33363549804538817,0.0322352785717507,0.7615708795661769,2.557337019833749,COMPLETE,IZ-B
40,0.89,0.7354650610925441,1.4440519129998524,0.45721490973108186,141.1220595389796,111.96078396702363,0.001345150744796861,0.4449940589631414,0.3312405780404578,0.13248950747493457,0.04661001273439646,0.27474142435789956,0.027074960525232384,0.8422410013197478,2.7721391730057663,COMPLETE,IZ-B
41,0.88,0.9310140269013976,1.498224477335493,0.3088520675218886,138.3725075643227,115.02571524965025,0.00141990898058858,0.43390714748919246,0.28464284355549463,0.1566185648950775,0.03998176100498937,0.3079568930120706,0.027995293306814783,0.8089892068060281,2.869815760660862,COMPLETE,IZ-B
42,0.89,1.1552856820394397,1.4318775551072582,0.49025833292419596,135.18127161322656,118.91391320498347,0.0014894619688683274,0.4531926717800165,0.23748431098511058,0.15391278129094405,0.043191663514295243,0.21645937186542696,0.030073962108646754,0.8886897724468709,2.4226251108734584,COMPLETE,IZ-B
43,0.93,0.6394726229817962,1.3406455191345332,0.3320290671048016,143.3951990634904,105.81635764769426,0.001406192180849091,0.41877712203280143,0.1656218486977879,0.1652492159348113,0.037994241643019386,0.284098774717895,0.026082521238711867,0.7912831631656534,2.6987415947370885,COMPLETE,IZ-B
44,0.89,0.5860650975640552,1.3434465420813912,0.33120529955002304,141.6202243180699,104.3393210262807,0.0012800837915042018,0.4222952397488516,0.15916730287512873,0.16983539752627172,0.03783434925234493,0.3552856849029041,0.034264413893749915,0.7793911162186559,2.7058832542444646,COMPLETE,IZ-B
45,0.91,0.669903229412191,1.1659602621490956,0.355627686913093,144.25031207884865,109.32832869645124,0.0011798588310475498,0.4054747376709778,0.3012480705687497,0.15960593761490044,0.04134790881570584,0.2783129683253702,0.02897138183736429,0.7913871939758623,2.409733074452812,COMPLETE,IZ-B
46,0.91,0.6292560814427052,1.4095664698083488,0.3150643890263124,146.15458551184173,107.08620893282503,0.0014038415241606269,0.4134960821987671,0.3097869374226788,0.12095812478403922,0.02720432760571424,0.3688325380209712,0.027434223554582027,0.7660172935389215,3.186331467108856,COMPLETE,IZ-B
47,0.88,0.5158460475602651,1.2288796555302175,0.32645488644462894,142.3539007217849,97.83037098690427,0.0013314225870905334,0.46910267855785287,0.33935947055352167,0.0645558525063166,0.045331031647327526,0.24665343458467884,0.025454240400980502,0.7294236222032744,2.9960685627772867,COMPLETE,IZ-B
48,0.92,0.769142221576088,1.3046336997091814,0.35695011041341146,135.97153422854498,105.6669265008772,0.0011295468086810782,0.4326574135480045,0.2178296161538025,0.18219189514695502,0.033912224483555325,0.3187074638139563,0.032267094225012144,0.787913023792624,2.6704411744873595,COMPLETE,IZ-B
49,0.89,0.8766480367927114,1.0318883918241792,0.38157679318312393,147.33993398702705,102.7524787255955,0.001084284835623447,0.45341443520256103,0.19254476493247166,0.19247834748765708,0.03149896342200617,0.2939732526677027,0.03519095183673577,0.8254963051740355,2.85722954215217,COMPLETE,IZ-B
0,0.9,1.382,1.219,0.471,150.0,110.0,0.001,0.453,0.344,0.137,0.047,0.343,0.035,0.774,3.584,COMPLETE,IZ-C
1,0.88,0.691048325431133,1.4466856195152982,0.3355684721287997,167.28614465194633,93.92461546343554,0.0011059040342507726,0.42369811165443116,0.24846512251002462,0.17453732293418056,0.04919262166098063,0.1639744056977581,0.03176167533887895,0.865419608616633,3.9922554884590515,COMPLETE,IZ-C
2,0.91,1.050472469232821,0.9402902799475037,0.45059898030941276,150.90916149306454,114.45149849669548,0.0005993964267331908,0.4954966158234122,0.21773136666250925,0.17079547652167903,0.018300181988382958,0.03271046407657935,0.025266384782328417,0.7511806483882206,3.889224542986753,COMPLETE,IZ-C
3,0.86,1.221867363489298,1.0953156785788019,0.4825127361991264,131.62333323734683,128.84362247054804,0.0013153999552132387,0.5892116053265378,0.336399850920313,0.1751843843377462,0.018145527038634354,0.33536206148203973,0.020486590481809803,0.8361960827037606,3.087340094749302,COMPLETE,IZ-C
4,0.89,0.7550069555579185,0.6570067763242183,0.39447430004499134,163.19138308024966,98.54801453183836,0.0005638132217635041,0.5212910984162878,0.339677593965107,0.06176168669820527,0.04644078262897617,0.36562110857926283,0.02087689995302256,0.8466888667871927,3.776617269856533,COMPLETE,IZ-C
5,0.89,1.1811622514617883,0.6365958348791734,0.3462273548630159,152.38762889664918,93.98134724420467,0.001249334085024117,0.4121980076185868,0.29341588072643976,0.06979109065767515,0.015766233365498428,0.1730554839615156,0.023697781951714833,0.8132186350810742,2.6540620260530075,COMPLETE,IZ-C
6,0.91,1.1135169839909205,1.0728546372643075,0.4415878416051867,164.73616545765356,90.14496485913122,0.0009054050024957831,0.5270187243364709,0.2080977183613732,0.05884972795061629,0.03890491202085376,0.31713281318094755,0.021491319740958838,0.7589697622704749,3.3172567860842355,COMPLETE,IZ-C
7,0.9,1.3569842507551853,1.4906748026214145,0.3271841225942005,145.1347385250759,105.61811577397324,0.0009547974407220108,0.45617599742846343,0.22169445760479678,0.12000591289687153,0.022675193572058647,0.2958817871700808,0.030955928558587982,0.8163333329789372,2.9841436669582637,COMPLETE,IZ-C
8,0.85,1.053344266334461,0.7522101907362551,0.4921975422173054,146.45738186046538,108.53199060488109,0.0006720172950914846,0.5408770892954612,0.2840307513247629,0.18343265737072667,0.03970424577770344,0.23242584058908144,0.03445979042572861,0.8541355839751034,2.964100086346229,COMPLETE,IZ-C
9,0.88,0.5175543045869896,0.9622238207136847,0.300865166670532,147.46843968665988,101.67357176350072,0.0008946307304706002,0.5483473818009026,0.16443238527894702,0.054213558987389304,0.01489036823409902,0.20157364396544594,0.020698148906820858,0.8561101168572296,3.2977179554719562,COMPLETE,IZ-C
10,0.9,0.8756307774348623,0.8619903565705638,0.4136177861268861,134.78913403191422,121.3471344083433,0.0007251409002044808,0.4723769309426529,0.1520533496774541,0.14396366548169587,0.025598939864873008,0.05310961820759551,0.025967814116821468,0.7100068716427335,2.1820048385865456,COMPLETE,IZ-C
11,0.88,0.9995810140916588,1.1695393962471847,0.4371415057667504,158.57343589003216,116.68900597319734,0.0008031700198663891,0.49943578957690815,0.1991883992881546,0.09894673404085219,0.034399146314166025,0.05092395828801416,0.026973161017671384,0.753669108757997,3.492685496783977,COMPLETE,IZ-C
12,0.84,1.0941000451516811,0.9445827944086332,0.4439153974657349,169.96994854431324,117.72296599822816,0.000505746434113673,0.4951099197852552,0.1966225569516563,0.09303717898689254,0.03178880444199384,0.10674547418058473,0.03879025039478258,0.7342851151177751,3.9969600395604514,COMPLETE,IZ-C
13,0.86,0.9030240936213485,1.0795212974028667,0.38731065231583794,157.30800427654202,90.82047277705145,0.0011373990633165517,0.5739228325823813,0.23322501266644274,0.1558484882703838,0.010627567492300798,0.2687118714159812,0.025157010143371808,0.7800176664344731,2.60267971761776,COMPLETE,IZ-C
14,0.9,1.2663288213001511,0.5094474564635875,0.45088191952689155,137.70609410074547,114.47372618533353,0.0008166782975799149,0.5277832468776404,0.1887153162508427,0.19912449328885723,0.03863846426499916,0.11005843643945003,0.02836082851068288,0.7069902282878465,3.5980747122395913,COMPLETE,IZ-C
15,0.86,1.4455057119371832,1.3022701065545224,0.42184956133436263,141.99540251646533,124.2028195746867,0.0014821221782177739,0.5613643913856499,0.2801032060992092,0.1143211241513424,0.02807404401202862,0.38671425147981375,0.02296255572093458,0.7407654566425228,3.31771411324367,COMPLETE,IZ-C
16,0.92,0.9435233944918685,0.8641999661288146,0.376956990003459,155.48054044933684,103.5547922893617,0.0006893763547683317,0.4838894802647677,0.22451471032121612,0.08150459301736365,0.03758040543028357,0.2877996184572627,0.023513278701358352,0.7819675624178574,3.7626735594380447,COMPLETE,IZ-C
17,0.93,0.9383808158605355,0.840499197879787,0.3714241233374753,154.92271374663108,111.29515990389453,0.0006338409599750082,0.47914264124275274,0.25849678211588667,0.0867829347536592,0.022300316491788194,0.24604996949788663,0.02869327579051301,0.7932064164894231,3.7738837087604336,COMPLETE,IZ-C
18,0.9,0.8741877625752652,0.7961612690939591,0.366874511827886,155.8206274142122,105.57180647325067,0.0006923820384555513,0.46401301139777107,0.266546610486682,0.08518030016236317,0.023127671853316593,0.25655690157935884,0.02902256735585803,0.8830194798281021,3.7320673584874555,COMPLETE,IZ-C
19,0.88,0.7187985180366904,0.7146685598164809,0.36751660653962487,161.55626031069306,100.87070923555046,0.000774041628241009,0.42936641122856867,0.30659583917827027,0.07656230500251476,0.033865490903494846,0.2850516205434358,0.032768280986317753,0.7914083623024754,2.734746551646455,COMPLETE,IZ-C
20,0.88,0.9506699488867631,0.8421591745776993,0.37171781744189003,154.133405934679,105.08432919453193,0.0006249913623915484,0.4831886608949727,0.25317770062527234,0.10213389314480338,0.02911073223036506,0.2282688263431904,0.027752217102792465,0.8073046357405017,2.0937455257001005,COMPLETE,IZ-C
21,0.93,0.8322474347262481,0.9529595387355687,0.4119427854099261,151.22650446899792,113.97001605687775,0.0005921020367045494,0.5120986678595186,0.23460542776337315,0.11442310524009272,0.020389611903275446,0.1231161695997981,0.0243865818881896,0.7654638707752441,3.7979703116649595,COMPLETE,IZ-C
22,0.9,0.7948248925996914,0.84796721819946,0.4063118994108061,159.68026569575477,112.4981219594296,0.0005151398948163841,0.5110327451324567,0.23953985951457057,0.11271284419475731,0.0223914874262132,0.1681488447310387,0.023508633096533737,0.7771927768922181,3.7449109141208963,COMPLETE,IZ-C
23,0.93,0.5902739121359093,1.0265032719357132,0.38299412764737295,154.92706070750674,108.89818272953127,0.0006357347167412783,0.44413859154020957,0.2663123990111895,0.08212884579880955,0.04271781958243599,0.12240072160348994,0.022994631188303263,0.8289655427019871,3.508374774898702,COMPLETE,IZ-C
24,0.87,0.5680866432454932,1.0139725648636564,0.35146810899559,142.91460885154984,108.99407583176955,0.0006121605636957004,0.4449154592663933,0.31010286903231477,0.1321997748770502,0.01001794982153656,0.08352303097175533,0.029631085614621237,0.8319998526757394,3.472705390602462,COMPLETE,IZ-C
25,0.88,0.618912698485566,1.2138049048558643,0.4226320621341284,149.05941155657706,120.33573366629844,0.0007669459592106173,0.4395152990980668,0.26160461341700453,0.10630070081341661,0.04326218125231607,0.13564170574986925,0.026742652080638047,0.7993292585173053,3.1294655973414285,COMPLETE,IZ-C
26,0.92,0.8203211902602143,1.024739991157738,0.3892199871008478,153.0362206587451,111.23199918036676,0.0008584586283201502,0.4034798937747205,0.2749482904696161,0.08781455139834318,0.025670657612318966,0.20254905082254368,0.024493672521038373,0.8249152319528558,3.59775140475413,COMPLETE,IZ-C
27,0.91,0.6620498085417326,1.3347345227932734,0.4027450484453763,160.30077152978842,107.35794571799386,0.0005595245164896515,0.4750162287718478,0.24634323577919784,0.07146466289267106,0.020517969158697986,0.14149229306662797,0.02198693172878561,0.8894201664963377,3.8708559600504886,COMPLETE,IZ-C
28,0.86,0.6127036180658355,0.9068095865013559,0.3550203358011512,139.8948727751402,114.65023054895802,0.0006389798740815383,0.5131478385444028,0.29982116966191685,0.1259692392185207,0.014023871399022272,0.08359630737162446,0.0382831541742267,0.7964602891884439,3.39919894904146,COMPLETE,IZ-C
29,0.91,0.8076773294817723,1.146394772373759,0.4617071791948487,149.4272614395487,111.21321082517576,0.001096860665057146,0.45639806116526216,0.3236263349120107,0.1434495941783072,0.0260778329143641,0.1354639297173948,0.036619927034813385,0.7666814840626214,3.5281791437312946,COMPLETE,IZ-C
30,0.89,0.5196578466397799,0.764696446308487,0.31440508191441,152.6794294722832,119.15565526246154,0.0010277208377793723,0.4394267341581543,0.27139909063647516,0.09240646951507955,0.01964032992670302,0.0985481248396556,0.022249445344515624,0.7381726663935767,3.638400779007603,COMPLETE,IZ-C
31,0.89,0.968212548299654,0.8836219401886762,0.37980806005841017,155.1434117629004,101.471998593862,0.0007345569868883584,0.48409110181776965,0.2315369789217043,0.07744449072929797,0.04454011892992561,0.24542728704829336,0.02395048063791071,0.7860699908747713,3.8015661701172756,COMPLETE,IZ-C
32,0.87,0.9242949378985742,1.0018267818225517,0.3789476653120522,156.62330605539316,98.69661445397487,0.000663263666064902,0.46729323598751066,0.2592304822211272,0.08361351281693562,0.04977257376414023,0.19207582466005507,0.025929940998467668,0.7760184889906085,3.913473289431943,COMPLETE,IZ-C
33,0.92,0.7379301830684188,0.6612341089722203,0.3392000504061391,150.9347258516251,104.63576524516003,0.0005549329737310546,0.48208531205256683,0.21793108763071392,0.06693885558617757,0.035908775503525316,0.2668848396121469,0.02288937559552334,0.7648576176325215,3.717928209323353,COMPLETE,IZ-C
34,0.9,0.8397816599851785,0.935638270434212,0.3580373033953651,164.7304636822148,112.6378435221967,0.0005985898146403454,0.4251200760155749,0.2461414773513163,0.05142880727704752,0.042043134819391065,0.309632879173106,0.030989327213124217,0.804498923553837,3.8889325295348742,COMPLETE,IZ-C
35,0.9,1.024744726635694,0.7903043240982095,0.4243572464831139,157.46637457437305,123.49635222624464,0.0007002170948851811,0.5051742814555368,0.182647579854205,0.10540314530248553,0.04676819296749497,0.22089066400834675,0.025118456980831726,0.8274613734250332,3.6577646830187014,COMPLETE,IZ-C
36,0.88,0.6682566791043718,1.053408069997596,0.3989339046394259,150.833870036816,107.84329024160856,0.0005619167473917592,0.4919275422088336,0.22828188685852513,0.0794803864889222,0.031606372333302504,0.3389156435587006,0.02763396424657498,0.8743252717650685,3.9893182617026417,COMPLETE,IZ-C
37,0.89,1.1783954106779397,0.541769154964434,0.3860584120453274,161.83644211982582,116.10193301037725,0.0007456359881241756,0.5372669767783754,0.2079903360115552,0.09545062228347609,0.03679770985255146,0.023692524055547212,0.020316331567809848,0.8170523393887797,3.2125073490472476,COMPLETE,IZ-C
38,0.91,0.7592644849870045,1.1345752023499787,0.41246973026176054,154.96439050518285,102.98980850973054,0.0008517252830853163,0.4574414500689803,0.25654048989474165,0.06340681518643926,0.04139758537738264,0.3607772038803502,0.03375288116063222,0.8387804970626613,3.4242860356292257,COMPLETE,IZ-C
39,0.93,1.0919177133136118,0.5963420914052406,0.3414203833077424,147.8156698468144,128.87199149198517,0.0005012619040056136,0.41537985251131776,0.3498798061248151,0.11167622489086489,0.016230805861135157,0.15561059733633475,0.021755993207886237,0.7894306518032025,3.8402979227392957,COMPLETE,IZ-C
40,0.88,1.116110718164327,0.5818220663056162,0.33094966472702714,144.85455536837145,127.65971760009751,0.0005030711679093777,0.41208457998503306,0.32914579658682885,0.12486869854002393,0.01699910149388273,0.15270134962520068,0.021976856573162864,0.7179497963202635,3.845938101080703,COMPLETE,IZ-C
41,0.9,0.9906431381252881,0.7242953690189187,0.34179142091655207,148.18763729009143,96.50306195558366,0.0005915410137267951,0.4165553174323687,0.34664437635452466,0.11714202152596705,0.019970769415538832,0.1822913210831613,0.02143758201751668,0.7886834506337013,3.6934488211941114,COMPLETE,IZ-C
42,0.87,1.0513539819559872,0.6241698557476715,0.3621887259553381,151.59990277784976,128.55531769745,0.0006684295915128161,0.44612376720179686,0.28511992847417744,0.10588695333577045,0.013290713889285164,0.11915353293971553,0.024146654957561825,0.7663861081404719,3.826981605300893,COMPLETE,IZ-C
43,0.87,1.2563054590112985,0.9775656637720581,0.31858416064976663,146.06472678688684,109.79388043268595,0.0005554017768678093,0.4299790803674112,0.2389333086024226,0.07157233588024078,0.012521005744853073,0.07793015904322917,0.02020470605522387,0.7465979008128223,3.5578999313265816,COMPLETE,IZ-C
44,0.87,1.1668095251450323,0.6871969903429014,0.3766998569778806,153.6133667881916,125.39963193120063,0.0006454444731530433,0.5208743498758963,0.2247614969197704,0.08962917739216486,0.023602202901526287,0.15499764687731876,0.022829188393495785,0.810756066171384,3.9384846862244136,COMPLETE,IZ-C
45,0.88,1.0802532869286179,0.8338803228559798,0.3952480141592087,149.68318113768652,98.77113493776203,0.0009611164462856947,0.49138289606296026,0.20799785846693106,0.11180763454299929,0.016800217680015293,0.28905024894049364,0.02600542449128115,0.7843147879858526,3.789347861784867,COMPLETE,IZ-C
46,0.93,0.8866716900513203,0.9171960566769248,0.34885989291354785,158.80046900666105,106.7564730962867,0.0007036199234236352,0.47461284613777394,0.29423830479701857,0.09952309205281393,0.045313159783454855,0.12117120114752335,0.021143438138129477,0.8425226915879717,2.9074232725755107,COMPLETE,IZ-C
