number,value,params_c1,params_c2,params_c3,params_inputWeights_max,params_inputWeights_min,params_interSpeciesRate,params_keep,params_noCrossoverOff,params_probabilityAddLink_Large,params_probabilityAddLink_small,params_probabilityAddNodeLarge,params_probabilityAddNodeSmall,params_probabilityWeightMutated,params_threshold,state,study_name
47,0.83,1.2085017957960855,1.4605417410526138,0.34610175772233415,131.54857572101002,124.9125687992671,0.0009764610115969854,0.4112688222693482,0.17956290617781556,0.1698984944391705,0.044475080764030235,0.1396569511236852,0.03784471633659235,0.8024466273224116,3.0624311654727148,COMPLETE,IZ-C
48,0.93,1.3185507433954622,0.7425669923409453,0.30307049777731393,140.5957688170078,122.288091698096,0.0008952553758531381,0.4219923450035697,0.15735043721099642,0.183641446600164,0.04070108464512774,0.22561175908295455,0.0366977628625347,0.8470375333327749,3.162829363321245,COMPLETE,IZ-C
49,0.9,1.0763454168373103,1.3116939140513406,0.3246192786422749,160.99552248500154,127.38935800279015,0.0012493815344606883,0.40048106153935026,0.1610733082335915,0.1586462781433946,0.03880936857952685,0.1255156656489678,0.023493036177636036,0.8206757775067416,2.96214077108661,COMPLETE,IZ-C
0,0.92,0.7,0.637,0.409,150.0,110.0,0.001,0.489,0.233,0.142,0.048,0.274,0.031,0.728,3.148,COMPLETE,IZ-D
1,0.89,1.235958409499675,1.0035016800815004,0.35618419734056556,150.44324262202602,92.37345994709571,0.0007540998083652097,0.4967862344054515,0.2108038714746283,0.0680361457233457,0.033618606776089306,0.08814708394028757,0.031760136064810686,0.8089075974104883,3.0218296824954463,COMPLETE,IZ-D
2,0.93,0.6831404742199114,0.9706963805800182,0.4113728445853996,138.5078932317934,120.76834700556574,0.0014590824260656496,0.463317811356651,0.30197254321684586,0.11180005598906767,0.02395297986787346,0.06827449361294063,0.03336195811587505,0.757841851977929,2.6711365105673464,COMPLETE,IZ-D
3,0.88,1.240202578139058,1.3702227149309822,0.3513925972590216,153.3089932721738,121.06420017857124,0.000683539928787113,0.49511913297060717,0.20982801780853982,0.1010794052336999,0.017425905098996785,0.21210376563630604,0.027557499427708798,0.8622227521934647,2.248902011092577,COMPLETE,IZ-D
4,0.88,0.8100463711594046,0.5349569054971535,0.3900559824167045,164.84683792755075,109.05646465245528,0.0008297420069789711,0.5665212751362356,0.19275664391651504,0.11577342586217368,0.04004812741133351,0.1504206325554255,0.02839512273271002,0.7034169461675778,2.692235426937443,COMPLETE,IZ-D
5,0.85,1.493098607829328,1.3870769060157715,0.3575963819506488,166.6309982830038,128.67924763906518,0.0010221358049734672,0.45819832650795217,0.20680768690297813,0.055210206010577675,0.02976897862320276,0.26879817466860556,0.02330835349285495,0.892717810578493,3.6670492478476495,COMPLETE,IZ-D
6,0.91,0.5083906571678156,0.5759366681766356,0.3834203988842587,162.19434715580155,93.14004632854848,0.0011877948271139934,0.5828903235512718,0.32177985842749157,0.14499380848578142,0.02062785006211358,0.09286346520939899,0.032688462268254635,0.8416917985337921,2.089781415664553,COMPLETE,IZ-D
7,0.87,0.9976974599363061,0.8391553664031118,0.41587855694303155,135.77725131212767,110.39148603023034,0.0006404361117529983,0.45633317508615723,0.25656444652823174,0.05401333668696382,0.03260476950319383,0.30915424894733673,0.027245315309831753,0.853438262740351,2.331971735835427,COMPLETE,IZ-D
8,0.9,0.6484713006840549,1.0343754853953548,0.4594995999064496,166.34013821637242,118.58262795577218,0.0009381631688054043,0.4158311961962453,0.3109695188593892,0.11462604408232172,0.04565540452147413,0.04198010962269794,0.0312714149206599,0.8367411356906788,3.935117918381852,COMPLETE,IZ-D
9,0.89,1.1350373271562355,0.9826174352953384,0.3339668891808425,137.37063423576888,124.2344819816942,0.0013859482916194548,0.587668032702366,0.22977860000309236,0.11274781382899056,0.021265006173740546,0.39044025992119674,0.037144352530634805,0.8005612493547796,2.914988320186322,COMPLETE,IZ-D
10,0.92,0.9090191402935861,1.209762518460847,0.4869533435556673,130.08666188973564,101.79591848039495,0.0014607739300249666,0.41090092070711476,0.28238117145298214,0.18919667366015264,0.02683025941398705,0.024213688421617252,0.039526122235133535,0.7517062931054049,2.5739806947608153,COMPLETE,IZ-D
11,0.88,0.7162674401671854,0.7469710186270322,0.42958664872961594,143.2886559767252,112.55818835455743,0.0011926754166951578,0.5360830074511856,0.34723757976856934,0.1533710156259454,0.010739154110648286,0.20314151854074147,0.03470000999086806,0.7366418924070899,3.2683595793566873,COMPLETE,IZ-D
12,0.88,0.565754705220651,0.7387487126872447,0.4432532177844224,144.23503799193702,103.09623757597561,0.0011683694729412242,0.4641660112190927,0.1553826661962872,0.14748841215765707,0.04886822218008555,0.32073276339656437,0.03507917989445176,0.7526189788183971,3.337778519821221,COMPLETE,IZ-D
13,0.91,0.775510628519208,0.8636972064722815,0.39661188344811027,156.96439329742844,114.67963113625946,0.0012988994540810372,0.5239658545815888,0.2695047237869248,0.08618247419974849,0.0396720250951635,0.20227361467144916,0.02433271393208021,0.7137933757221677,3.1443322081178624,COMPLETE,IZ-D
14,0.9,0.8595216973526103,1.1699225960492499,0.3101407191115813,144.61041822907546,104.56089650142266,0.0010206704526075606,0.44128929460135263,0.29302982332226346,0.17826966249426301,0.0256900868232749,0.274474466870392,0.021144258549768112,0.7775950805072975,2.718201481050562,COMPLETE,IZ-D
15,0.86,0.6461464096460848,0.7048418470013085,0.4651981541496253,158.0082474900432,129.7678867642881,0.0008883634465120868,0.4851584634352667,0.2419443585302648,0.13449855603017638,0.039317882036289956,0.14933813329293716,0.034322773782773576,0.7731633742873578,3.4757018609851937,COMPLETE,IZ-D
16,0.92,0.9838011167298295,1.1811990207641783,0.41882219661717895,137.4605849598749,118.12346672113924,0.0005242399824405091,0.5255756428820346,0.3485111655042684,0.16672427818352817,0.01351184025520794,0.3991945176239386,0.02870826518564073,0.7265713188391554,2.8583540503475646,COMPLETE,IZ-D
17,0.91,0.6512820774687695,0.6483475502514221,0.494746167292658,147.67065863183805,123.51410908780976,0.001072976964054326,0.42949127356968136,0.30648841668162674,0.08947592745116224,0.043095176162490034,0.14448426789539337,0.0376476223707623,0.7763736433827554,2.465605295065206,COMPLETE,IZ-D
18,0.87,0.7448448248282429,0.8690243491121123,0.3752950092516486,131.30554339958258,107.29274747077835,0.0014937328117705325,0.4790014660884505,0.17349727295284856,0.16179474476967776,0.035495119452739886,0.2482784006722336,0.025395796690540193,0.7490124814716447,3.5932406932630028,COMPLETE,IZ-D
19,0.89,1.0732621128676039,0.5025895331569155,0.4420683854959637,140.69243632490452,99.02781017718809,0.0013369284931666796,0.5477862680462534,0.25055876767978563,0.1265755955384812,0.0239307733194237,0.3425679924076198,0.029946446016247314,0.7274101273668011,3.0953064086064663,COMPLETE,IZ-D
20,0.86,0.5087508475434741,1.3019422856865401,0.4082283635271834,150.12352796207688,115.4116849771536,0.0011094711323743425,0.43675653376497325,0.27155160401099193,0.13583535155400275,0.029304504694488413,0.06010023174436858,0.03282300713853233,0.8159290091476039,3.9505761130149417,COMPLETE,IZ-D
21,0.92,0.839149901607214,1.1867326320830514,0.4895351809773857,130.39216926518108,97.15864518582603,0.001449411908068421,0.4047724894697779,0.28680114271156537,0.1995254173338296,0.02682062822297146,0.026702133569767094,0.039399278263110536,0.7542410410011995,2.5699777459027655,COMPLETE,IZ-D
22,0.9,0.9076143668631196,1.48743458284658,0.4546514151043683,133.13859663390443,103.9353916635408,0.0012804282012280077,0.513112731720271,0.32592823250911035,0.1968939949123652,0.018648640996875937,0.09151111083570587,0.039717408355936845,0.768617279999831,2.7346821770043523,COMPLETE,IZ-D
23,0.88,0.920522126438913,1.0980558215132512,0.47739684046400155,134.61242084900994,100.56410604530362,0.0014071921705143646,0.47671764821308327,0.2800124724070515,0.18311102490518255,0.023077709193905904,0.020712939279298178,0.03647114061301054,0.7380756069112394,2.5009248764078467,COMPLETE,IZ-D
24,0.92,0.6934036628452227,0.9340197307409718,0.43248086556064974,140.17494207408527,106.91701240501463,0.0012724241613983008,0.42893450299804403,0.22496807762783702,0.17881640545266753,0.027649806926792236,0.12392904524166115,0.03010354489254296,0.7902593184495128,2.3218828255061426,COMPLETE,IZ-D
25,0.9,0.5954511331261181,1.2683661835204343,0.37582663878610584,154.04593459602313,95.77341388992146,0.0009464115630596282,0.4027349750995223,0.29746979940464746,0.10004607909694549,0.035635472547848754,0.0597329444103788,0.03340786065578052,0.7019957039519061,2.0050677659803284,COMPLETE,IZ-D
26,0.9,0.9291597157385566,1.0964523142140643,0.4769401471034417,139.42394998317667,112.50408093771561,0.0013673943705867252,0.4483525632237976,0.2601421902423793,0.07316745353357357,0.016630487357312877,0.17900569352537965,0.03634192378086395,0.7606436367637114,2.8515163944905972,COMPLETE,IZ-D
27,0.91,1.1065237375987704,0.6277517797536878,0.30277526737985194,147.3201704619024,124.86264795359956,0.0014796924078076534,0.5101907907907696,0.23875882708156823,0.1640362349079692,0.049569433815617334,0.1139824043638155,0.03880799894250547,0.7191971960807614,2.6040383228802746,COMPLETE,IZ-D
28,0.87,0.7775389475884283,1.2569555554498957,0.40475847644634755,133.0919040867313,101.98215623093408,0.001231446585589674,0.42140924628495297,0.3342885010016965,0.1271072061770395,0.025383540906705727,0.06183683604806147,0.030205015650870557,0.7424382051235922,3.1967520537694663,COMPLETE,IZ-D
29,0.89,1.246343720810493,0.8145281314008139,0.3508827692128709,146.8571478656324,92.74838450668388,0.0008267790604243063,0.4649389104130799,0.27523114158134254,0.10336122524829286,0.03299124332160097,0.3627452050219325,0.031117406852133888,0.7880186314992285,3.0432956580127546,COMPLETE,IZ-D
30,0.94,1.4344034451087224,0.9391488483071984,0.33046836610384744,152.34552776621388,106.28975472187538,0.0011169112353228198,0.49393357643402847,0.3031984452887231,0.08267796692779358,0.031092527335429845,0.2260783821119415,0.03555824513776553,0.7333194219572884,2.9341838574739603,COMPLETE,IZ-D
31,0.91,1.4001419804592745,0.9478065578446468,0.3220312840996284,153.34427033371466,106.81627840206177,0.001111709790007981,0.49954885241764674,0.3188814346227588,0.07252709163012121,0.031600778800767476,0.23966328248835247,0.03552829650919008,0.7309198943234498,2.9421419109605553,COMPLETE,IZ-D
32,0.89,1.2957997942225798,1.0442485002575292,0.3663793275048883,169.93566391043495,110.64624618287475,0.0014324021650275348,0.4894684304857248,0.3017964664051425,0.08806059240054495,0.036347007217790724,0.2939878250843963,0.03824869320649379,0.7138639060715148,2.7970278769748202,COMPLETE,IZ-D
33,0.87,1.1826525921182136,0.9139250522929886,0.42169371699293373,156.81009366930954,105.2397349143441,0.0007702798982012011,0.47246695814693573,0.28607098183002155,0.08112873939950942,0.04511422077779442,0.2288847703158883,0.033002774349007336,0.765369874967919,2.4372704064472037,COMPLETE,IZ-D
34,0.82,1.4998893487811455,1.0987370060463924,0.34367693875944155,151.9273198298664,108.8884874584633,0.0009684033544758594,0.5057931461129571,0.22012376853727406,0.10860069777093206,0.014901800870877044,0.17964517899208485,0.03390916487912321,0.814797550443692,3.0114708281651645,COMPLETE,IZ-D
35,0.91,1.3149725290439278,1.3930211625990176,0.39196603940258734,159.1655161222592,100.13057067294079,0.001330172409430653,0.49459808286086293,0.20328623182912778,0.06733584960335293,0.028881908853601715,0.27617838416769036,0.03211026182365443,0.7450860037505992,2.61798478027126,COMPLETE,IZ-D
36,0.85,0.8696192897859037,0.7929455572622047,0.33532578071133345,154.743751158453,116.11214969166323,0.0006756795600669523,0.44973543388965836,0.2662070797574595,0.0958558066262813,0.02031745909283596,0.2515755903772751,0.035993914969406,0.8991778903096849,2.2057705337239795,COMPLETE,IZ-D
37,0.87,1.0416089494332763,0.5814864419578327,0.4471641064196866,142.76977810360972,90.49354242364123,0.0008785209005270975,0.5494102085053109,0.31022131541406583,0.12207199806882374,0.022620356767850847,0.17531681655985168,0.03748398827689547,0.876631437803221,3.3755384826653074,COMPLETE,IZ-D
38,0.89,0.5857597333751668,1.0135083246376717,0.3813767179164071,159.8641321476747,121.87141045450582,0.0010747191041784103,0.4681254369737434,0.3360631347773045,0.05958908760798024,0.03157475905507486,0.22030275387992945,0.02838282452065176,0.7181137694800717,2.6736207965732794,COMPLETE,IZ-D
39,0.88,1.4146569359726784,0.8916103908159574,0.3588457158493299,162.49816557272132,112.94977253113024,0.0011441818334988075,0.45581445216157485,0.24360720511098632,0.18866870658933615,0.042072419017668575,0.07619973064168326,0.0266543178895916,0.7572807302657767,2.951023402780531,COMPLETE,IZ-D
40,0.87,0.9659004210683111,0.959415002957013,0.4291373193522187,137.10270933892463,109.39879860819812,0.0012267858363850049,0.5187840292231782,0.1899874188438266,0.1380949729910347,0.01927061931460567,0.2842539150049761,0.03163350183660337,0.7057607529297917,3.2224737550608604,COMPLETE,IZ-D
41,0.93,0.8063765645221498,1.1710241413661477,0.41405472441507696,136.73716729009166,118.03829843275065,0.0005443757710257985,0.5312319184516,0.3477288203545491,0.17167680780157982,0.011745363892077778,0.39202631280564476,0.029365187837828197,0.7236702950239284,2.802211415677849,COMPLETE,IZ-D
42,0.89,0.8069160662440432,1.1588890698559453,0.40699080473045646,132.4953280271081,120.0750443239599,0.0005416087195918813,0.5382398277664886,0.3195464466072967,0.1721878706740518,0.010981332478986146,0.3217011923374288,0.029156458948749412,0.7347780281858811,2.786190594754923,COMPLETE,IZ-D
43,0.9,0.7292432405868381,1.3431219930101004,0.39088597096766287,136.4110729712724,127.85993453660812,0.0006354652211632602,0.5566657800634756,0.33606107427643717,0.15500061394370934,0.013340789542288085,0.3584011426856851,0.03092173666902598,0.7233442448058296,3.086470473425784,COMPLETE,IZ-D
44,0.91,0.6585374884501748,1.224788547702582,0.4131231302868122,134.8866447576029,118.68914367424712,0.0007679709651102985,0.5302955164835005,0.293770021748675,0.1902563541993229,0.037743916426436236,0.10759924836320514,0.03225998127323164,0.7092454429105817,2.405330202296808,COMPLETE,IZ-D
45,0.88,0.8041032699297002,1.0643895873236668,0.39771423608355705,141.90820167259778,111.27267853933286,0.0014079623408954373,0.5693107142200279,0.25796090137719413,0.14848907340505277,0.016498446189916745,0.03418165609912458,0.027524233692438355,0.7434810911504184,2.861467388793571,COMPLETE,IZ-D
46,0.86,1.02711955018635,1.136952790499338,0.42714216070527655,145.50759775858316,116.16568906383063,0.0005943772408388873,0.48376621860652147,0.3126967993843932,0.15716920211251365,0.047094308872241614,0.38308682542344946,0.03479994866143937,0.7846816400477894,2.564575396254223,COMPLETE,IZ-D
47,0.9,0.8760488495784405,0.9936524223462644,0.4398155375173092,138.71496033219944,122.1746017828831,0.0010189012376203785,0.5021819426998139,0.23185895655682648,0.17405890071793215,0.024901779055282198,0.20013821887809513,0.033829157685406876,0.7308920283312027,2.2126094427207708,COMPLETE,IZ-D
48,0.89,0.6776036155672026,0.7698179668019038,0.47364434023923435,149.11461857709568,126.38233491295246,0.0007063155754678423,0.49175170274780794,0.3282764604024535,0.1184060595645275,0.030326611873021724,0.30774477098416453,0.025654480503505814,0.7505521562055933,3.805497654496839,COMPLETE,IZ-D
49,0.88,0.7531721723922622,1.4204955960082968,0.32067798323165747,151.02788118491836,114.51028539015746,0.0009006119643103219,0.5961689818799166,0.34367498147768455,0.1440518664813321,0.02115830257412404,0.26439597782555235,0.021256050146087876,0.7618881135685899,3.340894817633017,COMPLETE,IZ-D
0,0.9,0.7,0.637,0.409,150.0,110.0,0.001,0.489,0.233,0.142,0.048,0.274,0.031,0.728,3.148,COMPLETE,IZ-E
1,0.89,0.9401689295665763,0.7503696754995804,0.31759512256679134,162.03977771941481,95.30932014413378,0.0011068414646609112,0.4681000114002897,0.27249757392490204,0.06917320304250316,0.010838724055337905,0.29149121256537586,0.03203930532358205,0.89692854160039,2.6640436833106493,COMPLETE,IZ-E
2,0.9,1.0493988941487697,1.3987704347013374,0.33788541854701154,157.07401296140927,98.8306371819745,0.0010480130922030672,0.4081942387564245,0.2740648878689584,0.07006717864148362,0.04804500010339551,0.24276384774672002,0.028839039332917392,0.7332021284178436,2.2886311031209075,COMPLETE,IZ-E
3,0.91,1.4772448384821888,0.902442656366451,0.3954145034625708,151.8253904179491,103.69659197798453,0.0013297158261435576,0.5284641661627504,0.18879896366137455,0.09055626629637147,0.017887689964451208,0.2685992769667635,0.03950549658863105,0.8486985009557866,2.82444554630447,COMPLETE,IZ-E
4,0.88,0.5991894486541673,1.0959684893537047,0.4323968479794917,168.8583514763555,127.49649286318325,0.0009222833694032496,0.4230076405006869,0.18451614788531506,0.1529067191564954,0.02030537101603155,0.08846516347320994,0.020857792749775075,0.8879519026227666,2.096740095012022,COMPLETE,IZ-E
5,0.91,1.0029637541306147,1.1820669624742817,0.33567576328330273,165.7038205082733,108.40887790184654,0.001403125360237044,0.43275181403719754,0.15083176494654651,0.05288754505258676,0.04763425275413472,0.2952317873487236,0.025148344043405303,0.8933336430665173,2.0639485087579033,COMPLETE,IZ-E
6,0.91,0.9362884287589349,0.9430576361999693,0.43309365242249187,131.2011600715315,90.70538244448848,0.001499934180686053,0.4782824154392131,0.21198276231351942,0.1974784576688317,0.03112725141530226,0.10907549825530305,0.030898255553005176,0.7471496280820835,3.4437258574637335,COMPLETE,IZ-E
7,0.93,0.7536203951724164,1.252499210623382,0.3421491581761393,138.37465739964838,111.9824663924841,0.0008061343862770206,0.48799896321288205,0.2853508074296173,0.12490107723767337,0.03186948039076182,0.3728138863157716,0.020011995686277907,0.7479536291855043,3.257566861074582,COMPLETE,IZ-E
8,0.91,0.779132309026306,1.2607303212973702,0.36212789236689213,156.91675520305213,101.48349374474455,0.0014911773141617112,0.5651580231664353,0.1743028988672265,0.059729216826312784,0.04319244791457083,0.3478515696943819,0.02932927562081297,0.784309692952734,3.868180000002818,COMPLETE,IZ-E
9,0.92,0.7216915497503186,0.8063019270924515,0.43262575420373606,162.64065805864942,113.67184444964215,0.0014450799640334626,0.4579239250337949,0.2542418339859103,0.0720458166657885,0.018359461994576165,0.18072509280420918,0.034884258266685814,0.8209081716098161,2.4524330006070834,COMPLETE,IZ-E
10,0.89,1.2690736531985556,1.4972569948332373,0.38101995841505315,135.94823076691299,119.72590366851792,0.0005357013887434851,0.5253433876918252,0.3320436921750473,0.11101864249196942,0.034568540416967754,0.387547296489545,0.020069187411580824,0.7656972019847825,3.355474603611972,COMPLETE,IZ-E
11,0.9,0.5242189903370397,0.5019227871246267,0.4749220993219928,142.07464283417644,117.24480191237647,0.0006399842625642565,0.4513273331495925,0.31732571859546077,0.1038190635001104,0.02479457104665495,0.16638503182487585,0.036813284459425284,0.8139301290729516,2.5242387285677896,COMPLETE,IZ-E
12,0.92,0.7751004126326051,0.7641842965801674,0.49043272713313996,143.09398138440304,117.09861947609113,0.0007980302205117304,0.5089230470981807,0.286604659417508,0.16963290100347364,0.037958842074630884,0.16917599239436593,0.03652321129868785,0.700707446019706,3.018766798821276,COMPLETE,IZ-E
13,0.93,0.6778473880059013,1.0366223469306706,0.3010756767208928,143.1890314706109,121.95989052271966,0.0012516208606071465,0.5692250469439184,0.25001865090446423,0.1314762568611857,0.02569208183196855,0.035701617230489646,0.034237900305617706,0.8200039597181598,3.7398161083073815,COMPLETE,IZ-E
14,0.82,0.8541645860802478,1.0771725941689863,0.3091794575469792,142.0790417181969,126.26000478699436,0.0012287050402360396,0.5764868600667468,0.3075169185135146,0.1276851429084179,0.02654931813799681,0.04193658276276824,0.024672668544656336,0.8473282390185307,3.97187345868379,COMPLETE,IZ-E
15,0.92,0.5783253055480586,1.3289817399529793,0.3014401826145039,136.50965499448262,121.8500734407941,0.0007869872338978285,0.548586966660866,0.23683171539817918,0.12311047075028114,0.038083846960920834,0.02753943170379354,0.026133749340453163,0.7881149409507717,3.6535619344690216,COMPLETE,IZ-E
16,0.87,1.1217392109364057,1.1803365892057702,0.3487467172338032,144.79262490095903,123.5637144319004,0.0012066779533466178,0.5964229182727405,0.34956916288170986,0.16480175520564672,0.02882263643747047,0.3436989393680425,0.033439508974541,0.8411450213572154,3.5804754110015846,COMPLETE,IZ-E
17,0.91,0.6627716335581284,1.063359020324887,0.36113800495855003,136.53979673417015,129.7298484291538,0.0007971939990885184,0.5076000705472522,0.2941606200737531,0.1406072911564778,0.02227196873140601,0.10593483771121046,0.022709955357566623,0.7665367732614133,3.230282464509329,COMPLETE,IZ-E
18,0.91,0.8633625703376232,1.2018543133066562,0.323721419009702,130.4964157741997,113.76858434116994,0.0009189690262439076,0.5382715556093375,0.2577703767756443,0.18934570160202385,0.01386573881241068,0.20535747521989123,0.027416160199935577,0.7025209265155946,3.6929006349748854,COMPLETE,IZ-E
19,0.88,0.5031466651732337,1.3708358115863435,0.3716422818729976,147.7050745845982,107.38976582966984,0.0011916780519220789,0.5975489016661539,0.22259827349237685,0.1011878896091669,0.03312278549196851,0.3891366014223887,0.03990835080678621,0.8692284326231033,2.889095415463991,COMPLETE,IZ-E
20,0.89,1.1602083462620763,0.9610701067802963,0.3014159362250802,138.5103147646688,113.71234857733224,0.0013264024908615853,0.4943849455976069,0.20616310246470682,0.12447981377760144,0.04029557508967807,0.06633805961882652,0.033443933203921083,0.8070578083137538,3.80218033174711,COMPLETE,IZ-E
