number,value,params_c1,params_c2,params_c3,params_inputWeights_max,params_inputWeights_min,params_interSpeciesRate,params_keep,params_noCrossoverOff,params_probabilityAddLink_Large,params_probabilityAddLink_small,params_probabilityAddNodeLarge,params_probabilityAddNodeSmall,params_probabilityWeightMutated,params_threshold,state,study_name
0,0.88,0.7,0.637,0.409,150.0,110.0,0.001,0.489,0.233,0.142,0.048,0.274,0.031,0.728,3.148,COMPLETE,IZ-A
1,0.89,1.2037879582893045,1.2156172643488268,0.47233088400883005,135.68025663787586,92.77749827926709,0.0014750078203795139,0.5194098296715124,0.17542265421212658,0.06257450665733155,0.04708871621470259,0.028133694944833865,0.022003618715771764,0.877289454297778,3.6094729531146634,COMPLETE,IZ-A
2,0.91,0.6289420731502862,0.9662212451677309,0.34161358014170334,135.3191365249943,123.88154567682415,0.0005391882857514837,0.47462886254047226,0.28072568860882186,0.11004571901742713,0.03256990477943944,0.1880938512859295,0.02284008329132242,0.8316345633856395,3.7277054700145724,COMPLETE,IZ-A
3,0.89,0.6416944044172105,1.088070323255983,0.4350939831015753,163.32773652350681,104.95068859523428,0.0007702048195935233,0.4603905203086226,0.2180999534039998,0.1076852521473764,0.03690249767943439,0.08115883157813694,0.035976364074457624,0.7084340213950772,2.957358903571273,COMPLETE,IZ-A
4,0.89,0.9170383064716418,0.8548064466596594,0.4493278246485928,145.08515231965362,121.34355546665137,0.0006024549931185848,0.5734439887568731,0.1511658614880075,0.12716580849235481,0.04583543461032754,0.3585899009156494,0.026463682035269033,0.8749417118397618,2.1570716274021615,COMPLETE,IZ-A
5,0.89,1.2674407402428316,0.9239073706768657,0.4200158193034108,162.46486456406026,108.96324826421602,0.0007295066920248944,0.5836283369640051,0.31229283309850064,0.10150973548350925,0.02117139095663478,0.03456655729520486,0.022918602827525725,0.7425460288700116,2.121129466207708,COMPLETE,IZ-A
6,0.87,0.8915874491724991,0.5991226513475414,0.33697391089547246,163.92915451137247,105.78878953209203,0.0010361869067533668,0.5780002059345987,0.18490882018431587,0.0819092806094808,0.02463607550202436,0.31000925253142597,0.021923999801802884,0.7907431136880834,2.3938118241378383,COMPLETE,IZ-A
7,0.9,1.0821319384303236,0.5547453051059238,0.47635256421758726,163.34430655199805,114.08861558888368,0.0008563730553274171,0.4680315060476232,0.33566548622362324,0.14944662360285213,0.03121474658581571,0.07152106333586022,0.03484138071733193,0.8566554531943432,3.944817019082615,COMPLETE,IZ-A
8,0.88,1.2764151861833493,1.0659115625379596,0.4459173103587384,146.91913839642774,107.25939627368342,0.0014699900293821126,0.5222204560251634,0.21940386440853943,0.13976783591791592,0.021266585019023572,0.30025622158166865,0.021209138073344732,0.8267585850204282,2.1733487744242876,COMPLETE,IZ-A
9,0.9,0.7242768025754012,1.2828261475551404,0.4689929828094713,140.99320531625511,96.65504808014735,0.0012557020553137389,0.4666698093813382,0.2178976322968962,0.14915033389087662,0.0359771658929286,0.39350269096445456,0.027589997216420383,0.7201862851669346,2.5500970416286117,COMPLETE,IZ-A
10,0.88,1.4814197770678577,1.4764200820889264,0.34364283932599415,131.41157061497137,127.65905193995496,0.000503859617508257,0.40102150064792663,0.276885737326748,0.18195081112445988,0.010468286044913833,0.1645564193082289,0.039613238487206034,0.7890614120128321,3.4753922280893597,COMPLETE,IZ-A
11,0.9,0.5157731022460309,0.7678349305599645,0.3737070227149518,157.005017134804,118.51599896067735,0.0008274005713736288,0.4275281121541195,0.34758294262662154,0.17727485695812448,0.032099307785783474,0.16100070601467564,0.033030562400622174,0.8338213051721894,3.9777268698236585,COMPLETE,IZ-A
12,0.91,1.1046903585243462,0.5071409934161859,0.30166280882783764,155.60546766857377,118.21750680997815,0.0008694552941785755,0.45447267240924977,0.28393883090126776,0.16596443440503533,0.028267472806150176,0.12016216683927253,0.03500702125869294,0.8474774749827335,3.99026643887959,COMPLETE,IZ-A
13,0.93,1.0484213765832981,0.7434459847413575,0.30056321403479686,153.62729898201158,127.84185641069615,0.001024344726821638,0.4376593529725572,0.28184664275043625,0.1967892371346651,0.039891999787834774,0.19432862140257914,0.03888879438622268,0.8192986724046818,3.6164819024460244,COMPLETE,IZ-A
14,0.9,0.8467917227139363,0.7415915634915397,0.30258824769503867,153.38038783582823,129.62886381667647,0.00115010653002499,0.42755557821666523,0.27146350600559016,0.1985751349036704,0.0411881885420551,0.21956808578273346,0.039811269513198334,0.8058745329022249,3.423138787299364,COMPLETE,IZ-A
15,0.89,0.5060770985524472,0.9676264478403495,0.34521845962621056,139.86559978226452,124.56232047422488,0.0012339208907995321,0.4990890820677076,0.3040842900123153,0.10757842194463882,0.03972161308616513,0.21646754771707288,0.02565830313191369,0.7610794675412063,3.688540987825361,COMPLETE,IZ-A
16,0.85,1.0252169447605164,0.7483158216107003,0.3760584323544683,131.2357117959002,121.95092175218167,0.0010172092092523219,0.5396078268045202,0.25527774511493406,0.08170651672436359,0.04303500355830554,0.17153974175291498,0.030099263465712713,0.8130236022851602,3.1246672125907597,COMPLETE,IZ-A
17,0.9,0.7869311312379357,0.85130994559372,0.32389861321227,167.82675717716484,126.82122596498564,0.0006054896265647158,0.4276092556525863,0.31354135402922023,0.12093406874769647,0.03432682472018035,0.2471636748886682,0.02502347912817726,0.7698265630514776,3.2917480944038604,COMPLETE,IZ-A
18,0.92,1.429197814182432,1.1862625478135098,0.37162033131328953,141.7029859371774,114.69245942166062,0.0011372193055118728,0.4019826223265455,0.251385867240418,0.08593265094391406,0.027507678312813866,0.12341643025752759,0.03754355728924179,0.8868780272897965,2.906011970596272,COMPLETE,IZ-A
19,0.92,1.4330522278665714,1.244818569356003,0.38136793906568317,144.1580099480156,98.60915885931367,0.0013345183512190211,0.4160929839166121,0.23785959069051485,0.054224675707502785,0.010550085882669199,0.12430011488586229,0.03755090104400618,0.8991388736395431,2.8385070438677706,COMPLETE,IZ-A
20,0.92,1.3786125595448475,1.416944741611673,0.3919741146953485,150.8457552562807,115.06306027580663,0.0011146672332872046,0.4017262472178381,0.2482924948882881,0.08009269562563812,0.015268692109445125,0.12427757387697029,0.03823178621812146,0.8933468830180938,2.7232244268160763,COMPLETE,IZ-A
21,0.87,1.4836305034149817,1.3074927786811885,0.36801511495699607,143.62263786764265,101.28557387569398,0.0013467657139385782,0.4403011545699987,0.24938143565817011,0.058625008987307464,0.014893463775100254,0.12265349484676007,0.03727731250430333,0.8928879696559838,2.798499825411595,COMPLETE,IZ-A
22,0.89,1.4044127647339104,1.1655060536515391,0.39276272898765685,149.04222344308275,101.02689897335934,0.001337253895914919,0.4143373119780825,0.26112839955822664,0.05119772817891386,0.027809685972191325,0.08335074612915644,0.03250564299782507,0.8701594213410668,2.8934092736680266,COMPLETE,IZ-A
23,0.91,1.3607061343916071,1.3132486567155366,0.325031835966769,139.34690899213018,90.72089673110416,0.0011382963905637894,0.4353373108205548,0.2347540840698828,0.07050873105100333,0.017109119037479373,0.14031289621404067,0.037011082409340264,0.8944475281804437,2.6430765474156694,COMPLETE,IZ-A
24,0.89,1.221297388806799,1.1139679212620488,0.3611551948773419,157.3513305338577,97.58075742892304,0.0009573775464631285,0.4131723235785326,0.29552409429170656,0.0953004363644881,0.0108151339036483,0.0948637505966506,0.03835441340333784,0.8571198389253712,3.131548210406105,COMPLETE,IZ-A
25,0.9,1.162959212407706,1.2175128401237272,0.49568661995855606,143.5335862264587,116.24036370205579,0.0012345415486366257,0.44546626391601724,0.1986684101138234,0.09120752891875085,0.02244630196543331,0.20582943610270057,0.03351420001763441,0.89900602047458,2.412418277379927,COMPLETE,IZ-A
26,0.88,1.2959593442261805,1.3925738421046767,0.4069912099247483,136.63535847390864,113.51577804553294,0.0013340245868864774,0.41417424148305954,0.23852685115319563,0.06694545338976166,0.03881820429197682,0.23677273654740988,0.03628753915221834,0.8758672065675486,3.026648867815308,COMPLETE,IZ-A
27,0.93,0.9901429049993599,1.1797469719828702,0.38255993724692455,146.8769628941777,103.29369694482754,0.0010913935360255802,0.44895921130040584,0.26511206945748317,0.05057244342229387,0.04436456619860608,0.053486675858042856,0.03846716718585774,0.847643780879743,3.2997022205521613,COMPLETE,IZ-A
28,0.86,0.95396717692885,1.0691445475505206,0.31948297430403483,152.77170468294725,110.64588364836776,0.0009362041003242436,0.4839614243511023,0.26395227104814467,0.19606153713314856,0.04402288327094441,0.052487559243427295,0.03992784574256077,0.8437043923745842,3.343810571743394,COMPLETE,IZ-A
29,0.88,1.0110828473058624,0.6640015805166632,0.41708332235123774,148.12672457720987,111.18400690923018,0.001057684547689843,0.481722306135354,0.2902755715249402,0.07538823857522503,0.049719964834189806,0.0526891626516763,0.03466236595948822,0.8169545247494778,3.257799344592725,COMPLETE,IZ-A
30,0.92,1.1018050926710499,1.1509491815515345,0.3611872866669744,151.62719603508157,104.24404284761847,0.0011624130521979393,0.44898340258407615,0.3307757694486017,0.12196895385356818,0.02600574859169135,0.2760847256878546,0.03161273443711724,0.8601534302810964,3.5867268006656134,COMPLETE,IZ-A
31,0.87,1.4172458681918219,1.2402938301245185,0.3920609378033602,146.067269029202,100.82370394485915,0.0010808894298208348,0.4187398724164584,0.23936585654391943,0.05337787812757865,0.046539526868401765,0.10111013330063723,0.03866061748728818,0.8849770090477586,2.867092336653038,COMPLETE,IZ-A
32,0.92,1.33100877137473,1.029623095273788,0.3773547360884145,141.8613723993953,96.35692081379085,0.0013939143672897908,0.40457060183031635,0.2678522649127794,0.0654362827059565,0.04242139897208875,0.14372009793888507,0.0373415010208144,0.8677866444648734,3.064959648991612,COMPLETE,IZ-A
33,0.94,1.1391384763618984,1.3625839467957679,0.38637648834017047,148.74272287338343,95.0116476298615,0.000956155868115464,0.43571152951627395,0.2248886407380805,0.060662110717577954,0.04831340273225902,0.023335980062927558,0.035893902769851334,0.8427936261035694,3.5060235818369225,COMPLETE,IZ-A
34,0.91,1.1495516777265862,1.3566214661223945,0.35885683713541944,154.65986314193046,94.82329796651447,0.0009404496796547336,0.4377089114226585,0.20496270441591716,0.06579891618942482,0.04913314675302809,0.04062908804236025,0.03614383770145988,0.838730883316202,3.7996510536278656,COMPLETE,IZ-A
35,0.91,0.9583058175938469,1.190576444224783,0.4307321770176752,159.5831597953068,91.11363440813683,0.0009594437999999016,0.4537565644268419,0.22252720499753717,0.09060663103784396,0.04527321008646435,0.06362053293702502,0.03871489833843916,0.8248554293205239,3.547077754301421,COMPLETE,IZ-A
36,0.86,0.8137769961183522,1.1376058547905092,0.41210998394349013,149.90489991273054,93.93644328377408,0.0011961126006793479,0.5059064298528717,0.25031052119250885,0.050052501963102514,0.03774690172097393,0.021902300080232945,0.02876257853542111,0.8492091671931447,3.7970298789081816,COMPLETE,IZ-A
37,0.88,1.2153204475464456,1.4803960820978057,0.3984469889575405,137.53450623217938,103.62420882728745,0.0010853754794301709,0.5963106760079457,0.1663469504137984,0.07400507826764931,0.047224942800157876,0.10207240601431779,0.0354068864544489,0.8003395160686004,3.2377819905271004,COMPLETE,IZ-A
38,0.88,1.0536816178302333,0.9005216977554,0.35416306427972133,146.452550793197,108.3548229088403,0.0007751061700683502,0.46653472190900724,0.19564144730900102,0.05905922387687398,0.03492883952224176,0.020101639135400917,0.03389390015029491,0.782521689099894,3.666657329672887,COMPLETE,IZ-A
39,0.89,0.9007792095180162,1.0022740012607714,0.3140299194040894,148.28964235404973,106.34749595026639,0.0009966055169882112,0.42928362792891367,0.22531242239069602,0.16239573447517824,0.03995706166170851,0.18242053949431386,0.03592814789671197,0.8122799797955761,3.484657940197971,COMPLETE,IZ-A
40,0.9,1.143512145003347,1.346787185009773,0.3350971934164588,133.92460297043488,99.5435388563666,0.0009185078172348546,0.47548546433896716,0.2842157829462662,0.13641531898470108,0.04839309468617434,0.05456174679849228,0.03196441744651681,0.824642108536447,3.341830457840963,COMPLETE,IZ-A
41,0.89,1.4435907460877233,1.2322417960057734,0.38452648050490534,143.80301166375003,98.49433779452657,0.001016169774864941,0.42065005211563083,0.24243565272273776,0.05902460103036556,0.04508733221756274,0.08047585675158603,0.037633760020689896,0.8641258348490447,2.9713904092462577,COMPLETE,IZ-A
42,0.87,0.9692477534562962,1.2649292188448829,0.40618448949137964,145.26980929470884,102.43060909491193,0.0012832714400169928,0.40889827282471464,0.2295165741601039,0.05872163951997317,0.029316510465025016,0.14465627119523145,0.03900494953673435,0.8815011591707497,3.4051680827952073,COMPLETE,IZ-A
43,0.89,1.3236837378451347,1.4317016634418114,0.42792246938396833,141.08043410892876,92.92079439203641,0.0014889145424242527,0.5601461598665874,0.20883783645494328,0.0881691016542172,0.01913666872113775,0.18679800568131097,0.036446569736005054,0.8817000935057662,3.807172294028663,COMPLETE,IZ-A
44,0.93,1.0681985101272096,1.368070935053681,0.38551007528008574,142.865058823949,95.82005550430183,0.0014222957501724524,0.44252803735177476,0.2581149152686526,0.07434355566410444,0.04184203087758351,0.11012433679937128,0.037591315602654926,0.8525059015129105,3.185580293914142,COMPLETE,IZ-A
45,0.88,1.0820793653979999,1.364354393032162,0.44605089474496984,138.2926684142552,95.77010946351831,0.0014373605054421143,0.45519565234296683,0.2741618136285947,0.09869551991640266,0.04167436364089168,0.04314770034374834,0.03430068641100885,0.8354365602158089,3.2022647565203766,COMPLETE,IZ-A
46,0.86,1.0543661721950204,1.4472704414935658,0.38554690857611723,142.27405600945076,93.27868376678806,0.0008392323643481776,0.4646532570980482,0.2963265086328096,0.1087879651755136,0.03285207215875505,0.0718008569695586,0.03793441043499415,0.8524354799625572,3.553992678249677,COMPLETE,IZ-A
47,0.91,1.2250293966684873,1.304030036232381,0.35112717170635,147.667870928506,119.87184866345197,0.0008861271748315701,0.4405954388594178,0.25958840782535125,0.07656522182288089,0.043774345624740724,0.10508947754488011,0.02015130101287168,0.8308587916759123,3.1647258115373202,COMPLETE,IZ-A
48,0.93,0.8411389471822964,0.863726885261612,0.371768314297883,151.65089839594344,112.36047724394422,0.0011800546544318189,0.4468491073213933,0.2789468084188691,0.08730772479340705,0.04729671434183458,0.08511785410625966,0.03932991668139714,0.8420462398561497,3.446099363873304,COMPLETE,IZ-A
49,0.91,0.7011944660192495,0.8254442187869794,0.332572839426619,159.16907684564154,122.81696115482292,0.0007872618045321486,0.5005027427792614,0.3074446017327144,0.19028057928714803,0.047328630118888555,0.3565108684618996,0.03947223727278464,0.8390213254585392,3.4753571097683444,COMPLETE,IZ-A
0,0.87,0.7,0.637,0.409,150.0,110.0,0.001,0.489,0.233,0.142,0.048,0.274,0.031,0.728,3.148,COMPLETE,IZ-B
1,0.89,1.3445719328826682,1.4881265103626804,0.4072216822794869,140.13646691903307,127.81008123508971,0.0013903198777542867,0.5827762860713953,0.1939925476299161,0.09642704187445539,0.043333587238495896,0.3257880617831642,0.03623924686424859,0.8608545342318084,3.375126759657393,COMPLETE,IZ-B
2,0.88,0.5638431860234586,0.6456442162121293,0.3622824319938028,167.46292638239152,124.83471467020786,0.001039980133256646,0.526500682247492,0.2933148976753157,0.06498399912259527,0.029804635213219716,0.14034302000410734,0.03400456770430161,0.7810178976376168,2.1394335345129862,COMPLETE,IZ-B
3,0.89,0.8676108489732826,0.7252782635997288,0.3825904735329004,138.50758025329876,126.13780770897198,0.0013655002078996987,0.47096550606567283,0.2298252456060853,0.11033977694948066,0.031289201393840144,0.028943809259111976,0.0369881942340137,0.7369401320258863,3.598981627525147,COMPLETE,IZ-B
4,0.89,1.2281821714564733,1.1408022081378602,0.3741945594368728,164.56313628748683,113.39554464665355,0.0005456667586217151,0.5250030217086723,0.1870992174730749,0.17751425134172272,0.0452431425425785,0.05806396558126338,0.03873042475089938,0.8072369409017472,2.085001127704897,COMPLETE,IZ-B
5,0.87,1.2456096654797313,1.2457330142072025,0.48283001928616,133.15983478620603,91.86668654202114,0.0006066869203584721,0.4801360642765836,0.2935192783530888,0.09078048693853946,0.024627001677339836,0.14130510155725695,0.034778693014557584,0.7202354081342668,3.0502800405521873,COMPLETE,IZ-B
6,0.88,0.5912729562276675,0.585886840029119,0.4773801387289825,150.84523002307523,99.60520981621872,0.0011538227859055462,0.5994362038297004,0.2837081311507493,0.14726161573246635,0.04751081557739999,0.30249043790527935,0.039266888211041656,0.7015285723782937,3.1714809733182294,COMPLETE,IZ-B
7,0.88,0.5434160060963453,0.7367647997772901,0.48508811157849824,166.79814312461238,113.69982576185593,0.0006343789786816933,0.44583879362115214,0.3234210681703998,0.16061815895201986,0.01737062747885477,0.07320440104722488,0.020518175608145683,0.8317155112185572,2.835289019160933,COMPLETE,IZ-B
8,0.89,1.2580156914336267,1.0893829243943363,0.33569349986512914,134.1088606713904,118.82014135124098,0.0012028590025044898,0.5695319484544974,0.1763932281669247,0.10206941710874048,0.013644747414940896,0.3397383155139229,0.020828715894000024,0.8628103008586002,2.439728536937482,COMPLETE,IZ-B
9,0.86,0.8011500127230811,1.3180904864973033,0.3425459842883316,160.70892217226935,116.92025200425564,0.0011553101040658615,0.5961728109187481,0.33148915931231576,0.1855621574532741,0.028076954267583984,0.023680783865537302,0.037860367057658655,0.751960830025547,3.5758286833582393,COMPLETE,IZ-B
10,0.93,1.472500249925882,1.4606419350676814,0.42724068695755907,143.02148713646017,129.7661524667465,0.001468393876780063,0.5418007452119057,0.20272023028453146,0.05829095811204915,0.03821094362565565,0.38476050680123314,0.026218621432357897,0.8911765734645932,3.794588543421031,COMPLETE,IZ-B
11,0.85,1.4539247598206948,1.486538779449677,0.412983293332135,143.79761492442208,126.60281355351464,0.0014964540481712725,0.5487282964433666,0.20327179519801716,0.05211840523133843,0.03872825717297785,0.39664896167721525,0.025828259237529932,0.8969874732699891,3.9940598960938574,COMPLETE,IZ-B
12,0.93,1.4989419909112625,1.4979356196468077,0.438628306741267,143.74393403679875,129.41458133071035,0.0014402387530155247,0.4045696741512936,0.15804734882286567,0.07615067077202355,0.0385991070593851,0.39337797421149606,0.02591262162203151,0.8980929313891486,3.6379736461407592,COMPLETE,IZ-B
13,0.89,1.4889973785777533,0.916876219858729,0.44203386202303624,155.61832450066726,129.70584967494662,0.0013106817832889846,0.4270796871295094,0.15438695266294092,0.07545774825123215,0.03724419221995732,0.3987444029329865,0.02551449748300219,0.8975698415615931,3.9358741088193954,COMPLETE,IZ-B
14,0.92,1.0765974982534752,1.3449543020641688,0.4483122871632265,144.67602718955206,121.1162236116806,0.0008914329597155338,0.41845782040099344,0.15025280558433216,0.07598178447018752,0.037088078445574525,0.2563162337173067,0.025852999768246825,0.8646452956692667,3.6681797593901706,COMPLETE,IZ-B
15,0.93,1.0976954287280472,0.9036759212555414,0.4453739048728776,145.35204329011142,107.51883073295491,0.0014639393004313153,0.40006130893320735,0.21783982746011948,0.057659656389815066,0.0408225759608512,0.21234190054014834,0.02911449774801559,0.8280129476655743,2.7494529572501416,COMPLETE,IZ-B
16,0.88,1.377059761913868,1.3809062392226261,0.3130503111122971,153.3314430918337,122.18994325793462,0.0008107051173446395,0.512160291062682,0.2669273316980571,0.1292284743435987,0.03318384717354094,0.3600703980591172,0.028644103341504013,0.8788222182606856,3.8033018680559776,COMPLETE,IZ-B
17,0.88,1.498172222757449,1.2097266265685103,0.4258116193437773,138.13157854464993,104.40619180666846,0.001269960127207028,0.4592246627782435,0.17740790484712696,0.08544154783803018,0.020699984744790213,0.3649963634310273,0.02328506098428376,0.8350270988442245,3.3784262818558792,COMPLETE,IZ-B
18,0.88,1.1313143747637928,1.427134946823316,0.4623660144268185,147.2627448948817,129.73808052344117,0.001495864513775049,0.5500389569467271,0.16853661395481964,0.1191791225721369,0.03418761787996365,0.2585679740893968,0.031052295973303928,0.7739628152693512,3.373020019431806,COMPLETE,IZ-B
19,0.89,0.9192212938616946,1.0745758751454855,0.4978708593346082,157.51038173213257,122.36780640203489,0.0010499470439449864,0.5045018565042309,0.25051772795809185,0.06742348549497083,0.04187331788108732,0.2040156356337665,0.023316638779692825,0.881840095597689,3.7797743523472263,COMPLETE,IZ-B
20,0.89,1.3420308641225562,1.2864861059826707,0.38607824532934204,141.3233496911143,97.51058945681815,0.001403030434390172,0.5457987700790305,0.2088611613311067,0.05242286332088994,0.026816210944610015,0.31031035653874656,0.027751612046633872,0.8540226894609737,3.442658505559712,COMPLETE,IZ-B
21,0.91,1.029881308915921,0.9146884461824241,0.4335687026415798,146.7822506392591,106.31089993421945,0.001497185113651178,0.40119366111201965,0.21939501734261313,0.05079630802674438,0.040803239615220734,0.20996731448205452,0.028896659729689668,0.833623932732894,2.661293060113802,COMPLETE,IZ-B
22,0.9,1.1591043234558687,0.9508708968556536,0.4518769327248745,143.9907610827522,105.8655251705668,0.0012741952338566058,0.4062141374659593,0.24080247655267328,0.067852307547245,0.03521943416998722,0.150932695550314,0.032527223183468894,0.8131415448620339,2.822495183032619,COMPLETE,IZ-B
