number,value,params_c1,params_c2,params_c3,params_inputWeights_max,params_inputWeights_min,params_interSpeciesRate,params_keep,params_noCrossoverOff,params_probabilityAddLink_Large,params_probabilityAddLink_small,params_probabilityAddNodeLarge,params_probabilityAddNodeSmall,params_probabilityWeightMutated,params_threshold,state,study_name
31,0.93,1.2261934195188793,0.7665583230670852,0.4884039942397254,148.2663324133884,99.8939322953986,0.0012020146192155091,0.5219348983151876,0.1725626374910682,0.15892649795570496,0.03368473235758194,0.14490697183808252,0.037602737990345435,0.8782136668477039,2.6270483320368125,COMPLETE,IZ-E
32,0.94,1.3273525404682287,0.6632672896564686,0.4397442499246859,154.11490975071592,108.03470091049462,0.0012562401207253224,0.4961064206294181,0.16944527925175612,0.1501500622482271,0.03812000737140975,0.1142043914023945,0.03491816724127898,0.8513823299031453,2.3814814635799504,COMPLETE,IZ-E
33,0.95,1.41334643280166,0.9427117958329008,0.48267102954430763,141.69767326988168,96.5172771926111,0.0014039086669926108,0.495713711577879,0.16128656277932804,0.17621711008173582,0.04054965631519208,0.1826191595707469,0.03754178390858031,0.8361678322412383,2.960825690794927,COMPLETE,IZ-E
34,0.88,1.1164191798520429,0.7834673288556673,0.4591967455153089,130.17831932515995,111.20477807526142,0.0011944077237372147,0.5055897786099665,0.19434769274534347,0.16486382569195154,0.027479903511292564,0.21444787479391528,0.032345204803506576,0.883069838774728,2.688228571991252,COMPLETE,IZ-E
35,0.93,1.1990872540276214,1.0221289462949572,0.4299163215779061,144.05044728892796,105.87915750843703,0.000749307646368167,0.4495694149246041,0.26131529910935086,0.13079599808347459,0.044604081342590765,0.16005762046113606,0.03424526885498338,0.7489132209407828,3.530871101144835,COMPLETE,IZ-E
36,0.94,1.271823033921547,1.11080819773998,0.46527520591869675,160.19872624884135,94.17579705601679,0.001489408074070509,0.40045318147934233,0.23927663915853298,0.1984285195096949,0.016492897459056865,0.2422412669345936,0.038429098663018094,0.822019844664283,3.22776467765547,COMPLETE,IZ-E
37,0.87,1.0532539901442985,1.2712935923134285,0.408805806233521,151.21830762617995,102.51732028502813,0.001048581247924287,0.5253218674847387,0.1627224341110029,0.18937566025701552,0.024228815614905905,0.05391572579091555,0.036202981082276715,0.8448298812496317,3.642937702166223,COMPLETE,IZ-E
38,0.92,1.3511155404162933,0.6272238692013131,0.48860530975373573,139.1457610446535,97.56257189580694,0.0007150629043970554,0.42299799393371795,0.22033535890751843,0.14812431959658418,0.032178941833521726,0.11580907405584716,0.031204980254535112,0.7969922306937158,2.4711342056879957,COMPLETE,IZ-E
39,0.94,0.9713809235288429,0.8941959981395915,0.352168214529803,142.83918976351887,108.96994944691815,0.0011192250958882548,0.47326439961141464,0.2062508038705282,0.10829243466998892,0.04124711912370116,0.15063319185805102,0.036361766802493596,0.7767315237680936,2.1469629087250226,COMPLETE,IZ-E
40,0.94,1.4956040568819113,0.737528248232067,0.456581145772547,146.56518602267957,94.55346656959262,0.0006555827402859683,0.5130974204999562,0.17864909737143145,0.0618380204351759,0.029933609673905313,0.20316065367959976,0.03260071156125354,0.8787808765983927,3.0379296889365635,COMPLETE,IZ-E
41,0.92,1.4091428044419638,0.9281632013686503,0.4793130704441262,140.55082637430087,96.21795024387968,0.0014499347347197294,0.4951026875687981,0.1589267753741903,0.17742972795035325,0.04059880734646711,0.1813146219747378,0.038180111287833954,0.8328539055121791,2.9513613906127527,COMPLETE,IZ-E
42,0.92,1.1394851577242777,0.9782947470279189,0.4834968312401425,142.1858108314217,103.63469778964279,0.0013784058580782377,0.53330871027742,0.1685475175944004,0.190695312739109,0.03735547537817872,0.1852662339350572,0.03920903550887113,0.8088709626778899,2.8400872700370754,COMPLETE,IZ-E
43,0.93,1.3911013145972366,0.8157787809025162,0.4711854969520323,147.3577100884333,100.55157640560799,0.0013465677250940704,0.48867099361957345,0.15122278052171859,0.17237257002528236,0.0341973434163839,0.21249943536846252,0.036673401394897866,0.8372460948064006,2.615097368561993,COMPLETE,IZ-E
44,0.94,1.4490690472834482,0.9482301385912137,0.439057488205396,145.10260479819877,97.94661624644209,0.0011694783892702918,0.5064060322597653,0.19279259562770545,0.16186555270267505,0.047059299132732754,0.26861442813879005,0.03439222240564848,0.865604808259141,3.1727446612615107,COMPLETE,IZ-E
45,0.9,0.8675286063263369,0.8665799387145338,0.48948343432116737,141.8495323627606,92.16080036009707,0.0012588163720224938,0.4976457638693915,0.15951778047157741,0.18332863747265374,0.03989614121112269,0.2286876262046794,0.029805370993500238,0.7576820426393313,2.9713063505982937,COMPLETE,IZ-E
46,0.94,1.2664332530952134,1.2412919545029142,0.42337866184036554,135.17988229130782,101.44919797017907,0.0013865539088190276,0.47911317482753596,0.19014748526953107,0.13575957052028584,0.044319180939133514,0.1701013483406626,0.03968457588441449,0.7200445860796891,2.5340612446997444,COMPLETE,IZ-E
47,0.94,1.2214861200927092,1.1142312863284078,0.34075496454653315,138.13658881452167,95.436982030674,0.0005488228322494191,0.5099549231563617,0.1830861788546713,0.15376048643196333,0.04148763458608714,0.14022248631035458,0.03537314110528505,0.7404634916311412,3.392209713904444,COMPLETE,IZ-E
0,0.87,0.629,0.694,0.335,150.0,110.0,0.001,0.517,0.169,0.068,0.012,0.196,0.032,0.84,3.753,COMPLETE,IZ-F
1,0.88,1.2209202734972022,0.5658613305428891,0.3877856479217571,150.9850292239693,99.1881696541028,0.00103631649318704,0.5119435053324448,0.238745503062091,0.18304568310955716,0.019182065398009502,0.19991356418516765,0.02665536026407565,0.8765326720538784,3.427837226607963,COMPLETE,IZ-F
2,0.9,1.2404861681676687,0.5395019700546795,0.47121757375178974,161.2429630452752,126.9652368008137,0.001162734851547935,0.4581982823956423,0.2873722012688225,0.19071086020900319,0.013522288989413692,0.19267824018776658,0.03275441054307006,0.8326145821688546,2.707625343078429,COMPLETE,IZ-F
3,0.84,0.677500526306896,1.4038161711857091,0.4306406928338371,130.67569817513578,114.47009890209924,0.0007747721741391581,0.5557164320418594,0.2217117014904052,0.1989998133971827,0.011992366139881715,0.2039770845902292,0.039903115811701806,0.8480067931895982,3.278836899107768,COMPLETE,IZ-F
4,0.93,0.5543542852717871,1.4654297069330693,0.3678596405214477,130.82436725197888,111.87107415920558,0.0012010801603635234,0.5742763634754778,0.24729619554340324,0.18132050390893428,0.04573450045645795,0.20216089968245665,0.03216374587998634,0.7855084710092035,3.1205736222608382,COMPLETE,IZ-F
5,0.81,0.7640879558375582,1.4304868312215213,0.43263120024602053,131.33971528623707,129.09368351245735,0.0006368842438090956,0.47966508788755274,0.31147196985989206,0.16012634989782204,0.011219347747235089,0.3129033988693464,0.024302174074114273,0.7060757187543379,3.2341734807097096,COMPLETE,IZ-F
6,0.92,1.2138728120256799,0.5993968060470817,0.34822227112123916,151.2972995101233,120.67441711910178,0.000592908907408001,0.46767901419163793,0.18322975356016086,0.06909652795486515,0.024481212820911848,0.13304811380716966,0.02657813776055904,0.7879442516746842,2.3482492997446203,COMPLETE,IZ-F
7,0.93,0.9787269829643296,1.071573288639145,0.39216270516921475,149.00715426108184,117.60873100281243,0.0006994502718292332,0.4465499661115341,0.15888055273687354,0.17444119239508019,0.03603297160162663,0.3382036060709003,0.03211154434077075,0.8725396232411662,3.720101471922387,COMPLETE,IZ-F
8,0.89,1.4476099933192268,1.2280028836291934,0.30313785716824804,142.73158314826014,106.0116584812445,0.0005702730566942173,0.44064364903971426,0.16519357276066535,0.07904913397577701,0.04353355792009946,0.08504516137880529,0.03719046650323378,0.8552680710340212,2.042071781979507,COMPLETE,IZ-F
9,0.91,0.5687736063873932,1.3879311058813486,0.4978497415003678,169.74596530660068,126.3915911397714,0.0005293719920131301,0.5044864722583609,0.17611937877575934,0.16625159671793371,0.01620295359812194,0.24102184689794348,0.023999892069441944,0.8341938505746781,2.6530834712653313,COMPLETE,IZ-F
10,0.86,0.8600838845884038,0.8623121365700402,0.3532639315632232,138.6856212402299,90.60537261081761,0.001443310977704406,0.5996420285797066,0.33516693941987574,0.12374811451389381,0.04591927327619549,0.026943687134991484,0.020200909895125164,0.7570340050993145,2.881636606581314,COMPLETE,IZ-F
11,0.88,0.9870811787264139,1.0932767849445821,0.3900743345518035,141.11430833245666,116.8856290434905,0.0013497514169846176,0.4130860429957912,0.27487942817655464,0.1362452913298608,0.03676106174096956,0.3851516609547463,0.03455689060731674,0.8976785214551091,3.9210255413234654,COMPLETE,IZ-F
12,0.86,0.9857673329613102,0.9818265941260332,0.42780061600318253,158.72386650797586,103.96016138831337,0.00084182718992513,0.5605427997724683,0.21655004977700976,0.14490185411468076,0.036352986974361415,0.30093208370976476,0.03019537975629703,0.7860615295148893,3.6102482523521076,COMPLETE,IZ-F
13,0.93,0.8426305640322407,1.233258612505297,0.3748611796200886,135.57926048344933,120.00128896483581,0.0012212049079722126,0.4134470915582439,0.20621155894655924,0.1108947570239135,0.037983307455659886,0.38275592294920513,0.03492635915920509,0.7533810867750276,3.083790000411273,COMPLETE,IZ-F
14,0.92,0.5379239364049216,0.8628673087123142,0.41050090535673134,144.4234128976851,111.75085078034391,0.0007941549073347847,0.5438048545632401,0.2676640100832562,0.16950521226606996,0.04952570370805971,0.28766251428323475,0.02988233435179704,0.8086516726495917,3.5014247646512193,COMPLETE,IZ-F
15,0.93,1.1189367740784868,1.24052980556084,0.31743480006187225,157.57309418541882,120.96407907679377,0.0009803904138844103,0.5750008683566659,0.2474563053815656,0.10783419530648278,0.03077815824690297,0.13298352099482802,0.029072989321892617,0.7554474997696939,3.9046227851185007,COMPLETE,IZ-F
16,0.84,1.4766656444397852,1.4949457239266088,0.3650021715668649,167.7855167388809,99.7695497083169,0.0012080624339692308,0.4395948604992581,0.15351786248141108,0.15066536166357444,0.04103284770449259,0.34129905695572405,0.03715971457608917,0.8107896093939234,2.9287491693658665,COMPLETE,IZ-F
17,0.9,0.7406026056309077,1.111456232496863,0.4003386600876472,146.19661790090345,105.11934664896391,0.00070018583602655,0.5316712902079912,0.198609611055808,0.17661311444405672,0.03147884875157954,0.25695289144536315,0.03241405899702294,0.7257249470951175,3.6637608573808604,COMPLETE,IZ-F
18,0.89,1.348415352139316,0.791223018310131,0.4567757789301993,135.30083286428598,110.00210376156645,0.0008830048455191477,0.4843745811540216,0.3079574962685176,0.19606975488013945,0.049632327889211646,0.1438094207009495,0.035020002053152324,0.8734482036372916,3.2518160336367057,COMPLETE,IZ-F
19,0.9,1.0691425455704113,1.0403677005967524,0.37639096309108994,163.43113736697245,115.66135359961717,0.0011282456027108317,0.5947332685337963,0.2402244421265883,0.1562097334783042,0.0411601027041273,0.3463537164981838,0.027221173675652917,0.7746230148402488,2.5203211977710813,COMPLETE,IZ-F
20,0.9,0.9093746784953862,1.312599275190467,0.33061292180796065,153.61166407527477,90.11982758649539,0.001350270166018239,0.4369581043385121,0.3464190160711671,0.132987704937152,0.02504513969335149,0.2592814871073357,0.037664217119374184,0.8179497026160227,3.0521059308513525,COMPLETE,IZ-F
21,0.91,0.8438426090210979,1.2085426890472635,0.36831643755372323,134.97593856403307,120.46133701975367,0.0012616849944017644,0.4081998553218896,0.20247786983771465,0.10070570461608402,0.0358517597876448,0.39821679133930177,0.03409412161205119,0.7464938578575382,3.1304805742048836,COMPLETE,IZ-F
22,0.91,0.5041145788501007,1.2949921619944418,0.4137885036081104,135.94856020416435,123.44775921925178,0.001083413154848536,0.41783699019477855,0.19683060578692946,0.1117038013924957,0.039404954527796174,0.34478007928912624,0.03098702915741814,0.7358862446109741,2.859294344347216,COMPLETE,IZ-F
23,0.91,0.7719946302972853,1.1345579984706562,0.38066615653449964,139.0101445095013,118.18429549086194,0.0013064118012814203,0.4535591092841524,0.2264247220520511,0.0826071312599722,0.044784320621004625,0.3698970207900916,0.035565144552381786,0.7720933870680382,3.390131449851012,COMPLETE,IZ-F
24,0.88,0.9203252088278853,0.9834639896289609,0.35299462145065497,133.27114785984804,112.17949335053385,0.0009342377495079395,0.4024030330952671,0.15029922480654173,0.09050981069969846,0.03324985641347319,0.1583849707388364,0.03236167581719674,0.7942457822573956,2.4040039908527224,COMPLETE,IZ-F
25,0.84,1.1144277867387582,1.3360367526844985,0.4001359463072957,147.41242528004054,123.82444499749839,0.001447806204082535,0.4276150843516456,0.25590353715822634,0.12427109960340638,0.02636082977287075,0.3199499849424483,0.028257378133169243,0.7693479851072323,3.799967114758203,COMPLETE,IZ-F
26,0.91,0.6380571876876749,1.4949015845788052,0.3662123479993191,138.15869561258708,114.2963337026161,0.0012059036564118306,0.49206661923013,0.19124557354070304,0.18110314296074861,0.03865059381979523,0.23193478130516057,0.03889526701907247,0.706230795245644,3.1389967966284424,COMPLETE,IZ-F
27,0.89,0.8185150036606069,1.1797131411766095,0.44913497843019234,130.47782558176476,117.58063607761935,0.0010932649514922511,0.46497801816235435,0.20863252685857986,0.14209890213729728,0.04679376186014046,0.3666201797704508,0.03403230550670414,0.7300060214496257,2.736476331609741,COMPLETE,IZ-F
28,0.83,0.7029908926896163,1.043417178056669,0.33466118946744405,154.48715044854282,107.80350949602621,0.0012561385244425451,0.5287138815779442,0.23345102637009563,0.11364774091854228,0.03383893623006416,0.28353925294475113,0.03606558273723152,0.8208053816629162,3.4492042780690975,COMPLETE,IZ-F
29,0.92,0.5862406209261514,0.9284708395471775,0.4163997774962649,141.18987649622704,123.68829782694246,0.0010336425706819986,0.4257074554874927,0.16659191237206245,0.06167982557605595,0.0279270546177832,0.18399082938443503,0.03095022866579834,0.8971162367804641,3.60962235353711,COMPLETE,IZ-F
30,0.93,1.045824683153511,1.3116206349922477,0.3455732082734738,147.44920919860883,111.76179306386886,0.0006913008829401042,0.4480665731746339,0.2620007903214519,0.1708929888880581,0.0422848893743403,0.08410287903819771,0.033363939187749755,0.7985695295562887,3.7369087704489625,COMPLETE,IZ-F
31,0.75,1.1058352262262285,1.2397812814224605,0.3158306462605163,157.3114199244755,120.70222180391188,0.0009453697485756225,0.5844400116083135,0.24687298946175637,0.10170472664357902,0.02864981078003398,0.11997284396893197,0.02927245492466228,0.7560480652925902,3.9976550274828444,COMPLETE,IZ-F
32,0.9,1.1892568933022571,1.1512154143801987,0.3183596059953981,155.65988497735444,119.87313967668955,0.0009802891950047834,0.5756683607356036,0.27554164942880954,0.11194453536250212,0.021891285509898214,0.10138201901107378,0.03144527470228371,0.759038348256056,3.9277934726613726,COMPLETE,IZ-F
33,0.94,0.928490638231374,1.276071366011923,0.3803519683024186,163.53897808660523,122.3768474266666,0.0011685834735423774,0.5627206345057632,0.2946392542121106,0.18762553675189264,0.03097432104626518,0.16791286226576224,0.025727851208572572,0.7398863746995513,3.8552435995396475,COMPLETE,IZ-F
34,0.9,0.9265735208808877,1.3833364282958545,0.38928120244082953,163.67918916567237,126.44463181479317,0.0011811173264377425,0.5181103211479718,0.29735628444283785,0.1862463431024709,0.0334649265330811,0.17300587372893436,0.024655433996862756,0.7199946848939297,3.78016788869885,COMPLETE,IZ-F
35,0.91,1.021616975967102,1.4447036183133621,0.37627204882192683,149.92392753734003,129.27012706334273,0.0011272348310115506,0.5563080917251505,0.2143224622975136,0.18870923919836594,0.03670310675254047,0.2230928701381284,0.021308214320143775,0.7444049607292246,3.3084988688262866,COMPLETE,IZ-F
36,0.92,0.95111179369113,1.2775619632918578,0.3950497151832045,132.28400230543122,122.921076552986,0.0013870758147170959,0.5683891086932317,0.32711794820266266,0.1989266487922482,0.0384766181748623,0.20654375556094123,0.025713878867697066,0.7779097547342442,3.0148488171186627,COMPLETE,IZ-F
37,0.91,0.6379644209242702,1.3654354767856538,0.36213080554654997,161.2322079632598,114.57262929290155,0.0012514896305880008,0.4717396593783366,0.18269698315234278,0.17910366287622637,0.04719979440303845,0.18151289255263733,0.022537743782283917,0.8666574676580545,3.4946685569144407,COMPLETE,IZ-F
38,0.94,0.7966712675896913,1.0602063445856422,0.3783092656934448,152.09763609275208,118.89937631149232,0.0010415487051761141,0.5469676250643933,0.29469985716162644,0.15652074038578268,0.021560279965026758,0.25005456812078797,0.02768041972134282,0.8479471246658107,2.0431996249710425,COMPLETE,IZ-F
39,0.88,0.7717709437724636,0.6656342127525376,0.40602065178275987,166.3834464386279,108.22941765037058,0.0010622597967550745,0.5453990525189203,0.29360650258648824,0.16541125399921044,0.019335769051709275,0.2716463767108872,0.028230864961082222,0.8439471539316603,2.2680782332681777,COMPLETE,IZ-F
40,0.88,0.6974945306267916,1.061678199532231,0.3836997535814482,152.24128272909542,101.37537773960315,0.0011467356201478507,0.5439840235076051,0.3138076523679217,0.15736898263527493,0.022371978860051187,0.21549858086377546,0.025755254324029843,0.8845822103593242,2.773833888085699,COMPLETE,IZ-F
41,0.93,0.8571236460495216,1.1755758828608303,0.3773900705449664,148.96175644066645,118.82161328333912,0.0010210960564995674,0.579000789036627,0.2831322931126321,0.1923506328532466,0.029073130742160516,0.3286624238349539,0.033205034764332036,0.879184981942241,2.5751878149641736,COMPLETE,IZ-F
42,0.86,0.8165670604790569,0.9292298998810085,0.3454048771664751,130.09832099602474,115.97531751265204,0.0012883138065847171,0.5878374598820081,0.3039024723927285,0.17328473684042184,0.0322393844415958,0.3721415159312398,0.027829650627767433,0.8573285709929048,2.1417117537043193,COMPLETE,IZ-F
43,0.84,0.8758389345778341,1.4296563388106784,0.42119571266510303,133.29409263011433,121.97291764431496,0.00120756635720538,0.5661954337786024,0.3188891239993672,0.1843142214748164,0.017215411211859676,0.19737646704027823,0.026404274002731872,0.8278284855542112,3.1401345057989665,COMPLETE,IZ-F
44,0.86,0.9889539352223693,1.0986729363481191,0.3583283758094681,160.05764705431622,126.76555441348512,0.0011028561772568498,0.5120396517066862,0.28444237040823506,0.16431017086429972,0.03491194981127353,0.24492820191594017,0.023342410750059488,0.855326521316958,2.019242718134466,COMPLETE,IZ-F
45,0.94,0.5992924325805844,1.2665469962710738,0.3918255277548549,144.10136692163883,125.17667845346436,0.0008843623781091168,0.551310062344653,0.17600540175229912,0.15038933082904277,0.013661860516594657,0.30543998039595976,0.03170786192077616,0.7151705129461267,3.358406127935308,COMPLETE,IZ-F
46,0.83,0.5896967639867874,0.9216647783506978,0.3910427012460819,143.70415636131872,127.94000096223915,0.0007733675549436876,0.5300373744047568,0.16261705767707113,0.15065010057936626,0.010196463639501257,0.3060598977276261,0.030203966282035574,0.8376677454107541,3.344911694121511,COMPLETE,IZ-F
47,0.88,0.5157706214080263,1.0132016748736437,0.40406620434825036,145.33542431978003,96.08471095932737,0.0005092200012278693,0.551922003346676,0.17991635053088892,0.1343687013139117,0.013163481002780895,0.16155143257485277,0.03162769807252209,0.7010343753796067,3.558286545824379,COMPLETE,IZ-F
48,0.84,0.6662116128469124,0.7995661473027529,0.4350545942869208,151.75519270422453,124.96562163493505,0.00085836563350656,0.5015212016085726,0.1590349381793025,0.14886277118835858,0.013925875575811129,0.2923577372154141,0.02989357381206651,0.7168448360387055,3.8318102085177412,COMPLETE,IZ-F
49,0.85,0.5689816011798984,1.2638461483151986,0.3706951382114995,149.8593525762432,125.16772865444459,0.0006315723870244982,0.5365270566173681,0.17267612051910491,0.17570384705143766,0.019481449369962704,0.2693240860563133,0.02881750571031627,0.8901174720813718,3.6854327637484148,COMPLETE,IZ-F
0,0.89,0.629,0.694,0.335,150.0,110.0,0.001,0.517,0.169,0.068,0.012,0.196,0.032,0.84,3.753,COMPLETE,IZ-G
1,0.94,1.010438612977091,1.1956478782335767,0.3760591873014538,148.6359473726179,99.35740826573043,0.0013697134875124799,0.537955990946327,0.33329981513566076,0.15572700691652802,0.01998446095073634,0.3695779469192293,0.03835194303597996,0.7446619837970065,3.5068837825586687,COMPLETE,IZ-G
2,0.92,0.9984720593303005,1.0427018602301619,0.4536976841445379,133.39404858724507,128.72754555067993,0.0013860682913224872,0.4760004189508264,0.2634063385247835,0.19078705525824408,0.0197623314814405,0.2207687097520146,0.03370228372162399,0.7292827295711222,3.934754809892472,COMPLETE,IZ-G
3,0.91,0.8783114862652315,0.5381190744211533,0.40878375460748806,139.48093589174857,111.4887492621033,0.0007913055673104409,0.47159364742339693,0.15392588309613534,0.07434057900786505,0.027306267684332898,0.09058815308874238,0.022512452315263734,0.7604268143537989,3.1225744743869432,COMPLETE,IZ-G
4,0.92,1.1625065087278892,1.2484348897868354,0.42836436797101174,132.7721220246284,116.96691033976997,0.0014404285721578928,0.4262874562026066,0.3064333507413559,0.10052031513257137,0.04311767271392603,0.38916266024461504,0.03419775029208222,0.8412833746003396,3.1421546166691883,COMPLETE,IZ-G
5,0.91,0.6342999043710423,1.0975588934933256,0.41647406851332003,162.60283564278998,106.91147564211975,0.0010897225655509752,0.5872228455310867,0.2185710289667429,0.15889743096352268,0.04651472961041416,0.373449195121911,0.0325538871008525,0.8859172430226127,2.1092394920034416,COMPLETE,IZ-G
6,0.88,0.6165333941189125,0.905920417235299,0.48764011459063045,133.46000422024534,127.51268222531857,0.0011818793289844207,0.418414980657124,0.29762468109334117,0.15018266151922455,0.046752369213026994,0.027586576127449393,0.022980914132291027,0.7812364341180434,2.4771295211000224,COMPLETE,IZ-G
