number,value,params_c1,params_c2,params_c3,params_inputWeights_max,params_inputWeights_min,params_interSpeciesRate,params_keep,params_noCrossoverOff,params_probabilityAddLink_Large,params_probabilityAddLink_small,params_probabilityAddNodeLarge,params_probabilityAddNodeSmall,params_probabilityWeightMutated,params_threshold,state,study_name
0,0.93,0.629,0.694,0.335,150.0,110.0,0.001,0.517,0.169,0.068,0.012,0.196,0.032,0.84,3.753,COMPLETE,IZ-A
1,0.93,1.0271531484448664,1.476153805879422,0.3006826786211921,163.19123780243189,107.55421139635553,0.000955954857713933,0.580116094131781,0.19296329239044996,0.14216473960454418,0.018662247591463225,0.21118950212755316,0.03934691475375104,0.7795100824880591,2.5787377870029444,COMPLETE,IZ-A
2,0.92,1.3884720199642357,1.0285962609989587,0.418094582711144,166.43568519752824,103.78280782273535,0.001177629737616048,0.4942779230834478,0.2025036855058549,0.1717844484977335,0.0313287335885532,0.3808870393715423,0.03717601487315622,0.8579012949213448,2.44980497472221,COMPLETE,IZ-A
3,0.96,0.5861340325536732,1.2320609468763575,0.35931888186143784,140.76491152363863,95.38315050561646,0.0007771839957178019,0.4826409331363875,0.20357433391311808,0.14709074133296998,0.04394373782987025,0.03144393458174703,0.03445403149937211,0.7965356227171787,3.829400540254646,COMPLETE,IZ-A
4,0.92,0.7950513250492451,1.0433467113217465,0.4452085468193895,136.945503003996,125.30233223001034,0.0009162761359080434,0.48435939649563353,0.2443300917959132,0.09269247054888313,0.034993081475113944,0.32817183813926354,0.020160470561832226,0.8255654215864809,3.4564067430075953,COMPLETE,IZ-A
5,0.93,1.3984223574848804,1.4963669633773171,0.34541045153760724,147.57938741144895,117.50489040556957,0.0014906358815465078,0.4406305935754426,0.17996669509819702,0.19811836790848347,0.013652091804485988,0.2149284599902205,0.03717755466407439,0.7916553946935774,2.0167184134776894,COMPLETE,IZ-A
6,0.84,0.7346983776714476,1.3031476676177403,0.323315713488139,153.57405197652145,93.43394569411407,0.0013607062481238317,0.4561067288421109,0.24251332739827816,0.11185184055633104,0.01615045722962089,0.3048193946205741,0.027231312943920595,0.768251045928252,2.573909456391035,COMPLETE,IZ-A
7,0.93,0.6671656128524146,1.0246363227881168,0.41157769386174725,145.02789679424217,98.97248453067687,0.001367622086073693,0.5414658296586898,0.31619368589842356,0.1595628496451674,0.034635087777977934,0.13176538181355546,0.035327016701430035,0.803658730452708,3.719847813993593,COMPLETE,IZ-A
8,0.91,0.5880905184571746,0.7592538588401029,0.3671091480132278,139.06518323527246,111.5772634445448,0.0007891175518485605,0.5012669431672968,0.23144296597337774,0.17569049242606205,0.010719683391762245,0.3372950218591864,0.0310052490363999,0.838328363940618,3.260931821059306,COMPLETE,IZ-A
9,0.92,1.4287734470447737,1.251542608351171,0.47008884700246567,166.56674939727364,106.60069322446913,0.0005400011213251568,0.5991271108847374,0.24557710907069535,0.11605992814373098,0.03425040652196941,0.2786617900419715,0.022384752478783878,0.8608040770367545,3.2613975171276968,COMPLETE,IZ-A
10,0.91,1.000640760789105,0.5070646534220558,0.3821245471271352,130.03746183693872,92.3096690871406,0.0005633199702711833,0.4058813044942122,0.3246960378506924,0.13974817525379513,0.04954837609148984,0.027572791274508176,0.025908432248509063,0.7078133310955357,3.9761915589720838,COMPLETE,IZ-A
11,0.88,0.5042123671522352,0.7187455565569021,0.34832454133576457,152.88382236406352,118.19061219797493,0.000784956012413441,0.5362528977633845,0.16456873535976968,0.05074392476341601,0.04671836371222622,0.052702139446467164,0.032478793917035606,0.8971896779704165,3.9854010474236166,COMPLETE,IZ-A
12,0.84,0.8525205426531197,0.785180126620975,0.33247790595509685,157.0718239160975,99.55959370869705,0.0011196895303453864,0.5328227628065408,0.15010684024444257,0.06120463155676012,0.02243520130262282,0.11935392569229492,0.03296076813035887,0.7428951859607446,3.636420368200734,COMPLETE,IZ-A
13,0.88,1.1901348368794076,1.2396975111540958,0.3825270769130335,142.21067378575432,127.42656241347376,0.0007184419873267894,0.4585876106355735,0.2109170499110542,0.08434102737773747,0.0421123572308349,0.1291008112556273,0.028829401860082336,0.8221697603058428,2.912815236967718,COMPLETE,IZ-A
14,0.84,0.5070801047205,0.5166583331706691,0.3144833265711862,134.3872943243626,114.25219196301568,0.0010956061880168031,0.5159833579574706,0.2818793381362298,0.08192449151853727,0.023565500887613586,0.0858839611205332,0.03458369624691982,0.877602432502258,3.6191894695861277,COMPLETE,IZ-A
15,0.93,0.8930786706606486,0.8947003523772252,0.36016252683017486,157.52207065819917,98.96719053169446,0.0006719785101937818,0.5650548869646954,0.2814362894906003,0.13721929809877798,0.041742959133614324,0.18335029292162905,0.029852478470942974,0.808805620599052,3.182907889991406,COMPLETE,IZ-A
16,0.92,0.6454445764883308,1.1762887119239067,0.3935246180470072,149.03411904649985,90.47716078500174,0.0008762817418494801,0.47456738902572004,0.21642975246902835,0.09733022877345897,0.027568138801458947,0.2696238083403989,0.025960185740134215,0.7543462473235164,3.8242215748120856,COMPLETE,IZ-A
17,0.93,1.1617097207531653,0.6711896660906747,0.4968516214352012,141.68110480753876,122.81271322967619,0.0010156676013036614,0.42415633085006565,0.17760595504888765,0.06655827402116259,0.04142897902820679,0.18200234237635593,0.03411924435826074,0.7266351114664829,2.899535356833279,COMPLETE,IZ-A
18,0.94,0.7080166145470075,0.8775516222604747,0.4364856580400529,145.07913711339324,103.70440766409878,0.0012204454730923584,0.5215911234837064,0.27095309412732566,0.12246308998463054,0.02835165656331387,0.02163644417293667,0.03998321428884358,0.8445830344917743,3.435535365564918,COMPLETE,IZ-A
19,0.93,0.7275705941871717,1.152817411327726,0.4340225864980919,132.88667664247467,101.4196373154456,0.0012662921446795327,0.557091612113964,0.2760227432172715,0.1549987397559709,0.039042855427520506,0.0239625117221768,0.03993233334533136,0.8695991874302271,3.4762925408500642,COMPLETE,IZ-A
20,0.94,0.8815619364437077,0.8855038847622085,0.459799685335202,144.29380565860595,96.25940286854933,0.0012168439108097122,0.4661462480024091,0.30360311801031703,0.12614180522716936,0.027207417625183625,0.0731594126256078,0.03732303816529915,0.7746479292930684,3.42891396796077,COMPLETE,IZ-A
21,0.9,0.9159697812807679,0.9064415086525349,0.4537617873174876,143.7413625658648,95.2309183551663,0.0012559014746979936,0.4683717342327849,0.3499961596123325,0.1179768034600872,0.02793240545733776,0.06958047642406308,0.03700975917507406,0.7805004744947469,3.4654449942183305,COMPLETE,IZ-A
22,0.92,0.7921718008036902,0.8941502543356968,0.47516492971691415,137.81171525876775,95.40360297797197,0.0012780401780523821,0.5049477152302395,0.2688300137621781,0.13219325423607375,0.02519003367082337,0.09222591944891098,0.03806353169258099,0.7623101468011443,3.1016672262069562,COMPLETE,IZ-A
23,0.93,1.0987578855704228,1.3884175739773952,0.4260930865810563,146.7247986259272,104.28559659161289,0.0011599926638674214,0.44100885504610277,0.3072456450872826,0.10275980369066254,0.029084264610266232,0.04994771758887742,0.03570802475302347,0.7912848030640357,3.423302626754038,COMPLETE,IZ-A
24,0.91,0.9234603409019688,1.1148616423633642,0.4652026053567926,141.1596144778109,96.78033158388378,0.0010542055783306656,0.48482299161141396,0.30180569767198384,0.15411147501864914,0.020258747090747396,0.024320613125904833,0.03879502599014051,0.8166707837531924,3.3411840783289892,COMPLETE,IZ-A
25,0.93,0.5785366229467829,0.825848787445422,0.49169689522208815,152.35217444968774,102.17167955778059,0.0014951831298252484,0.5233075260548006,0.2621513753971551,0.1259736603297673,0.03200771294496356,0.08852533836979407,0.036317956949855824,0.8378827048458752,3.0420977050098714,COMPLETE,IZ-A
26,0.93,0.7315473228244981,0.6164429969974431,0.4042262502963311,146.06657974071348,97.10774027732027,0.001372552402943047,0.434665523432555,0.29697494000775687,0.1077576981385191,0.038751514367720556,0.15470064864120098,0.03361541843266978,0.7358059713360725,3.6122320128922047,COMPLETE,IZ-A
27,0.89,0.8371064626329293,0.982162795058585,0.43681955770656955,139.79836748706757,106.223398167572,0.0008363632532908405,0.4567818091290611,0.33480444690568456,0.1272797371155252,0.02498268649060015,0.06520822177371717,0.0382308111210137,0.7927274956580007,3.81593990790548,COMPLETE,IZ-A
28,0.83,0.6836697921225025,0.8328511305419319,0.4607787176099891,136.37034119808428,91.6970455221242,0.0012142331331342032,0.4868876169458137,0.22906228373700593,0.14884009671887138,0.04627705218527307,0.10301087352634106,0.03972049474490647,0.7717721061405318,3.905511997889677,COMPLETE,IZ-A
29,0.91,0.6055497137490592,0.9453754817964204,0.4829137547277244,149.83301011000015,110.12287475973821,0.0006555237433572294,0.5096305135257858,0.25634056420586737,0.16966695500929857,0.0371405342458331,0.04769068692626417,0.031449158982448724,0.8545196674536158,3.6032312090220464,COMPLETE,IZ-A
30,0.92,1.261777732938595,1.1022016176106062,0.4515370682840427,143.76392889097136,94.23546121873575,0.0009583366075413082,0.47084074493703626,0.2967411440153513,0.18688333045961217,0.02052481911977862,0.1475293472122542,0.03519462137923697,0.8973981245586007,3.7023867571562947,COMPLETE,IZ-A
31,0.94,0.5699665941770359,0.6177079279174291,0.33787795503422857,156.20607842941737,112.78953304748663,0.0009513625207245829,0.5520123555523739,0.19005676773408445,0.07973788251142738,0.016022878023478807,0.020184269715220915,0.03217617547712953,0.7816538433594418,3.807796586640457,COMPLETE,IZ-A
32,0.83,0.5723878047629612,0.6186550073488875,0.30246571711442455,159.77929126677537,113.03105890386786,0.0009986074576802926,0.5521822390783087,0.19133872471500804,0.08344001856269215,0.015113283754460834,0.04711284660010824,0.03794498958630584,0.7826921686400169,3.8248305664752684,COMPLETE,IZ-A
33,0.85,0.5401350470777553,1.3968551696985823,0.37147839685893314,155.9001485925373,108.69272593120749,0.0011001327729735547,0.5747892824167966,0.1937422167545289,0.12220042177194253,0.017643666619274703,0.022779371779371664,0.03629199185198791,0.7545384998627467,2.780338036239765,COMPLETE,IZ-A
34,0.93,0.6819301775681532,0.611559297193792,0.3438196919336325,160.95038751765173,104.47445206229486,0.0009149600661349282,0.5237440831522505,0.2210873788619766,0.14823331661907704,0.031137198724267887,0.07108480311589652,0.033124921709954264,0.8069060730892942,3.544224676225021,COMPLETE,IZ-A
35,0.83,0.7824530926058937,0.84454882078558,0.42235167197421963,169.69479754335293,117.1443404697446,0.0013222527828786574,0.5480794406911461,0.19870020989921375,0.1664817617387828,0.025822068394704883,0.10877404019652509,0.030015098055963547,0.8321436957707151,3.3871752670939768,COMPLETE,IZ-A
36,0.94,0.9588765740686683,0.693728083606423,0.332688866778872,148.7261883266333,102.1347927750487,0.0014187466164011049,0.49438036017097386,0.16408612674442088,0.07482489954387242,0.021923845356788284,0.2251995542446718,0.03723237689677609,0.7942606806004923,3.7475503636757357,COMPLETE,IZ-A
37,0.89,0.6196755661201151,1.0888264858731214,0.355303782694318,151.08182429118733,121.45600516892034,0.0008329588255853361,0.52762061524979,0.2881752290951685,0.09342059988404024,0.03281564413853205,0.041231250376954895,0.034376466290584745,0.7761397195689202,2.041196198480457,COMPLETE,IZ-A
38,0.87,0.7588506272703018,0.9876077328267392,0.44281546472770694,144.478875814141,100.21319043107385,0.0011866788337776026,0.5877249012036125,0.23716935755805077,0.10504471548289522,0.030027331770373877,0.39318727904689454,0.03898696312732331,0.7611557441334899,2.2833090659070687,COMPLETE,IZ-A
39,0.95,0.8471414758325451,1.0523078731757967,0.32118564879505007,147.54457285583044,114.82159446989627,0.0009479825228998543,0.509605411364152,0.17681893498794135,0.1341424945956697,0.011871436539777092,0.07122979109610589,0.03151525179369238,0.8188610833045123,3.2730033485523573,COMPLETE,IZ-A
40,0.86,0.8346613042208941,1.05548700547891,0.31553494337597826,147.31432974597234,115.52294650548903,0.0010359088277590565,0.49402464501024257,0.1517212954365656,0.1440837758399185,0.03617152757676899,0.07112451468026476,0.028161901712216948,0.8525901477313653,3.2885444607609533,COMPLETE,IZ-A
41,0.91,1.0673269892249075,1.209676230846499,0.3237068436459229,142.73961288007393,112.39240204324521,0.00093170340765629,0.515662349308736,0.17978532047764662,0.1351978192382362,0.010636766352019142,0.03607948486648728,0.03118629772129657,0.8146481659280029,3.174124804880344,COMPLETE,IZ-A
42,0.93,0.7057831075976168,0.9383606252465287,0.3030121819135422,154.8519821700143,110.42051765293803,0.0007854403593475375,0.4782082595818913,0.20898444262780827,0.13025156276643302,0.013450781563379435,0.062985288851398,0.03246094472589278,0.8252566507752531,3.8918106559318786,COMPLETE,IZ-A
43,0.91,0.6418855317559622,1.326810813714138,0.3409619968051262,150.9509039577517,120.09392782266707,0.0009579002321181386,0.5069053822316406,0.18492843213076562,0.11522017579123406,0.01683934855500612,0.08690685946516953,0.030233136946597954,0.8005881595143205,3.49697739145763,COMPLETE,IZ-A
44,0.94,0.9757300817812768,0.7454092905052236,0.32574612463872427,145.93733660821601,108.04900942344108,0.0008646509749000578,0.5438889586325293,0.16807347530368133,0.1585166001948513,0.012369732132480847,0.020463209668310632,0.0318333956126503,0.8471604940662663,3.3588742304414603,COMPLETE,IZ-A
45,0.92,0.8594515608234057,1.0406400169178287,0.37290464109448324,139.86367078675187,116.39573949895511,0.0007305982311539397,0.49416816304121425,0.20326828177248696,0.1427725331238428,0.014549256843332442,0.3537581865563655,0.03500685340134908,0.7878450549979933,3.6919454054095464,COMPLETE,IZ-A
46,0.95,0.565187117047553,1.3344301378253147,0.3544502928051779,163.99137002803508,114.64948877216487,0.0006061827254475765,0.4626472423112239,0.31661625917041036,0.05663264405095593,0.010110279454285234,0.03852409650527441,0.02232731547739095,0.8133824874373817,3.2012036750638138,COMPLETE,IZ-A
47,0.94,0.5329994988577077,1.3156666111549742,0.39173882877396915,164.08820384416973,118.69112875939454,0.0005029854270314334,0.44645977311307844,0.3199791227903336,0.1786793861646152,0.010214704802211363,0.1193332164866954,0.023861084096477393,0.8283644815269784,2.9591497271950713,COMPLETE,IZ-A
48,0.91,0.8187531361287026,1.4443891078446895,0.35504968039742896,138.2831609163942,97.38987287029529,0.0006746694312464898,0.46463908663414055,0.3384293987765757,0.054078473321484154,0.018758816948798857,0.23390049085863648,0.02153740231416381,0.8177259779490227,2.7655169631299814,COMPLETE,IZ-A
49,0.86,0.8836839101859212,1.2716200624304195,0.3785098925647551,135.7498359993346,92.98290794744459,0.0005644513254455865,0.42079290759486243,0.30661372171434925,0.12301766133898467,0.04908018104514962,0.15101903167783037,0.024968430059434877,0.8673090360045131,3.1917514980821866,COMPLETE,IZ-A
0,0.9,0.629,0.694,0.335,150.0,110.0,0.001,0.517,0.169,0.068,0.012,0.196,0.032,0.84,3.753,COMPLETE,IZ-B
1,0.9,1.4970791933534984,0.6086296513985086,0.3249436692068164,130.006173649228,122.00232942373086,0.0008175619230365957,0.46304738404489476,0.3104168237526682,0.14538194757411246,0.020429930454189137,0.07296524858238695,0.033406261742324694,0.873267856225607,3.2399641977037534,COMPLETE,IZ-B
2,0.87,0.5655536003256623,0.9776657139409349,0.46016886319038824,135.75337632198134,102.10722860582834,0.0013962139435625858,0.48671721271823765,0.34383702522129883,0.18141045476064444,0.021060993797713395,0.2659535406906123,0.033343523274211306,0.8768380341909476,2.8141831826020605,COMPLETE,IZ-B
3,0.91,1.3121288572765515,0.6693960530803157,0.362831901388435,133.92197783614952,112.64632357643256,0.0010067261558410986,0.5634296481598079,0.20078655664918588,0.1516510319565267,0.0182785802482428,0.19034519061491378,0.020974066485724516,0.7934392859020236,3.1527252288892473,COMPLETE,IZ-B
4,0.92,0.5330586622886246,1.4638666832586051,0.4893830656069581,145.78330153624043,95.82903510351602,0.0010544036497817234,0.5768963422431754,0.3092329355006288,0.06833847440745484,0.04128745024972974,0.032977243879767165,0.034703516967540274,0.8835629349285095,3.0304584870383695,COMPLETE,IZ-B
5,0.89,0.9021297658168057,0.7505448117768392,0.30127016180037663,135.7528275448758,98.08227936397267,0.0008590611327566412,0.5017874752322775,0.15243803018453186,0.18980744740509436,0.029187246998478106,0.28518417843931676,0.024407068267003167,0.7836885521510355,2.110138924800933,COMPLETE,IZ-B
6,0.87,1.4703730332006817,1.1322251295665133,0.4856316572843996,157.60678037497942,114.00396343002252,0.0008675524687410532,0.4263707530438686,0.29036949933841927,0.12948545639871714,0.021693896527588002,0.20599043363033254,0.031183755515179483,0.8034725983592419,2.204181856359467,COMPLETE,IZ-B
7,0.92,0.6568154362398795,0.985041096675099,0.3310069458015558,130.44217710126014,104.70028990660335,0.0008094370629208741,0.5904647442953028,0.2439725023956716,0.0721379950707973,0.0236690925794747,0.25837267982569617,0.0332920456260649,0.7518457181060598,3.55282464142108,COMPLETE,IZ-B
8,0.93,0.5989057395397019,0.7712513517683133,0.37689602780345777,149.01261451731216,92.67636892913505,0.001311047577801781,0.5712965843092698,0.16218370922483952,0.0795228830652692,0.04848805279938062,0.34010313383880436,0.02173658857531249,0.8208013486808711,3.227045721119886,COMPLETE,IZ-B
9,0.87,1.3109375954071982,0.6914934188568803,0.33656538711686124,160.47517487926152,107.06095635121444,0.0010552011361280198,0.5129862903103489,0.22144260876177085,0.14406110711898518,0.04545041326175296,0.22315063404114505,0.021189685066319384,0.8907833431572613,2.490809449174532,COMPLETE,IZ-B
10,0.9,0.8532425943658151,1.2737666931208946,0.41231208692072846,169.8621223884782,92.4881271760836,0.0014022658808363663,0.5473233111918138,0.19119367273678467,0.09990732179620275,0.03783459892127394,0.39077462366004273,0.02665246435700009,0.7071078269190862,3.9566274159680836,COMPLETE,IZ-B
11,0.93,0.5111003892131686,1.4765531390315307,0.40626247032046453,144.40171315432218,90.06957354659392,0.0012266062049299423,0.5948109174911157,0.26003443552053207,0.09324725997484955,0.04856262755553742,0.02732193696533916,0.03984443632272572,0.8399418529638023,2.9108854655518672,COMPLETE,IZ-B
12,0.93,0.7633697861231227,1.4386507995381717,0.40264861442251054,141.84094546746806,90.4375649629036,0.0012427067483036776,0.599538493995414,0.2655001243594124,0.09827434416141641,0.04996179366713868,0.39636446895458616,0.039036947689691445,0.8345813765030149,2.707926970097454,COMPLETE,IZ-B
13,0.9,1.0672234394392364,0.8649838961977182,0.4333053633385823,154.84187843278337,129.2466689637496,0.0012435132020238563,0.5475661560124043,0.2469293924548669,0.0991793791931549,0.03719585274300203,0.11334038973518147,0.039613392445060173,0.8384430189835834,3.44663233984324,COMPLETE,IZ-B
14,0.92,0.7393119020436445,0.5239689669607326,0.37079717656045186,143.08230569958215,99.22131270891383,0.0012317957492000188,0.5456437413433075,0.21504681231053663,0.053062431682780284,0.04994366803206541,0.31829756909700024,0.028948578719766485,0.818684234376109,2.7168285257479443,COMPLETE,IZ-B
15,0.93,0.5115306597886197,1.1739013057238716,0.3762909335272233,151.17465309390195,90.14016352649043,0.0013150852198418753,0.5757153252196394,0.27404131008564087,0.08705110102096698,0.043353163579678014,0.12443200709152356,0.037026734540382016,0.8536528700624092,3.322608638617632,COMPLETE,IZ-B
16,0.87,0.9852359011734946,0.8364260064788132,0.4346265701153348,163.8490213541021,94.36865862079426,0.000501200949809035,0.5312412367303833,0.2374146494599662,0.11518027411907932,0.031544438184404736,0.3373677666626215,0.024850682475314634,0.7597547805062645,2.4695186290138293,COMPLETE,IZ-B
17,0.9,0.7213169430988084,1.2859657872395447,0.38513646458900896,146.04333580285572,117.60054506540719,0.0014758315270234355,0.40043035074178,0.1807276303528791,0.050777662092014564,0.03528014342147502,0.1480332000021164,0.02923420993226608,0.7664995104601893,2.9164460106905414,COMPLETE,IZ-B
18,0.89,1.1478506074788941,0.8627618489963859,0.4241536034254469,139.57080088343653,101.24330851620097,0.0011453751961545359,0.4599188003345416,0.34677537165257843,0.12169768621154697,0.04689976455590708,0.3417181242334584,0.036201678892336,0.8133934829893155,3.700542520692959,COMPLETE,IZ-B
19,0.93,0.8441665150276509,1.1172990428776695,0.4553877811232362,154.1914020067642,95.83927790031377,0.0006010982069841611,0.5693670728464266,0.22339450699748548,0.07345401150168746,0.04128161805335522,0.024148815277530312,0.023150275875026608,0.7306571147202765,3.0381283859853188,COMPLETE,IZ-B
20,0.9,0.6444919202514122,1.3333707419436218,0.35534173232322575,147.2906281793547,105.49509817109293,0.001142217634868126,0.58548384313726,0.2684023346748206,0.08943591436448986,0.028140461973509168,0.1601962618853293,0.027097022807279176,0.8605424636182367,2.487364333544484,COMPLETE,IZ-B
21,0.88,0.7542722090990777,1.496400146369518,0.3948284363860483,141.8143605275102,90.08693920829496,0.0012921038405114178,0.5936818963909487,0.269597342093437,0.1112494893250333,0.04924899977073728,0.3489113789669417,0.039785045575778284,0.8294785461737602,2.6848428791515917,COMPLETE,IZ-B
22,0.92,0.501820376292629,1.4027969199243704,0.40787290977037216,139.71794944697217,92.90266852471224,0.001152995434870618,0.5945826999393109,0.2882422797527393,0.08213288467298244,0.046160085018608035,0.3999906309523929,0.03789537265499607,0.8520885092064925,2.7795170082221596,COMPLETE,IZ-B
