number,value,params_c1,params_c2,params_c3,params_inputWeights_max,params_inputWeights_min,params_interSpeciesRate,params_keep,params_noCrossoverOff,params_probabilityAddLink_Large,params_probabilityAddLink_small,params_probabilityAddNodeLarge,params_probabilityAddNodeSmall,params_probabilityWeightMutated,params_threshold,state,study_name
36,0.95,0.5695065486257683,1.304802967024441,0.36753660455084725,162.66534775989345,113.86838262511816,0.001403589206275051,0.5571932078451461,0.2377769374990101,0.07510553688603648,0.04461056680548345,0.041610022736437664,0.03421567530580686,0.7591400814433021,2.7076866629789142,COMPLETE,IZ-H
37,0.93,0.7958694524340375,1.0671917956433623,0.33478417135734073,146.9097918387637,111.908285434185,0.0010170216252707222,0.5857003043735581,0.1770411231815519,0.09394154398630457,0.013997047721790598,0.10108034529754409,0.03591016066401984,0.7321802735204656,3.0579650986453433,COMPLETE,IZ-H
38,0.91,0.7123594958058113,1.1260690541391627,0.3939488913917544,164.7829966651869,125.3108338274055,0.0007786497354175639,0.5983699269453029,0.1501414201421133,0.13759692583152555,0.03636520768431992,0.17410353806079645,0.025556994205016427,0.8334008534406098,3.362807518252415,COMPLETE,IZ-H
39,0.94,0.6279202987529823,0.9589373941683367,0.4229602682198301,158.41815740119898,116.72871538638002,0.0006304324359213118,0.4793061998279408,0.19104285563062126,0.11753579210688586,0.03230762675225429,0.20964646188827926,0.03996314474923424,0.7947418364086262,3.7289341234496747,COMPLETE,IZ-H
40,0.95,0.9034844306943149,0.8772067725194294,0.350947076237112,156.03657777478116,120.42293891068748,0.000903816576195527,0.5684865159286756,0.1617662797190987,0.050043391648520896,0.022650896818828516,0.2714342824677993,0.037228242316811926,0.811018949961807,3.523384163692101,COMPLETE,IZ-H
41,0.93,0.6688257096275801,1.3794324072135324,0.37588347625098706,152.704559534386,120.31647116027196,0.0006813173326333897,0.5739414196432626,0.20566393663639126,0.08608339150114268,0.033550336556257415,0.07099166925391308,0.03838774317745381,0.7806222636596578,2.959859565051749,COMPLETE,IZ-H
42,0.94,0.5451623136976628,1.4467276685551038,0.3780781872359561,161.2427599116239,123.19353186327811,0.0007841389037141638,0.5944276042201767,0.19816861001989555,0.10280066149474994,0.030303331247853303,0.07144847028727973,0.03875979633702782,0.789750887357218,2.810127984750813,COMPLETE,IZ-H
43,0.91,0.6255132277909907,1.3207110271763425,0.3552141862879073,158.45636148590978,118.29499026305587,0.0008005074028491405,0.5600440187614771,0.1774035603634292,0.07716930556922785,0.034071395581290874,0.04104231905427427,0.03571746297876547,0.8253981718134873,2.627164368731055,COMPLETE,IZ-H
44,0.95,0.6721737071847678,1.2515749219192136,0.3710998920787691,168.2930102955843,99.70496709185893,0.0007351274941291939,0.5472225718159897,0.22710183613047846,0.12869422499173203,0.028426684890627628,0.08636989910044451,0.03736176829037569,0.766581852917022,2.902950199487232,COMPLETE,IZ-H
45,0.95,0.7952148148018581,1.1584324974217575,0.41314341583361364,155.17739829918696,127.9632730604617,0.0009776716946321266,0.5890611068966463,0.1854667391153741,0.07297993264154357,0.039682505333014234,0.03372009948677342,0.03402328978628334,0.7835818420276157,2.46096255486615,COMPLETE,IZ-H
