number,value,params_c1,params_c2,params_c3,params_inputWeights_max,params_inputWeights_min,params_interSpeciesRate,params_keep,params_noCrossoverOff,params_probabilityAddLink_Large,params_probabilityAddLink_small,params_probabilityAddNodeLarge,params_probabilityAddNodeSmall,params_probabilityWeightMutated,params_threshold,state,study_name
2,0.95,1.2402809319176034,0.9109825346003416,0.42301576241817596,165.04623660448544,109.48223363758996,0.001197896841993573,0.5062084132599911,0.249484839422905,0.1946948097655687,0.020433420577512115,0.03766047886047626,0.034774138598928486,0.8755240151517365,3.668429030670241,COMPLETE,IZ-D
3,0.95,1.1199962593225612,1.1237152681367109,0.36820761519351947,145.40428301855783,123.16993882037295,0.001170635101856791,0.4800745512524469,0.29988957965675744,0.11635234663751326,0.032241530600765705,0.03873992706287589,0.030935482150032542,0.7241129460117166,2.0673195505564195,COMPLETE,IZ-D
4,0.92,1.4374584487822781,0.8074866358811615,0.4513427564017059,167.88059697410716,95.4743026543615,0.001468385835718442,0.5603540477169054,0.32066022626246227,0.057972108940026155,0.04722630936873829,0.1609976345096127,0.03816582460714489,0.791449330304212,3.804556759805597,COMPLETE,IZ-D
5,0.93,0.5344232982967733,0.5296612968077213,0.41934432973062896,156.84725892177497,99.31001104049457,0.0006335544486779428,0.43667384253293323,0.29071805786808647,0.0584787851010309,0.03956773731863633,0.39075324403081385,0.03163978963104738,0.818036092103241,2.2440137604287527,COMPLETE,IZ-D
6,0.93,1.2443521982873977,1.3037384703993222,0.3437125946433127,150.50846896046332,93.3754757501303,0.00052403428355202,0.4831929549301662,0.17505324724807886,0.12337471902940118,0.02213247899866571,0.11960867841618938,0.022971449342701494,0.8106567279333468,2.3651961608462573,COMPLETE,IZ-D
7,0.89,0.5883649388702908,1.4279202570654257,0.38841620949127575,168.56627711551425,114.67358048420094,0.0013692624554114859,0.48854624821779347,0.2426316212360205,0.15513135819711765,0.045153739677370824,0.1019773889671219,0.039586897674704705,0.7311907500103229,2.5194947352774113,COMPLETE,IZ-D
8,0.94,0.5159729904049833,1.4446678792513024,0.35720399344389175,132.6004786564586,115.59067957636427,0.0007956844497612997,0.5833342545490096,0.242996570659939,0.06847103296480217,0.015806593621244203,0.3517289683277777,0.03392666980565055,0.7024355202276251,3.1885052109652934,COMPLETE,IZ-D
9,0.96,0.7453452398847012,0.8475405323833373,0.40686840762370413,155.0223917216755,119.81864794574923,0.0011509783736036111,0.5279061041281926,0.16045712328405118,0.18530154594594517,0.012758248159134875,0.08516840539410588,0.03218222708591341,0.7085647275730153,3.450790060239031,COMPLETE,IZ-D
10,0.91,0.8336154194653166,1.1083221720911165,0.4847246752937423,158.0221479188044,129.46071594937453,0.000907890525158065,0.5429378611828969,0.1913271571967921,0.1972785451049259,0.02745334802331638,0.2857469734025044,0.02699266697025171,0.7458657157966387,3.1890869322158477,COMPLETE,IZ-D
11,0.96,0.8156032778148095,0.6207415770781471,0.3021344624058801,145.90755153244854,105.79950386530015,0.001034017721281474,0.5340761361011079,0.15406338361870947,0.1625560708140366,0.010201058639489616,0.22454727686708323,0.028244218507205075,0.8692643378509346,3.5035682904949503,COMPLETE,IZ-D
12,0.95,0.8320832929370164,0.507818686305064,0.39716456785172993,143.10867360276418,103.27018444375247,0.0010764018130045305,0.5391108115001861,0.1524819126480736,0.16503572355763202,0.010390789327840278,0.2586690848523617,0.027764704558820633,0.8989688246521039,3.4257681129539233,COMPLETE,IZ-D
13,0.94,0.8891793926407541,0.7054150656945227,0.3109577129407487,140.59588880591684,121.01479398035494,0.0008121511954472397,0.4028684041890903,0.20414047273983865,0.16426483253728574,0.017704747276233834,0.24825116274306958,0.02009654133635247,0.7677409549071506,2.7670487295646957,COMPLETE,IZ-D
14,0.9,0.7504939097669694,0.9664938660982266,0.44618076004137797,156.2156320382678,106.60941388919869,0.0013247710446474103,0.5912208604896232,0.2148354237161225,0.1453066692920437,0.026026022364360336,0.18068898566178346,0.027754319548546347,0.8520041062792163,3.9999707870354735,COMPLETE,IZ-D
15,0.91,0.9889136132571102,0.630357942172037,0.3756051573765358,152.6020115616675,115.83093931170635,0.0010317139154137438,0.5280741159173784,0.15619798405268212,0.18558206499977106,0.03385453735471447,0.11894533475330965,0.03618800636527207,0.7651007316007001,3.383501268451051,COMPLETE,IZ-D
16,0.91,0.7420111099066485,0.879797324199415,0.4943063642663163,160.42513879862602,125.6578522784708,0.0008831852244309895,0.5652415639542325,0.21490807795917405,0.1765084101185368,0.014435180126119902,0.3111820309470258,0.029639038387816518,0.842033067052741,3.031521458954318,COMPLETE,IZ-D
17,0.92,1.0099460333011019,1.0780205602681807,0.4166936561257283,145.74276999415116,118.5981364817839,0.0013190882911381856,0.5530217146768979,0.18456007283941997,0.10477234282863689,0.021505879016866708,0.21591780567068014,0.024382306679304338,0.8965338421956334,3.5033000682390516,COMPLETE,IZ-D
18,0.93,0.7085446674252025,0.6297221737569237,0.33058342330651547,136.54175796417468,103.63402844903905,0.0010851690115176193,0.5155999497770208,0.27652003248994633,0.1440754844959315,0.010859995123236635,0.1344868829993418,0.029239731915547074,0.7014182774668094,2.7499208068418115,COMPLETE,IZ-D
19,0.94,0.9093242036201764,0.8056738482692412,0.4548772087010897,148.20528032707014,112.00979609475421,0.000940984720596102,0.5731583363927497,0.3451608853811897,0.17709748820618063,0.016403524555279447,0.23262363893123567,0.034881592552395466,0.8644770902776046,3.21721388219139,COMPLETE,IZ-D
20,0.94,1.042676712088366,1.2357185337506962,0.384529211993417,161.91089860563272,129.1430350558517,0.0007315831531668759,0.44824983033837307,0.22711857438254865,0.1360400083970043,0.03825421077531688,0.3148643924164939,0.03304470172164108,0.8300456631560209,3.9840512158222476,COMPLETE,IZ-D
21,0.95,0.6652524480544822,0.6245869668031964,0.33064738205177147,150.26022274591838,109.2622894572588,0.0010234140224537405,0.5232883479974667,0.1734864173305663,0.09194346434792589,0.012570039870784588,0.17576862346088487,0.032339839877713265,0.8719265560866744,3.680413216394748,COMPLETE,IZ-D
22,0.95,0.6496739960251191,0.7083235576183434,0.3216200619507024,139.71719658756842,104.91304131927491,0.0011458586303168545,0.49922845440689967,0.15323465938301017,0.09150673252885043,0.010172741632769322,0.09258036815838741,0.03002513963343191,0.8446122308662204,3.632206256137706,COMPLETE,IZ-D
23,0.94,0.8104265824317024,0.7499043860561917,0.35215137707260336,153.9303968045694,99.87812119723316,0.0012578140642467736,0.5360986502881596,0.16747637414177932,0.1662245084895023,0.01837827590408551,0.1956172788544167,0.036031333290009,0.8267682293379929,3.794362977129127,COMPLETE,IZ-D
24,0.96,0.9131909669635893,0.8719374035464544,0.30235726436998406,153.65195615156208,112.48287182779283,0.0010028572866231187,0.514482212470439,0.19642437812748847,0.13175734028618374,0.013958117465980866,0.07941161478501718,0.02623843429163783,0.8600464335378734,3.485413296731111,COMPLETE,IZ-D
25,0.95,0.9393051076437686,0.8852791739562469,0.32181346563881025,153.5064347510915,118.96342969122271,0.0009729413959393493,0.5015457557487862,0.19444481959897916,0.13969126005891846,0.024874744822261506,0.06911518179563944,0.02232400676055159,0.8808605764796679,3.293496303944515,COMPLETE,IZ-D
26,0.92,1.1159719138358506,0.9589336994250528,0.30011106302712925,145.98141382797832,112.67287722283794,0.001096533772718206,0.5512540009714199,0.18409039364936666,0.1551536481291244,0.01410350252773919,0.1478612366839042,0.025681092380645462,0.8596823990757554,2.9870461749220176,COMPLETE,IZ-D
27,0.93,0.7515394157019435,1.0221642032625446,0.40060307770145803,160.7350057202799,125.23678983610029,0.0008287418762049871,0.529914375757086,0.20673450061611626,0.1840107280842588,0.018688307998994375,0.06996809974126941,0.02670978333301095,0.7732687849211933,3.4641769534115623,COMPLETE,IZ-D
28,0.94,0.844200750083242,0.8412608801879675,0.3650566564991581,142.52521882427232,106.69699649503049,0.0007050818912954738,0.4669364552877678,0.2655610884040031,0.12446894028847909,0.023051998896600395,0.09394429506569096,0.02928835248255005,0.8852476868483499,3.025316686109507,COMPLETE,IZ-D
29,0.94,1.0982915008351604,0.5888259408046996,0.43337418381513443,149.44398468253212,118.02946440916104,0.0012392584181607435,0.5163447229804314,0.16275066956069412,0.10899094438113086,0.014151386384137673,0.21528466167503219,0.02840140505485888,0.8119718184082283,3.567072007992827,COMPLETE,IZ-D
30,0.86,1.2195021574213125,0.6975609872324213,0.34738463824040094,164.6412378737649,111.80801933199882,0.0009594711475208797,0.5090841277521806,0.2306438550862166,0.1525766018986874,0.029142104167341136,0.031171026214041442,0.03036558646285047,0.830635813083884,3.8518903004758167,COMPLETE,IZ-D
31,0.96,0.6214858676840547,0.7544298827069714,0.3107038060361631,152.36494901609993,108.0274776955696,0.0010321687113417988,0.5451931976572916,0.17466590405121846,0.13320791770687596,0.012104427035120284,0.05563593573739247,0.02517300029234261,0.8552385093352821,3.718176362935315,COMPLETE,IZ-D
32,0.95,0.6870252154374544,0.7478093007941488,0.30998416514311433,154.48672152446423,100.01177707602545,0.0011217828169632657,0.544630077846948,0.17424105731636624,0.13080420933856954,0.011880307407925552,0.020380088600637107,0.02391391636781314,0.854300966956637,3.3578296101455143,COMPLETE,IZ-D
33,0.93,0.5950002280614215,0.8393140203855165,0.317627121612117,152.1077103172277,108.1514625323282,0.0010275251878005011,0.5726337446235921,0.1652663128015489,0.17367441842440343,0.013615479106898386,0.06086146220369183,0.026523317774990906,0.8854480905662035,3.5375878038052817,COMPLETE,IZ-D
34,0.95,0.7934073602424203,0.9348520231536545,0.3017828036694804,147.86562805989584,110.65179009285603,0.0012039593717753337,0.49588361818036186,0.15064060922915995,0.18806723374723644,0.019712185507224478,0.08307618221781894,0.02548253381438191,0.8693021902250564,3.6990423559109082,COMPLETE,IZ-D
35,0.93,0.9494227323956295,1.0409126395603614,0.3323033260728357,157.52350446951246,113.54455615400974,0.0008756877533022253,0.5175071691101766,0.1836032296310219,0.11753787394709603,0.01623864811801073,0.04900708598321009,0.022359095710033403,0.7822078535478995,3.854452079732164,COMPLETE,IZ-D
36,0.94,0.5999576331760638,0.571626892740182,0.40170267432416684,155.17682909924935,102.18608580455212,0.0010496894657854743,0.5272249464625122,0.1969888711530794,0.12999498200099216,0.01605536903639845,0.12006215417447381,0.024493018912755356,0.8039454449979008,3.632929760666551,COMPLETE,IZ-D
37,0.94,0.8624117358072956,0.7796081881840659,0.34020458833132405,159.0007154999531,107.80123309053656,0.001158720612806395,0.555683945736827,0.17765748455794173,0.14795285704483896,0.012489829066897646,0.1567728369645966,0.021007565538542203,0.7492171372973552,3.3213906229980275,COMPLETE,IZ-D
38,0.95,0.734772690037434,1.1858817798063537,0.31555625330807796,151.70389149973363,96.67846110268688,0.0014070499550560196,0.47194355983552966,0.164723579074409,0.0964473635143913,0.019871722137654167,0.049292099185757776,0.031526728844661095,0.7917289361435406,3.0984114168214907,COMPLETE,IZ-D
39,0.95,0.531167703529202,0.6510683325807108,0.4674210119991774,147.6979696669299,121.45573266739748,0.0009890173708906821,0.564371766703585,0.20414498107487739,0.1612695247139855,0.012114029717422611,0.10419364127997266,0.028028938298755062,0.8500722270522375,3.7643947457229685,COMPLETE,IZ-D
40,0.94,0.7859079031561962,0.859091674198959,0.4132685092269551,163.24022973248438,105.17113207981573,0.0012217612809271043,0.508340008935466,0.22036183583027596,0.19773023618561514,0.010256408553744222,0.13476638757694798,0.025993733687448808,0.7152399271076627,3.915943742725646,COMPLETE,IZ-D
41,0.95,0.6308632736713014,0.6759675539665736,0.30685432275029695,144.06347648596292,110.16183820155776,0.0009325365148806085,0.5346479744986656,0.1605533076287863,0.07394551322198663,0.015000873042014331,0.2746234713881549,0.03142247919923165,0.8388801913305777,3.7416009231312084,COMPLETE,IZ-D
42,0.95,1.4809363158774649,0.5777363873087227,0.3367155734744349,150.91732239356915,116.18024041202221,0.0011202562904898323,0.48164432857603345,0.1893437765208862,0.05420854869849394,0.01677683091727452,0.07529587446946513,0.033427657296041025,0.859271372631861,3.5332461738499936,COMPLETE,IZ-D
43,0.94,0.5580266365406383,0.7388852275880455,0.3231198853128269,156.21957041647605,113.70553192235616,0.0010604931728719587,0.5454968721574899,0.17439776028039713,0.07658257924214851,0.01291182782360158,0.17972780529469384,0.03073048655143597,0.8195138936311269,3.6044802828265885,COMPLETE,IZ-D
44,-1.0,0.6901191771510674,0.7943020666933086,0.3000638671529637,148.47814162261534,109.0532895180854,0.0009996048256549702,0.4874016203030691,0.15091424279213184,0.06493074793078836,0.010020854912803735,0.39580145642962766,0.03232863453108764,0.8735135017511574,3.4115835539289545,COMPLETE,IZ-D
0,0.92,0.629,0.694,0.335,150.0,110.0,0.001,0.517,0.169,0.068,0.012,0.196,0.032,0.84,3.753,COMPLETE,IZ-E
1,0.93,0.8837255245634739,0.9729258803708271,0.35844626962047343,141.48872080860158,96.37564891218496,0.0007455410067248474,0.5032154460940302,0.15506962491210613,0.19738059273150926,0.012788407790530615,0.13090910664813285,0.023927094405409043,0.7537407519141063,3.0936684019604535,COMPLETE,IZ-E
2,0.86,1.3534267706738379,1.3842999733091093,0.3311726275130407,161.22227614727535,90.21918715096483,0.0006974308276784755,0.5384081894022036,0.2438967503468401,0.19408501572825,0.04611481235378182,0.3724052419058619,0.03972975911391229,0.8236984727443594,3.503724819864339,COMPLETE,IZ-E
3,0.91,1.1091228396464055,1.0522496820355827,0.3509336693977665,140.2908632861374,125.57547017223821,0.0011007537385275962,0.4158015548265793,0.26327242162202963,0.05521073739887762,0.026383353885430665,0.2246470400534314,0.03331730156861282,0.7100983346045211,3.507883428992727,COMPLETE,IZ-E
4,0.96,1.0712570198435307,0.8130371399121618,0.4486000196254958,142.2137537070064,99.3984780147067,0.0006031073204415904,0.4080829769559809,0.18323195726612418,0.17345607784176834,0.04250932653393163,0.20014721750304565,0.03193678202837616,0.7607314128648897,3.7111598369372354,COMPLETE,IZ-E
5,0.91,0.5885838414422359,0.902488071962048,0.4679699558302555,142.46902045041205,120.32969520159973,0.0006518773805263246,0.5292779732681887,0.16243171789585795,0.11593027821571548,0.0319732199924501,0.3158499586029357,0.039434521944497786,0.810618914585397,2.4602163492515636,COMPLETE,IZ-E
6,0.94,1.2561627142088465,0.8727766110984466,0.32611889774736363,133.40640957714896,119.65625684330615,0.0006695063897224729,0.5471503266921823,0.21186868396959943,0.18975157039572793,0.04594090504747265,0.0889204508602142,0.02054953309509235,0.7289558550789081,2.020588353259516,COMPLETE,IZ-E
7,0.92,1.0285046959786412,1.3760801724816472,0.30685578465635494,137.06341907460273,109.08554394292625,0.001428661778056158,0.5064315813359382,0.21701782820754048,0.0788232311460278,0.03206419201953613,0.39260461664423446,0.03151131867507923,0.7649363105033233,2.533349787433327,COMPLETE,IZ-E
8,0.93,0.6621643173651323,0.5706648794658689,0.47666483326919595,132.8994305447805,124.23035835356302,0.0013238230966944584,0.4797629923442362,0.2238293203810308,0.1556890096399886,0.028672886602343052,0.17092699674246173,0.03922986914983653,0.7269303791024733,2.5712272285938345,COMPLETE,IZ-E
9,0.91,0.7191544685663787,0.6940666575198382,0.41889331738546887,162.67736619243968,117.50275710528382,0.0012889778712589883,0.515386230965006,0.289627626895064,0.16394657881039226,0.03042725802035756,0.3470690399495831,0.029293186048052873,0.735138111211776,3.831838125281495,COMPLETE,IZ-E
10,0.86,1.4992949147870143,1.1760190744809806,0.4265552448306979,152.27645284502177,102.4202015652735,0.0005252841528179258,0.5944518323301992,0.33459272173048826,0.12739566906613628,0.03973149838004478,0.03346767414050367,0.026010053125655137,0.8658347961161785,3.14406548415593,COMPLETE,IZ-E
11,0.91,1.2095433287223605,0.8261657616516591,0.3866087544360945,130.1173652959896,112.63388692600117,0.0008439177123613195,0.4023322355270974,0.19157335562305783,0.16956424629124586,0.049966001166386824,0.0372479388995956,0.020292035405326925,0.7799311819999477,2.209949736620876,COMPLETE,IZ-E
12,0.95,1.2478207434382642,1.1455674353382699,0.4469407909796687,144.76784592980496,102.17347872351462,0.0005439056325920213,0.462066935549859,0.1997426268926103,0.13785128068045063,0.03914228052934269,0.10485723336073774,0.03500939206398329,0.8999147770532513,2.0980381158602537,COMPLETE,IZ-E
13,0.88,0.8603048542121141,1.1738806770397148,0.4508241006778342,149.4255192823332,101.77149450666819,0.000505540276275861,0.4462083861050275,0.18691242075898054,0.131769474068581,0.038851827820238896,0.2697351382567067,0.035151607942265496,0.8967450769403899,2.8477656332686747,COMPLETE,IZ-E
14,0.94,1.1606933668216475,1.1584392232625962,0.49991966189371057,146.46216990035487,100.54854836163798,0.0009080002433809149,0.4504997202554385,0.19680758872623924,0.09565110563339552,0.03880014759895208,0.128960694782518,0.036137851660557406,0.791547389674184,3.364230648949739,COMPLETE,IZ-E
15,0.93,1.4241272602593573,0.512263984165815,0.4319464141695391,155.80506766813832,94.29922036070121,0.0005782682134670644,0.4379427225110185,0.2482332939929456,0.14898640773839383,0.040996432273378604,0.24857608836975315,0.028946884251346297,0.8945388688610972,2.8280844700059884,COMPLETE,IZ-E
16,0.94,0.9520405572713715,1.2697659230603275,0.3903684799496044,145.1883207919175,105.02739773578512,0.0008079438172099074,0.4744974491539239,0.18068502487538227,0.17519266608714887,0.0221781449408481,0.09639424715565255,0.035410028591268905,0.8562041650164519,3.9991495143111555,COMPLETE,IZ-E
17,0.93,1.3148659271663103,1.489511976747035,0.45112679973370606,156.7636018693398,96.14744655292111,0.001103576959710533,0.42596543068469783,0.27861467887309616,0.1407344358295365,0.04343940204932313,0.1752160728549603,0.026868931067276558,0.7671198449682761,3.3016334993700736,COMPLETE,IZ-E
18,0.94,1.0813771337525004,1.050183717255563,0.49974037304803,137.44096774632425,106.81680205044987,0.0009530235591111881,0.4637886476068615,0.23279471699841753,0.11755279109071372,0.0352065661516008,0.13711530996703492,0.037315286602345045,0.80589989395545,2.270763907852314,COMPLETE,IZ-E
19,0.93,0.7697549772822057,0.7624023122524061,0.41648925981155444,146.58634054477048,113.36102576159033,0.0006171057385979809,0.4126469360284161,0.2047355386367484,0.10498495173462068,0.021799574161441286,0.08179220736125294,0.03334002472249061,0.8654395721015138,2.9262192465271664,COMPLETE,IZ-E
20,0.94,0.9453472225083399,0.9263560638970265,0.44733517937157663,167.62997447288893,90.93011378818115,0.000781168050084765,0.4860053151685132,0.17313433571907894,0.1827090285696654,0.03557074477322099,0.28876864235110805,0.031207271978362983,0.83174801605052,2.716520920796296,COMPLETE,IZ-E
21,0.94,1.246637898493258,0.836242812419921,0.3690300609944874,136.19098171241956,128.39158167365753,0.0006509991947851344,0.5564536919834787,0.2116260072525928,0.18133035237595146,0.04827753996624225,0.07703458179166256,0.02052010433530703,0.7056301443364759,2.0490282767000902,COMPLETE,IZ-E
22,0.92,1.2910292513609452,1.0636089203769736,0.3980698721191332,133.09110665610243,99.00978641138512,0.0005545653594038673,0.5647909433027897,0.1505214955268875,0.15644284219616644,0.04445788814835907,0.06534932797905199,0.022367191979397467,0.7398836786002769,2.0121498922459913,COMPLETE,IZ-E
23,0.94,1.1770454584619292,0.6898194430394462,0.3012622812631942,143.75700782049205,118.6767836552667,0.0007090202346847026,0.5803410070415701,0.20298241723853142,0.18719772379509586,0.04294393305434414,0.11119152621809072,0.03374833505268405,0.7212975702386825,2.287743489632782,COMPLETE,IZ-E
24,0.93,1.389902314045747,0.8501796598199111,0.4730113546914914,140.20864601240802,105.01886274725086,0.0006058992328093987,0.5478095735792667,0.22494925812132324,0.14087365620890896,0.04689034380509648,0.15885143982307728,0.027485474337288575,0.7507940398575085,2.2023302142171786,COMPLETE,IZ-E
25,0.94,1.0778165888177833,0.9821045951011985,0.44263854044237977,134.74076999127718,114.11147113500368,0.000504886745156661,0.4337463036525476,0.18195179748253731,0.1673032379747639,0.03652421295137406,0.22465252278802855,0.024190550185483845,0.7804055432708641,2.4417568025390093,COMPLETE,IZ-E
26,0.96,1.230377242794799,0.7646622824394513,0.4044681349138495,130.8637716199163,97.54862834739248,0.0008610923379932739,0.490492747704225,0.23654756441460592,0.1916857957086355,0.0420464939982039,0.19310678542590964,0.02994973467723442,0.75826361060687,2.6781410476614225,COMPLETE,IZ-E
27,0.93,1.1423508891728649,0.604974845426686,0.4083320666192172,138.795247120852,97.99018924567449,0.000867508061697846,0.45904451423477144,0.3107573476446328,0.19826129858380329,0.04232266035862369,0.19394256027704546,0.03053137784770564,0.789812056187367,2.7409610159014237,COMPLETE,IZ-E
28,0.89,0.5223538791736133,0.769490632734769,0.3780008315576888,149.30229301487518,92.52701390344744,0.0010473494488859932,0.4862701271843656,0.2649957964923091,0.17460271216787696,0.03648132258642621,0.24466040238294876,0.02904003285305673,0.7630155801109375,3.0744692877391007,COMPLETE,IZ-E
29,0.92,1.020660960037364,0.6920302146316956,0.46147427659928486,151.81047937076187,103.48207338083044,0.0009651415983097151,0.4665926417350221,0.2349644342765585,0.14239168561019674,0.011650756564324995,0.19870432454773457,0.03257702488750714,0.8179109119487783,3.719022275352658,COMPLETE,IZ-E
30,0.95,1.210620571418427,0.7798796549152149,0.48490807222153115,147.42960659836342,107.3154299679868,0.0012128225324666442,0.49407850560420713,0.17212110836670896,0.1537459888080972,0.03355070666583696,0.15420907244794674,0.03762178234644585,0.8440779488543103,2.6288355006593713,COMPLETE,IZ-E
