number,value,params_c1,params_c2,params_c3,params_inputWeights_max,params_inputWeights_min,params_interSpeciesRate,params_keep,params_noCrossoverOff,params_probabilityAddLink_Large,params_probabilityAddLink_small,params_probabilityAddNodeLarge,params_probabilityAddNodeSmall,params_probabilityWeightMutated,params_threshold,state,study_name
23,0.93,0.6202184561766128,1.3845015389121182,0.39433767277283466,143.7597186803654,90.28551471099294,0.0013777827036068726,0.5987114882968962,0.2568892264055228,0.10221777908234339,0.04197061421338925,0.3708916912671839,0.03880060294453402,0.8250558096056855,3.1255684103696404,COMPLETE,IZ-B
24,0.9,0.768950648695043,1.190529906969104,0.41066457541917323,149.0094739444147,98.06708871129149,0.0014831403356849052,0.559704190526339,0.30191847190408694,0.0895071040979117,0.049687135940027875,0.3011853579990739,0.03569699648815045,0.7823894834858741,2.3381016055877586,COMPLETE,IZ-B
25,0.92,0.6058922867142649,1.0476380157523784,0.35427113009385997,152.64218051848167,94.29605371296182,0.001198914999330575,0.5570973262199937,0.32836781444672175,0.13187516708732663,0.044910671137008196,0.36532549469271136,0.038007835750723314,0.8086510947349019,2.90324751639943,COMPLETE,IZ-B
26,0.92,0.6932887449754042,1.432313393909961,0.45002112827886276,139.5117786577775,100.98228194507777,0.0013002533726041684,0.5787525855137766,0.23327775768208392,0.10589615919406359,0.0377430116591172,0.07088942796635771,0.035240051414691005,0.8416311600357491,2.6385721408546976,COMPLETE,IZ-B
27,0.92,0.8012525003055417,1.2373383567980867,0.38377090144364345,147.9798966014182,96.69891954200484,0.0013432091639033884,0.5400708200520151,0.2590630594644664,0.06068815831791649,0.04735964415681272,0.23814259139692606,0.037070582607493824,0.8664068262696671,3.343919072530811,COMPLETE,IZ-B
28,0.88,0.9506908598428876,1.3440136958459732,0.4193949662625949,143.25717085278586,92.47320341750108,0.0010973574863899177,0.5300843672360499,0.20561697470808954,0.08066228302416867,0.033314367147325316,0.31416863236611875,0.027288998193477413,0.796657357303011,2.917817306302992,COMPLETE,IZ-B
29,0.92,0.585579615533457,0.9073730452874734,0.3990721328243129,150.0648885966416,109.73233753284362,0.0009236606150303318,0.5824849415500799,0.15040481018210788,0.09296173770331839,0.014262520263239063,0.37002428403699195,0.030617611648565468,0.8395316730450508,3.5268761745410915,COMPLETE,IZ-B
30,0.93,0.6731258787108688,0.8026623743477607,0.34657730691994404,137.28436487855103,128.05515786570254,0.001246328131900966,0.5229423178218671,0.16756526004829844,0.1691714729827447,0.010236430079493208,0.17364245575556866,0.03181389033296447,0.8294818462914307,2.5928611213664947,COMPLETE,IZ-B
31,0.94,0.5186661209372354,1.489584808072797,0.37337791313294816,151.70998156553208,90.1222584782745,0.00132050425376721,0.5727191031836617,0.2733523012207961,0.07719991690563169,0.04340343888342198,0.12374488282011978,0.0368198256085396,0.8484007442550008,3.2841838958308194,COMPLETE,IZ-B
32,0.94,0.5808403560408673,1.49636156683872,0.37376426030746557,145.2531940458437,91.83878313253469,0.001403591095631907,0.5644327150343155,0.28394164052119303,0.06011727041742947,0.043192459949132574,0.06652146286813482,0.039973932182402694,0.8473275083030994,3.238878531988237,COMPLETE,IZ-B
33,0.91,0.5687786781607914,1.494607158835693,0.3689649355594547,156.32128178558787,93.51731150538765,0.0014373450444764137,0.5658067487171518,0.28265802966879405,0.06355954404875938,0.03983352203161505,0.06605799819928997,0.03806954016657378,0.85027661139223,3.206825574154059,COMPLETE,IZ-B
34,0.91,0.5593423643701892,1.3507496882368761,0.31400844451033977,151.71417232877323,95.6268846643734,0.0013906204542476707,0.5568446035926917,0.32111730432137003,0.061490909710729895,0.04335073915020043,0.1029639856790035,0.039865950660862036,0.8779841458497486,3.2717272165794933,COMPLETE,IZ-B
35,0.92,0.5172298388806746,0.6040116732355716,0.3836567832234326,145.52152611085114,91.91204442089936,0.001333386563101141,0.5703937608715908,0.298459004794969,0.0775982661337088,0.043748396929790205,0.053311625688143224,0.03385755625995561,0.8678468602224332,3.0826458395016334,COMPLETE,IZ-B
36,0.92,0.6197987240571841,1.0362345508517186,0.34504024665477867,148.98953748350328,99.48285010020608,0.001430494030262112,0.4696371124892834,0.2778699905501651,0.05539678867011977,0.04676533719363042,0.07875419506463874,0.03629626141240325,0.8989198148916072,3.7015206385249173,COMPLETE,IZ-B
37,0.89,0.5715559173993846,0.7522162002952217,0.3603083305537766,160.86288682840046,103.16424154877714,0.0013653263159623956,0.513366519827165,0.3223045694696597,0.0685777774913011,0.03961141343907924,0.045858599621340555,0.02184885096077879,0.8485635388572863,3.4575426317775575,COMPLETE,IZ-B
38,0.89,0.6687684631358738,1.3996023459197775,0.37674815379847726,153.37701216721453,121.32323362213597,0.0009705425486667463,0.4924244697631872,0.25461024464559723,0.07895999267993983,0.027354259070354558,0.09154918609712387,0.03430844039266976,0.8212670575507669,3.1926270778743326,COMPLETE,IZ-B
39,0.93,1.2069326183974787,1.4598669060562701,0.32306999383990254,145.07183556831473,97.51582247673802,0.0011812870011638946,0.5845103779745353,0.30578172395818326,0.06664692958421953,0.04818301349760988,0.03210706664369447,0.03292788858863358,0.7857386150334947,3.3850144319382145,COMPLETE,IZ-B
40,0.91,0.5591306269319387,1.2923253167423128,0.47449471159635004,158.20500933309623,94.76471427637,0.0007225438045296716,0.5362081642792048,0.29497310325443926,0.07389435236228797,0.04427821207819083,0.12032171535530654,0.037338562006976814,0.8778444247541493,3.604513172019654,COMPLETE,IZ-B
41,0.89,0.7020882244587714,1.4391522747255265,0.38989437349841893,141.42894044008094,91.6217725595945,0.0012640430302997545,0.5951270829423934,0.2625655798441155,0.09550259761953692,0.048218004661261415,0.14008611089466005,0.038961697215283295,0.8340852656744554,2.844260053789338,COMPLETE,IZ-B
42,0.87,0.5006225236929132,1.4972834286789067,0.3688842461454789,132.82848036506093,90.20626005929296,0.0012056259836122768,0.5993872514441123,0.28648390494977816,0.08381717246998412,0.04596219543656876,0.05043959395917834,0.038771826836970086,0.8587495210041655,2.982925826627785,COMPLETE,IZ-B
43,0.93,0.8069222400883898,1.428001480534826,0.40728649046566423,137.4711491958523,92.21171317587866,0.0012818613793841244,0.5731833035365835,0.24462505968907142,0.10849500320709875,0.041668490220856565,0.2777409651272192,0.03885805907582615,0.8132191827375317,3.1618630932316827,COMPLETE,IZ-B
44,0.91,0.626475111445847,1.3565401260858945,0.40138571414569313,147.13128272202727,94.54249983499119,0.001423612225629001,0.5518139530564905,0.23193224494837464,0.11861334282514246,0.049818290329364266,0.19154751325940125,0.039875328117461147,0.8418928330978339,3.0018734324878227,COMPLETE,IZ-B
0,0.94,0.629,0.694,0.335,150.0,110.0,0.001,0.517,0.169,0.068,0.012,0.196,0.032,0.84,3.753,COMPLETE,IZ-C
1,0.96,0.9688152035175209,1.4277268078974883,0.370268862924285,168.81590422057394,112.51543704821725,0.000822645385924318,0.529647528050149,0.3096308741724638,0.133427593639582,0.01544903497991581,0.26455916267886365,0.02408766200177501,0.7675083959385265,3.7144926763343977,COMPLETE,IZ-C
2,0.92,1.2772650276318753,0.9948055929450605,0.3570998864094833,151.8502056493993,128.48097649352428,0.0005235866364030554,0.5402073991599892,0.3460215173169662,0.15521281512344004,0.049741419739380816,0.1337082790443427,0.02017329386175569,0.8774404429785767,2.93873252801215,COMPLETE,IZ-C
3,0.94,0.5588047033411275,1.1817040886899348,0.3729316355687395,169.157624231799,92.66029610562968,0.0006322464105452657,0.5846090086853192,0.15857167627846314,0.08179429784437364,0.017329669757778787,0.2247546611473451,0.033894481791104866,0.8112314672563565,2.597856541112037,COMPLETE,IZ-C
4,0.93,0.7044392709650199,1.0612527625140982,0.4744432619773679,155.81207897613518,121.07471635987582,0.0009732421723556448,0.4223382716677444,0.2899270114183977,0.07031706733759022,0.028059068591958287,0.08872108660431272,0.03400470287663154,0.8456125000261081,2.511570369813729,COMPLETE,IZ-C
5,0.95,0.594560134977473,0.8233769518224565,0.38590606480725353,136.22683683180577,129.31741249210788,0.0012332949266588274,0.5184859402877425,0.1687843117676846,0.17860102598081662,0.03982058378658775,0.03200882755220582,0.02357179112940897,0.773160755705795,2.536571825866511,COMPLETE,IZ-C
6,0.87,0.5818299617202081,0.6982843626767948,0.35623413961599426,167.93743660116178,95.6020658099691,0.0012732038075338357,0.5767219678018807,0.25536016810902906,0.15592930275307226,0.031124048953364694,0.3610654214597274,0.03945145715610146,0.7104479081967333,3.7219629836405788,COMPLETE,IZ-C
7,0.95,1.0728618855276206,1.0811936719844994,0.3525421851141151,151.47329869885246,128.11201294079441,0.0009683913503561697,0.5257594190395051,0.2847216971867389,0.11215140346945407,0.026793068377319672,0.06728351575371967,0.03808642762983271,0.852486506323375,3.770690327730293,COMPLETE,IZ-C
8,0.87,0.7120901181048461,1.0266368502120153,0.42155067410188946,133.019891551627,99.8758282339454,0.0013763154295984505,0.5974227385750093,0.3006287823194041,0.05088584619651062,0.0256113112197209,0.33579738786371494,0.039259277007679054,0.8730024820460082,2.3205406736743495,COMPLETE,IZ-C
9,0.95,0.5782682876253223,0.619210868875212,0.3809819729812843,155.7448558717236,106.74946678558491,0.0012840816674398185,0.4298711374413038,0.20099750045041745,0.0711228430457513,0.03865102596220871,0.2945257277765229,0.028709938356727718,0.825020204205157,3.068117672327201,COMPLETE,IZ-C
10,0.94,1.481497436984504,1.4755278329326145,0.3001704772576169,163.10877923009255,112.76656774872158,0.0007339026530490497,0.46832919937710166,0.3385967431607626,0.11481002659475065,0.018100103212251563,0.2344932713314311,0.026576743936893757,0.758466005734844,3.2749484534610547,COMPLETE,IZ-C
11,0.93,0.9140879349556805,1.4061172270730884,0.4223330570800453,135.8503206312546,118.79644903612662,0.001141287492901763,0.4824573953940992,0.21791334715561886,0.19157352142025513,0.04427063915966624,0.15455738235265445,0.022852458571479637,0.7657893141179969,2.0760523344379234,COMPLETE,IZ-C
12,0.95,0.9120287143289993,0.8466858464136632,0.4112210243699767,141.3940559171523,118.72646577626449,0.0008360798673755252,0.5526886617384947,0.23330934431276124,0.19783378800348686,0.03669731636621418,0.036021548479476855,0.024742972063896262,0.7746702638119063,2.859472595707475,COMPLETE,IZ-C
13,0.95,1.1221132896138428,1.255067031477345,0.4566954980817348,142.4151680258763,103.05860010016876,0.001499991434703342,0.49544891423384557,0.18931014405105917,0.1557275469052484,0.035735701494229805,0.27544824183706484,0.020845270910821254,0.7278865261425159,3.4158914652902634,COMPLETE,IZ-C
14,0.97,0.8388139829749235,0.8734969445985973,0.31925081844965597,141.58818514722026,123.24667449085987,0.001125009910473999,0.4573236187948502,0.3128191064971711,0.17366940517414844,0.010807312594893814,0.1592536532474348,0.026439527491838862,0.7880409033192608,3.9630660222394116,COMPLETE,IZ-C
15,0.94,0.8413058665661057,0.5225306553527516,0.3079421352219147,144.03543632079777,113.36358543907373,0.0008001502769385321,0.4458303743281573,0.31939976025790634,0.13709762537157025,0.01004800214208688,0.16583761054038387,0.026750739388705747,0.7952652669126306,3.999979284454855,COMPLETE,IZ-C
16,0.95,1.2396398887071702,1.3157447663602218,0.32897274115697633,160.6142295745364,123.01285104745324,0.0011016077063948804,0.4046421163947168,0.25923168061610113,0.13672254514201373,0.018391322194547588,0.3966343723208856,0.02949359314369413,0.7394984840642188,3.5319242804554194,COMPLETE,IZ-C
17,0.95,0.8486791696658399,0.8798430131547434,0.3357539983957879,147.07622547671178,114.8403413467861,0.000898388153625236,0.46911975306309056,0.31545140946069744,0.17304572646614666,0.014474790145266817,0.27262522297955444,0.02603467432223626,0.7932228367532627,3.9953617714317287,COMPLETE,IZ-C
18,0.96,1.0213089818667112,0.9313688533597165,0.444116167717855,137.6980781623913,124.75836732835376,0.0011191061778851224,0.452910917085243,0.28229321571450827,0.09583669020803925,0.02221548378331722,0.111777791144396,0.022326727351674208,0.7437840328704889,3.258310145087985,COMPLETE,IZ-C
19,0.94,1.1820241526978132,1.1986060244538654,0.496630173848538,161.68168034525863,106.04642561744308,0.0006868397416121021,0.5550112715222713,0.32717944008384786,0.12930096056922677,0.02192637153785381,0.18421820526596103,0.02785427221681703,0.7061535126266276,3.539043440270893,COMPLETE,IZ-C
20,0.95,0.7683099786664582,1.3499164956736387,0.3175786024424984,157.8805089528368,116.18755614154142,0.0005742511987655196,0.49670086819917636,0.27017354027676704,0.1686438762795991,0.01319808009735168,0.2328645140922736,0.030847019963701646,0.8105881474406005,3.8591143334094142,COMPLETE,IZ-C
21,0.92,1.013262365633851,0.9366553932807278,0.44515672188014827,130.0747806495816,124.49051400896366,0.0011066671771810845,0.4521352875430599,0.3011677328736543,0.09564906133395447,0.02254966273156525,0.10754284240166725,0.022139323751077605,0.7409867973887434,3.1878752361921374,COMPLETE,IZ-C
22,0.95,0.9631668875854723,0.770546367111576,0.3976608025877598,138.71666795632478,124.87471404482214,0.0011687079493086462,0.4522502033139479,0.271171816444381,0.10016509631818729,0.022371838053647158,0.12067352490693106,0.025318264858854588,0.7544514031057065,3.566514241950214,COMPLETE,IZ-C
23,0.95,1.035697820982804,1.1274896694637708,0.4390845788044698,145.5027077105553,120.78658358497907,0.001071575419748173,0.47395619010849066,0.3018711969967208,0.0950697075145009,0.016152171357949552,0.0785847448660008,0.023864616916239336,0.7238739983582031,3.3426361277864225,COMPLETE,IZ-C
24,0.94,1.3484843016395232,0.9557341140381661,0.47007006851069355,138.0922886333289,126.0503555347211,0.0008908352210552509,0.437478139450782,0.23684982757270662,0.11589412605786571,0.020203913633074846,0.1419820676497917,0.021974094146859906,0.7814627112478717,3.637568032128423,COMPLETE,IZ-C
25,0.95,0.8464293209796542,0.9104936427278384,0.40391174035271216,147.64594391343184,109.35818043354735,0.0013622973699105186,0.41178657930749696,0.2818288629626068,0.14643858517676853,0.010107265491815294,0.3102480025217449,0.024669151665746368,0.746450997147254,3.9083225121766825,COMPLETE,IZ-C
26,0.96,1.1163129102836873,0.7782016802911926,0.3672349442789462,140.42569364163657,117.40957539742722,0.0011879642787907983,0.5054523163856863,0.3315188202544685,0.18557111059427273,0.031279070360925615,0.2527522417823478,0.027737374627998544,0.7910999918639721,2.7906080892140466,COMPLETE,IZ-C
27,0.95,0.9610022851074617,1.4749642496515663,0.4333942776696729,165.32057531603022,122.3951546539307,0.001041253460580088,0.4823588845045987,0.31774676017753056,0.12409041747679958,0.024891988823175448,0.1797627481412545,0.021173169704618477,0.7244835739165756,3.1040137846651077,COMPLETE,IZ-C
28,0.93,0.7778204216377499,1.1287455851686843,0.3198818102369694,133.50358629613686,112.47013187332732,0.0009104499118726257,0.46339916584355123,0.3074963696272988,0.1042078520295601,0.015382920008158824,0.20579351523260686,0.022477889801455098,0.8955660875164007,3.478472934856721,COMPLETE,IZ-C
29,0.95,0.6677923743215929,0.6964001943044993,0.331902792172984,148.34250918205296,109.67213060301448,0.0010238986456110432,0.5373650149952383,0.3483519447165917,0.08438748130869148,0.012563359980367414,0.18343570876223375,0.03083659893625733,0.8245020627921201,3.7299441894955154,COMPLETE,IZ-C
30,0.94,0.9261316829974142,0.7797375236674382,0.34819029590027456,143.83912530850617,126.20830519821477,0.0008073906808163835,0.5009783070062191,0.27048072179419613,0.06045843494316128,0.019174361210724522,0.0568780211711168,0.03297785087055771,0.7818029746723552,3.8401238637353208,COMPLETE,IZ-C
31,0.95,1.1127556600039028,0.7390630615357241,0.3710948312857684,141.41207613290135,117.49482407775926,0.0012064065589767682,0.5085399881643528,0.331917267150019,0.18001041113286748,0.03153283343967391,0.25787666686890154,0.028016479461310338,0.7898813994731949,3.1936159603714187,COMPLETE,IZ-C
32,0.95,1.1405859965675194,0.9898176879377361,0.36427743816653163,139.33725603821685,119.41619103561501,0.001333667780138356,0.5291736991892305,0.33108074278016075,0.18980772429990805,0.03395430658019297,0.24852715611946127,0.02748975461812512,0.7647150287898024,2.8085172861624974,COMPLETE,IZ-C
33,0.88,1.0433685558370305,0.6010262560852035,0.3893993720025812,134.85100427445653,115.59487701609427,0.0011920886865633363,0.5075311317480368,0.291076085258873,0.16310650836286752,0.029365075637996237,0.20916339464883205,0.02545915146575552,0.8119375158709764,2.6757810232969557,COMPLETE,IZ-C
34,0.95,1.2278502807652245,0.8252822999156453,0.37643941059106023,130.0394396636175,121.34064131812276,0.001113343247736998,0.48766691135901896,0.31231855166171485,0.1470378853267842,0.012745929223847853,0.11412085169295541,0.0237589408623036,0.8040241030279385,3.007983883078564,COMPLETE,IZ-C
35,0.92,1.297373709839929,0.8662388564429977,0.34403800229454456,149.8448758571849,127.72739768474119,0.0010047357616327092,0.5448947683623099,0.34501512400811973,0.18760049875240042,0.024416709832881293,0.2970573716113113,0.02932794265950696,0.8264919557367224,2.758502026746803,COMPLETE,IZ-C
36,0.92,0.9937548890235735,0.6391564329860452,0.3640035981040926,139.50561054264435,124.29742528808434,0.0014410926974886683,0.5159772945439994,0.2962325023389615,0.17426785508141288,0.01596549851936807,0.3274296464161375,0.020649066302364186,0.7831329173331458,2.9363812278251706,COMPLETE,IZ-C
37,0.95,0.8087131825879939,0.9718384935471072,0.391761588551121,155.207180517234,117.42645881304935,0.0012628283110349943,0.5682810656035109,0.28141700424221877,0.07997693309455363,0.04860415634607575,0.09211519337716291,0.036312375390744535,0.7696029793840755,2.3801849797569488,COMPLETE,IZ-C
38,0.93,1.0761127825466608,1.0528495161907707,0.4989908388941957,151.62685510569483,129.52253288077117,0.0009514551273462966,0.4172676274681087,0.32582543789001084,0.1594296692356636,0.028331091558130087,0.14830034361294742,0.023823488123334922,0.7532698017581851,3.644985033732889,COMPLETE,IZ-C
39,0.95,0.5185397875608567,0.7873740199226177,0.41320690923625597,136.93532785805886,111.08118817012777,0.001052300622314544,0.42985678277008804,0.24421742171142935,0.199079776960346,0.031362523610459686,0.22122576448265113,0.02712218685022325,0.8044181582765474,3.3632559615115554,COMPLETE,IZ-C
40,0.95,0.8991102761392477,1.0977192693276663,0.3603281629990414,132.63184165346115,95.06548267202746,0.0013069867199068971,0.522671506026983,0.338523479353637,0.14793407143607182,0.020396567457568827,0.19623349276621482,0.030646636266103904,0.7342825566313963,3.793972614175057,COMPLETE,IZ-C
41,0.92,0.6208727309285409,0.8271928026781782,0.3788669021131225,135.99813426776947,129.66557838476785,0.001235281735124317,0.5135653692904439,0.16721952607927829,0.18039914215839886,0.040429928905688015,0.04279814141455868,0.023344084711785156,0.7758373059619783,2.5033351765387377,COMPLETE,IZ-C
42,0.95,0.7095650903801869,0.9228290103727296,0.387966253752818,167.94312823709447,126.724459838741,0.0011682185098708482,0.5330662443332452,0.1525450053330321,0.18302792348592653,0.04186960953843593,0.09015314598941249,0.024782119825525535,0.7576590626587051,2.5632650957671856,COMPLETE,IZ-C
43,0.95,0.506631710990977,0.7278531397547751,0.34384208902754304,140.63676157849432,122.8842872285133,0.001213414070911262,0.5218919041492723,0.20185179102161777,0.1658993899182657,0.04734835977503081,0.13089425899647023,0.026066225175137833,0.7685091556271797,2.265145359391533,COMPLETE,IZ-C
44,0.92,1.088445683475745,0.6641003296379253,0.4262773621168659,143.19953278800932,120.11717050782526,0.0012545614427486537,0.46037041150216645,0.18826840341252316,0.17330955797803044,0.04456407480009608,0.05597787317172509,0.020041088561247644,0.7859279883500305,2.7029415685020477,COMPLETE,IZ-C
45,0.85,1.1655889050996449,0.8856390353285047,0.4074483773062618,154.04231233565926,128.0440371992777,0.0011410345905182922,0.49178072416265395,0.30788595487365483,0.12279607065224797,0.02677856392059745,0.166084871576812,0.021658269521926517,0.8531795534613085,2.9015320707811343,COMPLETE,IZ-C
46,0.9,0.7517341062160702,1.0049564963382671,0.3705317328912814,134.76467996360623,90.12826205033903,0.0013987467187940817,0.47515145146382776,0.22619903425856658,0.1909138550719936,0.03423258974903507,0.2586378829076,0.028501139781435827,0.747303560918475,2.4490679825564583,COMPLETE,IZ-C
47,0.96,0.886959675086882,0.8150307200937762,0.4536475918963978,145.61216198508936,114.19214372874542,0.0009626611069903533,0.5498005168660706,0.2622180327433692,0.1364140676024323,0.017045618704491842,0.029610084849346914,0.022688015534053377,0.7949677985289675,2.0430528380112993,COMPLETE,IZ-C
48,0.95,0.8751410026752628,0.5365382792743378,0.4653340359941817,145.83583872467852,106.8880426417684,0.0009415708633714432,0.5617772997250429,0.2589475650826733,0.13776705317843224,0.017212029830177607,0.10225839899611826,0.022630153202698698,0.8185732030452252,2.0767119736186035,COMPLETE,IZ-C
49,0.96,0.961042985004529,0.7941188900438625,0.48096298875915394,149.95363440683582,113.833144036211,0.0008432612078715505,0.5518988920490685,0.2891558484397898,0.13114692330143662,0.010848123117998324,0.024610341257221585,0.024425563594253255,0.7936253908764102,2.259161890325193,COMPLETE,IZ-C
0,0.95,0.629,0.694,0.335,150.0,110.0,0.001,0.517,0.169,0.068,0.012,0.196,0.032,0.84,3.753,COMPLETE,IZ-D
1,0.95,0.5997886540362684,0.7753967000669446,0.306248912900881,135.22844566399962,90.37673294276145,0.0011870285308528178,0.4628769720810936,0.3170692613548544,0.07321516204878198,0.049698837285083265,0.0562578662357414,0.025213072297807983,0.7896862091930811,2.1642037819456643,COMPLETE,IZ-D
