number,value,params_c1,params_c2,params_c3,params_inputWeights_max,params_inputWeights_min,params_interSpeciesRate,params_keep,params_noCrossoverOff,params_probabilityAddLink_Large,params_probabilityAddLink_small,params_probabilityAddNodeLarge,params_probabilityAddNodeSmall,params_probabilityWeightMutated,params_threshold,state,study_name
0,0.85,1.379,0.91,0.36,150.0,110.0,0.001,0.456,0.22,0.114,0.029,0.03,0.029,0.743,2.656,COMPLETE,IZ-A
1,0.83,1.1241011281588826,0.8266332775085907,0.4317508020926284,136.7892339586803,119.90119972066437,0.0005272507316909354,0.5242420796569331,0.2942965027618082,0.19853170881572746,0.02992491194734049,0.029161745746486886,0.027809642441488584,0.7593569850582004,2.5511658609401016,COMPLETE,IZ-A
2,0.86,0.5241440139069846,1.3446954064845982,0.39764593040052737,134.33121637525883,126.45464184512349,0.0006378648020400799,0.45162511461328914,0.2648868962465523,0.116224081858968,0.012708563069682533,0.13692157082244721,0.025384262586563504,0.8215348999951273,3.669334011804115,COMPLETE,IZ-A
3,0.92,1.3083598821112736,0.904807005740562,0.45267187005728937,149.23825051274378,101.67817173525849,0.000699268683892667,0.400003319841945,0.18807891775961075,0.14310213559504492,0.038610191114218345,0.3358081278362134,0.03680360843657026,0.7146069136461836,3.017434546661187,COMPLETE,IZ-A
4,0.79,0.8658065068824525,1.1138719083201223,0.3935391528157566,155.66973500846146,110.99538480322988,0.001152679035208493,0.5927599595192434,0.3170185298856442,0.15141960635916543,0.015638480311795967,0.036156790272667834,0.03976895716345713,0.8421838523228875,3.129698603902738,COMPLETE,IZ-A
5,0.91,0.8225010936371735,0.7224740469010613,0.4295789198629669,140.71047107566358,116.98023168369039,0.0014431497226432438,0.42252774512981534,0.25748839363519127,0.12007050731996467,0.039041007614465224,0.03989959642873343,0.03102695467411717,0.8841909123204562,3.7370208350169083,COMPLETE,IZ-A
6,0.93,0.5426303904449953,0.6769335639362819,0.47471987375248015,151.86467160195895,120.23975985839661,0.0010360426259082953,0.488798371994161,0.3242777823440648,0.09805995326398219,0.04757921145910284,0.055668337301810214,0.03254254523593495,0.7151334319979109,2.4430061883879306,COMPLETE,IZ-A
7,0.85,1.116518954209701,0.7960835190897106,0.3210139373304769,140.5308143014066,106.77346270876774,0.0010180339095006352,0.45566590858641703,0.27099960870149903,0.18796719108869991,0.03911000487813208,0.19497416891082112,0.03178437769082081,0.8901847852882963,2.1116637491716057,COMPLETE,IZ-A
8,0.94,0.8814862671706054,1.2757466675422207,0.31117341918449337,152.45825522875182,124.6176722311709,0.000601359353138608,0.48832638163431635,0.28059091364127997,0.18371738254383174,0.026554876614091026,0.24921688814086912,0.02137360741528102,0.791872813932337,3.36360788922389,COMPLETE,IZ-A
9,0.9,0.6679989495447349,0.7084971418469886,0.3557110816808887,131.0163953636551,100.51498137521864,0.000898527911389251,0.5991869544424957,0.3420688533666096,0.19137165201948714,0.027658674399059356,0.08978293104552387,0.03843692026212904,0.7330645546707403,2.7931954283609213,COMPLETE,IZ-A
10,0.9,0.9395164702259465,1.4611744655231855,0.3101844371469963,168.3853457157311,93.22268425813161,0.0007654354754422475,0.541585116431856,0.16381082533754626,0.05770422177905957,0.020700432135133204,0.31993614497844974,0.021005077631773478,0.7846325435257544,3.401533456059795,COMPLETE,IZ-A
11,0.89,0.6476026983298957,0.5051945330425964,0.4927515479784239,158.2248219068228,129.18251343445766,0.001280247742821288,0.49419899436697284,0.3466253141276197,0.08015170949239614,0.04657481325095793,0.25531451059217175,0.02012779784587352,0.7042591898829099,2.100301473888542,COMPLETE,IZ-A
12,0.92,0.5125515690060365,1.1396416527674158,0.4978236692230954,158.51500133885006,121.68717779701946,0.000823793520989715,0.49693450073129863,0.3033950300912654,0.08210531541487498,0.049280396960370954,0.23711255879732107,0.03451516472903779,0.7824616567728915,2.417704043278586,COMPLETE,IZ-A
13,0.94,0.7101537768289683,1.2464723214601598,0.4640152155049866,145.62339752877384,115.57630262095205,0.001149853053534392,0.5339414421574551,0.22739107324138425,0.1635225261217265,0.019032646419595428,0.16048020403349444,0.024251243761690487,0.8377537500930309,3.2562477521520092,COMPLETE,IZ-A
14,0.93,0.7600373817398045,1.2552801046352908,0.36121984412633174,144.67383470361005,115.05301266453905,0.0011689859379553314,0.5513707230779964,0.2235168068812614,0.16735940609295333,0.021645248213784114,0.18161670527374443,0.02382977838982797,0.8471298344061097,3.3779567859669255,COMPLETE,IZ-A
15,0.91,1.0454710708897472,1.4848949319095461,0.33249207364303857,165.71356257447314,126.3166983356545,0.0013920756736539766,0.5514144514140384,0.2209917476404282,0.17336905804456873,0.02208000396540242,0.39211718935261414,0.023542388068888892,0.8179985898245483,3.3559241477266877,COMPLETE,IZ-A
16,0.86,0.9652739623384574,1.2483747886888987,0.42451627734437114,145.70117081257294,122.7207597240891,0.0005401211666658423,0.5306285529319452,0.23681449854551445,0.14596525721315934,0.017227620779240144,0.27942242427292474,0.026741273067625353,0.8604865379018803,3.8716203143209365,COMPLETE,IZ-A
17,0.94,0.7062650866976028,1.05806868428036,0.461325724806354,163.42675987552678,115.162788522315,0.001233776229235999,0.5722276794932043,0.1967536968117483,0.16677211804832343,0.033594997255507485,0.14525766392044714,0.02310620116499958,0.813501675842321,3.1950834173658174,COMPLETE,IZ-A
18,0.92,1.2394946227227361,1.340631678330932,0.3838266200759969,153.64359964926615,129.41496748958502,0.0009004796154912515,0.5162802285554976,0.283480776603934,0.17794532153128062,0.025244041814811956,0.16111286165292696,0.021752856153802017,0.7914259503889014,2.854618597238453,COMPLETE,IZ-A
19,0.87,0.8712091135152924,1.2350140762305357,0.4134020527017439,144.3278146493565,111.3313406452065,0.0011070621443084049,0.4735917348070551,0.15314629004069724,0.13973248414657463,0.010560199253006133,0.1052682110788911,0.02582043519788186,0.7631060205022974,3.5536196406582827,COMPLETE,IZ-A
20,0.75,0.7722434607602239,1.3700490640383556,0.4496984802354678,161.70636225720133,104.73585171913834,0.0013379140978510133,0.5106352222136921,0.2408947282743233,0.16355508376769406,0.03414603112272342,0.2304698551061637,0.022190942232007776,0.8660168616722124,3.8973392554074966,COMPLETE,IZ-A
21,0.8,0.6768959934792887,1.065172672597297,0.4653844380357462,164.39830806258016,115.5518448044094,0.0013126239398191179,0.5717213497991004,0.19592093324429577,0.1586596179411775,0.034087051497631166,0.14065992958693505,0.023810274095521174,0.8143327098355304,3.138684755657998,COMPLETE,IZ-A
22,0.81,0.6285232422919764,0.9827781013113065,0.48028863046824233,148.40710023492872,116.95072755092241,0.0012279330394103158,0.5680098782685783,0.19255358967577288,0.18080003189224012,0.03455530301742811,0.20805720306005154,0.022959255484792784,0.833103964883305,3.1917323626517518,COMPLETE,IZ-A
23,0.88,0.7435289669623275,1.1649237756514315,0.45108731255146634,159.8166188996104,123.85657116353806,0.0011265818363535062,0.5749000391563909,0.20860200063965006,0.13271736275812399,0.024836037099559446,0.10491547064040316,0.024549473356571802,0.8056270672420456,3.5186217247330553,COMPLETE,IZ-A
24,0.82,0.9018879583080008,1.033059534372374,0.34063123746392143,156.41281739156082,112.5301541255454,0.0012392966371895413,0.4739301932946905,0.16866709136806882,0.1561280118183273,0.0177890719039721,0.27675555690191955,0.020089452439391045,0.7990435621862274,3.275915616359863,COMPLETE,IZ-A
25,0.87,1.0462345085841873,1.2047169305515912,0.37704500205154023,139.99609100143687,107.75608694447882,0.0014675496054777928,0.5376202152768081,0.24641037119430748,0.19847383288725196,0.043529716670403534,0.16461795853196343,0.027563848985185168,0.7643859288343585,2.937232000584034,COMPLETE,IZ-A
26,0.86,0.7432692606497071,1.4023280266517832,0.4112176114572413,168.80799002090322,118.24148878137976,0.0009116438676678137,0.5579742095179901,0.2778989717819451,0.18372295917093656,0.02374827411864117,0.1391264917505028,0.029471597087142767,0.8663975550289454,3.0322529545842523,COMPLETE,IZ-A
27,0.89,0.6114629803847202,1.319588815580249,0.30201936821894654,162.49090976089022,114.07224579014384,0.0010647122991157207,0.5830955386259339,0.1809938603142139,0.1701733317066245,0.03212058851638429,0.2241159602283929,0.021828143178263974,0.8297684634555099,3.5966798365245145,COMPLETE,IZ-A
28,0.85,1.4751880181696237,1.0799886983500453,0.46570915664260504,153.38739714794684,124.40085257107802,0.0011965424265855422,0.5182936990895807,0.23068017393668977,0.13530408807708486,0.019240816081692733,0.08218219492314802,0.02551252581683626,0.7791848166453813,3.2485582614336614,COMPLETE,IZ-A
29,0.86,0.8507986183146728,0.9479673441573457,0.43798276769203726,146.74252663423172,108.99726858275227,0.000967095678234661,0.4743826002803921,0.2107692922125325,0.10633063824078635,0.027716236527646508,0.3078087754883032,0.02785961076286059,0.8501819167635826,2.6747974696476406,COMPLETE,IZ-A
30,0.89,0.8073552467896119,1.2986057003116611,0.486048788551543,150.62833940496193,95.53877494748102,0.0005978528635868338,0.43644855321868026,0.2545776958069347,0.1290819735204805,0.014193890343838677,0.18168381063301678,0.022810826758156016,0.80500846440836,3.5068447785328383,COMPLETE,IZ-A
31,0.86,0.5757654513597373,0.572331186058527,0.47225622259012795,151.3459748287869,119.92604794924493,0.0010470745030826995,0.5031102471205955,0.3244903596263195,0.1064003785190209,0.04322403572638239,0.05843351458981032,0.03456969015407826,0.7530231382080346,2.276784323183165,COMPLETE,IZ-A
32,0.9,0.7065835164800981,0.8889008397812134,0.47733976771970615,153.2706545417313,119.71429805998376,0.000994728044633148,0.48122076518071893,0.3017112371786292,0.08948473215941505,0.03033154431309357,0.06424307777041562,0.033710348590374056,0.7396369139084719,2.655048515381947,COMPLETE,IZ-A
33,0.9,0.5629699175448711,0.6315280625547852,0.44143889239764467,143.19398079961456,121.30181178062676,0.001076696230492284,0.5261483495443746,0.20979553505710025,0.09725401356133129,0.04198145877899335,0.11382196998445906,0.03218837276051549,0.7167743882392493,3.050406707317608,COMPLETE,IZ-A
34,0.87,0.5016598071999555,1.1822229115184233,0.46711567512849994,135.96432089170136,125.60711644201858,0.0007786436479532634,0.4823535608305345,0.33034536172818013,0.050910187804439885,0.036091506625156644,0.02067645515560354,0.028744501910309583,0.8264005284957614,2.4679540112294744,COMPLETE,IZ-A
35,0.91,0.5793761971840077,0.8735574259778838,0.45109257737806363,147.63072022518296,113.19461505805555,0.001372860950565071,0.5057678245134876,0.28898046888483975,0.19843578861007388,0.031232145211630827,0.12214424720697764,0.030295662914358895,0.7244770037799572,3.726609865279273,COMPLETE,IZ-A
36,0.9,0.6926956049631188,0.9966870038204481,0.41394887610978803,142.57147060538028,118.82209445541834,0.0009558156254482911,0.446207531309309,0.310450128756409,0.0673029240948802,0.027275019109032524,0.3622674677140173,0.036329746912227456,0.7733284398803297,2.9001805039736697,COMPLETE,IZ-A
37,0.91,0.7820572640871828,1.1361835340608353,0.4595780888781,150.9973550762407,128.13838775440962,0.00065407693244595,0.49066680564222,0.26281874267325733,0.14842448142637474,0.049437068889570786,0.15290297696700242,0.032945066874139985,0.8778128761269957,3.4106992640816682,COMPLETE,IZ-A
38,0.85,0.9227737497970581,0.7841092328017298,0.4258681946092783,156.15924661337786,116.68063778816799,0.0012790484791048006,0.46783021975573363,0.2731335981670774,0.1254331114776833,0.03668964593559253,0.19659848464214386,0.024972836119061145,0.8376449583822222,3.0952158308588036,COMPLETE,IZ-A
39,0.92,0.995340129098088,1.427153704308256,0.485696616386912,149.24988303543194,120.9569561730561,0.0011633214099618652,0.4612694820084975,0.3331758769731952,0.18995262964673515,0.04134639841339813,0.061574581558525354,0.021071990488347788,0.7506739351614349,2.770105175093513,COMPLETE,IZ-A
40,0.86,1.2087064897706474,0.7212709834821727,0.43824932125557126,131.96102223241988,110.61530906938121,0.0008339230686400909,0.42186472388099294,0.20162816433390668,0.16053027599601657,0.01217785479142126,0.2542542515401425,0.027072134822320876,0.7924294465620402,3.2420388100402717,COMPLETE,IZ-A
41,0.92,0.7197495178370819,1.2801268100675773,0.3604966625219852,138.6769283308828,115.44494212101093,0.0011788832424289295,0.5513898066879913,0.22731290574738175,0.17017648470137658,0.02217701414153935,0.17860097517743562,0.02437645042556998,0.8484688719143717,3.3503705591659783,COMPLETE,IZ-A
42,0.9,0.8259692949512226,1.2556467611551114,0.3599434276360429,142.31451784688002,114.88760426365923,0.0011218171044771142,0.5851049721267609,0.1805813343962081,0.1683589447275799,0.01947854738582856,0.20703117913189611,0.02266472835268922,0.8479540365921159,3.4642848314003998,COMPLETE,IZ-A
43,0.93,0.624895545995374,1.1961064390393399,0.3251674292937954,145.0189004578236,117.3968501918354,0.0012295392540452679,0.5639962168885297,0.2201525596216843,0.1178509537946302,0.015018396461597673,0.1264057106249659,0.025986872280762158,0.8170207167482154,3.6554113544887445,COMPLETE,IZ-A
44,0.92,0.7706095896132229,1.085006562789856,0.34739616085320774,146.59488155308821,123.04461653265741,0.0010034165542462117,0.5455230024470754,0.2481322690750397,0.15292588465398713,0.02611280181471601,0.18349094000523364,0.0235794140696619,0.8777710799203771,3.3244440391977292,COMPLETE,IZ-A
45,0.78,0.898451825617844,1.3577195134808209,0.3743960422345633,166.93596327671088,112.40566613843966,0.001070331381451033,0.5336180316079888,0.2343016882160768,0.18331291710840306,0.022632830043630307,0.0821335363369328,0.021380351600105558,0.7018609611662247,3.1674045584816057,COMPLETE,IZ-A
46,0.9,0.562279915318108,1.1210988140270373,0.31426544216619684,152.7569438752391,126.62031295641648,0.001274112112265848,0.48968595170201834,0.2645402945301114,0.17593043075519574,0.045463687340358036,0.25035170606007456,0.02070450330972792,0.8562381849297861,2.1804831785119765,COMPLETE,IZ-A
47,0.94,0.6805735946632501,0.9506438091789697,0.3942175250255404,138.5083046821356,104.45790533819574,0.000515889098210931,0.5227154115358281,0.29682293559299666,0.1642840397610226,0.020897639369130475,0.27438053444621513,0.030802012044669348,0.8394947197679589,3.9969224018120664,COMPLETE,IZ-A
48,0.87,0.6863012863418131,0.6634416068543583,0.4978233789680528,137.27058245744755,105.2061150476677,0.0005065397067528818,0.5198474923838834,0.293284753359628,0.1444524501288219,0.019660753899280434,0.2788334809470353,0.030979215032997984,0.8097933444575581,3.808114802269693,COMPLETE,IZ-A
49,0.86,0.5407433987884752,0.8419012533457334,0.3942716163850385,134.49316712882066,101.82956887441468,0.0005670281911422155,0.501990563707451,0.31623327745677116,0.16381285394303607,0.017241904728383006,0.3000390537007393,0.036264355068977606,0.8229928489725318,3.997346909182109,COMPLETE,IZ-A
0,0.92,1.379,0.91,0.36,150.0,110.0,0.001,0.456,0.22,0.114,0.029,0.03,0.029,0.743,2.656,COMPLETE,IZ-B
1,0.83,0.8078247092034587,1.1017018228072954,0.32928571188940686,157.32043675624544,124.58808567843684,0.00141244248974551,0.42651819893114506,0.24302023884347881,0.06978828631548031,0.014345476630596023,0.2135825868242193,0.0323872458224444,0.7500364935073238,2.409250437068697,COMPLETE,IZ-B
2,0.76,1.1314302665070206,0.6857774576583789,0.37966303788959443,135.21232256224323,104.0369698844488,0.001107926275121369,0.594265344883198,0.24601214620253947,0.14882282520793436,0.011804720956605902,0.045879658290541254,0.02810660083614674,0.8029368789615683,2.716459015396408,COMPLETE,IZ-B
3,0.83,1.4735395957612538,0.7493294767823118,0.4776480935196666,149.38852877553188,102.85406233027291,0.0013512957301108177,0.44794744297952993,0.3449222255739228,0.16375849183069235,0.024587324866708504,0.13422688588027107,0.022670812890788535,0.7145799287797052,2.926027866450119,COMPLETE,IZ-B
4,0.91,1.1786703949835668,0.960568377844373,0.3080420202245338,161.14135809047912,100.53642411314817,0.0005876852228281894,0.4191318163115531,0.2896613359777177,0.07339462094585246,0.046800018674940415,0.09442548084582356,0.03330559935920249,0.7235577758885301,3.0959217845296387,COMPLETE,IZ-B
5,0.92,1.343490317499172,1.4058359220693135,0.41947977408580217,152.03933507635605,115.3789422010688,0.0006893607013429253,0.46181190207712336,0.279539750995384,0.1476556633540907,0.04762792032918017,0.21207513429958993,0.030725245987543583,0.7061450039086469,3.051583533708034,COMPLETE,IZ-B
6,0.91,1.2598583951298719,0.5890984145401753,0.3808054200885763,161.1926786192319,124.01639919747102,0.0012129797879582849,0.4125419744249515,0.19152943033298164,0.1496254200304375,0.0166723168371765,0.18185082066198327,0.037595984594225876,0.7379818185007349,3.471358594460664,COMPLETE,IZ-B
7,0.86,0.8647229652279892,0.8606784882712436,0.3334330948781235,153.21024166324239,125.82276778005696,0.0006399251997457809,0.4227870275126503,0.27828935944256294,0.11828492196016914,0.023674680235033642,0.21194002262105938,0.03339573730491508,0.8425695904307737,2.887911965995645,COMPLETE,IZ-B
8,0.81,0.7851100890079485,1.1557393675091672,0.3718009427635519,136.03130665606497,123.24196561182794,0.000709351692145569,0.5771832000858194,0.3434714333742511,0.1878477937134273,0.03368433470102559,0.22697938609851928,0.038915721296873075,0.7721617614052453,2.50366724100304,COMPLETE,IZ-B
9,0.93,1.3464623112696361,1.4193468098237867,0.4910880962483599,132.2123271516314,103.88806957475323,0.001176735295204896,0.4573660070951188,0.1581438570584767,0.19297097903947757,0.04401085888248992,0.16285377947699345,0.03853671892987101,0.833224441416626,2.4626172261462944,COMPLETE,IZ-B
10,0.91,0.5427421801393617,1.4518845128686784,0.4974340492712077,141.7565374200976,90.33689103214381,0.0008804058103638763,0.5235835652355331,0.16511076611132453,0.19630017369256206,0.03908337633443334,0.34187012082439716,0.020119516788977967,0.8736323290914807,2.02968515932573,COMPLETE,IZ-B
11,0.93,1.4911465808402533,1.2381433366326997,0.4413651495461923,143.3371189286786,112.1147231148449,0.0009490440186053641,0.4897324593707795,0.19181699986139944,0.10566430455577784,0.03613742784530507,0.021796852255782262,0.026424915985000186,0.8147658590068054,2.053527904450336,COMPLETE,IZ-B
12,0.84,1.4363569164698216,1.277457874179183,0.4433822708259851,130.37505548125577,112.638244993855,0.0008861677040613431,0.5005525635427507,0.16139421759942305,0.09897978663708328,0.040016166349144136,0.3476086977920813,0.02539311512831642,0.8172036096521194,2.0153041132501115,COMPLETE,IZ-B
13,0.92,1.032387882770438,1.2913067019303457,0.4640277369787812,141.97992867567194,94.686251698526,0.0012146058549649431,0.5008469664488986,0.1944968263793932,0.08924561007198838,0.04013688147599094,0.2891457818687786,0.036102901393278444,0.8424705874433559,2.3105894930221766,COMPLETE,IZ-B
14,0.88,1.484813506300443,1.2856050572370417,0.4272841273864822,168.18342196354658,116.66181145348484,0.0009124459182832723,0.5372714612664063,0.19541033646363556,0.05273187623561737,0.033816411651835465,0.10516952064988463,0.025694199177395932,0.8926849160601326,2.2410960493303094,COMPLETE,IZ-B
15,0.8,1.2890464478018624,1.1230953281532838,0.45444757275604875,140.24595066470607,106.56209115668861,0.0011151401279663933,0.475401518150101,0.15392512155581684,0.1726627337278248,0.043613132094073824,0.288145134011197,0.026153899299616177,0.781456155789426,3.846235469752088,COMPLETE,IZ-B
16,0.87,1.1185168088830268,1.4986779078544372,0.4857823965718679,130.4773183238799,118.00424489295011,0.0012556857542790883,0.48011838566345705,0.21872046573017392,0.13159676888845134,0.03544473446066266,0.14753008954400956,0.035749322619663335,0.8363988838412644,2.181558063067139,COMPLETE,IZ-B
17,0.82,1.244936809657969,1.3502478519335004,0.4196796853207679,145.28558988826316,98.56866410985207,0.0014996806459833339,0.5374533157712958,0.18324529066207346,0.09692307160697809,0.02883062218213388,0.06898286190673278,0.023064318381631674,0.8706109774968182,3.2983270411765786,COMPLETE,IZ-B
18,0.89,0.9848232499093732,1.2157773936663587,0.47014457748163063,134.55615596497512,109.17039070154189,0.0007810674463313181,0.5161278782691215,0.2187740425841028,0.17355252272928662,0.049369900364077894,0.2728754555646238,0.030384650235284763,0.8198159610282001,2.5725790938533732,COMPLETE,IZ-B
19,0.91,0.5120811359368472,1.0416308755263994,0.4414140480845597,145.42365139519353,97.60857577518615,0.0010764952986989634,0.47943643530545693,0.17293467946745641,0.1324414959220867,0.043667559809094404,0.38332651692296,0.027468524693649788,0.778830326252158,2.1921300463812465,COMPLETE,IZ-B
20,0.92,1.385354187298959,1.3778236011009641,0.3962489416551535,136.8763926750364,129.4664508965359,0.0009882413182740585,0.5547736075470524,0.20621931584767766,0.10724349535334808,0.036565015823254714,0.1557077294258464,0.023614993750005038,0.7981006114054221,2.776896531388829,COMPLETE,IZ-B
21,0.92,1.3725078711781156,0.9079922715203708,0.3582722901516145,147.67946132961399,109.53845547548022,0.0010173053897909934,0.44448930328413033,0.22248914590397756,0.12005779742474282,0.029610787504421143,0.020014316606486376,0.02878571397614765,0.7563899767482289,2.5982407178442477,COMPLETE,IZ-B
22,0.95,1.4974386273186684,0.8037679484838186,0.3498512782846025,155.1565963696462,106.93686117398033,0.0008115137200287563,0.447128972019717,0.17669614569173767,0.11051228699455029,0.024038160132071967,0.02983328436663837,0.03138054441478868,0.8595998933057665,2.419833877039193,COMPLETE,IZ-B
