number,value,params_c1,params_c2,params_c3,params_inputWeights_max,params_inputWeights_min,params_interSpeciesRate,params_keep,params_noCrossoverOff,params_probabilityAddLink_Large,params_probabilityAddLink_small,params_probabilityAddNodeLarge,params_probabilityAddNodeSmall,params_probabilityWeightMutated,params_threshold,state,study_name
47,0.93,1.0625070547699003,1.3764047931491465,0.3013812318436545,148.57626082277625,94.80031997331872,0.0008303985402254903,0.47877829372132785,0.2159721566348481,0.09132525901031689,0.045428334004291165,0.02158628688292416,0.03324306150083052,0.8484120844290849,3.3787939430686733,COMPLETE,IZ-C
48,0.93,0.6324440020743244,1.1637071007210729,0.46347247601933206,160.23767804941951,105.03812022970881,0.0010172296880840523,0.5500549134739364,0.15981028543537684,0.14124768753475409,0.032126325734292464,0.1301493163564013,0.0292408534999083,0.7415380804036865,3.0679690749958755,COMPLETE,IZ-C
49,0.92,0.8866937649428033,1.0778101711277364,0.3894896247128473,163.7006309597341,102.5481898082508,0.0010774667174839924,0.5243012051675515,0.1999334439262275,0.06279640243305001,0.029546218181329555,0.034517861617138434,0.03182586363196824,0.7271411909017763,2.673249875458199,COMPLETE,IZ-C
0,0.9,1.379,0.91,0.36,150.0,110.0,0.001,0.456,0.22,0.114,0.029,0.03,0.029,0.743,2.656,COMPLETE,IZ-D
1,0.94,0.9461608213355931,0.540423001026008,0.46601820960928714,168.1798489980714,127.93447355440247,0.0008410598180575092,0.43676353720542843,0.24999590054326276,0.05222075707079183,0.042301338387267365,0.15401674388583556,0.02983635652036573,0.7839424621590504,3.6793730908408255,COMPLETE,IZ-D
2,0.92,1.2810281572372717,1.3719191446833645,0.3428232202183652,148.83487731056397,98.81101975284284,0.0009584947575177596,0.44018166194650027,0.2577558316098735,0.08933241529201028,0.047379248123034456,0.331853760574542,0.02019927105014976,0.8593953089484296,2.4570714969140326,COMPLETE,IZ-D
3,0.95,1.3862069283202823,0.9609151840414271,0.4890923379862855,150.5294293979415,93.92059940716427,0.0005972934240867666,0.4377532306902928,0.1814403741808869,0.18459721909198096,0.02539657279156515,0.23773238358413235,0.022158490741580657,0.7926161926627036,2.5330163608418803,COMPLETE,IZ-D
4,0.83,1.3970372046209725,1.3013993840165958,0.36226946438879437,164.66063950460608,123.4525208233274,0.0005269973033957908,0.58787531297117,0.16480239131719726,0.14410336031572607,0.011176356877684835,0.12814803379349535,0.022868278515978804,0.7779904458591179,3.310890259860184,COMPLETE,IZ-D
5,0.85,0.984149430361727,0.834648271421513,0.4692536039767586,145.45220178232415,96.08637007849276,0.0005768005512235783,0.42134699496893796,0.17687856688408796,0.1521421363680434,0.0437276429708865,0.3890103193896644,0.039002759026121575,0.8303022355919527,3.4206386212543,COMPLETE,IZ-D
6,0.93,1.4430842304293594,1.0347409971124575,0.4525707626006852,156.7189029006356,116.24157482628908,0.0006570125448259201,0.4773207102837336,0.3287830713640123,0.1375312053468685,0.045753230842353276,0.28233951127686896,0.02050787846070621,0.759345863962329,2.664615660395224,COMPLETE,IZ-D
7,0.91,0.8916827924419656,0.5967162648477327,0.40254552488886736,145.09596643623965,117.60701962630084,0.0005691145746101679,0.4024173878009587,0.1552100175889594,0.06793381581765605,0.023797092728162758,0.2785294831774221,0.03009945922899617,0.7161473858475391,2.2481788078682348,COMPLETE,IZ-D
8,0.93,1.127011189185435,0.7378677705978897,0.4016648269841811,131.05394273281675,127.62312225712344,0.0005032858461586186,0.4924759393389884,0.22236586911078202,0.12819695011705162,0.03752383383460188,0.09048601140228563,0.020862980048462623,0.7180863365750727,3.841254925180258,COMPLETE,IZ-D
9,0.93,1.1210735243130494,0.8624338750905828,0.4309747162719167,154.51517336066973,128.2262248615052,0.0010974753030866587,0.4730369828620591,0.2270515713894472,0.19720712089966796,0.04957983536562811,0.029973575504050276,0.034931816175048834,0.7331049594419687,3.4051186377446436,COMPLETE,IZ-D
10,0.91,0.6414129781580654,1.1606377438170081,0.4979921531550517,135.73842300138935,91.04627926138737,0.0014867649142263684,0.5352557354066703,0.349688878816044,0.19913402619793444,0.017230846621258667,0.21251441556561707,0.02531716365294486,0.8973761158947375,2.108420598582401,COMPLETE,IZ-D
11,0.93,0.7047221946113745,0.5314507470326508,0.4911843290227529,169.77293757562177,105.66167370122199,0.0007801550571818486,0.5330446962514213,0.28493503320147384,0.05314484385552441,0.03502885878418139,0.1740550310359681,0.027571904496143364,0.8063718877523144,3.9687170902618725,COMPLETE,IZ-D
12,0.85,0.8153876038961976,0.6738782009146722,0.4447868178925391,162.16076893287246,107.16445203344588,0.000817282206558401,0.4343893814269933,0.28355883510400454,0.16759746178825496,0.027153702679805217,0.20265188042130847,0.03367992179952488,0.7947185714390157,2.917005016806064,COMPLETE,IZ-D
13,0.89,1.1500161784530971,1.0384217515198422,0.300587590477869,139.4376613100229,99.95781859697308,0.0007994432330998032,0.5266612262914848,0.1950331584248678,0.09934870653407467,0.037841853785406436,0.24550520012595767,0.0325261812059836,0.8269943677612427,2.9708671680941823,COMPLETE,IZ-D
14,0.95,0.5314162413368952,1.216872239954536,0.4704038399681516,169.65884567114435,116.64030239143997,0.0011938917920987391,0.40137796059205216,0.2635126564937953,0.17331976681195588,0.022036270718113204,0.1435497908784617,0.02616953409790582,0.7709820490274785,3.7080433773465153,COMPLETE,IZ-D
15,0.89,0.7654974518441524,1.2219332961917362,0.42448976328597426,157.9431239419821,116.6079117618111,0.0012338615515679928,0.40169439333151535,0.2989212438410777,0.17575800872131747,0.019659914634408103,0.08538354081409316,0.024759970920936167,0.7582282521958522,3.1721976791698014,COMPLETE,IZ-D
16,0.92,0.5079903780561594,1.4899400419842725,0.47857226607162767,161.78931490920047,90.7466172014204,0.0012751613359774133,0.41729297293523787,0.1889266481868136,0.17627846799447147,0.021471449382571867,0.10863668742748625,0.025712878398463247,0.8222303164471368,3.6541451460215746,COMPLETE,IZ-D
17,0.85,0.5211498637900596,1.1348875139708792,0.4951154575205878,141.89827938530493,120.32673620197093,0.0011626006865573832,0.46124578124626325,0.24796069380995947,0.16323077993008858,0.01379333548358122,0.3343917688622942,0.02301610666097905,0.8578879250296564,2.7388596835916936,COMPLETE,IZ-D
18,0.89,1.247613732480865,0.9404298861040775,0.42814323572944274,154.59139618999163,113.39950093561698,0.0013309833139669481,0.582869570640572,0.20674669164334727,0.1857950439938477,0.0326437078253282,0.19885593447823294,0.026995050467893193,0.7659411440145546,2.39497051859751,COMPLETE,IZ-D
19,0.83,0.6332969318803697,1.1011937373332517,0.4569096764244452,130.59214045626032,102.661795048516,0.0010935368363364619,0.5002982329006415,0.3074324524297182,0.15450563598358993,0.025474749408428293,0.24973000832544204,0.023172524425132884,0.7993314457827866,3.159599898372652,COMPLETE,IZ-D
20,0.91,1.4987333450777163,1.2541596483630568,0.4819968657202112,150.37222629717513,110.9729116430061,0.0014937122920707293,0.41929974279268367,0.2735741332158813,0.1832335673795386,0.016851702670882887,0.14497322212471878,0.022886062685583835,0.8464302670168273,2.02006009147537,COMPLETE,IZ-D
21,0.88,0.9612612414949679,0.7022931042553837,0.46803693855920164,168.6966825656032,123.56839259432509,0.0009086871314466393,0.443741293378832,0.2503729611314697,0.0804286649786527,0.042028874698238516,0.15078064952374903,0.031059717108976433,0.7829514367792313,3.6369473181072607,COMPLETE,IZ-D
22,0.87,0.8715214259717553,1.4884392085009872,0.46369050466007505,167.79791062461967,123.88517350565671,0.0006852854283432597,0.4000024551700124,0.23622242779340377,0.1162783847596085,0.03057633398760637,0.17159551769387932,0.028151143398544982,0.7763927328354422,3.6505802122952993,COMPLETE,IZ-D
23,0.88,1.0634034167817041,1.3526061567118846,0.4394598857454504,163.87347891646493,129.74901536929806,0.0006876495934897602,0.4335401295546184,0.2616757628382053,0.09929666911814275,0.02217358317064914,0.07774707879408926,0.03692004508241545,0.7399657734243629,3.801450409288965,COMPLETE,IZ-D
24,0.9,1.2408729105820766,0.5064914509356899,0.4174154541809178,166.78137231429585,94.79740275177453,0.0008755908236595707,0.45528064408254076,0.20632004824973998,0.0574070336411025,0.04037157466138671,0.23300805450481868,0.02639468713470554,0.8153265997925362,3.990722121967778,COMPLETE,IZ-D
25,0.9,1.3125020333364075,0.7919022431710343,0.4857684393762097,164.95060975891505,113.21760041534739,0.0010687632973668424,0.42013036071275667,0.240556395319248,0.15997841242139493,0.030811927263284543,0.16522420022945364,0.03090818900564328,0.7853949290854761,3.5115414455816687,COMPLETE,IZ-D
26,0.9,0.5912194818807497,0.9697880555413037,0.47397376601940233,159.36165762382075,120.5991043952447,0.0013986505970133341,0.5027297814076729,0.274619200533802,0.18629080209307528,0.026396860544917338,0.29087452025904614,0.024435330300800036,0.751994383299076,3.124074973546711,COMPLETE,IZ-D
27,0.88,0.7513055224980756,0.639764461365596,0.37874455377739263,160.487700232859,106.8291507420674,0.0011786966253012282,0.5620161737059062,0.3078373126879526,0.12947146085731065,0.03455022222840342,0.12224275427539148,0.02882492117865603,0.7006620854232178,2.805309155909489,COMPLETE,IZ-D
28,0.95,1.036802838070885,1.2078402547745872,0.45050596411848387,152.50381787608416,119.57438711083998,0.0007291329594086182,0.4751786695578409,0.17783112651390298,0.143281528327749,0.018023798709395432,0.0658403944676858,0.021717405802965897,0.7675733199029795,2.4548580997150062,COMPLETE,IZ-D
29,0.85,1.179590209418523,1.1998041027928152,0.44778121889084044,152.45155697805941,109.75025392589517,0.0007177531883064528,0.45984791794290075,0.1512434852214906,0.1445636772464872,0.018697091858155115,0.023707782630561558,0.021568752927111016,0.767594163742452,2.506368248499259,COMPLETE,IZ-D
30,0.92,1.0523915363295886,1.079526009267871,0.49760608809361284,145.5512647601348,119.46689270372116,0.0009967897747532961,0.48230873426894394,0.16752572303015276,0.17393832813075844,0.01366185732810963,0.05586652020812244,0.021885881091932513,0.7438494863435089,2.316419754144157,COMPLETE,IZ-D
31,0.86,1.3593375411713915,1.3978758917473204,0.46072896071943864,151.41227461452917,125.9746849075216,0.0006164790753976109,0.44750950134807665,0.18586131189090993,0.11737964168509316,0.029023759783749225,0.050750888769189775,0.024266973011923654,0.791267639577947,2.5775775578497453,COMPLETE,IZ-D
32,0.92,0.9092600233481849,0.8928570245629968,0.47798823741113283,147.1070524390114,113.65704210504799,0.000760581859985985,0.4335873339111942,0.19674476281611464,0.190716278169549,0.02336145748251863,0.18534693901910115,0.029527354422812048,0.8064696745295932,2.28097735582205,COMPLETE,IZ-D
33,0.8,1.0596799595506692,1.3246077867479353,0.44252490529455246,166.36765359072382,121.54037075944643,0.0008626129407169434,0.514713148510437,0.17401208312258568,0.10606061515910072,0.020329706474714576,0.14276447248552754,0.020064606658107376,0.7726092260852171,2.827810773864295,COMPLETE,IZ-D
34,0.87,1.3378290771118162,1.273163631248102,0.41618486795374865,147.91444483684188,115.16464498545034,0.0009496395339448412,0.4677616197186187,0.21243043586221835,0.1434896376534077,0.013334139932090873,0.22506676793088495,0.022157308135009088,0.7851732424181631,2.5635708257385548,COMPLETE,IZ-D
35,0.85,1.4124364007519408,1.3908828610595725,0.4678471170558613,155.4096333827241,125.95710011994329,0.0007381452638281806,0.4117949055697348,0.23127527396553918,0.15084600708526924,0.01610351350845756,0.060226523961314504,0.023719307681983968,0.8391480312087466,3.255777237982254,COMPLETE,IZ-D
36,0.9,0.820197384363393,1.1643705355701608,0.38427967371154603,142.02131238694923,118.3958524859272,0.000608275726026283,0.44963910656201267,0.2650409064060866,0.07826262315525637,0.010650612573229913,0.11004197077897243,0.026156067258345135,0.7481006837695193,3.774028669777087,COMPLETE,IZ-D
37,0.87,0.955118640071791,1.0191566469982538,0.34220583262636134,152.78441862146173,110.3799695389318,0.0006386498399148801,0.4286023504329306,0.16263748927692606,0.137300213157316,0.025005692895129317,0.3227875565497137,0.03224547075322358,0.7298912246633061,2.1582120956837856,COMPLETE,IZ-D
38,0.89,1.1947075328691308,0.834513461607431,0.4595411343697817,163.3412668609052,122.70917554215045,0.0005494481065833232,0.4847310511050059,0.17939745380273703,0.16752832998700667,0.02833338601747583,0.3961700363423666,0.02136170410320101,0.8137388357075842,3.440373892718032,COMPLETE,IZ-D
39,0.87,1.465996527500041,0.5891410526442714,0.48621879206953916,158.15646274464652,126.65411622843911,0.0008496908702356145,0.4108635197471252,0.3263467386856114,0.1236720643921479,0.04822919374631885,0.12791208634552548,0.027957505285983626,0.7674753177641439,2.6674962588418145,COMPLETE,IZ-D
40,0.89,1.0190571443922742,1.0802381828295573,0.4550316988592669,133.78837029291986,94.12476134265935,0.0010226179405496928,0.4425912850186478,0.16065827475848798,0.1570181483122317,0.045645349071222995,0.10170466123387145,0.03983149476027343,0.757933121668612,2.454442023096296,COMPLETE,IZ-D
41,0.94,1.436147054220451,0.9736417778071703,0.45088686414903045,157.04924273757106,117.08991694075529,0.0006590335229018643,0.4740727430344528,0.34767857779859085,0.1338373780725174,0.045885975604305546,0.26762221193416535,0.020673127771522706,0.7603790794647401,2.65461334549435,COMPLETE,IZ-D
42,0.9,1.408035999568532,0.7838076388626246,0.4367041496559525,149.04872090156897,114.60350534402183,0.0005689182201735435,0.49053417660919413,0.32430518372180384,0.10863606841506743,0.046678071322877816,0.2697265652653208,0.020805141568142508,0.7786544120979568,2.411346588794359,COMPLETE,IZ-D
43,0.9,1.290299206385279,0.9828527452184959,0.4716833370358814,157.02656790824452,117.89087495851274,0.000706490269097341,0.4691162533234335,0.34395261914114966,0.13359290025081022,0.04411072389726901,0.3111091222807304,0.022328402582668983,0.7955938919368848,2.6740704826278554,COMPLETE,IZ-D
44,0.85,1.455000539923317,0.8812858761605424,0.4531849607202222,169.5463973712228,104.16513288934378,0.0008107105498031025,0.5101798083864216,0.29038569971939887,0.146746084942219,0.0396359093973065,0.26004842769364406,0.02057245532754314,0.8885822026457313,3.055538904401364,COMPLETE,IZ-D
45,0.84,1.3750897923831016,1.1991134344066925,0.4896188106684539,165.6851035188655,116.65949630948705,0.0006103263543826829,0.47606347056922543,0.21686296008418576,0.1246362883379219,0.04365090705943532,0.2188229758092074,0.023886130306079518,0.7281621533120926,2.8884846983953967,COMPLETE,IZ-D
46,0.93,0.6771180472548127,0.950380509750827,0.4490472602165027,160.0537789859085,111.64224944435222,0.0005083002541338309,0.4292239361675597,0.3097802372963683,0.08920965780490797,0.02271071989532757,0.3556559533013207,0.025147906320363414,0.7597962201260358,3.5241324094269157,COMPLETE,IZ-D
47,0.95,1.111012654430893,1.1274603362319713,0.41072246979589216,153.24791171630937,99.93672623648884,0.000646595944644651,0.45365274765242825,0.33806308533370466,0.19634539493334047,0.04982999865351256,0.19089925008028477,0.036327685211749366,0.808613986661116,2.5476529226642985,COMPLETE,IZ-D
48,0.75,1.136457225034875,1.1343664672879574,0.38649464870048783,142.37034360196031,97.57267071888226,0.000759619042151001,0.45665890613933496,0.3351204618178163,0.19417209979144856,0.049566884971000445,0.18258897094519874,0.03469556566942942,0.8090223220499164,3.3083357580154353,COMPLETE,IZ-D
49,0.9,1.0947076128771738,1.2567978265861837,0.41255597699392105,152.9822943970911,100.88286266966256,0.0009325507557513469,0.40969281181979333,0.20011375462801567,0.18129728203311868,0.01823697538485876,0.19541125154973565,0.036531263449094464,0.7908426869278864,3.883887397954566,COMPLETE,IZ-D
0,0.86,1.379,0.91,0.36,150.0,110.0,0.001,0.456,0.22,0.114,0.029,0.03,0.029,0.743,2.656,COMPLETE,IZ-E
1,0.91,1.253077933049798,1.1828395196771078,0.3278874010153427,134.52041516810868,118.74510194745454,0.0011691710276605194,0.4472707024811581,0.2757567696945529,0.05881959794496687,0.03238766105944906,0.13685069475587766,0.03367228542121428,0.8153577865991,3.647776282663087,COMPLETE,IZ-E
2,0.9,0.9178271807821183,1.1312797060953086,0.44881598370118925,153.9753160762216,116.71002896138748,0.0007867835549933493,0.4829510962625554,0.19097224765354848,0.08985236870027419,0.034987075135335714,0.19660330887630745,0.03866571188841101,0.7321072437498132,3.598336105902219,COMPLETE,IZ-E
3,0.91,1.384934640824374,1.2778041262057156,0.3876609515642617,153.2536134748903,102.61783925840282,0.0013008720003808627,0.48295367680030465,0.24373810577501268,0.11689169464584542,0.010558017813530851,0.03818352695348787,0.029459070599303736,0.7184894952829316,3.224930777308775,COMPLETE,IZ-E
4,0.85,0.9160728030869101,1.17562553852882,0.3809902347405719,130.31553407886125,104.19495987139035,0.0014735214383819533,0.5446261793708768,0.27353024215055044,0.07666888545664216,0.02719760044696861,0.3825423047414324,0.029076974007835408,0.7259031252283125,3.253278004780462,COMPLETE,IZ-E
5,0.94,0.8729098968868683,0.950154965618298,0.31465951901278544,136.64437487295294,112.20088392627237,0.0008654139274498539,0.546203987837515,0.31947911849730015,0.18702672966130324,0.04104686183846342,0.12466641889606297,0.02809153076988318,0.7629795901980656,2.1015833405936233,COMPLETE,IZ-E
6,0.88,1.3538702775968074,0.6037913970969082,0.49072467608332926,135.82159565936158,101.9423781326191,0.001104738573184069,0.5036841786721886,0.1878708468338225,0.1979001137822804,0.040610868241115074,0.2828625375180985,0.038743539306662335,0.7344191693004637,2.1497452423938572,COMPLETE,IZ-E
7,0.92,1.1191326310247276,1.0801224116789925,0.47565874064821667,152.64719319075022,105.96693847590215,0.0007402048558567633,0.5154336728497866,0.2472756220120067,0.19309860768068376,0.028678201414129426,0.07417918326349497,0.02978595071305448,0.8491852523718095,3.135080910361477,COMPLETE,IZ-E
8,0.86,1.1949423027624522,0.9648810042633601,0.4529704347903526,148.93445678630644,109.8685704722988,0.001372595435732143,0.5344741232188942,0.23239025731253937,0.0933281012525102,0.02462796567640068,0.11792487426401985,0.022407714678608633,0.8703349389759634,3.7532376995595005,COMPLETE,IZ-E
9,0.91,1.032960517549204,0.9878596490664601,0.38212777596498243,141.8876690060882,106.34693150960089,0.0014115026368775184,0.47742307264482015,0.26487044233409507,0.11391873592502288,0.019821436242049188,0.21058713374388555,0.02910680619810769,0.7469334814964596,3.1240231541041856,COMPLETE,IZ-E
10,0.91,0.6107868952218327,1.4350544115367425,0.30004591291548355,162.74735461524767,129.68846158929216,0.0005620926944321836,0.5994981964195936,0.34385313573660026,0.1596780182604272,0.04721338332725063,0.27735563056519863,0.022351633546009612,0.7926827325935389,2.184380941966878,COMPLETE,IZ-E
11,0.92,0.6916670006281278,0.7584282071955969,0.4386397406000211,162.98341334968993,93.84531956490122,0.0007691450812884574,0.5745564088529478,0.3304714007880624,0.19789329674805103,0.04985898266024432,0.10492651018042823,0.02547206486207398,0.8606874267041779,2.6753097145659255,COMPLETE,IZ-E
12,0.93,1.0435537766483878,0.7879734979355506,0.49858874625852234,142.13141755421387,118.38879870852995,0.000804608461305803,0.40628597073456396,0.30795704083200726,0.16486075398847738,0.04054274112474433,0.08133834128055563,0.03409110267479308,0.8234125276949045,2.590270789069429,COMPLETE,IZ-E
13,0.91,0.7962073485030966,0.783203848291808,0.41467341266005064,141.35973660197834,119.99192586384578,0.0009090160160217605,0.4128447107372616,0.3071088144755451,0.16034119741373387,0.04088865403225067,0.16241854647783535,0.034123710361749444,0.7822628930857698,2.567239561742026,COMPLETE,IZ-E
14,0.84,0.8860834412980585,0.6575248969501211,0.3490888612508003,142.49489963108755,125.5827548034105,0.0005838276072907823,0.4047069763009685,0.305417299229293,0.16473525411390186,0.040975641511740386,0.07874937639283326,0.034606371877020994,0.8940937685992169,2.3895225370172057,COMPLETE,IZ-E
15,0.94,1.048808805119137,0.8232836354204883,0.30028227562987464,136.9404382088388,114.13775869293984,0.0009171697362099836,0.5446668713799323,0.3065071755440869,0.14252595921533506,0.03682977469076737,0.1827212719578859,0.026247035654954343,0.8205495610954705,2.850458911607623,COMPLETE,IZ-E
16,0.89,0.747962613539199,0.51547193684389,0.3060227849584719,130.05100597080244,113.44683460577163,0.0010487834465951308,0.5529177310142512,0.32448210252879556,0.1414063470085241,0.03415807744349701,0.2530707167469437,0.02570551484442813,0.770767831591382,2.019179353564129,COMPLETE,IZ-E
17,0.92,0.5667881908761649,0.8692222797629562,0.33289935643663543,136.54746884088783,96.93000885453539,0.0009409164146306048,0.5717540741146281,0.28924163887847526,0.13911801386441827,0.045685491026858864,0.3416242586239812,0.02569514969025918,0.7634798934470368,2.3770158379619164,COMPLETE,IZ-E
18,0.81,0.822173633947682,1.3444359122610594,0.32465266371098983,146.0293494887939,123.29386352623783,0.0008935022453786989,0.5252596066792885,0.3499014596819824,0.18200190538204838,0.03683230103205567,0.17144685766170029,0.02691138142015928,0.7019421721987178,2.8803103251581823,COMPLETE,IZ-E
19,0.9,1.1469148166091363,1.0437980741671904,0.35877737896764994,167.5308543525843,113.83488878369795,0.0012046528682117703,0.5626647108996689,0.2926063898501185,0.144196453843029,0.019274932735436852,0.213323575437853,0.021228573164287945,0.8209368916242619,3.9872289559419443,COMPLETE,IZ-E
20,0.88,1.0028847343299372,0.8666093888193908,0.31393237150113235,137.951872594419,98.64254202733983,0.0006755488507245683,0.5958025548649436,0.15371938578611855,0.17325937520753476,0.0445652709559709,0.24547032446331182,0.03178885079745534,0.8070784187191509,2.814696830975516,COMPLETE,IZ-E
