number,value,params_c1,params_c2,params_c3,params_inputWeights_max,params_inputWeights_min,params_interSpeciesRate,params_keep,params_noCrossoverOff,params_probabilityAddLink_Large,params_probabilityAddLink_small,params_probabilityAddNodeLarge,params_probabilityAddNodeSmall,params_probabilityWeightMutated,params_threshold,state,study_name
0,0.53,1.289,1.113,0.364,150.0,110.0,0.001,0.412,0.244,0.151,0.042,0.182,0.022,0.797,3.039,COMPLETE,IZ-A
1,0.49,0.769222138837051,0.9556950718073411,0.38706589763172666,167.5229273699276,111.21307839494226,0.0007234514752597022,0.4680179427622837,0.2586991770602153,0.19469692916123538,0.03782220941955934,0.3131103558983249,0.034449244836396026,0.7635174217670605,3.646998528403784,COMPLETE,IZ-A
2,0.47,0.633615947442242,1.3659265936687524,0.4623222626963976,132.77851908972858,129.5989646627006,0.0009711425974342109,0.5326417577116278,0.3426659715353794,0.1979050443880625,0.038972865811295956,0.18588587440462473,0.039378223045313146,0.8345407118033652,2.171922905159949,COMPLETE,IZ-A
3,0.48,1.373621817811563,1.2584468172431325,0.38424849434123265,166.11003716841472,129.4499965835648,0.0005180917491867902,0.40723453766308476,0.321709166919904,0.16929231450079316,0.011152646405188121,0.3738483065247916,0.038665001293512274,0.8099201221739534,3.0263437566508586,COMPLETE,IZ-A
4,0.45,1.2700030845135055,1.1246897709385957,0.3502387613001212,137.38565798694088,126.65292040609566,0.0005682596757778851,0.469755338429895,0.19842110397835494,0.16794357056215936,0.027123155694003996,0.05694539467140937,0.025279857480902963,0.7722753398033486,3.126216528833832,COMPLETE,IZ-A
5,0.49,0.5240714041124928,0.5575796607890022,0.35038176923429176,131.2221251379572,104.49871799722969,0.0006108611534957689,0.44920568858785986,0.25491165495371454,0.08245244907145283,0.0134571410483376,0.2993087167439513,0.03651887868927815,0.8735801931370867,3.7899843793532,COMPLETE,IZ-A
6,0.47,1.1745680304157067,1.075428978927341,0.4768850907603126,140.64178256608565,104.99685500135757,0.0012099504581978074,0.4782309288241816,0.34015524449514545,0.10141962546207177,0.025388019800141944,0.22521308332304285,0.020156860443480112,0.8684752835359955,2.9914067434925675,COMPLETE,IZ-A
7,0.48,0.8712459214845983,0.735229546584931,0.42599874855807973,161.93150941130463,101.12740878295129,0.0013799145112058453,0.4207551033141884,0.328609950686079,0.13492529337940853,0.020292286787249633,0.11038447453441048,0.030612660454955413,0.8235135344491873,3.0927616976972625,COMPLETE,IZ-A
8,0.49,0.6386171722776907,1.4915171332677153,0.3772208449427335,153.77997312592865,101.04579958698672,0.0007988804621897288,0.45300472665338726,0.23285705941054374,0.08724281814296436,0.047461780519050714,0.1874891492637734,0.038768441717863276,0.8599441160159712,3.242015064113581,COMPLETE,IZ-A
9,0.48,1.2126682647026783,1.4867521548728149,0.3563681639013409,150.39435226822343,115.86913728602488,0.0008273684291490379,0.5080917719442428,0.27466140970985115,0.09576627685538394,0.02927064224618018,0.046743690944335045,0.024880469683736736,0.7168890712000912,3.1357221172720484,COMPLETE,IZ-A
10,0.47,1.49363564337415,0.8221196023077664,0.31648372428757165,157.35406308177568,93.00989765832975,0.0011222973886878332,0.591532665036934,0.15316053723507012,0.13144349296463675,0.04754096813239783,0.14110298932148957,0.02060280860835266,0.7010690695225155,2.2979582406687102,COMPLETE,IZ-A
11,0.49,0.9239560518926369,0.899782157787945,0.417642498150217,145.48769296227533,114.08032189612278,0.000841250337522599,0.4003244170596855,0.27958844912566183,0.19692009857710846,0.039003289981217576,0.29651903977639754,0.03294394632226143,0.7650578127821118,3.9215709706650617,COMPLETE,IZ-A
12,0.5,1.0204225455446654,1.0266625608199806,0.3138797327449794,168.13193694286906,119.6884059714121,0.0010351971112518503,0.5305389691188347,0.2131502071402576,0.05120455411606706,0.038028389577692924,0.27362314207240973,0.03441197719135343,0.7672984232583117,3.552775105771049,COMPLETE,IZ-A
13,0.47,1.0926159886224869,1.191028519653481,0.3003917337315503,145.2508453517603,123.7801971499672,0.0010357576214926408,0.5455336019347947,0.20935199303538615,0.05003782990099208,0.0366684624244822,0.23487738673181305,0.02881125212573915,0.7353203709156615,2.609984322884186,COMPLETE,IZ-A
14,0.49,1.0540594992937058,1.0412008362325509,0.3204427542989712,159.75164123663166,119.30949072445729,0.00129916603978632,0.570880103028638,0.17494636840118985,0.1534384621087887,0.04408927633049848,0.25605054278245687,0.027446070432975794,0.7829806764266289,3.513248631453223,COMPLETE,IZ-A
15,0.53,1.3656397011559496,1.2640243810762666,0.3247482534288164,153.2003775071497,120.6746924037232,0.000992590666320896,0.5115836107631428,0.2247121359454417,0.06224931891773254,0.03364824896703712,0.12661066911359597,0.03203396033926717,0.7437458235673321,2.691478469269366,COMPLETE,IZ-A
16,0.48,1.3801833917837407,1.3083870013078622,0.3376870077423125,150.04485589326177,109.61075433654014,0.0009344118516090766,0.5032853044253814,0.30080449960625777,0.11369455398401503,0.033553057341782044,0.11835886129875092,0.023416656750138876,0.7380277425023131,2.711158965480506,COMPLETE,IZ-A
17,0.51,1.343814433588161,1.3576848984966476,0.4158170314699562,155.28066054364697,92.05281476240762,0.0011507270086381263,0.43493509076538023,0.23148892354306755,0.07163425013926206,0.04275034564468681,0.1567662056396795,0.030884707198330332,0.7968823628407617,2.601012225782344,COMPLETE,IZ-A
18,0.48,1.488547197716899,1.1926109035731718,0.36484018689099035,145.11460709181029,122.86311912179909,0.0014782098195627838,0.492813266186715,0.18849081331512657,0.14882127953316177,0.0328136658067912,0.06876745267301689,0.027332266799681506,0.7402131450100957,2.809323455871212,COMPLETE,IZ-A
19,0.49,1.1616641178886509,0.6830683053679676,0.44765054911252117,152.4384268655031,107.92740759739492,0.0012497929853809648,0.5225551915699596,0.23974356699615612,0.07020610587267292,0.02073646996277703,0.08543910589055739,0.022158942538226492,0.895945276112783,2.396668669336133,COMPLETE,IZ-A
20,0.47,1.2887823740964273,1.1665288134777814,0.4964929737775222,162.73306929161564,116.20642899159154,0.0009105627418974812,0.5557024587049393,0.28392152387406305,0.11514942066048142,0.04319374667806867,0.025701202885577756,0.03256934574462901,0.7976358300258937,2.830314153876825,COMPLETE,IZ-A
21,0.49,1.3795323351976154,1.3970268910667836,0.40172426213797946,156.4206136698681,90.73587293770066,0.0011413855677477876,0.42590186824247483,0.22538482402766027,0.06299054994601912,0.042431956863560966,0.16233557468573664,0.030784365789228857,0.7996380081790365,2.5181814929237505,COMPLETE,IZ-A
22,0.48,1.3106377441248314,1.296343653907929,0.4198632770236338,154.26228736216584,96.0052535497216,0.0010916249506448103,0.4387187210436444,0.22654156497547495,0.07560196282325327,0.034196934236998044,0.15506323999604996,0.029440638344936307,0.8386246006254591,3.3644291052038255,COMPLETE,IZ-A
23,0.52,1.4145613995976793,1.401616086914228,0.3316905325058052,148.86604844654815,98.87149057681418,0.001145004309532112,0.4310122286767648,0.2528824305302041,0.06584034547507314,0.04987034478727161,0.19874624796452073,0.0321498693400774,0.7892954124239852,2.0744252970239865,COMPLETE,IZ-A
24,0.49,1.4706055630309156,1.4436942675515239,0.33052643311689633,141.91450922792194,98.13724050423804,0.0010280868756117082,0.48549484667363635,0.2588285704569406,0.06085124050039871,0.04690082127963346,0.19474548035754144,0.03578142334222816,0.7490584402051691,2.0467624955776995,COMPLETE,IZ-A
25,0.49,1.4141484020190305,1.2483882785743288,0.3347042549569813,148.4921757460956,104.14905320900937,0.0013513108689031906,0.41385562351976607,0.24444148487450343,0.10335327367342154,0.04983725045779966,0.1067291129554856,0.03257775403557648,0.7829159846508419,2.37908551865303,COMPLETE,IZ-A
26,0.5,1.2479461568506105,1.1057528131361758,0.3705381129942186,147.05818618200763,112.82769269313707,0.0007133224396297228,0.4543122051504051,0.30000435671581055,0.17606793027345305,0.04996153214462751,0.2134874231155161,0.027201694601312616,0.8160352676087329,2.104367138439343,COMPLETE,IZ-A
27,0.45,1.1405984145571377,1.2210628263588617,0.3063301926725379,141.85471640488015,107.58476243441109,0.0008966523431695795,0.5144357485528842,0.26525597258332245,0.14650823575428154,0.045262203821698904,0.17981103822899364,0.03702806146243351,0.7214358935731786,2.8702134628210496,COMPLETE,IZ-A
28,0.48,1.428446352896818,0.971984715366196,0.34102323132414036,150.85777673764915,120.0624057646972,0.0012113510677163918,0.46777520887986906,0.21337011013393875,0.1202584735736367,0.04126407359995034,0.3409422070235408,0.03424228875144446,0.7552237531239362,3.402112478081323,COMPLETE,IZ-A
29,0.5,0.9216465929205584,0.9224403748073398,0.39376286919711884,158.0468335958589,112.04896142606644,0.0006765539182280265,0.4324679816458386,0.2488487780102006,0.18184914083798326,0.030401373818651378,0.13535683915092772,0.03179125897792857,0.7758076107937418,2.223746693856783,COMPLETE,IZ-A
30,0.47,1.22007291104836,1.3236965483496057,0.3256523744984475,147.74805368548542,95.28682217383108,0.000989987772905323,0.46328595582228993,0.17406861523952,0.15826047275360594,0.036163448919421186,0.24962739902720593,0.028684085405538233,0.7873849442866199,2.481839919572171,COMPLETE,IZ-A
31,0.48,1.338151134473119,1.3836990831511402,0.4375599808022051,155.05894606095887,91.36645820301112,0.0011577925106265317,0.439539201213564,0.22531107947417178,0.06543373399256545,0.04539673989774967,0.1561732473244765,0.030998142045276903,0.7963661825493846,2.678918204009285,COMPLETE,IZ-A
32,0.49,1.3301706975254837,1.3515716749292905,0.41018724198981765,152.3829130857801,98.92991195269906,0.0011981533495241232,0.41937487732823864,0.2664887906945037,0.08308504457949173,0.04131416333169934,0.21099676655506922,0.03360595305606877,0.841184314146576,2.8992461311544693,COMPLETE,IZ-A
33,0.5,1.4235781479002558,1.4142282398940158,0.38398608311543825,162.31268753092792,94.75972945152817,0.0010860155308045532,0.40777400360613586,0.24209494257186226,0.07268256660176153,0.03981935474273962,0.1760291150777063,0.035626987070553826,0.8109958203429122,2.607470656573481,COMPLETE,IZ-A
34,0.51,1.289082179653984,1.2745193985845853,0.3644309540909222,137.7364332111374,98.05563146320885,0.0009618753622365428,0.4322628642731622,0.19992978931411462,0.05905569520604077,0.04095223071104019,0.13306547414967967,0.026063130192775254,0.756177966956402,2.2090691551412798,COMPLETE,IZ-A
35,0.48,1.3557901974001503,1.148869684338088,0.34639245763134496,165.03327079037572,127.73449539246842,0.0010777459358653977,0.44344565626538723,0.23637431374071213,0.08790849519716218,0.0353259497943194,0.20115608529073647,0.02981743722637749,0.8232304292640205,2.9861271152739124,COMPLETE,IZ-A
36,0.48,1.4269953029757791,1.362762082167945,0.3593475831731747,159.68075764206228,90.16532183667009,0.0012837549719813223,0.4832644796347946,0.2919780826825221,0.13784558862246005,0.023597013292985306,0.168261736304297,0.03132225925229244,0.789796039843229,3.2329483926173235,COMPLETE,IZ-A
37,0.49,1.2443280746061032,1.23442953487,0.40141434625759825,152.37895784776094,92.83540012496496,0.0011693170923107084,0.40389448336396294,0.25531250255716087,0.07748277752198023,0.032043645423772825,0.09111575127153551,0.03199012967278522,0.8289629832580142,2.0007688370822856,COMPLETE,IZ-A
38,0.47,0.6923586114208162,1.1203065024010652,0.4333475493878193,155.3510818642726,102.8134068940294,0.0008706143441412453,0.456610095535914,0.2190622274511518,0.09135601989593414,0.048079316655969366,0.23202871701447744,0.028249826102263665,0.8123699348219646,2.7462774722428698,COMPLETE,IZ-A
39,0.48,1.1102465266583172,1.4401384725103572,0.3743046455811872,148.74193319630228,109.71273820402722,0.0007693262832188498,0.41491405107192414,0.19883250348015893,0.10698329747035885,0.04482777616695693,0.3912530040541542,0.030095720355022608,0.8451538612303986,2.4872787426360436,COMPLETE,IZ-A
40,0.49,1.3775492586519087,0.5370370478993918,0.35203913997304137,159.12198826198852,106.40833402249076,0.0009722535678955937,0.47660255793224865,0.26998921605621895,0.18823534735023548,0.01718347042741341,0.12240205150244371,0.023676970482264595,0.7747968676777542,2.9913215255970833,COMPLETE,IZ-A
41,0.47,1.2919158282165386,1.2826326616201158,0.3848696260919679,141.0749207880149,98.26048871955517,0.0009394568112691385,0.4318974518825417,0.20199059153329219,0.05753802551382487,0.04054204773884004,0.1430906008800664,0.025917817353667737,0.7555237568479646,2.210281324314519,COMPLETE,IZ-A
42,0.48,1.1952715003554644,1.2680109041460894,0.36344534481692076,134.73213382410165,100.79541555818146,0.0010007229292394648,0.4243433053558928,0.18572634500865098,0.05521248606624257,0.03775040003763413,0.13322306415180168,0.021586519631714284,0.727423753234277,2.3227613078196416,COMPLETE,IZ-A
43,0.48,1.280036030899128,1.3354200683718571,0.34495528751227233,136.3538954266495,96.36913254036703,0.0010664988165798666,0.4428631162559089,0.23316358407607007,0.06734734002858787,0.03008688037721466,0.09668821670444432,0.026140752217666804,0.7562191236098739,2.1232534448252784,COMPLETE,IZ-A
44,0.48,1.4551835330215936,1.4849367038094767,0.46018585191252065,130.53749071622335,102.68604842378369,0.0011199056501333712,0.43250533658772516,0.1870644439161597,0.08046299840750494,0.027347074233807958,0.1856947262505713,0.024309269171300742,0.8042165679447835,2.2580952751727033,COMPLETE,IZ-A
45,0.47,0.835251371646507,1.0789515445837088,0.31244625649947577,133.17557668274867,94.28125613680857,0.00095175787135561,0.4961351628305506,0.2525504547202661,0.056149508726364795,0.04267697619994988,0.15180373624515112,0.022315090702283432,0.7061623968182852,2.133545804614746,COMPLETE,IZ-A
46,0.53,1.325326961053011,1.2326125036277142,0.3271727613922726,144.05188428091375,99.8590057019965,0.001015557921285846,0.4109373315610646,0.20893581057956473,0.06972996448681666,0.03902655017449549,0.13019735692629747,0.02077929669721125,0.7615243381793274,2.4185399115375583,COMPLETE,IZ-A
47,0.54,1.3931877488870834,1.2261498389739134,0.32228839234773177,144.10531634532535,92.6583241026438,0.0010233763513558065,0.4088986262779569,0.21859282297898935,0.09523199144046898,0.0384023772841968,0.06105220611044493,0.021129512401379134,0.7660808181995501,3.115703622541355,COMPLETE,IZ-A
48,0.49,1.4952336348863637,1.1964398541898063,0.3237555123469082,143.064442039273,122.89636428360757,0.000828783888999902,0.4002628191080746,0.21631800013799315,0.0948406183541629,0.03887331439598966,0.036761046726749604,0.02009547657404178,0.7694815795699892,3.178270996911382,COMPLETE,IZ-A
49,0.46,1.3930115492656676,1.0792863172443203,0.30168846742125893,145.76121430292847,116.32721522735066,0.001037789122109816,0.41019868934576587,0.1622724878862254,0.12979584927461554,0.037045019163259585,0.07489771496515796,0.02113995558453946,0.7459713622787038,3.0748249587250878,COMPLETE,IZ-A
0,0.47,1.289,1.113,0.364,150.0,110.0,0.001,0.412,0.244,0.151,0.042,0.182,0.022,0.797,3.039,COMPLETE,IZ-B
1,0.48,1.337860458287179,0.7171114660200341,0.4633966329588693,154.30232862138428,90.40293042193933,0.0013792765963462077,0.4193367117667458,0.3182754993552298,0.08659319777638219,0.03569210798690024,0.07544860727565357,0.039954525172746516,0.8280419220351815,3.5680034868368398,COMPLETE,IZ-B
2,0.48,1.1219015979453573,0.9251466829744316,0.3111695027526838,141.95017689067612,117.20149586431755,0.0012263309122185668,0.4206165449212722,0.1783540385435152,0.15430541697394973,0.04221937229222592,0.2608960891372293,0.03127440255075302,0.8551860258362383,2.2618266914398704,COMPLETE,IZ-B
3,0.49,0.5174782807705759,1.378341932750824,0.33782092318758117,165.84709772982924,109.95688833967718,0.0005411824016460884,0.41675578942957103,0.3259391698018501,0.06665911548435782,0.023798553882267377,0.13812184023925778,0.03586304231329468,0.7887587370388485,3.753576855450789,COMPLETE,IZ-B
4,0.49,0.8456307062923822,0.8187616134571649,0.4434962622132933,146.3077394950536,96.61714648645228,0.0010893374610120505,0.5013471653088305,0.30939088969675976,0.07955104017257537,0.04000197043041952,0.15946674977941427,0.03731987849471053,0.7717420417626945,3.507529636246849,COMPLETE,IZ-B
5,0.5,0.5294569152050427,0.5844925132198866,0.3291263363576522,140.4818892510808,126.94576386930251,0.0012959508414189564,0.4997312348542312,0.31019994004246226,0.1687460447206352,0.02735434089524237,0.31615007277884677,0.022044272271097693,0.7353752912992987,3.3473147698951404,COMPLETE,IZ-B
6,0.48,1.429265041877076,1.1385453276286532,0.35346097421107797,163.12310862623508,99.68058094852749,0.0012128220966853892,0.4691309282476615,0.287397041966049,0.19689269444856256,0.025279601335647335,0.08213433748082159,0.03068426484441493,0.7133615304909183,3.8131089296180303,COMPLETE,IZ-B
7,0.49,1.2849527804324399,1.0182071749028225,0.39490517999589975,143.60959025400513,113.68267572816491,0.0005276356194305705,0.52093600335574,0.26434166277243276,0.1349055201943656,0.02525468559856209,0.32606598332415404,0.03782210846516808,0.7915619079948529,3.716126436666335,COMPLETE,IZ-B
8,0.5,1.0050415510654704,0.7433713291594244,0.39762213304646477,156.35525529773003,102.52406048501811,0.0008802355001979437,0.4323124900888808,0.19830818765661043,0.1688750079862752,0.03136108543888176,0.2907073894249235,0.03337024087458014,0.7635020854238266,3.4133181252645333,COMPLETE,IZ-B
9,0.49,0.8106749501002112,0.8152310975640659,0.44333992474210127,136.62700222741228,115.74144360752236,0.0013203501552285658,0.4788901857998884,0.2822960772398371,0.1140060291037481,0.04946327867277887,0.07841882507178563,0.03139327959129146,0.8056906303332995,2.2229973196790884,COMPLETE,IZ-B
10,0.47,0.5108399822320528,0.510795133596377,0.30411299947052095,131.78222297456549,129.23674110072128,0.0014945931613926191,0.5847856132985322,0.22699784739755974,0.18287606688347452,0.01025029071511414,0.3645071374244469,0.022425529572595387,0.7018670505541794,2.7093677147990847,COMPLETE,IZ-B
11,0.48,0.9469986298022862,0.5428867036503737,0.49804448943716,158.7213803286012,129.67782124841267,0.0008084587568307279,0.5490947918410272,0.18802564122960777,0.16576972747041047,0.017343391508802666,0.2719071391401944,0.02662113942181556,0.7457562831170496,3.0790300314502486,COMPLETE,IZ-B
12,0.49,0.7415947732827393,0.6616732929894149,0.3949783918284241,154.83283652065725,103.19761573387248,0.0008242297990716063,0.4564532941817438,0.21077749715022642,0.11587767511078827,0.03078381384057755,0.39503966486750375,0.02619238286573839,0.7386772451397791,3.319636679054922,COMPLETE,IZ-B
13,0.49,1.0731168044113233,0.667309461814826,0.37529502922120644,137.38664962026732,122.61544996928149,0.0008653843102842833,0.5320885803522274,0.3488748973331027,0.17853299989391114,0.031084434715217036,0.2585589468280384,0.033826086412070334,0.8926143853694616,2.744663427713194,COMPLETE,IZ-B
14,0.44,0.6768609435356895,0.8150866996750552,0.4222870518789884,169.58544684073627,103.77404620153358,0.000701777040987362,0.4412112976881092,0.20504981841349063,0.13474182200244966,0.02038484890141064,0.3162569769893864,0.026752826305766655,0.7510456179945492,3.2905575243768754,COMPLETE,IZ-B
15,0.49,0.9652243205617085,0.5970493558651362,0.3292814897622384,150.96546171021632,124.7167714569752,0.001037534005390502,0.5650412162970768,0.15017632935367686,0.19623434896922803,0.03474231081356364,0.22003443669962322,0.020776180743395208,0.7245427343454839,3.946761534122805,COMPLETE,IZ-B
16,0.47,1.1618316833667093,1.4764570940208084,0.41613211225175195,160.16079582105857,105.69965941302593,0.000960409978254985,0.4941214461759458,0.2541247477768724,0.1658625150926855,0.015167077122277352,0.3227661897329124,0.03326189500423471,0.7647685586936749,2.795500580609219,COMPLETE,IZ-B
17,0.5,0.633512864917623,0.9276442297231683,0.3763686981350172,138.36771457142777,96.14855590475622,0.0011398562107231033,0.4455992037074484,0.3484486060190438,0.14767205563189365,0.028225380641655255,0.2205397255975307,0.027998673181135948,0.8249841533204839,3.394854670380829,COMPLETE,IZ-B
18,0.46,0.8905990046657221,0.7369887012008678,0.3392437498715138,130.63642290827062,121.0761463595881,0.0006528154251117283,0.511241305964349,0.1597068146548613,0.1000491698958015,0.035538804636687016,0.3609983602542617,0.024114520973022982,0.7647513743839616,2.5478774758482907,COMPLETE,IZ-B
19,0.46,1.0303181128300827,1.256224779903666,0.4801669055888239,154.62684676974501,91.72825940927646,0.001491016904444658,0.4748060638758838,0.28486560148538587,0.17651186945060693,0.02129030295576836,0.025884159432717796,0.028910703431783476,0.7380593331317657,3.1598541280390626,COMPLETE,IZ-B
20,0.48,1.1897887977845758,0.5969500830255627,0.4161008125260316,147.05704550644487,107.04228671535421,0.000889613387875717,0.4014177847799885,0.23820645103824134,0.13226456105924556,0.0483056532665021,0.29327367253616354,0.024099070023339313,0.7215629255246427,3.596720029045354,COMPLETE,IZ-B
21,0.46,0.638450127117504,0.9074557325458212,0.3780299452666474,138.33981950287506,96.46738049163794,0.0011347455656353,0.440169132663336,0.3487393405821862,0.1571854307880967,0.028820711984791202,0.22261992708566494,0.02956913092031021,0.8249900090286061,3.3646917800282967,COMPLETE,IZ-B
22,0.47,0.6074540733610834,0.9343418663112224,0.38184018261242125,140.77537217577884,97.25124255542522,0.0012285618447399587,0.44257059269549265,0.33281489332344594,0.14349134934065647,0.028856002650498074,0.23002563117754807,0.03392954248443539,0.8479221356091942,3.400060889594724,COMPLETE,IZ-B
