number,value,params_c1,params_c2,params_c3,params_inputWeights_max,params_inputWeights_min,params_interSpeciesRate,params_keep,params_noCrossoverOff,params_probabilityAddLink_Large,params_probabilityAddLink_small,params_probabilityAddNodeLarge,params_probabilityAddNodeSmall,params_probabilityWeightMutated,params_threshold,state,study_name
47,0.48,1.0669487063719252,0.6617588071793641,0.4218800849419393,139.01297362943976,92.83146595235756,0.0005685765623739617,0.4476636763214666,0.24132727128919101,0.11248904168191619,0.035684667067867014,0.08465631078099353,0.02101366995490743,0.7165867860120434,2.1763228487190736,COMPLETE,IZ-C
48,0.49,1.2817714124030293,0.8652298828700019,0.4080848210080773,164.03492606507652,95.87001339049374,0.0007977426082455292,0.40600306488675253,0.30732345723369175,0.08143051305445528,0.048541579929760194,0.20741220707362545,0.03945774128197306,0.7890706019475662,2.5134311772067486,COMPLETE,IZ-C
49,0.5,0.8000655821473992,0.5427850180121083,0.4345155548758325,131.57300228098416,97.87462488421929,0.0006199421731948733,0.47379660462944306,0.21137042287967434,0.17512745338132416,0.03843769319660062,0.036110628921054135,0.022553089661632407,0.7661891705438744,3.970573940712751,COMPLETE,IZ-C
0,0.5,1.289,1.113,0.364,150.0,110.0,0.001,0.412,0.244,0.151,0.042,0.182,0.022,0.797,3.039,COMPLETE,IZ-D
1,0.48,0.6672412203257572,0.8345075800339042,0.4165287040200814,169.65748991692348,124.53413369994283,0.0011506785875723558,0.5965611899169223,0.2775928662168272,0.19974650634606228,0.04786463207544576,0.30378717418404266,0.039496947794827944,0.839516752161386,3.0424728078851984,COMPLETE,IZ-D
2,0.49,1.2554445574378175,0.8083681653393651,0.3505903845474759,149.16802254321018,104.47890846041308,0.0010002655343032607,0.46892207710948053,0.21031861506103355,0.12131152799323232,0.020871214791316515,0.2892855185213466,0.03356825388264542,0.7341465406183727,2.2203750285741193,COMPLETE,IZ-D
3,0.49,0.8444813148362219,0.8807968501104073,0.3084216048022686,168.5448148601963,121.43422041325051,0.0009609116158954764,0.5735539911711155,0.2802540423318733,0.09045972234955901,0.04140627588349155,0.2804081407404895,0.023716126786914118,0.8002714301120661,2.193375363617437,COMPLETE,IZ-D
4,0.5,0.8200768117754041,0.8902235615845414,0.418637072732754,139.95491877991304,100.65516025577537,0.001268540926333717,0.4089996140185228,0.31970994771042377,0.14863740910858542,0.015089848905450624,0.3043874435570147,0.02214648285189496,0.8133891840722659,2.2194495406198462,COMPLETE,IZ-D
5,0.49,1.155618394983863,0.5266582071181998,0.4473462668500452,137.85135573339048,125.7233215062682,0.0005253668223635504,0.45580269130812123,0.1969744673427034,0.1386579253845815,0.031148392774155938,0.2982299842766665,0.02814803171504633,0.8534071158330765,3.2934382310073675,COMPLETE,IZ-D
6,0.49,0.9486532330165051,0.8085687673844859,0.33021008390777645,158.02670948292274,106.21994841943368,0.0005741067653908578,0.4183028234009788,0.2444002777111629,0.11233164174300583,0.04442622803941609,0.3688461102165817,0.03912415607608896,0.7227207586686567,2.0535826279938316,COMPLETE,IZ-D
7,0.49,0.8618896777939139,1.3955626990991745,0.37541037627093843,155.26496939721375,107.1725574820872,0.0006297814735772102,0.5899559301466182,0.19236442793251274,0.07507155895421967,0.03341341275117099,0.23365390205300524,0.03276845710955505,0.7421513083823601,3.85527945896679,COMPLETE,IZ-D
8,0.51,1.1062464777744974,0.8265921223226487,0.4192828839024142,168.46937076723725,128.4449112070066,0.0009835824256260953,0.599713978230094,0.3498109805086699,0.05256140274262596,0.04556311108304339,0.05927733518854471,0.02683951006393499,0.7729243857163529,3.7847918290559397,COMPLETE,IZ-D
9,0.52,0.5896490648020081,1.3100192485296462,0.34087022108715453,161.44713643707183,126.88575145906167,0.0005709109468464778,0.4971516401242334,0.16314056469147,0.19147134542005784,0.022382745631721893,0.31467761050809645,0.03998272791077993,0.8676004974108565,3.570847861369486,COMPLETE,IZ-D
10,0.49,0.5078451255239516,1.4877715428282854,0.30143155442551195,130.98199025553146,117.44571119565143,0.0007533213123693209,0.5275645614777512,0.15505097731373535,0.1983289556307512,0.022687915649541868,0.1425392478513769,0.03538031965656111,0.8980470236252462,3.494828614474164,COMPLETE,IZ-D
11,0.49,1.0760958490957357,1.2628009112324765,0.4949953233273963,163.09777672031535,90.29017717911363,0.0014676164252990917,0.5235370495171986,0.3492058063832284,0.06485428794332673,0.025154909609608353,0.03654742516258147,0.027706706498997098,0.756737403569701,3.9349365891910253,COMPLETE,IZ-D
12,0.48,1.4496171034823937,1.0871032383229253,0.45993267478957517,162.67144856302068,129.25334169656747,0.000802163918343906,0.5548098344875301,0.15403207772010358,0.17082143246072828,0.012175384076410643,0.021659627533678942,0.025854795802367013,0.8823113501407606,3.590347468026959,COMPLETE,IZ-D
13,0.49,0.6326450175384257,0.6098240313832317,0.3911068445555545,163.37368675204883,116.39716210747926,0.0007959477462333091,0.48616493661883853,0.30584733633269817,0.054021306255793794,0.03625458933534011,0.11918262511680065,0.031093819452599956,0.7686265368550704,2.731597925686324,COMPLETE,IZ-D
14,0.5,1.022513864259141,1.2683768258817718,0.4460760900014228,157.0029107887216,129.98243344907857,0.001299112093093743,0.5137076819572445,0.34835431954008444,0.0968975669631987,0.027233329306207414,0.37551048260510816,0.03641063651060043,0.854685264419186,3.672696030665451,COMPLETE,IZ-D
15,0.52,1.4828589610834177,0.6814368970548578,0.3445580141891743,164.8005632082738,116.81682911718227,0.0007007931124342914,0.5522587759055189,0.22925325596091217,0.1662633353322849,0.018575887635798198,0.0853798537840634,0.025719529379572302,0.7725795066718821,3.389901991674425,COMPLETE,IZ-D
16,0.47,1.4988089087202086,0.6407632380289527,0.33899809015566595,151.5335892392842,116.70735380382793,0.0007001864792831874,0.5458950969339633,0.21958188818871624,0.17524737719187625,0.016722739899704707,0.10871299852780293,0.020264706391032433,0.7102689275458891,3.3377442118035034,COMPLETE,IZ-D
17,0.49,0.679343230673364,1.0175194340199842,0.3207887177605596,160.98259659182173,121.54043264327683,0.0008697136421154641,0.4884605948586577,0.18110691856016178,0.1716681913998385,0.019048529855817422,0.22083640489607728,0.029817878848820346,0.8225898797544858,2.7032281263710995,COMPLETE,IZ-D
18,0.5,1.3402155926292438,1.2229943652020074,0.3588441453866993,147.31743393683098,112.74885423630883,0.0005018394485905253,0.44888090016043364,0.17256027959099018,0.1850215637589732,0.02780161473887673,0.16363266484598604,0.02499858224816742,0.8758797142291982,3.2785126912043157,COMPLETE,IZ-D
19,0.5,1.4040167069401637,0.6710258592010214,0.3858721881149511,166.35081335660928,121.06377519051635,0.0006750850128426004,0.5495154572025928,0.22274256592864847,0.15832026455880435,0.01047923165348877,0.07199648519883729,0.03682996315165421,0.7814471383563822,2.6586933372745514,COMPLETE,IZ-D
20,0.48,1.2173620058249757,1.3816716383293324,0.3476359462380619,154.79334754108595,97.23395955658617,0.00062703611380788,0.5040523234679771,0.26813115099909124,0.13203762622741086,0.022730322344040575,0.39837562653089187,0.029541611017545214,0.8375590154442957,3.4253506890695777,COMPLETE,IZ-D
21,0.49,1.1263086316447732,0.7298740177660943,0.40628695626210265,166.304771797763,126.4384168801359,0.0009241066539317875,0.5752315507867118,0.26106951259975847,0.18588317215175823,0.017324703019164587,0.07249837353760519,0.02665979759007227,0.7793710079817644,3.7750234896299584,COMPLETE,IZ-D
22,0.5,0.5007356960594741,0.9503738812196129,0.37638333711093025,159.48356936363814,124.4396125637993,0.0011028799586177483,0.5709233128364206,0.2979249367294958,0.16361805116625888,0.03580082974318313,0.07115260700311514,0.02411924585480014,0.7555510892056932,3.694587760645565,COMPLETE,IZ-D
23,0.5,0.9504217743889468,0.5105623370726187,0.43425669081294105,165.85845041014488,113.93532318859668,0.0010923752440466284,0.5389196593617278,0.23364474018604817,0.11285312905310774,0.02424708830410599,0.10189938296268242,0.028088452118769057,0.7986601618191815,3.1665375271588614,COMPLETE,IZ-D
24,0.48,1.3576747493665435,0.7169066074953332,0.32210406914021245,169.06781904793098,118.79500517879818,0.0008413485600936687,0.558865861236261,0.33022102053900737,0.18711092810775792,0.04974774870784301,0.24577191006185484,0.031458109517490875,0.7777104245676985,3.9527207642756985,COMPLETE,IZ-D
25,0.52,0.740938642052601,0.9914071177954895,0.4701060444643335,145.06095837279534,127.94495208719394,0.0007202071480768062,0.5847895059219439,0.17144150993973473,0.08621844909319767,0.030645556900786,0.1907270492849306,0.026234278177783198,0.7578321363495631,3.535990876220148,COMPLETE,IZ-D
26,0.48,0.7458095686107136,1.1291086018546272,0.4846690599623746,145.04331814047282,123.04254763553803,0.0007456920017578698,0.5272457410181189,0.1729764852408371,0.09225869251968989,0.030427210310135955,0.34332468106374364,0.022761123584013547,0.750412052894967,3.4457887562049603,COMPLETE,IZ-D
27,0.51,0.5740410286522425,0.9908980250881871,0.33580154127734435,143.16612503344686,127.47724933744912,0.0005891971842284457,0.5841696599488522,0.20276418067143775,0.14201884564645637,0.02724602252961683,0.19698609380369528,0.025231051112548274,0.7026871063829631,3.5455789928961265,COMPLETE,IZ-D
28,0.51,0.7764860959262224,1.175972275979887,0.4800437326308563,134.74461569011828,119.39796553182326,0.0007058294494210491,0.4921775363162012,0.18414513168672325,0.07739036413069551,0.014358959029033617,0.2611605556347876,0.020497701116173953,0.7302513829326012,2.8215054659876238,COMPLETE,IZ-D
29,0.51,0.5827902741665593,1.337010755936481,0.3723153758344283,153.00187104895426,111.86039467990466,0.000560424523393627,0.5043291248774605,0.16432669990501833,0.10411998675723314,0.039407677388847,0.16801462849396576,0.029061600768270142,0.7912604629397881,3.1170283605802016,COMPLETE,IZ-D
30,0.49,0.7135467086952194,1.0562974378433758,0.4708413818941102,145.25608802708487,115.31714215208699,0.0006438552733145326,0.5640649798042422,0.23428154217700786,0.15433447607182946,0.020119299326774906,0.1963364289088831,0.03798779503412549,0.8184034161018742,2.9481364714031555,COMPLETE,IZ-D
31,0.49,0.6079078249590968,0.9433609603095416,0.4336945393128336,165.80687667742401,126.72522520640337,0.0008857311787110017,0.5981659671556523,0.21234584352028285,0.05604916698805317,0.045077796735599814,0.1411629209833261,0.02665875134277399,0.7659815682927387,3.74443254884752,COMPLETE,IZ-D
32,0.51,0.8972702189398853,0.7662131447443058,0.4022967105380876,160.85590087852754,128.50857275696876,0.0010552667372625006,0.581826249885029,0.2882306138432362,0.08112562469861362,0.03859708858122788,0.32767717910884675,0.026880812749293076,0.7637785495516168,3.6003824074777184,COMPLETE,IZ-D
33,0.5,1.2118344843968414,0.5921796103584767,0.35809166128337494,141.09549213891128,124.99783232667605,0.0012153161914914843,0.5953462162991968,0.25649066632736417,0.06565605365595886,0.03322002528162293,0.05027414803784051,0.023716740510871623,0.7443707141691988,3.795236945487495,COMPLETE,IZ-D
34,0.48,1.3031268808774281,0.8554933625708103,0.4203390725676655,169.48245250385665,123.02968955253787,0.0009658958795741656,0.4673816875506175,0.18627428578012006,0.19914362250856252,0.04585268962953611,0.09074312984095234,0.030964465023764796,0.8065195067428598,3.39046263191346,COMPLETE,IZ-D
35,0.47,1.0401182111947496,0.9211980131120927,0.4553901954726223,148.31326740454213,108.74913641242696,0.0007693312228782922,0.564917472373951,0.16248708186759683,0.1246889779194522,0.018653684474988243,0.1331232899684775,0.03390631432252133,0.7879290563878852,3.1760262343405365,COMPLETE,IZ-D
36,0.45,0.7720810653045376,0.7768585909915374,0.3486483506670396,167.5383776746774,124.02612479164651,0.0007057887700709287,0.5819757639061223,0.20485591909924744,0.06596695487657436,0.022313191714144445,0.04736266577952314,0.024697040829287933,0.7738937457877395,2.5174019600672533,COMPLETE,IZ-D
37,0.52,0.6589597422968823,0.8467065126059917,0.3191965468101664,163.93454753554118,120.10383749506644,0.001019232334518812,0.4731947073982332,0.27520465807663363,0.10317592635584595,0.013741110225616126,0.1757110329113546,0.026071037203825514,0.835391550025804,3.6237621613677273,COMPLETE,IZ-D
38,0.51,0.6806802939951323,1.0151755454107072,0.3132139683450238,150.75408146964173,118.6464922549568,0.0010495444725227474,0.4747025859949443,0.2679456371271156,0.11271083363040872,0.013106175213618195,0.27685141714373285,0.02215641226688784,0.8584177026911249,3.271449325819253,COMPLETE,IZ-D
39,0.5,0.56905395913313,0.8634211323776728,0.32755408983988743,157.46862260459457,121.22406997477677,0.0011843279471809862,0.44002561471699175,0.28038621003010655,0.10260847645460429,0.015878263918830668,0.18002659426104065,0.02304361878382012,0.8340314252846497,2.97107837537806,COMPLETE,IZ-D
40,0.51,0.8274131881909947,1.4982499340320032,0.3080354422350302,164.19006247796207,120.12686734387555,0.0005458011928798826,0.47870538368129323,0.24395854511912995,0.08342901553757523,0.011103987936775653,0.20920382441246602,0.039536191481405206,0.8620067184514947,3.6268476745300955,COMPLETE,IZ-D
41,0.51,0.7084902233574413,0.7048739970153559,0.36615412988703466,161.03728154171006,127.56565897219431,0.001036083449293777,0.42475727077451714,0.3212085124927673,0.08687766868518818,0.014570250434615389,0.2495945676564948,0.026122880510676693,0.8247181925023213,3.8355739605490324,COMPLETE,IZ-D
42,0.52,0.9003320549108034,0.9217771637272567,0.3431703784744838,164.43306201375614,126.12815185495006,0.000976828725145215,0.4539650673385227,0.3370367343669832,0.11886863541118686,0.025012138925555396,0.15798365726942878,0.027452149847056753,0.873947271491548,3.9938079785778706,COMPLETE,IZ-D
43,0.51,0.8717923738958572,0.9234174580648976,0.340898668014993,164.21104594853628,125.14802965525965,0.0006252568926271647,0.4609725645821025,0.3083538755760911,0.1364493017345123,0.025247143615632104,0.18075932496480054,0.028839408424105314,0.8755241207840436,3.9796843884822097,COMPLETE,IZ-D
44,0.5,0.9165338145755313,1.1229239344977235,0.30006027552789755,159.48147538331557,122.86662565495219,0.0013681938631128299,0.43544496471032157,0.19477211943334474,0.11922438472508129,0.020908875022812932,0.15895673404890948,0.027406532525006518,0.8983421756442944,3.51408926725012,COMPLETE,IZ-D
45,0.52,0.6290394751141737,0.7857722880603454,0.315084879937364,155.56001725228583,126.4420038564409,0.0008299388538324861,0.49780081510443075,0.15043408073008022,0.10467423048328957,0.029374985474618732,0.20856550718210232,0.025720166340046778,0.8462299658263454,3.895045028182559,COMPLETE,IZ-D
46,0.5,0.8020186143009634,0.9789768354123072,0.33080582878361453,162.18819241117,129.4355242246876,0.0009255348773486602,0.5163662766024704,0.34028896625657556,0.14645189425887112,0.025130563421325733,0.12235684531506164,0.028650547717989618,0.8842128925294257,3.6877797905229905,COMPLETE,IZ-D
47,0.53,0.5354315390319536,1.05725476875388,0.34880473296763226,159.05656744748785,122.51676958723715,0.0011241305811388138,0.45661366585059787,0.2906035802269316,0.13165209481786744,0.032232485349972195,0.3120775389698175,0.032568295928433744,0.8676156368749319,3.47288627372294,COMPLETE,IZ-D
48,0.48,0.5536093824654786,1.0495761849120389,0.3557621348006347,159.13193931120148,117.68082325351014,0.001135968532434921,0.4821356399976434,0.29179197255256617,0.19193220387885887,0.03236683189308753,0.31560884886602425,0.03450772868401594,0.8643783919184614,3.3535315203477714,COMPLETE,IZ-D
49,0.48,0.5338966702971906,1.1716787200529597,0.3651854416098097,153.172828815175,110.73961073486262,0.0012311465044842153,0.5383313450628254,0.28296030007780903,0.1758159242624452,0.035617936029260874,0.2879582215162224,0.03213848490494122,0.8460423292283011,3.4880975155367664,COMPLETE,IZ-D
0,0.5,1.289,1.113,0.364,150.0,110.0,0.001,0.412,0.244,0.151,0.042,0.182,0.022,0.797,3.039,COMPLETE,IZ-E
1,0.49,0.833700420583568,1.3297479698580634,0.46656944377274573,135.54072665732372,107.41853198661158,0.0005073702693671309,0.42842387371013185,0.34114432470469025,0.1491061787771245,0.031034073372667524,0.1280774697618337,0.033707705443808245,0.8903969628049977,2.2759821503581534,COMPLETE,IZ-E
2,0.49,1.4192330219890232,0.8059316729386671,0.4280625489526501,159.28076090419162,90.82067131523999,0.001444009543119091,0.5933767621436347,0.3199901076328366,0.06273552500158654,0.04824200383648239,0.1392387923081664,0.026586995467616607,0.7039486957238466,3.600345615071215,COMPLETE,IZ-E
3,0.48,1.2333364742946815,1.0575796907441943,0.41283967128552645,133.36960163577285,107.62330625953828,0.0006357065917739282,0.4471947717346757,0.2380031584249021,0.10817742743270557,0.01768134710968576,0.39770273374896387,0.024737467144223972,0.7209168503871927,3.0909421723909674,COMPLETE,IZ-E
4,0.48,0.972245032950296,0.7417356285464404,0.3448221299728637,169.88077230307658,118.00086188350225,0.0012546231578662156,0.5545079150814068,0.3316515695183714,0.17427633458589403,0.025259027458144345,0.3875352256305372,0.03163483454941765,0.8059725420737476,2.43539834517024,COMPLETE,IZ-E
5,0.49,0.7805761274241203,0.69274703819559,0.3117575463134253,154.52496018250326,103.54239566501994,0.0012416899048241275,0.5263269901656356,0.2555644404037942,0.07838595438257925,0.035959942438592706,0.33643229458955376,0.021816733167919152,0.8063836431230194,2.2654893357782715,COMPLETE,IZ-E
6,0.49,0.7992064907733918,0.5805780184820355,0.4369255924453096,137.64486313284203,99.52986749691371,0.0005475605722378616,0.4937241594474075,0.22682717897414117,0.07520516419801598,0.018577787573866803,0.12840880080696082,0.02597311505261423,0.889167923051016,3.8798744374483336,COMPLETE,IZ-E
7,0.46,0.6601587768757119,1.4796071138407478,0.45177739513389964,162.37254195829615,114.6195729736793,0.0011174837557619327,0.46280320318974744,0.27356863656081104,0.12641273052482072,0.041164098264169766,0.24569553622264542,0.0244161635415816,0.8126678533739704,2.6734289488975067,COMPLETE,IZ-E
8,0.48,0.9187229059200356,1.274261848662169,0.3424658089154211,132.1658823802068,106.10714933391927,0.0009555493817697394,0.4470842906007792,0.207338685320417,0.1830845842118728,0.03833533330329179,0.22828716472871272,0.03918092592176099,0.7754746230476693,3.4887745866137845,COMPLETE,IZ-E
9,0.48,0.7113359844410736,0.8043373362974263,0.3130017663002425,149.86132389090824,110.3117139281443,0.001384966816046016,0.4999025423421539,0.18429683142826767,0.18006439166505572,0.033263676875445986,0.38534245948964196,0.02688724230931071,0.8381145982145233,2.667017772789313,COMPLETE,IZ-E
10,0.46,1.2356961801681536,1.0741515069299263,0.3669019423513269,149.39941735340068,129.54929285023127,0.0008274359860213241,0.4010149463792753,0.15568436339696,0.1466502275067532,0.04999323917599094,0.03684380993502695,0.020283859213459668,0.7450869906551618,3.070554774831252,COMPLETE,IZ-E
11,0.49,1.1516727013601054,1.2798957751958024,0.4999870237496414,142.12014025907064,121.39211933622299,0.0007729712126376246,0.4046766728809099,0.2904974135960443,0.1442493447234129,0.02684613858828507,0.1373479790558983,0.03363618136366819,0.886050552133964,2.013671896985642,COMPLETE,IZ-E
12,0.49,1.4972620325715356,1.3005776494589265,0.47475236336540627,143.6075468443228,98.62695028982432,0.0009551014047058734,0.4287633531598233,0.30185131962788775,0.14852277108669454,0.04293029931000412,0.05657290875814275,0.03639696666954176,0.8493521375109113,2.7874194273806534,COMPLETE,IZ-E
13,0.46,0.5037498238814243,1.496445184815001,0.38584807018755685,144.5345544593622,113.08580791437346,0.000719918076962821,0.46694870577953773,0.263741745540331,0.11545823068310043,0.03060124982465002,0.18980865536990948,0.030114903360161926,0.8524925331342483,3.2623898755494154,COMPLETE,IZ-E
14,0.47,1.1328016093092466,1.147230597189914,0.391801530590696,136.71982812391028,123.09379924253723,0.0010758327925621584,0.4256644572905698,0.34493008943681486,0.1998697572844097,0.01014632347250494,0.28728257102751914,0.03507212758656678,0.769487674479944,2.1284956920641402,COMPLETE,IZ-E
15,0.49,1.0556175795903027,0.9355181031248898,0.46648975031329404,130.1728533994718,99.34503925352053,0.0005423520071131958,0.42060839237034287,0.2155061813313887,0.16472796897539982,0.04406208944225899,0.0902179001195572,0.02868329458215626,0.7723749377092968,2.4093359873695532,COMPLETE,IZ-E
16,0.48,1.3413401757044827,1.192244412470595,0.36169914380563767,154.61978484144603,92.01937873460687,0.0008463062465639932,0.4760365877580169,0.2933584723865509,0.13212436986265202,0.02223214095478641,0.18515876996568884,0.03964570890465036,0.82822663635979,2.827041323552695,COMPLETE,IZ-E
17,0.48,0.8962338163706238,1.3793253387681879,0.4105221430931012,139.41870732623792,103.6005636614503,0.0012160817640991144,0.5235812557162218,0.19969969969458407,0.10716332240497983,0.0342809465838243,0.09806813787254148,0.03243030883858957,0.8627651224941482,3.259465708468389,COMPLETE,IZ-E
18,0.49,0.5344676713057782,0.9473493058031115,0.49180200780263994,146.74852965601244,111.84385328457863,0.0006753485949136952,0.443448790709925,0.24782593001251774,0.16066050753675779,0.030525662545298253,0.26715703238503313,0.03625341658437988,0.7876356458267549,2.4379047032925834,COMPLETE,IZ-E
19,0.51,1.0522292784943041,1.3992941175006173,0.3785674476536675,166.89267474903806,116.69754159597312,0.0009131945496671855,0.4146499953982736,0.3167331523071774,0.09787261072939911,0.03859586558335465,0.16615549634736773,0.029511943425589212,0.7408668961582829,3.428265358144221,COMPLETE,IZ-E
20,0.49,1.3069078369654878,1.1637714707935256,0.33361395224945334,169.95808857466133,127.46456822503455,0.0010306342402139036,0.4836505338528066,0.31156668465892984,0.09611655897141132,0.04591195783539271,0.18124506322846834,0.023000820048749582,0.7474636087569069,3.9287330639665035,COMPLETE,IZ-E
