number,value,params_c1,params_c2,params_c3,params_inputWeights_max,params_inputWeights_min,params_interSpeciesRate,params_keep,params_noCrossoverOff,params_probabilityAddLink_Large,params_probabilityAddLink_small,params_probabilityAddNodeLarge,params_probabilityAddNodeSmall,params_probabilityWeightMutated,params_threshold,state,study_name
19,0.48,1.1729025750081212,0.6832965409918108,0.3391078504076519,161.60789988659786,122.90169516403967,0.0008474835336683107,0.4755718414316277,0.16817818666617343,0.09420274160387825,0.03108212983499189,0.19401204738011704,0.03731526271720136,0.8105753400734,3.9597189346532096,COMPLETE,IZ-H
20,0.5,0.7610131893898469,0.9309655043561634,0.4687386162940815,141.86244938066605,104.3374740434889,0.0006138841848047109,0.43791839983191627,0.1981392594211548,0.12123081512444732,0.018529033627086893,0.13997782873904283,0.03391491891735294,0.8474938177304084,2.9646434977476974,COMPLETE,IZ-H
21,0.48,0.5081609905222979,1.2699564242827686,0.40740256223005555,166.75037412384043,90.237101348569,0.0011360310325187364,0.5012870829368022,0.28652570192148646,0.07130743528256572,0.03570199679626716,0.2345273429935551,0.030364811861621058,0.7275517417630915,3.3639272952758263,COMPLETE,IZ-H
22,0.52,0.6322553189911363,1.2256567951244648,0.34106767624484086,162.31954609425142,95.06487959086535,0.0011355906333881051,0.4879369722096546,0.26613838511157717,0.0717285073829345,0.037571591753087295,0.2079507294919059,0.03536836620818639,0.7129234015403244,3.228441454845451,COMPLETE,IZ-H
23,0.47,0.8669093217610204,1.199266443739825,0.342290210945783,161.78833809968054,95.71699967376355,0.0008899492771198174,0.46793650439484086,0.2643862903195298,0.09231810897377547,0.02839631382668624,0.2680873100101105,0.037345812522389624,0.7590861423305273,3.128794998549971,COMPLETE,IZ-H
24,0.48,1.0379266867828547,1.0655627994030576,0.32450782598952976,155.16624554694968,97.04731795691325,0.0007283036966979345,0.5222600704962357,0.2283255035212645,0.06394621470883158,0.03673716012033016,0.2097505922611895,0.036203673458552646,0.719040829089895,3.568731679103313,COMPLETE,IZ-H
25,0.46,0.6761036540379997,1.128363559374462,0.3508716323060403,162.1017305180044,101.38176753540428,0.0006001091156575325,0.48343979584931274,0.2637342818601646,0.0501556536859782,0.02477425601082141,0.15736629022557294,0.03897666382358136,0.7776258043091383,3.518142879581826,COMPLETE,IZ-H
26,0.46,1.1365637650665583,1.0265137331263925,0.42042576934889886,169.90105941518306,105.46688579699669,0.0009277257399647206,0.4531272448860804,0.16424944191839552,0.08477939295278288,0.04766553764865593,0.06323785229564514,0.03408324402830418,0.7490733167947001,3.21767868394114,COMPLETE,IZ-H
27,0.47,0.9418369024196094,0.8905518850230293,0.35369209414866537,130.0793976280755,96.26743040143955,0.0010760022385081398,0.42082377072289523,0.18739962782243616,0.11014256089175059,0.030225163332410356,0.3556717914879214,0.031149360575593147,0.7007670583171194,3.844886876447797,COMPLETE,IZ-H
28,0.52,1.21565318890799,0.7440118892661141,0.3218249348061033,154.1773852358593,113.43933103692514,0.0011941446458329794,0.4440935272119126,0.2930880853262564,0.13234717429343257,0.03795258567117418,0.2642518728490524,0.03634894779032305,0.7267882950373173,2.006118900560428,COMPLETE,IZ-H
29,0.48,0.8043282769552342,1.1250732385675386,0.447413969149472,150.74609642838897,126.23587367951254,0.001365239776052287,0.4026002951743086,0.24327855528565,0.09290661837892751,0.01671391932133071,0.17884442316584087,0.023415930094524643,0.7927331866791987,2.971025192823312,COMPLETE,IZ-H
30,0.48,1.0537093486242712,0.5860166325006644,0.3097106076265453,166.87671220077067,112.31913885575443,0.0005500999318415937,0.4888234857615601,0.21194892450230773,0.15782327754874997,0.010276701141081559,0.2028248501890321,0.03396898635008623,0.7685113373392176,2.6125310119725205,COMPLETE,IZ-H
31,0.48,1.2471371954805808,0.7559831026271241,0.32422240160689714,154.29149439469575,118.5920662923168,0.0012022861597623471,0.43836928289287763,0.2904435289416823,0.1332036309675732,0.03770592224161273,0.2611153894411956,0.036715013960991444,0.7283399897877099,2.2371562508503984,COMPLETE,IZ-H
32,0.48,1.4036013186691076,0.7642617830156576,0.3238471825150595,148.33212260534563,115.65914635055796,0.0012037197457569553,0.41974529303971053,0.30310619990961774,0.14410288740968558,0.0381316893346294,0.29265972506505866,0.03866080830948426,0.745265507337222,2.0399471984198976,COMPLETE,IZ-H
33,0.48,1.2028378943165456,0.7807687100824368,0.35191450906128935,152.51869121841688,122.7516138044031,0.0010609858920354628,0.46206740247516176,0.27636207968078824,0.1214963527555437,0.04135759796117287,0.22925041173704125,0.035842343011702735,0.7164782215956746,2.0099052713587313,COMPLETE,IZ-H
34,0.48,0.9778707504596365,1.3022126933724874,0.33090645386881745,156.91838417654196,107.73348687689669,0.0013457494844264025,0.44538946977541005,0.25171110851269995,0.07489321794806943,0.03248130480179751,0.32699252688250807,0.034529804185527105,0.7197467146483143,2.2688411622597515,COMPLETE,IZ-H
35,0.5,1.0983205202382371,1.2137273723976691,0.3858779193455496,163.62014252822328,112.41226668080628,0.000945344413236518,0.4271117724457415,0.297338114460965,0.10531358381104314,0.045793201800933964,0.12426575465693576,0.03816411307573819,0.7469857789647437,2.4009537459824184,COMPLETE,IZ-H
36,0.47,0.6587014665931842,1.3304202212054093,0.30085564661281466,160.688783247758,93.975162108323,0.0011535865072796988,0.5943662433048204,0.3312846381242481,0.1842789047814785,0.03504641189760814,0.1676852489938172,0.03317373190105925,0.7631767616035231,3.5072507845273746,COMPLETE,IZ-H
37,0.49,1.369991650655294,0.6330349913036606,0.358539528235968,163.92634302474792,125.9014073860192,0.000820327547699802,0.5114982911152363,0.2507326616796638,0.0673331334925605,0.039337235493841764,0.2858667907621306,0.028473821203003808,0.73510528136088,2.1709187328088455,COMPLETE,IZ-H
38,0.51,1.217947994053672,0.972296349639382,0.3758843154387339,167.255856672009,106.84144016248587,0.0010365978690731253,0.4929802928794956,0.2738865912005182,0.14294108262063931,0.04386041821542114,0.2491402775957578,0.03505799049600757,0.7527969758368477,2.452675534130431,COMPLETE,IZ-H
39,0.47,1.3203406777337214,1.3634447763584125,0.3163870925597675,158.26895528674876,102.1707016301109,0.001219551358368238,0.46509502604631925,0.23380056419518735,0.11608053985342534,0.02798800921703408,0.21420478466254095,0.03633724322700514,0.7250008683905248,3.243158660832594,COMPLETE,IZ-H
40,0.47,0.9237413548000806,0.7309298502643446,0.3951482590609551,149.52799704254755,120.25026294174332,0.0011297475248885549,0.44376053767620866,0.30663152160622276,0.07930506831769306,0.03167655512194638,0.1950467401411112,0.0315313174684771,0.7099170245280415,3.0667314829160706,COMPLETE,IZ-H
41,0.47,0.6078798193947501,1.4723160601225922,0.42513662511457706,165.3053617571672,93.32193851801343,0.0012489126030528323,0.5118936868518225,0.32051117451048167,0.06309989933313742,0.03475756549669679,0.25054711774525573,0.03783113200040842,0.708982455309655,3.2900637257310055,COMPLETE,IZ-H
42,0.5,0.5835109771246916,1.2750946699088561,0.4082025408421596,163.57880119730692,97.83083133015916,0.0009895692016889442,0.481154707693596,0.3357157852730599,0.09601480233925258,0.041001023260401524,0.2390548511604313,0.039045581651399375,0.7376822071723954,3.451388725551547,COMPLETE,IZ-H
43,0.46,0.5469863333895884,1.3727735243851513,0.3744786468306253,156.13765816965144,91.30292323839113,0.0013278436341706806,0.5324295957270726,0.30665340229514854,0.0850478396016228,0.033564665015943185,0.31931684441456365,0.02965876242355918,0.7864413933953568,2.9029640834112214,COMPLETE,IZ-H
44,0.47,1.1670424936643227,1.2243060951310103,0.34587929814479434,167.301829174065,94.40257698549917,0.0011052402494975194,0.41315207981646485,0.1581222619938399,0.12583298435065265,0.03912775137827638,0.27606918795388913,0.03318800828233724,0.7074013220011712,3.7452557916524043,COMPLETE,IZ-H
45,0.46,0.707072403393884,1.1678441753733702,0.3629196112877499,160.38132421582864,98.14571952657546,0.001161058808975965,0.5494461868302178,0.27483117044363675,0.1126837515703514,0.03650112177532491,0.21608530500107026,0.034833894160601876,0.7663488517095073,2.1610256741067206,COMPLETE,IZ-H
46,0.47,0.8551354468626045,1.076936105344675,0.4696226316916742,165.3375458345713,111.59032581273553,0.0014240051852273312,0.49666578538605083,0.34924127705023905,0.056999871450949445,0.042119467837355935,0.10860045865075067,0.03648168144068881,0.7189506041885791,3.105693364740385,COMPLETE,IZ-H
47,0.47,1.465512998366717,0.8983065566260575,0.45229945157793666,162.7370871720544,94.9206538395796,0.0006673358270115375,0.4326006861776749,0.3123505299489534,0.08018346886790194,0.02941240987276375,0.30705488406829373,0.03953399787701117,0.8037180341367893,3.588682556735207,COMPLETE,IZ-H
48,0.49,0.9988884665157426,1.0219400198372863,0.43459774872025525,168.31969598042605,92.33084467986569,0.001275476014380695,0.47293601486219655,0.1836935692360179,0.08754607466868249,0.02483744638157177,0.1885192213319499,0.024744991523433395,0.7342176862371752,2.645944215567753,COMPLETE,IZ-H
49,0.48,0.6037352786006694,1.3948279749334056,0.3963570415341737,158.52619091979705,102.77287430225009,0.0007749544158651814,0.46342914241846034,0.2961355858782399,0.10379177415733326,0.026537037248387275,0.14058390738989163,0.0369866931241171,0.7554447681006026,2.3639058291687105,COMPLETE,IZ-H
