number,value,params_c1,params_c2,params_c3,params_inputWeights_max,params_inputWeights_min,params_interSpeciesRate,params_keep,params_noCrossoverOff,params_probabilityAddLink_Large,params_probabilityAddLink_small,params_probabilityAddNodeLarge,params_probabilityAddNodeSmall,params_probabilityWeightMutated,params_threshold,state,study_name
21,0.49,1.0050616486533972,1.3991141253585566,0.3727875206203323,165.041691159118,118.87760308126764,0.0008915828725293936,0.41826406639090413,0.34647317360775787,0.13199016196136396,0.03852663566321937,0.15618229448246843,0.02914945941325677,0.7473428709144335,3.5679288579865087,COMPLETE,IZ-E
22,0.49,1.0898490919124217,1.3601203055771711,0.3993025746391728,153.96749448600275,107.84970897491296,0.0011411851214265022,0.43640554157347267,0.2731084304918525,0.08974874985719743,0.03964621165204183,0.09532721934920887,0.031005448016972005,0.8723188638273763,3.3003006581882754,COMPLETE,IZ-E
23,0.48,1.2162119892083436,1.219025293200231,0.35494040492587076,158.57381517731392,116.22860898283638,0.000920548086123734,0.4054093646454945,0.32231918951804606,0.05097181330410075,0.03614710726999112,0.21263195865117718,0.03322906674373126,0.7253186953467283,2.900844098528665,COMPLETE,IZ-E
24,0.48,0.8234975721418255,1.4075185265076653,0.3798554230835017,165.20920329827007,123.80923633541829,0.0006120715953365778,0.4585454283159098,0.28521170689968767,0.15615271405643696,0.026999966770083532,0.17029666124634535,0.035039909737902636,0.8235189809233312,3.7653628675984865,COMPLETE,IZ-E
25,0.49,0.8966228392314646,1.084079247788862,0.4106548055260258,157.9584825705627,110.03964682713968,0.0007574117396343757,0.41520751715477544,0.3405129234438491,0.12036551527132709,0.04576321409246396,0.11508918360878669,0.027993760129089683,0.8993302965824221,3.383675743801932,COMPLETE,IZ-E
26,0.48,0.6328809629471195,0.9824624937172091,0.4305927938178647,147.6971522365043,104.74314064003948,0.001015816506499019,0.4345629831234926,0.3129288252965238,0.1352912584284412,0.032789883333274324,0.06671552113563356,0.03809654894480834,0.7872681430392046,3.0045333540847605,COMPLETE,IZ-E
27,0.5,0.979285808857951,1.315066061633721,0.3313258028084013,151.69073372039833,114.56621566475062,0.0005048812877727998,0.5228493092065032,0.3290655850725954,0.09773577133717837,0.04153222127542583,0.2966890794036159,0.02052226492623213,0.7554847531413345,3.198111953486894,COMPLETE,IZ-E
28,0.51,1.0121513706430056,1.233891881824428,0.3006459515138654,152.7183373410187,119.6830054789532,0.001375773381394175,0.5189828211894105,0.23562655294087334,0.09707301169854603,0.0418815560753332,0.3061006166416326,0.02016866105967246,0.7549039078605576,3.175942464334716,COMPLETE,IZ-E
29,0.48,1.3173319726511867,1.211568750374783,0.3211243173893721,166.75335020317456,118.90808731600438,0.0013598487605829838,0.5421383013653809,0.23127217213979934,0.08077274713930357,0.04568631221517502,0.32844975007553173,0.022839792751726082,0.7291503478492705,3.4324388767592966,COMPLETE,IZ-E
30,0.51,1.0545280817814344,1.1330149870139048,0.30322488841577067,161.18445099971166,125.13961373287009,0.0014668015300488204,0.5623812251294387,0.24568911563490878,0.10796876044743131,0.03691795787276997,0.2470933667326218,0.022394454657925895,0.7002724287946093,3.663459932770052,COMPLETE,IZ-E
31,0.5,1.0588241461066683,1.121244439382266,0.3220717365476679,162.40574350097626,121.71070896498364,0.0014911606490402441,0.5679584438608336,0.24348056057835496,0.1093294647080707,0.037675453789470514,0.24368831131849106,0.021649692468143727,0.7020712936764668,3.6832595259145693,COMPLETE,IZ-E
32,0.47,1.166389048286072,0.8797009468000949,0.30221226852940924,161.31504365582921,125.95641512899567,0.0013460828604060918,0.5966732210062735,0.22080747755875188,0.09094462250486733,0.04169474691574341,0.32420687788234015,0.024115115353200482,0.7157200494206027,3.670833870367728,COMPLETE,IZ-E
33,0.49,1.009336977168492,1.0275685582929668,0.3040958277339791,157.28646161155365,126.0062904011216,0.0014990333650520828,0.580957148358062,0.2601281411777818,0.11430990338997009,0.048367593646765863,0.21076348059346273,0.021700052438538467,0.7354608541106173,3.128359388386081,COMPLETE,IZ-E
34,0.49,1.4044227894657917,1.2206259949255143,0.3503603488301352,151.73954874697293,116.39929527316939,0.0013008314174027267,0.5106481372075422,0.1893799358076489,0.09825945124044064,0.03987214007940187,0.2691107498832689,0.020037162509673204,0.7088460882775232,3.531216929989854,COMPLETE,IZ-E
35,0.49,1.2220414564081623,1.4514100709846516,0.33147386705250037,166.56833031330066,120.64058611515506,0.001409933899431335,0.5494462246093768,0.23437293622442185,0.06808548339831944,0.03527228834132244,0.3071090983793504,0.025525831908027232,0.7632448816117916,3.3879434367674146,COMPLETE,IZ-E
36,0.49,0.9292819828327722,1.1080225736107585,0.3181474841571072,160.27545765692977,124.17451121850196,0.001183048627155313,0.5376293347359428,0.2745944857270106,0.08640283821031071,0.043195698258367374,0.3614107045037518,0.02301890190044208,0.7373515147698629,3.796342358876365,COMPLETE,IZ-E
37,0.48,1.0516379048806601,1.2567972155234177,0.34104517360450237,156.26214079016515,129.91507167736293,0.0014448717741184524,0.5591577256805308,0.24768358233929613,0.103838987908034,0.036651738931369006,0.1594403056691406,0.02713058536010554,0.7877569251159577,3.1563027168941473,COMPLETE,IZ-E
38,0.48,1.1077669213313195,0.5297629456175061,0.3598634846253726,163.407463170698,117.68773327807808,0.0012948886728946414,0.5750962296987433,0.257093428322578,0.1216861287894005,0.04723936612851546,0.23296327840965042,0.02502110663822562,0.7100886052251967,2.9324774974659302,COMPLETE,IZ-E
39,0.5,0.8764976118072231,1.036546525783785,0.3005564321953923,168.32817526091893,112.77775878120818,0.0010626187297988858,0.5094600758438701,0.21300010918186202,0.07025989006969524,0.03990536744650007,0.26508962878056,0.02116186335511206,0.7242098212184734,3.9915162573315466,COMPLETE,IZ-E
40,0.47,1.3871479586486324,1.3458850765690724,0.3739802423095565,155.2012728039668,120.04759562328871,0.000973782024942149,0.5870678522491464,0.22534791450461783,0.13735006208085868,0.032447577554982086,0.3520635265184676,0.02329544751696813,0.798350195400346,3.6598200939669634,COMPLETE,IZ-E
41,0.5,0.9622262406285252,1.3181196846424954,0.32806302812347377,153.31626165393263,116.7562137249113,0.001132154270630944,0.5274821768009008,0.2399271355993159,0.09520860420850666,0.04108228732507073,0.30883237253032103,0.020837213777906552,0.7601195057418899,3.209964132590759,COMPLETE,IZ-E
42,0.51,0.9722144509195231,1.2564906960680604,0.30987394091936304,152.15748248687657,113.15435827254298,0.0006239880279264708,0.5111298934157508,0.3283765581905532,0.10250602742597639,0.04400293296066339,0.29434217137549706,0.022475943147365524,0.7597502497355155,3.042086227662586,COMPLETE,IZ-E
43,0.48,1.1786658388674724,1.4394357179527986,0.31389007889557524,147.46576081884842,108.15832486964548,0.0005908645258248463,0.48949523747543844,0.3335811019283028,0.10296166419555858,0.044144455722484786,0.25469478108297267,0.024156761337041463,0.7805827846747811,2.6842731514356464,COMPLETE,IZ-E
44,0.51,0.7794069565221975,1.2497914611898366,0.30725343617572026,152.3932078632748,111.36677420470988,0.0014442521802026946,0.5008235565468235,0.26536179203690513,0.08113557842858798,0.0496839856357703,0.2800721248003541,0.022124984148632856,0.8007358619387049,3.0728208117677855,COMPLETE,IZ-E
45,0.48,0.7471016299965199,1.2554778095246482,0.3103359565536599,151.5321319028023,114.62344844849788,0.0014055798536470067,0.5101623418574132,0.29835689576521907,0.08186411046213694,0.04979137450523628,0.2765305178554905,0.021776323432777956,0.8064395440672649,3.043593603282337,COMPLETE,IZ-E
46,0.48,0.9459056394325993,1.151555300774192,0.3088243947322271,160.21169153413024,111.76895012089891,0.0014629329053621276,0.498858547051045,0.27868292760537333,0.058636811370716115,0.047295942688644954,0.28893004441637254,0.026129954073862014,0.737796458220153,3.3363882954003516,COMPLETE,IZ-E
47,0.49,1.0199626875774515,1.2565070866170978,0.32357740698725246,149.06647863678526,114.11417802345007,0.0013024795147576077,0.5338802152827286,0.31277333144207276,0.07648097122087513,0.044601438094886973,0.3474434375130676,0.022328213785719156,0.7571215231458615,2.9515384763312813,COMPLETE,IZ-E
48,0.49,0.8349167816303582,1.1834438927088675,0.339258091130023,146.03197708268115,122.04419504037267,0.0013370753592097185,0.5162586399083245,0.3028026993832742,0.11294644455801889,0.042610970714405436,0.22630318734831717,0.02374338769339987,0.8194539943482175,2.830744506944801,COMPLETE,IZ-E
49,0.46,0.6743977542733728,1.2850125232323675,0.44262190145539365,152.47432778154726,127.45786592514376,0.001434851254997841,0.47492129150024054,0.1657797538820624,0.08521752698318832,0.03766009802729894,0.36608618459300674,0.021214234667872763,0.7659913895467327,3.4988129064020006,COMPLETE,IZ-E
0,0.47,1.289,1.113,0.364,150.0,110.0,0.001,0.412,0.244,0.151,0.042,0.182,0.022,0.797,3.039,COMPLETE,IZ-F
1,0.49,0.5889943755419684,0.8439440876985173,0.40708314733438655,154.83667816505573,106.49925932225767,0.0013752872005883244,0.5844152927465687,0.2903126577423618,0.14042436309806455,0.010894725481167388,0.19480173770083106,0.03494307509349426,0.8679910904448244,2.775689224562103,COMPLETE,IZ-F
2,0.46,1.4286306806878253,0.5358127083622399,0.3049254647152068,142.4143723762951,91.24130658198013,0.0010582253808853728,0.5110835272969834,0.31078281162740373,0.13049241878831117,0.01795036916753641,0.05822763630944365,0.03827261079300015,0.7290286865349901,3.556838146639917,COMPLETE,IZ-F
3,0.48,0.6209021407192982,1.4797937448114302,0.45429245523753187,167.8786280737918,119.29858717679755,0.001130776732184677,0.4863021426460201,0.1806168647765488,0.11738956537132557,0.040543487268274496,0.3914325449277906,0.030639870414830857,0.8932018759606928,2.476435440155149,COMPLETE,IZ-F
4,0.48,0.5792124997486519,1.1566371063732106,0.3084116300490311,141.34705343780226,120.79941542729652,0.0012903200814239617,0.4411051038928608,0.21074420048660947,0.105785242914494,0.0305292563181443,0.16203468170230984,0.03307140634608571,0.754278659962472,2.5298092205713676,COMPLETE,IZ-F
5,0.49,1.199510225375995,1.030183324313287,0.3077898200792117,159.45747296640715,125.16511906000656,0.0010880730367482396,0.5717493583495317,0.33948193328811865,0.12653763356931874,0.01418506865563598,0.25728126256955697,0.038632733856395374,0.8715046352569056,2.0668205663232633,COMPLETE,IZ-F
6,0.48,0.9676116563975132,0.9394022906568952,0.47722816132691065,151.9314315169255,116.21075806374043,0.0006598727827005694,0.5908771317359057,0.1947009963049224,0.1960560922825621,0.03747947898061328,0.2921146427824017,0.024119377844507347,0.8929303904479422,3.057859640192273,COMPLETE,IZ-F
7,0.47,1.0810698222332076,1.1241228601843858,0.467997590038704,161.67570380833257,90.41229554698737,0.0008992345181804799,0.45914874751956325,0.3317259231995117,0.052740571048126954,0.04603729263752929,0.3725999278348877,0.030546235155203258,0.7354575057760019,2.4473604715345196,COMPLETE,IZ-F
8,0.48,0.9319720875949167,0.6052108664215299,0.35294183034305,132.61564381508677,115.49254460700395,0.0008309648259918524,0.5118437463107414,0.28652339726386244,0.05794804953695956,0.012224557876623542,0.08082477920808404,0.029870580070564423,0.8170259116943354,3.9306305931164855,COMPLETE,IZ-F
9,0.48,0.736779718436704,1.191032245112022,0.3339400113742113,150.4944519240595,105.95952692816427,0.0005466759820591735,0.47335837933682856,0.30884678866805704,0.1705514150977343,0.03212782306136003,0.3720255275139703,0.024949343331030348,0.7083683888332594,3.996536220389188,COMPLETE,IZ-F
10,0.47,0.7891108698243952,0.790946233026518,0.4200650958589718,168.67767851886356,100.02109771467128,0.0014913956186413395,0.5489358925502845,0.25869428878798945,0.08457734677541673,0.021941279710970818,0.1200586046743019,0.03493057989000953,0.8480125175120752,3.465505247031319,COMPLETE,IZ-F
11,0.48,1.1411443154969962,0.8931611164321309,0.3974021507552583,159.14219291503954,129.84965843282257,0.0013278954632142434,0.5959601813636088,0.349693604705999,0.14646006274352028,0.010010498383691332,0.2517294202154831,0.03990442840019442,0.8529243851746889,2.0954319858451593,COMPLETE,IZ-F
12,0.46,1.1907283165092437,0.7072789746028583,0.403943703891188,158.90367103217073,127.40138190484734,0.0012797537208790466,0.5571243839929526,0.2802234659630689,0.09328913704219355,0.02289323401203386,0.2531088556136502,0.03559027118351803,0.8544811295096103,2.064339481682302,COMPLETE,IZ-F
13,0.47,1.4737658821591584,1.3451603402493948,0.4352360260664281,155.30769475871634,103.11768342379418,0.0014958360181089605,0.5579403438777485,0.3161401291639458,0.16611696027986864,0.016362245738788875,0.30257388721477374,0.03721621907364827,0.8139045507584594,2.7419873150432545,COMPLETE,IZ-F
14,0.49,0.8583402390982711,0.8222131015173153,0.3829939455915633,164.10786798406937,97.89821717841096,0.0011558531503165466,0.5375312660555401,0.3426776808814006,0.13585350453419798,0.02471470965608738,0.21978078310065882,0.033144724417462905,0.8724218507189232,2.7524678498795327,COMPLETE,IZ-F
15,0.48,1.3061969718191937,1.0208183755954,0.3394868205624101,141.6134191763428,108.63392010263682,0.0013489306802794056,0.5779546967635539,0.28263879365551187,0.11830242592571721,0.015095088593253037,0.123221219289574,0.03958859070033672,0.7831123244009502,2.2281597496461942,COMPLETE,IZ-F
16,0.49,0.529854585732859,0.6850048832138402,0.37706717580238636,155.65433864431287,123.92294689946424,0.0008262132514993406,0.5332194713270764,0.23794172460250657,0.18115016197928446,0.019280892141243067,0.02041028636670983,0.036178451139071394,0.8311362581971068,3.2498127864245587,COMPLETE,IZ-F
17,0.47,0.7112701516104426,1.0253937768073877,0.491540041031726,146.09615533163108,112.56285065270106,0.0011959421120307182,0.5730359185122456,0.2931603967945495,0.07855640926981133,0.025685835442391634,0.31005368141459655,0.027982119147176562,0.8769836971166365,2.795974913662603,COMPLETE,IZ-F
18,0.48,1.0099730117419499,1.296225982171779,0.43412851823587784,131.58477971539088,96.05967213913279,0.0009826459313706576,0.5990954060463465,0.1551993769273228,0.15168350120117402,0.012771850452425876,0.20944292079872728,0.0334070560647232,0.8730238201196527,2.397102294085788,COMPLETE,IZ-F
19,0.47,1.2736104703949869,0.9046018667614566,0.32445624210736435,164.44318262666627,105.22889493980728,0.0014138719550859085,0.5323847587314833,0.26241973600238117,0.10061694634369743,0.04990673322701572,0.1640017621773014,0.03841785076305453,0.8354649515778086,2.260449051799159,COMPLETE,IZ-F
20,0.48,1.05410340158639,0.7639812825767891,0.4126615853339961,154.76056057258083,124.53288746028993,0.0012065401730730287,0.5724739546344582,0.3220679353500455,0.13744269914382873,0.028301666798352908,0.3368172799767425,0.034143168766071166,0.780910502587983,3.2866879200198937,COMPLETE,IZ-F
21,0.5,0.8633186336393098,0.8378891041391091,0.38479624485052816,164.25520203075286,98.28127337391794,0.0011278929239803422,0.5306927823436179,0.33606129873910484,0.12849457584887441,0.021461944010754283,0.23507121807181303,0.032232754552134806,0.8721717467793373,2.7629543310958717,COMPLETE,IZ-F
22,0.47,0.8528565657375382,0.9753983070485852,0.3766671413909973,159.14441397208216,95.1340442109282,0.0010901176435669253,0.510333965753227,0.33549394485370304,0.11789687072909191,0.019846861861953582,0.2512375102045037,0.03191735201457137,0.8987939070504584,2.649971142189461,COMPLETE,IZ-F
23,0.48,0.6450511126497449,0.8403042347019258,0.3558298358642943,165.1535220425563,102.4128136965668,0.000931207354041655,0.5765159923981406,0.2991342601102906,0.16323846379572263,0.010067617961517665,0.2132869425447901,0.02766302371659424,0.8581855480904825,2.9756467042786334,COMPLETE,IZ-F
24,0.46,0.5054573015833645,0.6930390800346302,0.38999067940609783,161.58142825644097,109.77185159937909,0.0012149653118700193,0.5454099724770143,0.3271528899540813,0.12736536295053968,0.015546750709649646,0.26484958054573365,0.03688243418028763,0.8776603530131394,2.892682879455705,COMPLETE,IZ-F
25,0.48,1.1986997934288512,1.0764371615891497,0.4326030030284855,146.6414314889293,99.70071774616108,0.0014064991919420973,0.5263633278823969,0.27058815435306793,0.10628419020264443,0.013910960257831654,0.18971818703285698,0.0319507528909304,0.8329976186693752,3.2345833855492767,COMPLETE,IZ-F
26,0.47,0.8770081109844001,0.8697650126925532,0.3206252357546665,169.72974724220802,113.38143241828402,0.001056927510835272,0.5633020778015819,0.3498850387592159,0.14523322553099768,0.019993744011069348,0.13524305063418862,0.03529126761161433,0.8658915513522137,2.5874164059333364,COMPLETE,IZ-F
27,0.47,1.3755370532967357,0.6276096408457078,0.4517886833626891,156.50776203775902,106.35969145377712,0.001255540436965614,0.5857522124661068,0.3026235375888381,0.15689214447516023,0.03380925321529344,0.22948238148755293,0.028918805051814205,0.886623867546578,2.275337459480882,COMPLETE,IZ-F
28,0.47,0.732847441048131,0.9723264612856575,0.415770807667761,162.6447539809827,102.62964232900899,0.0007471167064830264,0.49522402064845517,0.22277333236995245,0.13957901794270167,0.01732422455903503,0.2797607159331641,0.037902295283656975,0.8405243987652751,2.0246125372543577,COMPLETE,IZ-F
29,0.48,1.1377127086122822,1.2435674084489716,0.3611961219844231,152.61913465713113,94.61071322605692,0.001003726486049514,0.43402240019532035,0.24492217139101605,0.12351401458927673,0.012681605154409565,0.33429072776289476,0.034444622346607806,0.8154478649099813,3.1001676293113443,COMPLETE,IZ-F
30,0.48,0.6689340685741323,1.0634055830199913,0.3676346541878003,147.7399590523626,112.50746193210924,0.0011241584583533673,0.5613762811932796,0.32222014465357524,0.17680765700803378,0.02645130582836641,0.19549468035115444,0.021742487943620752,0.862876373679126,3.7204297228528227,COMPLETE,IZ-F
31,0.44,0.8502375924487784,0.7976485323527972,0.3965704010766526,165.640584779892,96.56462777762307,0.0011773476199578472,0.5229912808878466,0.33961460175398417,0.13512724786739339,0.02420102203284674,0.2261341299056348,0.03199195922786806,0.8816983763362691,2.78285610600107,COMPLETE,IZ-F
32,0.47,0.7958694067506847,0.8278581304569561,0.3797759140361577,166.41391752606478,98.36966782196437,0.0010189500673464986,0.5422703206508714,0.33840321158598374,0.12844449717478745,0.022142650414784804,0.1648536551219111,0.032805582543236574,0.8616884709928343,2.902668741558642,COMPLETE,IZ-F
33,0.47,0.9248369040641887,0.7469117512503329,0.3446526571228924,162.71935176667773,100.70933687295319,0.0011534360722278147,0.518017799595593,0.31588329545752575,0.11007281617985631,0.02790860805910921,0.23291085189592475,0.035935574008785,0.8690385869837134,2.686669906843334,COMPLETE,IZ-F
34,0.47,0.7819393296254703,0.5406486754599292,0.3013977976307204,157.84751862356893,92.70924652550269,0.0010748311962922334,0.5395815334716123,0.3497423005056922,0.1409820008154268,0.017014755672759847,0.19899758407053716,0.033712228379409855,0.8980978275681483,2.3954450640320832,COMPLETE,IZ-F
35,0.49,0.6050150745878224,0.936535274514391,0.4498538151651025,160.48355194173072,108.24905195904435,0.0013918199029164268,0.40343822706940463,0.304053674793994,0.15636838152226532,0.035657078752547706,0.2788284383611718,0.03832976029986528,0.8851139610697119,3.1392788961054316,COMPLETE,IZ-F
36,0.48,1.049331420843184,0.8620032826166253,0.3866174380310065,163.80986451588979,92.4260452329972,0.0009439377996073102,0.4977285579184554,0.33141078642224114,0.13255753005093113,0.019416279811128576,0.14565368618468294,0.03127726455821255,0.843699017440003,2.866961368109604,COMPLETE,IZ-F
37,0.49,0.9081608833347623,0.6362629293893697,0.40789115350061245,153.23825732416793,117.78664769854112,0.0012548603887286916,0.58305269673946,0.3129066928108454,0.11377168654237683,0.030189677304506068,0.17034444903102064,0.02678078565252839,0.8051044867990531,2.57325792557031,COMPLETE,IZ-F
38,0.47,1.0187086735962498,1.4645667436466083,0.3691555100733982,167.5136046471524,119.7361378989775,0.0011321575185383622,0.4812792949809831,0.2934167878384128,0.09799802609018256,0.02437270752964104,0.32298578052460236,0.029375638563691492,0.828043989841349,3.3921349912168273,COMPLETE,IZ-F
39,0.47,0.9718635891023529,1.1439371551801127,0.31480621115862695,138.7348123224688,122.22415706749189,0.0008746770052852153,0.5645115710895982,0.33875699232606143,0.12472301589202815,0.011502718065774235,0.0834555561094619,0.030779146294883118,0.7553076709841974,3.0276510063602755,COMPLETE,IZ-F
40,0.49,0.5662137653290076,0.9607148224505914,0.42861252401773087,149.30859678648068,97.69632587905465,0.0013246535012008953,0.5512897767620408,0.3300053786129589,0.19359867935581626,0.0136541439266295,0.23341184989050318,0.03299348653999832,0.8526238642890558,3.6420951851941967,COMPLETE,IZ-F
41,0.51,0.5106720001266131,0.647559923582259,0.37932743171716615,156.65883995392096,124.42426833496756,0.0008293505672440392,0.5336728307172205,0.2237102848783412,0.18014573835835324,0.01937248464722717,0.0511243347085584,0.020054239845580718,0.8861472453146952,3.1546792931261862,COMPLETE,IZ-F
42,0.47,0.5537310542423993,0.5118901417399151,0.3881375112292626,157.5086827441336,125.4893770385439,0.0006301989390443826,0.5111374180800232,0.20155137073704552,0.19108398868243204,0.02153123339532275,0.026823969045842472,0.02055538175799809,0.8872670512139748,2.4876114146208352,COMPLETE,IZ-F
43,0.49,0.6710145412867208,0.7354232115584953,0.346848381694774,161.0172030469462,129.14593352241954,0.0007804488099450587,0.5282759735551811,0.22637261471671508,0.1514780446923815,0.01802949198842609,0.09451650731354375,0.023284716623870678,0.8708563789928737,3.1380244946623286,COMPLETE,IZ-F
44,0.48,0.6062215479213514,0.5815485151748865,0.3997921715791083,153.3336704085452,122.33883520156407,0.0010455539829755365,0.5877275192649943,0.18862818180070737,0.08487991485348964,0.014459871180995246,0.04940733321762847,0.025957986100680328,0.8895363460432244,2.943992769084188,COMPLETE,IZ-F
