number,value,params_c1,params_c2,params_c3,params_inputWeights_max,params_inputWeights_min,params_interSpeciesRate,params_keep,params_noCrossoverOff,params_probabilityAddLink_Large,params_probabilityAddLink_small,params_probabilityAddNodeLarge,params_probabilityAddNodeSmall,params_probabilityWeightMutated,params_threshold,state,study_name
23,0.48,0.7460304765584242,1.0170417346726257,0.352151457254908,134.2769758258311,100.9238653807401,0.0013722949375954958,0.4563030103070971,0.333970498609241,0.16918203511736118,0.03340269729581994,0.28996361794583236,0.02030209731813361,0.7742530868857119,2.9549666658272713,COMPLETE,IZ-B
24,0.48,0.6056945873579556,0.7392462712693609,0.31788356708646986,144.87742211624212,93.79693521625636,0.0011404061483340669,0.49465988295035507,0.3066575074135874,0.14306077628983493,0.026569648944989702,0.18017237082356882,0.02484124605335192,0.8166667936906227,3.24144489689228,COMPLETE,IZ-B
25,0.49,0.7270573085203313,0.8605413347928769,0.36283863604629657,139.57233581647043,109.99065364194414,0.001301423630959433,0.43374382514856374,0.29524257840354057,0.18867093999366208,0.03905534692302255,0.35641018921592926,0.028297041082514473,0.841249984599992,3.483223275681785,COMPLETE,IZ-B
26,0.47,0.5448093067828017,1.0887955379017515,0.4011063933315848,134.51457150320934,99.97842772975568,0.0009431867787521498,0.4586986241860613,0.26292372135496017,0.16129229635237657,0.021147533262315252,0.2510948039201887,0.03247327385888945,0.872412092389726,2.0089280057372982,COMPLETE,IZ-B
27,0.49,0.8788787632879149,0.6252850401277216,0.4356822297088449,148.3610665624338,93.48204152163564,0.001065383410408683,0.538595203810204,0.3399949357922619,0.051126969362929,0.031995608686716595,0.2983867801788754,0.028157042717165248,0.784763661305293,3.9947951297535527,COMPLETE,IZ-B
28,0.51,0.8077384310656048,0.7508168084407826,0.32453437238137783,158.00984197067783,105.86755675107663,0.000745319096174641,0.48307011302260205,0.2109226198243685,0.12435470765201241,0.028359985959066195,0.19807303462800954,0.036261029394232876,0.7540331564017997,3.2004402180508555,COMPLETE,IZ-B
29,0.46,0.8070339015129887,0.5044434177983039,0.32661826027292806,150.45456570639948,111.98011629534433,0.000715586989183854,0.4860839395891235,0.2182950424702942,0.11953371594441708,0.04509845680244972,0.18381379784150903,0.03527154079937858,0.7567949234550827,2.9463142131220073,COMPLETE,IZ-B
30,0.48,1.0117262113365562,0.7081292238532323,0.30166486393945113,159.316841216332,106.67295655583708,0.0007344671092459909,0.5137011233724923,0.19300061283457265,0.10383837412852286,0.037977884543516055,0.12793406680541178,0.039782931334100456,0.7309977131732318,3.1150771198784235,COMPLETE,IZ-B
31,0.5,0.680793015658855,0.7739530729204895,0.34738689608170537,156.9436181753753,103.34002182661305,0.0009684914122994339,0.46218555539067724,0.17085163817006116,0.1446021397029264,0.02790120290682125,0.19327410134342293,0.03596366548076768,0.8010430688529354,3.211139642733484,COMPLETE,IZ-B
32,0.45,0.5793214130155496,0.888571892512308,0.3672594735430728,151.7512571893337,108.91942562950724,0.0006343674088895731,0.42809481945565714,0.2364622645894717,0.15052808814550211,0.023704068745532228,0.23626697843506356,0.037724961008610496,0.812067066387751,3.4236536546465333,COMPLETE,IZ-B
33,0.46,0.9269115733521962,0.9827663684605882,0.3252909415844797,163.52753042904615,101.1763122442487,0.0007817830792854211,0.4502028197672474,0.1959284436953581,0.12775735304919808,0.033720857061604353,0.20095433599788673,0.022189653632990386,0.7787469907949669,3.569468158062059,COMPLETE,IZ-B
34,0.47,0.6639750780519214,0.7076276265081307,0.3873140255322083,156.49658478244604,118.9478717984596,0.0009025788726310861,0.4025894810559987,0.17786231858431495,0.1729143345219177,0.029775377334877676,0.15709299448156616,0.03487243570678887,0.7559084735229574,3.6676422330183183,COMPLETE,IZ-B
35,0.51,0.787278673292898,0.7749545443494747,0.31711592366837954,141.64872391724631,98.08299967674387,0.0011615040130625095,0.41889352009795006,0.31839733148302585,0.14884395318332844,0.03670447749761225,0.27487234354708656,0.03232919655176587,0.7147051058603827,3.0227070353081107,COMPLETE,IZ-B
36,0.5,1.0656819284061316,0.6488419574654438,0.31479945787137503,152.3512601012564,112.81240304583297,0.0011998248830076936,0.41716643713161294,0.3114066622565029,0.1579682957965101,0.04229069610045508,0.2687677014548994,0.032250685468156653,0.7112385756305881,3.0208037275690396,COMPLETE,IZ-B
37,0.54,0.7855672959812348,0.563929368710622,0.3377356862754002,142.60394339319242,99.07010774662615,0.0012700706753009283,0.43050121251342166,0.3188354455918152,0.18687449320320035,0.03711061336223813,0.33661501817486056,0.03640216805901751,0.7028895941214314,2.8580977560801886,COMPLETE,IZ-B
38,0.48,0.7980533574417407,0.5630756066657719,0.34147009810710205,141.55364025760838,99.06254597765981,0.001293199551724862,0.41088343461673543,0.31878252265670165,0.18848074184707186,0.04140724561249118,0.3451362748540583,0.036687351386430186,0.7013644108616409,2.8735811518083785,COMPLETE,IZ-B
39,0.46,0.8570527843443834,0.5531038645820702,0.3143287804069528,143.60105168290548,90.07882442074107,0.0014329962715834252,0.505815393185861,0.29606555664134254,0.08246705927406356,0.03756005913188618,0.33000392930748135,0.03880453055316415,0.7203443634232183,2.468189032493739,COMPLETE,IZ-B
40,0.46,0.7552151287719415,0.802296712918799,0.3298814961292413,143.5530104693097,105.38757555149196,0.0013575174542162264,0.48442651275934523,0.30036508014131513,0.10834594284052351,0.03682429522267408,0.3929975748729408,0.03037428745462191,0.7110475534699667,2.5113833301372885,COMPLETE,IZ-B
41,0.48,1.2514893101462516,0.6866551027298456,0.3592501816558221,148.8599337541005,97.75604364677305,0.0012828862112049947,0.42477333905203907,0.3255304520384958,0.18547844659448456,0.03324780167830246,0.3087599334733495,0.03443244691016529,0.7312821012537298,2.8617067249567123,COMPLETE,IZ-B
42,0.51,0.9191684072922808,0.7644488836299472,0.3055613486865825,161.88241486513104,102.65705978370825,0.0012434067412026857,0.41304911947046574,0.274853591575414,0.19928646988081428,0.024901804212079555,0.28067530048984374,0.036395630607554845,0.7455816431788237,3.0886233038868074,COMPLETE,IZ-B
43,0.48,1.4717366008002122,0.607780924452069,0.3068993765918381,163.70856739773336,94.77586182164188,0.0012464909417702428,0.4124298073244407,0.2688646987943842,0.1955265320899207,0.024392357761727258,0.37671240908242254,0.03608531769898874,0.7378550980575702,2.666817709566731,COMPLETE,IZ-B
44,0.51,0.9145612542651802,0.7895720456987305,0.3205706926760242,166.57717741563013,101.49537094708187,0.0014049832878145411,0.4676612658140316,0.2730033691725057,0.19984624290149833,0.026238208700261077,0.3376603751183099,0.03836124163164905,0.7108009428072334,3.0403485242128045,COMPLETE,IZ-B
45,0.46,0.9117825914159561,0.8590519333111759,0.319253545439786,169.12438875416632,102.02643221631648,0.0011844887241668353,0.46550721740065487,0.27651994974400473,0.19908008771610186,0.026802909391762976,0.34378461788583203,0.03880933613114633,0.7004471582316674,3.0371522879318045,COMPLETE,IZ-B
46,0.49,0.8332536135983524,0.7688414382740588,0.30040005551656035,166.95487844882257,104.37992458039346,0.001414967107319542,0.42275502385199626,0.24933247107391673,0.19206893996859825,0.04434470065611681,0.2779660223435379,0.03714291708182689,0.7145117970585168,2.90136911564812,COMPLETE,IZ-B
47,0.47,0.970099071814365,0.84630806128415,0.33491921274902875,165.72538747022787,108.24682376200292,0.0013568976336857702,0.434602450343706,0.27533028684154004,0.09326857453030155,0.02269300646222805,0.24386376935449955,0.03841727490209814,0.7457863810929797,2.6347669043509545,COMPLETE,IZ-B
48,0.47,0.7853663878241273,0.9667215194338585,0.3098369596958405,162.53182822490504,99.69817558562151,0.0014232938741768277,0.4717962973171908,0.2902474992762475,0.17985213414372128,0.025546559283882386,0.11900577042134391,0.03993119704136149,0.7275360544695091,3.168592293479772,COMPLETE,IZ-B
49,0.49,0.7000610667671883,1.072228917888744,0.3209105351538702,161.33756744787428,98.57307764103639,0.0005669753323582212,0.40908702307654493,0.2592497386161235,0.18351528807706408,0.018059503933145864,0.3372538312737414,0.036130716436510786,0.7099053424656288,2.805102879359575,COMPLETE,IZ-B
0,0.49,1.289,1.113,0.364,150.0,110.0,0.001,0.412,0.244,0.151,0.042,0.182,0.022,0.797,3.039,COMPLETE,IZ-C
1,0.52,1.1817825914896871,0.5988709666043694,0.3903374947603181,139.48203828536853,98.7361658811928,0.0008412898905682015,0.5139707775024988,0.20074966493413282,0.18021017523135757,0.03596221182969798,0.10162599903716686,0.031265924688268054,0.7461652510734273,3.8236889072535076,COMPLETE,IZ-C
2,0.49,1.4944900781319084,1.440585973296187,0.41341418649578204,135.66069080832142,120.21055616279412,0.001054585121630062,0.5487259742033259,0.23764317079090297,0.14461168426396845,0.015044590108179389,0.12442530653353023,0.022598567350168,0.7413902648631069,2.8209959180114215,COMPLETE,IZ-C
3,0.5,0.8083658450619179,1.4075022575006872,0.4916774361709009,146.74200788445458,96.1310300242171,0.0012458100702022064,0.45914453727075843,0.29628361062859093,0.18198370199703,0.038400774407660154,0.33979290323951933,0.0289212526253775,0.7013574474076655,2.232234760850762,COMPLETE,IZ-C
4,0.5,1.4380327347696804,1.1736917866234333,0.37554883765355607,147.25197494999668,121.92265874496718,0.0009544859359792079,0.4117967634885355,0.153412871994914,0.13140463151189857,0.014377800324876674,0.13273925576226533,0.033156849248577175,0.8199122570046179,3.346661029780078,COMPLETE,IZ-C
5,0.5,0.8290527944298535,1.3036318386080035,0.42980965066562593,139.06674876349237,92.9681594374496,0.0007907312365784095,0.542523126022494,0.18896089658409346,0.15228219633929008,0.011505809942177283,0.07724466515625335,0.023512030803432143,0.8680368961169231,2.732921245856258,COMPLETE,IZ-C
6,0.52,0.9601541088266433,0.8491591491304263,0.43619603982274147,135.8904678492474,96.46066980003796,0.0009550829212576666,0.4140099576797022,0.23106473221837565,0.1421419030733,0.04486910042892204,0.04160179669895488,0.022706132331756557,0.8541644796805647,2.8735414487928477,COMPLETE,IZ-C
7,0.49,1.4621941040911728,1.2667056375128356,0.3520438202723901,142.59990300431673,124.29250968359214,0.000603321718478443,0.592213807001954,0.28571976413444145,0.19611281748564008,0.03219790889117001,0.03993978385709135,0.031711145125944105,0.7122127473587526,2.3811941995512074,COMPLETE,IZ-C
8,0.49,1.4601535767608171,1.2560677979779329,0.49673533681371573,133.48836832232246,114.37623563618418,0.0010670147534838866,0.5737041935210073,0.19071012747261054,0.18647871732328503,0.044439720960657986,0.2401821284516999,0.0274819765837819,0.7571899085460652,3.2065389863063256,COMPLETE,IZ-C
9,0.48,0.7105064519432883,0.6281163606005458,0.4842045592299512,144.16866928512587,95.60726683939205,0.0011120593059315035,0.4431878038527685,0.1547013951937748,0.1007089015408185,0.022242469518779798,0.2199859537585145,0.03697433982590458,0.8541404551495789,3.262914105547905,COMPLETE,IZ-C
10,0.51,1.1312240436255652,0.5153879718730282,0.3041394350358446,161.166059555004,103.60155898097635,0.0014791878511262267,0.4981345021877144,0.3454866387563327,0.05300376730874934,0.02822757770920051,0.3171422359120427,0.03856687542223971,0.7788992968119715,3.997384541483564,COMPLETE,IZ-C
11,0.52,1.0467842400092973,0.7808298549274388,0.43936701826487323,130.2748170041905,102.98748689297963,0.0007599018676147858,0.49359921534558915,0.21074988117247073,0.11569971645221808,0.04986407105943998,0.025002427227977284,0.026274891929622908,0.8949217053140417,3.8260432851124424,COMPLETE,IZ-C
12,0.48,0.5513661655746576,0.8978667900974748,0.4427002611893925,158.24127259376928,101.97206018668268,0.0008074031491768772,0.531652510267501,0.21922531541181783,0.16125150319426426,0.03466484841573596,0.10028644472139907,0.03413437405297351,0.830129950340461,3.548965125204809,COMPLETE,IZ-C
13,0.52,1.1559645250508241,0.7676809909789434,0.4021198709310243,168.43731152499387,90.39568573898067,0.000573938959323421,0.4649248353533199,0.2726311001788493,0.08676555682548594,0.049804562261511316,0.1527400819993162,0.020067537471993482,0.7367673072785517,2.576219696632964,COMPLETE,IZ-C
14,0.5,0.9328309793695136,0.9670778365073202,0.3387975262531272,137.72052400879954,98.56579361433667,0.0012707888801739276,0.518372349017739,0.18804323843508564,0.17227503289371174,0.04161749361323692,0.071479638200881,0.025662271894460513,0.7740917542599124,2.0177279776128474,COMPLETE,IZ-C
15,0.5,1.2607933867691985,0.688414991472573,0.45968203544466835,154.9267733047429,108.30037314615817,0.0008777815864208562,0.48375159762266917,0.2621155405240144,0.1287339030636066,0.027977243267026875,0.2739684701535074,0.03042342460827665,0.8394178074344559,3.655473140498003,COMPLETE,IZ-C
16,0.48,0.9669148798279934,0.5193777667608893,0.3860052618493592,141.2820825033811,99.95037428538862,0.0011902199734695714,0.43498834883652293,0.3209228436512923,0.1658984817769988,0.036963316124926315,0.02593605649313974,0.035292171763234514,0.8995810467968866,2.9706431170089704,COMPLETE,IZ-C
17,0.49,1.2908225218991423,0.8860468904649376,0.46596981698061984,130.98447969949737,115.20290473560569,0.0007215217852535589,0.5143135164953782,0.21703984452197303,0.198861167843134,0.04513842000091626,0.17401494595369105,0.028579391847965093,0.8006975715294133,3.449273994122931,COMPLETE,IZ-C
18,0.51,1.0946759398201213,0.6699113129658372,0.41630989549184894,136.10433112078368,128.26141871763923,0.0008936229392766015,0.4715637883834173,0.17431524123084619,0.13887655027121898,0.02351579599957959,0.3927922770470932,0.03137592867303559,0.8737254165987125,2.5643132050891273,COMPLETE,IZ-C
19,0.48,0.8835410567250637,1.0778034019523415,0.39094000181451916,151.42245137491594,108.14683354398286,0.0006727873578881375,0.4014976902783778,0.23143761351258865,0.10876540040152352,0.03925021261962806,0.07423204059383451,0.024391437828960996,0.8052803828743138,3.093817912551417,COMPLETE,IZ-C
20,0.5,0.6770034654198364,0.8005154534245004,0.31634073612029345,140.25538626667736,90.22354545730602,0.0008867129807682138,0.5674704950033169,0.2036085591409799,0.0836549901570763,0.033052498552620116,0.10712606281213789,0.020459819545728578,0.7270070781079341,3.7567074343467026,COMPLETE,IZ-C
21,0.5,1.0305003568426039,0.7680710232603405,0.43894519245767966,130.07057018385376,104.89231762820945,0.0007488415278320112,0.49528076449998737,0.21569685039531045,0.10747337345666912,0.04771193318967041,0.021469953680559026,0.02605682301937658,0.8972417836979805,3.9862021942894756,COMPLETE,IZ-C
22,0.47,1.0389103221651295,0.5935693299199203,0.4598177766643761,134.25925506264488,96.6915409039047,0.0006613502052451698,0.4433609902615252,0.2470980420175205,0.117364631893961,0.049982931982858796,0.058486961035296534,0.026649366866958776,0.8750855834668827,3.762966411236486,COMPLETE,IZ-C
23,0.54,1.2083967782524347,0.8698260778195773,0.42447947191178936,132.80005230445937,105.38125469206207,0.000532475887577993,0.5153935225540395,0.17162128431569912,0.0884353827914757,0.045539035045497965,0.020116012890570367,0.02410582735677658,0.8585583038937442,3.8087154830531427,COMPLETE,IZ-C
24,0.5,1.1899117915518058,0.9902479223486464,0.4157450185983872,133.76222059844426,113.9398132063776,0.0005162207862515027,0.5175543012961208,0.17638219419281012,0.07151773854579806,0.045042611816496124,0.10042109525741508,0.024809414149852042,0.8491409865604806,3.5656905408124375,COMPLETE,IZ-C
25,0.48,1.3396930951661883,0.8910675564751672,0.40103978062916734,144.75238687167902,105.54583552490001,0.0014055726872575997,0.5318585268314362,0.16830823963493008,0.053112423521484944,0.04136335703100669,0.05662761911261531,0.021801008864316473,0.8203685352224896,2.8925170098409194,COMPLETE,IZ-C
26,0.52,1.2069400128456873,0.702399620630979,0.42613627255978287,136.73495787157208,99.27528328961763,0.0005048935830078322,0.5577559879926818,0.19855966221625282,0.09162558114061212,0.037359191151906106,0.05103824001626396,0.02901278789930001,0.8601757596806627,3.3960041490449298,COMPLETE,IZ-C
27,0.51,1.3586820053086228,0.844500796123874,0.46580518095492657,140.061365884337,92.52058993190015,0.0009340040024397023,0.4764798229815057,0.2276299606138877,0.07164047711828538,0.04587813138493227,0.14220807833214427,0.03255895907690853,0.7810447444910988,3.8537857349769093,COMPLETE,IZ-C
28,0.51,1.0894306071003896,1.0459451836063227,0.3879481070067395,132.96422352019968,100.39950352293994,0.0011388887629236546,0.5114199127438939,0.2646607351257594,0.1777622556718016,0.04155109388098561,0.08726859560695496,0.024134623683658856,0.8361085833663662,3.5752212086564366,COMPLETE,IZ-C
29,0.48,1.2402367178389873,0.9408535765243323,0.37179524326115787,149.4588624258425,110.65309951466897,0.0009968327928794934,0.42940738274459384,0.16416971740538588,0.14175299477156256,0.03513300643798394,0.18266978392835437,0.021890486852035693,0.7594027244002626,3.144815556246395,COMPLETE,IZ-C
30,0.5,1.3430970315490054,1.1737446028217717,0.35379815480919063,137.99718291812846,106.45413058541266,0.0008126688317473565,0.5367239125908356,0.24980626780078385,0.15509981751502314,0.03976790697326075,0.045546419281385295,0.027802012095448178,0.8132081376511529,2.6615917455668043,COMPLETE,IZ-C
31,0.52,1.0083001925799413,0.7965883709523836,0.43951883374932554,131.53276125929105,103.28556912643289,0.0006638887260659583,0.4916721958176659,0.2035825561435634,0.11814943818477115,0.0476339040907619,0.02093843185723958,0.022995175145503394,0.8856723015771597,3.783961342760526,COMPLETE,IZ-C
32,0.51,1.081437658038209,0.5786788043637843,0.42626344583332265,130.1064965262682,111.33784595910117,0.0008497879302251881,0.42219043043131577,0.21573879025674508,0.12091755680189462,0.04353884950882565,0.11314773380658417,0.025742104689050374,0.8835350300340928,3.9013148284818846,COMPLETE,IZ-C
33,0.49,0.926352095139345,0.7271714671919449,0.4538811894063598,135.5457174054914,96.93203211383911,0.0010147843480413428,0.5083239714837143,0.23883110494926305,0.0727206692079537,0.047159184269511156,0.03772818975945747,0.029960206509928918,0.8880426078573956,3.6518627856196137,COMPLETE,IZ-C
34,0.48,0.8473078058311028,0.8302190277302337,0.40848483910355304,132.69091738115242,94.03694464565339,0.000588152489749469,0.4547271381639676,0.18108671388963976,0.09813714951207983,0.04311087205320262,0.07171581606280764,0.02152847513601088,0.8487059392797128,2.984116947805084,COMPLETE,IZ-C
35,0.5,1.163687417237023,0.646248148144155,0.45174346514397995,134.97338042077644,102.79852088316075,0.000740485997019512,0.4846196803765057,0.20589334860744174,0.13463920443889948,0.04967965045138227,0.1270480512912821,0.02704959557857885,0.8599721670451494,3.8910605229587847,COMPLETE,IZ-C
36,0.51,0.981916471814124,0.7260773332725716,0.4775215086016212,137.73184740572785,101.23653298567908,0.0009724994498894226,0.5458381216142709,0.1937366994079342,0.18864835257009685,0.047242407220897724,0.08902125253620728,0.025149009556899457,0.8668424551670784,3.3080128045525465,COMPLETE,IZ-C
37,0.51,1.3945202605448128,0.5696712856960157,0.43043841041946407,143.9200746882681,97.6123432777073,0.0010481190175622933,0.5224509002736041,0.1505929535754776,0.14993276168872346,0.030967424084296903,0.04627564049919948,0.022888002030256573,0.8296720579877682,2.80136633840056,COMPLETE,IZ-C
38,0.5,0.7485244793177922,1.0448338722402029,0.4159514905723514,146.59513289793563,94.83619919940801,0.0009276721893127756,0.5858654225504668,0.23046964144926435,0.10771113465586425,0.04028350052394531,0.1661917865330722,0.023794528078474354,0.7069223043497895,2.3848391052345903,COMPLETE,IZ-C
39,0.51,1.1146472342271145,1.4671545935371553,0.37913468596307576,141.85231949023307,117.28016285692078,0.0007696273003399614,0.5559428105935863,0.16356495681830116,0.14555601815551647,0.021323952415023162,0.19375337547936117,0.028180066981071714,0.7925209850753966,3.457236166187675,COMPLETE,IZ-C
40,0.51,1.2828333768406563,0.9384578957825326,0.4764935434752653,132.6615366091921,108.20960875494197,0.0008381725391389095,0.4563890428159098,0.184682102820863,0.1263138445703303,0.02543734726368097,0.06270203619142474,0.03055491772555114,0.7241216205628063,3.6736512056153905,COMPLETE,IZ-C
41,0.51,1.169903105268999,0.7631379411028961,0.3998425255680243,169.96317895904826,90.72683188266537,0.0005621734931389183,0.5040239169124455,0.293029307485867,0.08011939383432132,0.04977934751167784,0.15572533966735494,0.020034415736635693,0.7458549619042976,2.4961038663537383,COMPLETE,IZ-C
42,0.5,1.0524874294791444,0.8504782257204323,0.4044831508489465,166.90432778144924,92.06402120317122,0.0006333215439234294,0.46488576516692515,0.27159717530669153,0.08812235113669539,0.04327100003723267,0.12898746039778297,0.021196900046437157,0.7355861425963851,2.645702147831782,COMPLETE,IZ-C
43,0.49,1.144851004272087,0.7585732768708197,0.39547036445718764,163.10983615852982,94.64468964725395,0.0005518558038572249,0.41795161865089264,0.2773442179400897,0.09903785258277836,0.04651048039293617,0.14718130529733442,0.02267493898821569,0.750446989119809,2.198070480817159,COMPLETE,IZ-C
44,0.51,1.2279102518840412,0.6115205986821003,0.3665746840320297,153.48974493150652,99.15165391816807,0.0006906122437542204,0.5272405992339477,0.3164006017607328,0.062425793926323844,0.04828650558141189,0.24697165790788045,0.02038773080661948,0.7696419158756898,2.8847988999100638,COMPLETE,IZ-C
45,0.49,0.9361165964572912,0.9095084889973626,0.43272761657014075,155.30369526203938,101.42185134009145,0.0006164819246333779,0.48618999512571903,0.25899279380932944,0.16188906270348585,0.019030726958178423,0.033127235876303895,0.03422458768974943,0.7315405416031483,2.398344313294422,COMPLETE,IZ-C
46,0.48,1.1334573373835708,0.8131448525403924,0.44582625751979466,159.32182599912392,104.6292681916019,0.000721529555580121,0.5009218084794903,0.22612350834298003,0.0942385524134091,0.044761861219459166,0.12033930720119819,0.02353536481618372,0.7226757474906755,2.7640303108510587,COMPLETE,IZ-C
