number,value,params_c1,params_c2,params_c3,params_inputWeights_max,params_inputWeights_min,params_interSpeciesRate,params_keep,params_noCrossoverOff,params_probabilityAddLink_Large,params_probabilityAddLink_small,params_probabilityAddNodeLarge,params_probabilityAddNodeSmall,params_probabilityWeightMutated,params_threshold,state,study_name
40,-164.92,0.9811776119233552,0.6045602094788625,0.4516785511633658,147.32910591598687,16.224100899759236,0.0012411075342551958,0.5748541471664363,0.2531435177697131,0.16697498343691428,0.029430855618014968,0.3266695202974436,0.038266885728354225,0.8648061699933338,3.2009514754982344,COMPLETE,IZ-F
41,-102.79,1.1172478280595526,0.6659273606674657,0.42539109114341433,132.22962364309748,3.48482609964801,0.0012789054710431464,0.558129792290582,0.33391956400081235,0.17161762411589337,0.03554985759226298,0.2523616913910843,0.034715174536531695,0.8209524267586576,3.9444954797910214,COMPLETE,IZ-F
42,-167.75,1.2780673167917849,0.7339019214043045,0.48040627694525784,139.77235326612794,2.8847007055555007,0.001404683537708974,0.5263931855699271,0.34032661441728057,0.1779226228506056,0.036914708687262196,0.2434343208936131,0.03314545342524566,0.8115022339440287,3.9874544378764805,COMPLETE,IZ-F
43,-136.95,1.215829624575131,0.8123464753704652,0.41992902773985413,119.094773489488,0.0625651832948293,0.0012015723550814652,0.5338445918692536,0.3213486917313016,0.1664605961159132,0.03950576148658264,0.23593971933795058,0.03606988616548314,0.8334040937334529,3.8044988501791583,COMPLETE,IZ-F
44,-326.7,1.0545970576651338,0.5310006604859199,0.31789560513535353,161.9156032157227,12.824703966895006,0.001292340072571482,0.552020143786611,0.30930031007870445,0.1934014451089543,0.036738119413744275,0.2601487254944521,0.03114322794176192,0.8500861684973883,3.901825284843658,COMPLETE,IZ-F
45,-104.57,1.2946519820616529,0.6755466441473477,0.4394694054094672,147.40847022788424,6.781889218928654,0.0014889572075464956,0.5672757127905392,0.33791690603329777,0.14431685736319913,0.04471593869707266,0.20053125987822665,0.03351500688905416,0.8848979108045207,3.6426896847393238,COMPLETE,IZ-F
46,-115.03,1.435052755570322,1.3843208044440907,0.3814948582355613,111.91798847133532,20.926093922736474,0.0010751790850659765,0.5917938342553426,0.34996605955942484,0.18925743354971505,0.031719525917302274,0.17535956359350496,0.03228753201372523,0.7530012042883547,3.755378538745049,COMPLETE,IZ-F
47,-89.37,0.6528378150571039,1.0786219905128889,0.3614814558109982,126.11448203325276,10.133150463006778,0.0009669430797672856,0.5794783097894445,0.32461433812821056,0.15794484001363024,0.01028603080827871,0.28408044616661693,0.0356103168940519,0.860212192577818,2.5887477067095404,COMPLETE,IZ-F
48,-122.99,0.6971051571403327,1.065891445957078,0.3459568703964686,123.99620565868392,18.513631604682,0.0009332708993313012,0.5797203686553815,0.32166617518243606,0.15873692119558586,0.011135755158741288,0.3134833905832407,0.03708148871903592,0.8623854217285507,2.670906681803227,COMPLETE,IZ-F
49,-197.03,0.6082088211566157,1.2305055979633652,0.36101747679490753,87.35630432447223,13.813359307409364,0.0007459362007153612,0.5995669556423469,0.3274023763014959,0.14870866002774236,0.016696365568916315,0.3673292793231209,0.03557557655624121,0.8564487573710383,2.2746787750874606,COMPLETE,IZ-F
0,-206.6,1.2046201742955325,0.9306889965082988,0.4833775433369756,115.9707145166143,11.392604137844014,0.0009732313877686,0.46882624572917,0.1799576416171051,0.185802883226089,0.0452303991658574,0.135669434940164,0.033446400760366,0.7407883562802517,2.996423663203456,COMPLETE,IZ-G
1,-175.68,1.1956920974441976,0.7415255033569801,0.4474914927441299,97.42453610717968,57.53323839465462,0.0011859340150748177,0.4158509487078708,0.22523785127067816,0.15192426078885946,0.01942753508771187,0.07244140038303415,0.025863758558321095,0.7566597477300896,2.8234345961224694,COMPLETE,IZ-G
2,-500.0,0.8730966101655582,1.2133848206624331,0.4723768795567858,186.03811428750166,25.81481479287754,0.0013006523409084484,0.5121009218188531,0.18526755067381553,0.13970521462371477,0.02444299362366539,0.36755060352438834,0.030493419285153454,0.7676081635242886,3.5504674335524475,COMPLETE,IZ-G
3,-194.65,0.8559881139545902,0.631365459460975,0.3305673951342236,122.47548483802657,48.316851110942316,0.0010438272156310696,0.5472703199016147,0.3226141896792649,0.06350707831176713,0.019724366951833248,0.18977347365909758,0.02966580837950875,0.8984774969747095,3.942956384923426,COMPLETE,IZ-G
4,-500.0,0.7145594779469923,0.8791110263508407,0.34984454702972123,211.88842444496586,14.448428277600769,0.0013326637645695236,0.44085629548663785,0.2660798292055516,0.1487438547407649,0.04220590300488948,0.10323019925855155,0.027087488128648127,0.8711422645070508,3.2942109020947776,COMPLETE,IZ-G
5,-150.4,1.42514419745833,1.3888257155395571,0.42735703529661306,108.19787549415034,61.52635645055122,0.0009187835030869725,0.433141743812428,0.17517735170566642,0.15017992583297454,0.02101259129535201,0.07766905845475426,0.03145421196584164,0.7329687332952538,3.9941772626024337,COMPLETE,IZ-G
6,-423.88,0.5385121751936407,1.2298908265498498,0.3188161614333169,128.736789943615,7.679639384447085,0.0012218279629794162,0.5100290633126222,0.19835566129870774,0.15348533082548,0.025792180775048995,0.3467975884727436,0.031239951693865516,0.7302006119086486,3.644343199669672,COMPLETE,IZ-G
7,-288.66,0.7598061772000474,0.5919997975093823,0.3284666518482748,88.04466428181057,56.870170869922795,0.0011592742649554355,0.5019552469261814,0.29173792434645224,0.1780888564724074,0.04236991940915412,0.3801237077815426,0.031067377554139526,0.7708258603724999,2.385324550859062,COMPLETE,IZ-G
8,-151.32,0.833657934941974,0.6036947965905508,0.35251558314599996,164.74183300074245,55.617560035237084,0.0005967415613885718,0.4467101550103119,0.2706290793800525,0.09216585418606435,0.027941038959671163,0.2863886051238729,0.024841841325098174,0.7027452400390056,2.6471278208119466,COMPLETE,IZ-G
9,-428.24,0.9828776131677236,1.28113308899575,0.483470432343071,154.52053484436288,9.382695041027937,0.001184150511773945,0.4817339072836597,0.2213161320820041,0.11498785573879838,0.02072149476090298,0.37663602462721013,0.03949396258141882,0.8796063777558498,3.296422651341766,COMPLETE,IZ-G
10,-170.51,1.4656668974835183,1.4872043991661943,0.4231060055578298,224.05743257879195,73.39105167189832,0.0005130434549015364,0.5923296864278145,0.331569573856614,0.05293460324805792,0.012824931908032567,0.0232911978845263,0.020990377597717443,0.8185435222240572,2.0708170009164335,COMPLETE,IZ-G
11,-402.18,1.4756274470784505,1.0101836374672044,0.394306739526796,159.97901602203302,42.72750162917155,0.0006522000008307274,0.4020595591293017,0.15774462249683602,0.09433037042500725,0.03296700685556618,0.25352462001028864,0.020911520582793795,0.7112330781923333,2.650915809230283,COMPLETE,IZ-G
12,-297.47,1.2318700969763507,1.449443002736785,0.3845125056715937,153.83721269519333,70.52852361762591,0.00080026327640703,0.44356567792794466,0.25330845699977417,0.09289309661631934,0.030921044903962025,0.27459721960299655,0.0364788486762213,0.7067335553668507,2.1638688505826202,COMPLETE,IZ-G
13,-189.98,1.0697412464660612,0.5005730722144348,0.38669272815431505,184.312572705122,36.58516656247147,0.0014720581285168723,0.43820161862469253,0.2932729571871655,0.12170890755951166,0.03454344662354832,0.2065319173035835,0.024509148513954724,0.7927102259914834,3.9814993251018906,COMPLETE,IZ-G
14,-150.91,0.5795500110683918,1.0373252276603238,0.3603397372773412,77.20432754984259,63.03570447011595,0.0008423870866368388,0.46756558108119567,0.15438719883471666,0.19933737098034393,0.010590640046133897,0.30825185929860377,0.023878947451437097,0.7009624211176853,2.5392201778989163,COMPLETE,IZ-G
15,-223.5,0.50645357960434,1.0609296471571599,0.4233769868656984,76.95435134510342,64.71611142183967,0.0009257988180969134,0.4740759738805027,0.15519476079819705,0.1933756873120727,0.011518485887433934,0.1622401848856413,0.03499852794760149,0.7325211836686225,3.1135066698954774,COMPLETE,IZ-G
16,-497.03,1.3503543955830408,1.3618243185860102,0.4165685767773357,104.29802209876996,63.71268267726157,0.0007921103189599378,0.5440398317615383,0.15077766950539456,0.16624116230974037,0.01574530335925565,0.03200023584096512,0.02834784093722114,0.8167641426821236,3.637585148358923,COMPLETE,IZ-G
17,-177.99,0.63764850267511,1.1202433003185266,0.36247537797861856,78.02064701098837,33.334578406975496,0.0008305066170433683,0.41855947677954763,0.21227167521630652,0.19972229737043254,0.010271679581784262,0.31704619251262317,0.02313580488346404,0.7286468432945085,2.411548384707794,COMPLETE,IZ-G
18,-179.39,1.0298429563378808,0.8524838413977922,0.4523575291496917,136.67696289534047,52.586341833031746,0.0007060695642639455,0.4607743494607385,0.17857987421951219,0.16746239501441132,0.01607814358843001,0.23209601911499095,0.03775301734845384,0.7892684705299725,3.424438835440606,COMPLETE,IZ-G
19,-233.12,1.3558576374692337,1.3545368901090082,0.300880016198688,107.96125213468669,64.6580029191189,0.0010380635574289562,0.49092622276648734,0.23757692630695826,0.12428395392486391,0.01571812091878151,0.0996792398906319,0.032992147328573446,0.7515113055003617,3.804375419904628,COMPLETE,IZ-G
20,-500.0,0.6041759725503915,1.1468208833355136,0.4065945168255475,93.61547491581813,43.15549789276392,0.000879537201910241,0.5277528585743098,0.19687024513261764,0.13557707451146148,0.023265209921191313,0.3194574893129535,0.022309534035111704,0.7192708602595678,2.9940846945406414,COMPLETE,IZ-G
21,-150.09,0.8500977897336275,0.7605522019997552,0.3596350540909109,176.29702233068102,58.366523693219136,0.0005127857622670591,0.4545895670664499,0.2894327978403194,0.09267695320547177,0.02881577580077737,0.2842972755361374,0.024632652699087116,0.7042845124289439,2.642663948986506,COMPLETE,IZ-G
22,-158.51,0.9515957359464664,0.91950096963868,0.37095403251696424,191.431279910842,68.2946634210399,0.0005167533244776364,0.45809870792920365,0.34328462490749423,0.07572656835117257,0.03670022802272456,0.31197019791339303,0.027243272232809486,0.7196291507100225,2.383049520636481,COMPLETE,IZ-G
23,-218.45,1.1127382699773531,0.7198640109201806,0.4429120659408959,137.4204246808636,61.36038314357123,0.0007121797159506896,0.42644511820867637,0.16882921076881918,0.11230412177090193,0.0279257708734425,0.21929154223496558,0.023990963377382445,0.7010503402463983,2.642602004305394,COMPLETE,IZ-G
24,-425.59,0.709163508198457,0.7727007467397713,0.49923369672708157,172.00663979157832,48.51240999839649,0.0010633326050714816,0.40279690454821715,0.31017005594631375,0.17865588317301537,0.03692472584162355,0.2585436742601843,0.020289649601682336,0.7463083243337038,2.2266586301793545,COMPLETE,IZ-G
25,-295.48,0.6396710981081133,1.0613488464399035,0.3451556236253068,89.11247063993144,74.26578152737956,0.0006051833479988677,0.4584086845158768,0.2029083428094677,0.16616018961860093,0.02918379413787478,0.39850384495480373,0.025806998962599696,0.7195122823518421,2.844014225629159,COMPLETE,IZ-G
26,-165.22,1.3134996744037122,1.0000064951170116,0.37215645662898955,198.97998072480902,49.685156909185906,0.0009353620517959853,0.4845273173415905,0.24042014824298943,0.07849420669054766,0.021207449737270675,0.17765884275536928,0.028754605616683467,0.7011074086737694,2.470553064054265,COMPLETE,IZ-G
27,-157.06,0.7852116999850706,0.8101375413536919,0.4016398390086573,146.35056323150943,59.33105832220408,0.0007293013229044894,0.429855276662185,0.16692456673663394,0.10513020697663053,0.017594906339590228,0.14409619199532714,0.022477391057891892,0.7633722127221747,2.5484141606932575,COMPLETE,IZ-G
28,-141.05,0.9235603890359858,1.392024347077725,0.43405582390993813,115.43130923305307,1.812469214285251,0.0008496914203459839,0.4578749091942432,0.28635394645042905,0.13940813274296665,0.01323687966720111,0.33467031568270267,0.03298501352274559,0.7349019835953245,2.0091526063561007,COMPLETE,IZ-G
29,-163.55,0.9270770630366326,1.3925800992502777,0.46654582692940977,115.0221167295185,20.794005685759792,0.001003756526285644,0.45272518282608404,0.2924601221032561,0.13411783299096222,0.01390317877702835,0.3439072762208839,0.03277007317666157,0.7403557981715659,2.248058104471138,COMPLETE,IZ-G
30,-154.61,1.1122572598196316,1.292433587362467,0.43043372342336184,173.5191046044883,4.275465193882383,0.0009566104877157108,0.5994463574012555,0.31153802176658973,0.12772785663510408,0.04731209071607927,0.09748821550600277,0.034890076695687264,0.7823369246730305,2.015569409875956,COMPLETE,IZ-G
31,-141.29,1.2110660379702463,1.4424427878991017,0.4092128740651279,113.74355579843866,1.798780862271797,0.0008800711652940605,0.4707407387160614,0.27208110351340314,0.1820805553095889,0.012320571747371063,0.29542018919305607,0.034440380084896756,0.7388027248483832,2.886213077265776,COMPLETE,IZ-G
32,-175.17,1.2237923286648755,1.4420380909417672,0.4382284103170492,122.37588590357308,1.532609388597519,0.0010987159166336404,0.4751376984120032,0.27906632639746476,0.1825803368166494,0.01815702961407245,0.3416113879416242,0.03468583047082589,0.7384381006248962,2.8608721858132236,COMPLETE,IZ-G
33,-154.37,1.4002780488352435,1.3242095466918424,0.4590612104062393,106.32071550055815,15.385880985285425,0.0008955057433444663,0.49263176183786234,0.3056997259666181,0.14878970781866419,0.022673597498864606,0.05757989795658841,0.031971308036973775,0.7570805775563892,3.1250685954133317,COMPLETE,IZ-G
34,-163.65,1.1746443252025327,1.408476954386939,0.43270559305825756,118.731311995894,24.6980637131448,0.000756293406440404,0.41965226976367376,0.25347392798908996,0.16179413662246478,0.014093684121617954,0.2943628679358813,0.036879271181256654,0.7204901982586229,2.9642757003806706,COMPLETE,IZ-G
35,-106.73,1.2686601164042866,1.4947081485420906,0.41515503437716295,98.81335048816433,0.246591042830417,0.0006617923172765267,0.4332376878151445,0.27804991716116984,0.14323569301467565,0.02027383340249566,0.2438108575331572,0.033591220917018175,0.7450462067570808,3.818445334904614,COMPLETE,IZ-G
36,-156.25,1.2876531369448623,1.4984323123177983,0.4135279797245054,98.94232513131183,1.8063624034164574,0.000585232556635317,0.4664724451266846,0.28217034162442256,0.14098373882348697,0.024991906282533723,0.24060362424323145,0.030049459916139047,0.7758956456288687,3.807100001963736,COMPLETE,IZ-G
37,-231.01,0.8783318234013007,1.2231465420971384,0.40068188761153983,134.01747503323938,16.295917852273725,0.000659949174284732,0.4493758528214839,0.26206744444805247,0.10189468174402945,0.01837309312907293,0.2626623727201674,0.0340352223818101,0.7469577757101749,2.7674612601742705,COMPLETE,IZ-G
38,-165.47,1.137683695784947,1.1620212997447217,0.3833948115533181,125.75749535446052,4.888145395121786,0.0005504324339780922,0.41307494515849974,0.278879395288002,0.07509538322401733,0.013801516446100386,0.2910970450493096,0.03592760502313759,0.8029563258203979,3.1835411028311755,COMPLETE,IZ-G
39,-165.72,1.2580849431908592,1.4417089919942518,0.47950029914210524,112.3869860305565,13.551781901431596,0.0006598481460795649,0.49866304913305676,0.2985665713830395,0.15554071021670177,0.012067558427990845,0.3374780718921201,0.039070836481911876,0.7627923880558783,3.423921474882138,COMPLETE,IZ-G
40,-90.62,1.0353648351512237,1.2707371014951068,0.41179246865549257,146.07045018517945,7.9226800514844555,0.0007576307362339319,0.5207971675677745,0.26898763254970837,0.18859457363782028,0.019568249852387785,0.3638787169776907,0.03813017266163544,0.7268237823765819,2.2649111093650722,COMPLETE,IZ-G
41,-496.19,1.0334293378925303,1.3147045094017413,0.4110419173353914,142.05679491076063,7.002053738818166,0.0007895644335151602,0.5334043412734375,0.25762659346263295,0.19037807368464632,0.02614086175312135,0.3605165934442591,0.03812330769629265,0.7274346169746191,2.1193187715476096,COMPLETE,IZ-G
42,-325.26,0.9970253009251728,1.252399202590155,0.44735398628708695,127.45777787473531,11.327685141173683,0.0008487697142261287,0.5215985461511947,0.27169806853603534,0.18566471883240718,0.019500407933748593,0.327237675646678,0.032403455791148644,0.7420363714836304,2.287172093841763,COMPLETE,IZ-G
43,-194.13,0.9131505367183828,0.6837913332999755,0.3922872670781473,95.25867517599185,5.260720143038145,0.0006319505576176088,0.5822024330745298,0.23806842022568256,0.17252430842994815,0.01696532972024699,0.3968590453404302,0.03338618181846377,0.7154539391254392,2.000003767287966,COMPLETE,IZ-G
44,-421.32,0.7932973925154354,1.4527043946877467,0.4196921321362747,85.15828427719896,0.11694080877919788,0.0007570740691473967,0.560741384232445,0.319650331766814,0.1442138444210701,0.02178396395397065,0.3614276671917678,0.03581628163071971,0.7524746956952558,2.3115192545705043,COMPLETE,IZ-G
45,-158.19,0.833291091960717,1.4076030247856075,0.3249843535794209,149.28145132130905,10.078387675348159,0.000559737130109282,0.5140139943579818,0.28677687484424297,0.05371030548012748,0.014837968610623396,0.27789701337290024,0.038195439874410105,0.7329101597241783,2.175795394905542,COMPLETE,IZ-G
46,-170.09,1.1672703630103811,1.3604480957914562,0.3440249723233132,163.4786263830479,29.931625392049796,0.000689166130192553,0.4374726212150684,0.2686638753089795,0.1731126222205732,0.040783472064179975,0.2002661374279183,0.030781923462807673,0.7130789508089971,2.732719605539375,COMPLETE,IZ-G
47,-238.38,1.0541174926705033,0.5362344932760226,0.4364797774732145,205.75871508424603,18.82965723790227,0.0005020465662181223,0.4458291158734084,0.24683079476707412,0.08268713732309786,0.023833303444294587,0.3035279615790508,0.03978035340993977,0.8487249070401772,2.535092615420623,COMPLETE,IZ-G
48,-133.32,0.9814868764833095,1.4988560893748322,0.376714475364607,101.28923596551778,8.574275848633647,0.0009864711397340206,0.47802708176517644,0.2724604514267677,0.1590377678946305,0.019511166494932043,0.3730483502161421,0.034023833171721994,0.767899324708615,2.064764828882475,COMPLETE,IZ-G
49,-172.19,0.986067786225986,1.4927874854557834,0.37632532616270425,103.31232982639605,8.060824843405186,0.0009924419634283288,0.48031176441153367,0.27571558240222355,0.15363612134012364,0.019603396109890696,0.37645366506138594,0.034186395847822244,0.7707534113840783,2.161341122812271,COMPLETE,IZ-G
0,-164.98,1.3239747406893876,0.7896002151046273,0.3175925084821322,129.29112695431337,6.891486004783968,0.0007133814912444,0.464863392165844,0.1906597543927363,0.0897874731269667,0.0333760432506839,0.0585234552199974,0.0374112577550424,0.7561990457683427,2.455080598902536,COMPLETE,IZ-H
1,-200.19,1.09577308082629,1.4510125976283175,0.41075564340779086,220.34204362662774,67.13537911247678,0.0008755871892442186,0.5179712671012837,0.2627086583263742,0.10926627883245027,0.015179257460482667,0.23863500868792503,0.02937453787465822,0.8652336069299825,2.7610063256056425,COMPLETE,IZ-H
2,-98.97,1.131125691570753,1.3460772573873325,0.321233757295571,141.37504378557202,24.493098633559914,0.0013879057509584933,0.5011711994045253,0.16875342035594112,0.06928199676811035,0.04115913656729364,0.22541995047973146,0.036402469132013754,0.7554304576160696,3.815278377872426,COMPLETE,IZ-H
3,-225.67,1.0948799507597196,1.41387586311746,0.4543752668669587,188.08167489391047,68.55790689765011,0.0012444456568855853,0.44258674213459037,0.1543546530581943,0.14597478171388586,0.02231677309685578,0.25708113631763724,0.03521000391645494,0.739698927754566,3.805004597662628,COMPLETE,IZ-H
4,-122.66,1.302153323022122,0.7186744979201145,0.44686252519481995,154.20815237317117,60.705334219431684,0.000749459898756688,0.5473370683647727,0.21152695074115363,0.1186542718610727,0.03941173214800723,0.1476998385376559,0.02323022638252896,0.7976902057326887,2.3862427198108564,COMPLETE,IZ-H
5,-500.0,1.2853998701754175,1.2701363492437712,0.31835306898142685,186.61108340807056,49.745186477197095,0.0011085173048879541,0.495002466585265,0.256851139221539,0.08750352430560007,0.010107114697398268,0.04381942873558492,0.03953690056163202,0.8884604482003038,3.1999090491080566,COMPLETE,IZ-H
6,-469.44,1.0715374184303033,0.9907870491040262,0.32093842187879035,113.24307305859179,3.373444946456028,0.0014936151507808036,0.5986549117344842,0.3232057493876739,0.06948356306991046,0.021662417977784267,0.25013034242633153,0.03631658082236275,0.8754163817910867,3.233815408932716,COMPLETE,IZ-H
7,-500.0,0.6967551358470507,1.0531972149530768,0.37378023801808924,98.2233794568061,8.892976407552311,0.0005092827585905018,0.4988397384393723,0.26604244685741746,0.17590264256351518,0.0348769241127324,0.04153073790519378,0.036318222206485826,0.7221978532244342,3.438656639781961,COMPLETE,IZ-H
8,-106.57,0.7430121264569721,0.9386856230238168,0.46567239692507284,218.5775337616627,68.57727685122902,0.0005811704599962955,0.4229413028172777,0.3375091953849306,0.16911373542236235,0.03895008799155334,0.1508844681062693,0.02900438168663719,0.8793967402348838,2.6569690701961175,COMPLETE,IZ-H
9,-283.18,1.1924728263629263,1.4859633243814476,0.42925885971843813,75.41656334613772,45.16578153837378,0.0009308412823616926,0.4833229878463895,0.26677294428528414,0.05520521383434926,0.02523944016341724,0.12216967552819363,0.030215392970655394,0.7912177908753487,2.6311628504868665,COMPLETE,IZ-H
10,-299.84,1.4954165283089924,0.5199402984620941,0.3852937718342217,155.9975272508774,25.5357282552117,0.0014571917463437386,0.4022617872660899,0.1539231454503303,0.19667441472173192,0.04718649864517963,0.39331020748848655,0.023370825989650887,0.8335554861667879,2.075665328894763,COMPLETE,IZ-H
11,-115.7,0.7210977883855223,1.1843730775580172,0.4945652222855087,224.8315129034753,28.53206660617949,0.0005004664170330835,0.4068551104934921,0.3160054953710121,0.14048815460779002,0.04978345438571463,0.18259236292478306,0.030912408562914762,0.7036370273138984,3.978621701804859,COMPLETE,IZ-H
12,-191.89,0.9253015314022214,0.8948077425972627,0.35936194069840643,190.87584141481838,33.69558348194922,0.0011914463129515805,0.5525841754056056,0.3408636178254428,0.16086904220982828,0.04188486874040451,0.3280968419094738,0.026636003361958576,0.8381640237413797,2.996892411401416,COMPLETE,IZ-H
