number,value,params_c1,params_c2,params_c3,params_inputWeights_max,params_inputWeights_min,params_interSpeciesRate,params_keep,params_noCrossoverOff,params_probabilityAddLink_Large,params_probabilityAddLink_small,params_probabilityAddNodeLarge,params_probabilityAddNodeSmall,params_probabilityWeightMutated,params_threshold,state,study_name
21,-219.98,1.2767495969617952,0.9721337435684597,0.3237380505041253,149.71082391071494,11.990237500494176,0.0011472069401473797,0.4576298154756046,0.34971191929346707,0.1436303926670971,0.03598768835672551,0.020256232584576025,0.02680256393449824,0.8434294150661151,3.219863584258202,COMPLETE,IZ-B
22,-246.35,1.0030704970633801,1.053641984988741,0.37243464011713023,132.00587331474287,4.882600406559614,0.0012927464039590264,0.4235531697955784,0.29683846111199264,0.15128098462778058,0.03149849367549831,0.052211501251830654,0.03105648936964199,0.865102841118516,2.6531261420448464,COMPLETE,IZ-B
23,-223.95,1.3956614563607315,0.9484881988665522,0.41706012958192845,102.17078765361157,21.30808608613168,0.0014943021634348937,0.4807779394459415,0.32836726978385294,0.1605186824399489,0.01642766080350603,0.04950005763920044,0.02318291446508142,0.8422751495674757,2.024970705194813,COMPLETE,IZ-B
24,-130.06,0.7772596537830609,0.7588079607986106,0.3139235110879216,127.65904023462964,0.3072068754324011,0.0013768535663457402,0.4497954235379971,0.27721995594031845,0.18229830622291673,0.024778485738973385,0.04764925137902064,0.02461406405508648,0.7776176165077701,3.027858085570397,COMPLETE,IZ-B
25,-451.12,0.7010822076329927,0.7734701185370769,0.3383536428680437,197.82368399355528,0.3654653407372277,0.0014123626582700259,0.4451546133961174,0.31960697621880463,0.18940838094638593,0.0244492021228793,0.10444335217009484,0.028385355508002905,0.7797219834721744,3.0087671845339807,COMPLETE,IZ-B
26,-144.04,0.8172923743169085,0.7099979348163001,0.36250675664296017,123.60338893293796,14.232136922814988,0.0011366180068190202,0.4175615763787997,0.29567844944783184,0.1749481808161667,0.03103480942172931,0.16077335072780846,0.02554160938212824,0.7825014736630092,2.7040749026834843,COMPLETE,IZ-B
27,-137.32,0.6267582229380297,0.6099602830892482,0.3167868535585606,152.02158044538476,7.000481405353843,0.0012505406180807973,0.4481699416559605,0.27234643320220786,0.18155684300514727,0.03932168572288939,0.07006666935600647,0.021425153136063302,0.740636940645591,3.3813835704262294,COMPLETE,IZ-B
28,-251.62,0.7835920620736286,0.7437089852318856,0.3415065107558196,103.04939604244336,3.9468175611663505,0.0014163347849052296,0.4748812246119586,0.33669590570734215,0.11854022697200504,0.029199350413720796,0.0428292484148563,0.03111956489217417,0.7662951312257004,3.7783491879738653,COMPLETE,IZ-B
29,-180.6,0.8924616627036934,0.8831289638659747,0.4612605844795905,140.91661496766193,16.628108776340454,0.0011336056326726812,0.4000294756933915,0.27132916095070886,0.1354439247571163,0.03511940775417485,0.08364462415050598,0.022617053070166267,0.8221212018024534,2.526400117146917,COMPLETE,IZ-B
30,-161.63,0.7251354625216976,0.5885478046360795,0.3868793104634576,89.34544203456002,11.379796321377944,0.0013715326081567786,0.4228369455019748,0.3494730789473945,0.16280160410479577,0.025620246742028365,0.11481634481326082,0.020032640407851635,0.805263811674119,3.775910232240947,COMPLETE,IZ-B
31,-500.0,0.641844358567853,0.5998386028562054,0.31331061296433393,154.34238133770998,7.610327273678581,0.0012666394423422312,0.4441158552949228,0.2710443501689722,0.184432202268091,0.039860749779529754,0.06763406869272859,0.021548818293013545,0.734418037600453,3.376043456594176,COMPLETE,IZ-B
32,-500.0,0.5137546916117409,0.5624656534343615,0.3352568633569701,165.86122194135098,14.015809015696979,0.0012295056574470756,0.4470870990369778,0.22749520438305498,0.1959377891693132,0.040764089056730804,0.07469895401199891,0.023948992321600096,0.7389369106562681,3.016318899366739,COMPLETE,IZ-B
33,-134.35,0.623769286350899,0.6663967644383446,0.3158436624474605,147.12650245459434,3.6701926962319864,0.001053040580112456,0.4295645673498372,0.25391578382680735,0.17724319834333907,0.03799782124849768,0.038568003798191336,0.036033824033336735,0.7167379386300032,3.3934854481241854,COMPLETE,IZ-B
34,-89.16,0.8514892006575854,0.6756084729246783,0.3506721552065296,127.53118572850889,2.686191058359915,0.0009891103820908625,0.42894134359199304,0.2515706344970521,0.17268588790177397,0.030307611906004363,0.021336596903706286,0.03618512537635369,0.7109078636939145,2.8587329151827565,COMPLETE,IZ-B
35,-167.6,0.8579606224014796,0.869129204720732,0.3513797590975515,128.3532414517604,1.2374085529751437,0.0009564267665100212,0.4117317438673458,0.24432087542911599,0.16795435201270217,0.03009868920352006,0.020992242243719622,0.03946446551918811,0.7188045879545264,2.500978679621348,COMPLETE,IZ-B
36,-139.48,0.971553151955889,0.6734387094219689,0.3791852471016627,108.6213513089649,23.526401774935565,0.0007431682044312863,0.4573760521930276,0.22914164642438223,0.1537374923747855,0.02222707751117107,0.05176922289917218,0.03667038804809086,0.7960108905062127,2.7917814410265405,COMPLETE,IZ-B
37,-166.57,0.8633413904593614,1.1417920896356641,0.34426153984394514,189.29999538204575,34.44441368179786,0.0009106137571797567,0.43524390697682597,0.1699354200283486,0.1411079971946151,0.03380656809887996,0.09631378539241703,0.032542773860685215,0.8309792582766066,2.8695632209814175,COMPLETE,IZ-B
38,-258.85,0.7730113097282844,0.5023983452355725,0.36141562038946473,139.03095519718727,10.020001020167989,0.0010046634691806826,0.4123100277680141,0.2979370582263492,0.16946873354907105,0.028875529524051785,0.3997157464990413,0.037621326385542525,0.7016322884812705,2.2979640286288614,COMPLETE,IZ-B
39,-186.37,1.2097391776219126,0.7955209713355251,0.4010263753025373,121.06787569254158,16.088871738925405,0.000768076219224061,0.5555782539280985,0.2622013383498663,0.19984037996000115,0.04280094713031812,0.13440871561944237,0.03453841226832034,0.7691262566529451,3.119154659038761,COMPLETE,IZ-B
40,-156.35,0.9827859714421928,1.2775303537394895,0.333472297780014,111.10085898614655,26.18707008485231,0.0007004224061633394,0.46934107599960384,0.28330107142470945,0.17266828581235785,0.026812383601450454,0.038066854756550646,0.02769895421359517,0.882353162852331,2.1983327225706875,COMPLETE,IZ-B
41,-150.79,0.5947709979419944,0.6538934534896544,0.31016098078979154,143.2270401100425,4.381438559958383,0.00104155713386608,0.4249167797230723,0.2526973888397523,0.17827446818949735,0.037473306191635664,0.033363921182587845,0.03516462973172948,0.7202596993815014,2.77079135127791,COMPLETE,IZ-B
42,-191.5,0.7370548895693058,0.7512176114252662,0.3160644346375775,172.283587166442,4.105105587887003,0.0009200192597647093,0.4345405532005742,0.2188438928635486,0.18691131091218358,0.03707155798447309,0.06398634071589378,0.03640061959912074,0.7162287671373007,2.917513854534082,COMPLETE,IZ-B
43,-161.93,0.8413814279681372,0.5525874700504138,0.3620896141433551,125.72665514676807,0.32125554083304575,0.0010875414830528753,0.42807461849212214,0.23595511953622753,0.15941620996632308,0.03162299439821676,0.038914725853803865,0.03230120767905363,0.7099094212284385,3.049011157178793,COMPLETE,IZ-B
44,-102.65,0.6726647409611468,0.7172591766903086,0.330142251371421,146.62419336344018,4.243131608421818,0.0008270350075468035,0.45466743877165544,0.258602088823319,0.15643266817385018,0.04733203887233676,0.3125714816720336,0.03444631200280248,0.7524600063572727,2.612299499553293,COMPLETE,IZ-B
45,-159.13,0.7477327857213361,0.8698367606357571,0.499890067628458,136.31451382300867,60.13421583711261,0.0006040464968120374,0.4925720444515925,0.33900097729389556,0.15463228501747892,0.04985221799435005,0.29330971564939184,0.03447092755199026,0.7491244017358862,2.43097626061041,COMPLETE,IZ-B
46,-178.32,0.6799855893417208,0.7244269168718686,0.33177314552206566,128.5306294254134,12.490592828441624,0.0008339964129757643,0.4565341117320873,0.26235047309144044,0.1640875099026124,0.04765015971459971,0.2976216303746255,0.03747726410235319,0.7881299125455998,2.585307095266214,COMPLETE,IZ-B
47,-322.76,0.5045669794742282,1.0140588201370606,0.3530424312524503,161.52943152659188,8.536386696639246,0.0008294797589375567,0.4517012394696988,0.3153389952717628,0.14115413813598,0.020518326674797645,0.24541788360095168,0.038557363980361324,0.765786081431945,2.739819717563532,COMPLETE,IZ-B
48,-161.82,1.3955238848139724,0.9132214021532721,0.3010792238993854,146.22153053796308,19.42361407844311,0.0006246568673577673,0.43928636480715333,0.19968484797868868,0.1301116175681919,0.04439254988819335,0.3262908295628192,0.03333864593768298,0.7442170540033508,2.597375419351562,COMPLETE,IZ-B
49,-89.42,0.9333005270342949,0.8289007021143033,0.32732561939018306,134.35324526214956,4.829541907675791,0.000878680446739313,0.4110826023811734,0.2797015352374117,0.1474142414101812,0.02717502443359596,0.19811698570461334,0.029809896166637193,0.7574862541841935,2.831613570879068,COMPLETE,IZ-B
0,-168.8,0.5039957479861152,1.2976364887269007,0.403491949341825,94.13181639611471,11.01121098070742,0.0013645534337652,0.5107447944734257,0.2126629793435747,0.1785284797177815,0.0207485217476782,0.2791046463482918,0.0265084996814204,0.7462621571967982,2.1358167665862893,COMPLETE,IZ-C
1,-179.49,1.0717327062663418,0.6437879942601242,0.4717738443926085,99.17658172209057,8.07391141747896,0.0005986556614829418,0.4819983546504639,0.2901849330393701,0.14473843628225838,0.04259611094221402,0.17598940731650617,0.03700756440350379,0.7990411701105888,2.315610259819178,COMPLETE,IZ-C
2,-379.99,0.9234202867222028,0.992412081827677,0.4231919879647233,205.80607655917828,54.05673924700061,0.0010221274198991518,0.5565730895575568,0.22913111092132996,0.15294984593684074,0.01951345945718774,0.2024350502089444,0.0235754225765379,0.7640854560724375,2.6399227608405162,COMPLETE,IZ-C
3,-319.55,0.8968826118441754,1.0562751028427897,0.43381686591948687,207.19200721686946,48.2708005853502,0.0007664597783140416,0.48540944355681676,0.33471546998838864,0.08561283154132071,0.01719333359814065,0.18981528746987444,0.028143742541407314,0.8424160750548104,2.4038614834563843,COMPLETE,IZ-C
4,-167.6,0.5712081184596095,1.0199075185069761,0.3071634491373172,202.78777919697137,24.56276492386334,0.0014473268982521529,0.5683122139583208,0.33964305458264826,0.16061346354185202,0.01833923196290334,0.07399106419000719,0.02495621002654776,0.8608272538845755,3.4396075999923843,COMPLETE,IZ-C
5,-242.67,1.2548439860027019,0.7126102098466078,0.4528030422310991,223.32620604861006,31.94252425806276,0.0005457349103852595,0.4201458358393356,0.24150319292794942,0.1362192036965547,0.02530146109209083,0.39415601605432765,0.032673931279304375,0.7779985164526252,3.0039255513640004,COMPLETE,IZ-C
6,-114.89,0.6890157194290053,1.0290765490977438,0.418614464946021,220.82830686259408,59.572247796205076,0.0012762007762573263,0.4113150444050706,0.31659342101302135,0.07814238947791391,0.03307421215317186,0.10637272192591521,0.02331396873206615,0.8162124894853121,2.142142338696516,COMPLETE,IZ-C
7,-218.98,1.0615772391805671,1.140443193597459,0.36872773379950086,133.63594186321473,13.916535106837946,0.0005333698794190589,0.48689160711302193,0.1924169287422263,0.0858433537402524,0.046317346891389936,0.15325820686859642,0.037878189425434715,0.707747313325772,3.3165978242590057,COMPLETE,IZ-C
8,-108.14,0.5644979453129004,1.358299584930528,0.3019612927805768,161.04680389698174,26.960396580144153,0.0013883044100578214,0.5142077847369035,0.33993798647513135,0.11227114662593674,0.040505102456847575,0.04231902530506987,0.03664716669142514,0.7172733189281248,3.714524680095463,COMPLETE,IZ-C
9,-183.65,0.9680889422651876,1.366603646167707,0.37672916029871595,76.81358186592304,25.635370947585816,0.0007026191763367925,0.42011868931641905,0.16811347449313035,0.17577603821869953,0.03508914082455935,0.12625510062546536,0.025753417953141768,0.8597216808979279,2.073489682946289,COMPLETE,IZ-C
10,-342.09,1.3602678270085078,1.4968599943482042,0.31589433567395997,164.22536699449324,72.35529400708353,0.0010870848080808638,0.5957102917744627,0.27175445593624764,0.12240240235241083,0.011195406480690916,0.022334451125187522,0.03203397385278434,0.8952497766889003,3.9003329931968764,COMPLETE,IZ-C
11,-122.85,0.6333301088791177,0.795472308382897,0.34580232705724223,163.79778543157983,74.44058289446214,0.0011962757708835127,0.40120521974198753,0.3059879600327509,0.055095483307173516,0.03536799341639833,0.02001900127060115,0.02081983784741772,0.7019211780571196,3.9647773395210373,COMPLETE,IZ-C
12,-92.78,0.723802150279231,1.23780586642908,0.4968761199023195,172.05059201503366,48.17872782280851,0.0012899547348038634,0.4498044050463387,0.3175906003273276,0.10352408295402521,0.03468043909947909,0.09625437867131073,0.032105656783878264,0.81695913591271,2.837555348491292,COMPLETE,IZ-C
13,-198.36,0.7379854128875702,1.252671528372008,0.4989727127768413,171.8971264397444,40.58070013503049,0.0014686196669305876,0.4493359174395772,0.269229214487294,0.10803802608222177,0.04077077612149259,0.07887778207699739,0.032793930518826675,0.7355056635698101,2.8713232428111373,COMPLETE,IZ-C
14,-489.66,0.8020783620423398,1.4868339401264816,0.33911003196955747,139.43183877995597,41.25255956303095,0.0011827117985140944,0.5222095965749887,0.34434509305507266,0.10013947957024513,0.030544776092976168,0.2382183182571004,0.03979438445942568,0.8099042489944963,3.6086609598676986,COMPLETE,IZ-C
15,-129.46,0.7958706397092246,1.217194367051693,0.4928446894823227,181.31807469215693,61.29763695735747,0.0009105932451485669,0.4450890833871347,0.31046039046962,0.11795754672239687,0.049666013811195675,0.06318066073210755,0.03483759549462647,0.7316616153351622,3.1233000780561384,COMPLETE,IZ-C
16,-150.88,0.511912562321554,1.3747960397681418,0.38866949259760786,140.80145029836348,2.2793508919615597,0.0013150307879955542,0.5289999045292865,0.27837723540401016,0.19670617177188454,0.03964882623622446,0.12064915777424552,0.02956241701974758,0.7824211133978723,3.68062500703823,COMPLETE,IZ-C
17,-445.02,0.6572937819543263,0.8640287800783146,0.34931606229673634,189.10389386267087,35.33945313661682,0.0014967755617922285,0.452540719890039,0.32276698367353995,0.06260386879917827,0.028122393666405465,0.29701726456095473,0.03594381766549366,0.8899520410449666,2.8169256941788605,COMPLETE,IZ-C
18,-265.01,0.8200206050236828,1.4003658544299034,0.4621507057272155,150.04167065030475,21.657760498004567,0.0011979060099506658,0.5077642245426063,0.3488187488087404,0.09678100771350527,0.037162411983393456,0.05887972752979012,0.030355121235171763,0.8321002995429877,2.567334075877418,COMPLETE,IZ-C
19,-109.66,0.6125642359570274,1.175655965090912,0.4425126689557571,115.48532642101868,50.79067315958261,0.001373875481857077,0.4661027489185966,0.29713555452897206,0.12796289677440567,0.04409616471132075,0.10329002384607179,0.03409737506539085,0.7512903116469266,3.2166545521736554,COMPLETE,IZ-C
20,-292.35,1.1305893433201508,0.5378832182438733,0.3312912169997947,126.47669424559999,17.999712528285215,0.0010467888509957275,0.5466566106726216,0.25301073388945367,0.06673887478286039,0.025107167165311774,0.15314702324790436,0.03994889855583525,0.7883998219420224,3.695933136892456,COMPLETE,IZ-C
21,-178.1,0.6049800024359141,1.1645904547769204,0.47634204202762825,95.85738557041034,48.24109850041853,0.0013786995514609736,0.46676488747555034,0.3010042271866951,0.1317119293122138,0.044061037570018946,0.08793490056750453,0.034607628008128964,0.7235960379920088,3.1983817314168914,COMPLETE,IZ-C
22,-204.97,0.7278105898289448,1.1214367966377679,0.44485710462234934,112.87528175842883,66.05932138735568,0.0012709900147828484,0.4359031474603819,0.32559107370087426,0.11368053533822055,0.04849462309412609,0.044910751911345685,0.03419054671147806,0.753465309879777,3.4271720028344825,COMPLETE,IZ-C
23,-500.0,1.4952086067413861,1.3065077067718252,0.4802885100261124,155.171381617931,49.606701876761015,0.0013860202949425356,0.47024514365765546,0.2932237707514165,0.13099980102195954,0.044089266355150696,0.11947622536924737,0.03746930094933437,0.718200107589336,2.978658251180384,COMPLETE,IZ-C
24,-492.4,0.572797967466317,1.210986687361654,0.39568665396235614,118.26794033938314,39.6070512269211,0.0011489745254202556,0.4969623829329774,0.2867270738550775,0.10112572742504405,0.03993370378508468,0.14695551713971566,0.030836754415746695,0.7646069120273161,2.672077909296332,COMPLETE,IZ-C
25,-487.84,0.7037755984256039,1.4147164919670654,0.41101743800695667,184.91680828510388,55.87342065167562,0.0012913931656468535,0.4657216896749284,0.32531579308379843,0.1239196216448275,0.03785700433568367,0.09467815682573931,0.02837759990145955,0.7429661954389422,3.2538224023728652,COMPLETE,IZ-C
26,-290.63,0.863059364296106,1.305888015363964,0.4392830483741734,153.24350390272596,29.305345429046458,0.0013965364695943338,0.43791258611506134,0.2593552740890343,0.08864625193206559,0.03345458313840902,0.03582843679465212,0.035981264864621464,0.7162143199100438,3.5210177015896402,COMPLETE,IZ-C
27,-165.62,0.558561220877959,0.9317963087112066,0.3678721638873875,175.3053229805809,45.67077532113115,0.0012464338654379066,0.5365888714996042,0.30811347671181,0.14531645411053587,0.04632080135517446,0.39515644077996204,0.03345080565399241,0.7658460999280798,3.0601202518738004,COMPLETE,IZ-C
28,-373.39,0.7495659082343388,1.1010815183246876,0.4884534173410409,192.4963759002373,67.5668032410961,0.0009524288891299346,0.5046736210588203,0.3309566860708655,0.10760611413671031,0.030937395222760247,0.21127195816130123,0.03146341789412414,0.8224446899569234,2.820576278771474,COMPLETE,IZ-C
29,-211.23,0.5058976223942954,1.2676909629156685,0.46426136671925466,77.08492670738573,34.50758013201069,0.0013443522969242986,0.5187178885424356,0.2995057000473335,0.16369368966236117,0.04164082515997702,0.3064908814795856,0.03888068037632198,0.7502827229384729,3.7845473242696905,COMPLETE,IZ-C
30,-500.0,0.6422780760367442,1.1864081050839226,0.3221539231284148,107.04788923115643,52.865730051864986,0.0014075447225598346,0.4628351747336187,0.28214669462367675,0.13741170633558733,0.03779557734472213,0.2442933428776889,0.035535963691038897,0.871297315959205,3.323712445032114,COMPLETE,IZ-C
31,-206.11,0.7068070815618728,1.064449080926395,0.4137625950539609,197.22413062017557,58.845259878040395,0.0013109535869895662,0.4003083467023607,0.31574858661341604,0.07604555585770195,0.03223613971055388,0.11208401381002941,0.02104418117037206,0.8119954327549744,2.1875866402043567,COMPLETE,IZ-C
32,-377.09,0.6650246860449014,0.9725270060866255,0.42637074382017626,222.18826350987757,63.24203377932543,0.0012553018713942065,0.4206315847712273,0.31868176367566575,0.07294439086587295,0.03489092879321892,0.09512681791758218,0.02364708602674101,0.8002860982700536,2.3586283112857007,COMPLETE,IZ-C
33,-300.86,0.5960563001587931,1.3177891359267153,0.4530366134420728,213.78230443627933,56.37146219833286,0.001105067828060284,0.4315292700058217,0.3486351721838336,0.09262745796636143,0.02890687207672804,0.06267697451351917,0.027447712111296953,0.8393714767067493,2.2019203683679054,COMPLETE,IZ-C
34,-103.69,0.7775565848054478,1.0748981578697347,0.4216571460620329,86.8341957127608,6.755787931817192,0.0014279575593900817,0.41502799091140485,0.3333863198093013,0.08220216430254959,0.04314890775728721,0.175702782092443,0.03694951203976467,0.7934735624903725,2.011138922472954,COMPLETE,IZ-C
35,-152.22,0.9635893496216085,0.9186313433453415,0.4017116616936703,84.07077479540756,7.745291507579697,0.0014437485629581026,0.4805358236378201,0.33791580078307926,0.10946377921749821,0.04381764444709409,0.16856273821885775,0.03655436095438668,0.7922939682517585,2.4992776403691295,COMPLETE,IZ-C
36,-198.44,0.8502563210270995,1.0895027489596139,0.3578950117146192,91.04263743445912,11.599891017239898,0.0014200165058622938,0.5768441554587715,0.33482237730834097,0.14604754521122834,0.04519350498724214,0.20301944082620957,0.03828220429166016,0.7758489674558618,2.6672144968092217,COMPLETE,IZ-C
37,-94.56,0.7727809228506227,1.2504443314440628,0.4293913419515402,100.8316814107445,5.350851740262762,0.0013518412066948172,0.49446360689259494,0.20855642503621805,0.12459016755005722,0.04801715606317448,0.17216231405398758,0.03406785258638519,0.7385710548428579,2.0220955444091318,COMPLETE,IZ-C
38,-474.36,0.9003318098951889,1.453382271511972,0.38649375144682646,103.45108276300876,0.962935910713008,0.001490880266890168,0.4993020396656669,0.15539537587068947,0.08218751361092336,0.047814747569844676,0.1764024782888223,0.03699193028206819,0.8012548343671131,2.028113364344621,COMPLETE,IZ-C
39,-496.51,0.775389320991534,1.3364732092423872,0.43137135589207587,87.46199293010173,5.546151097454084,0.0013373644217722397,0.4854165259987119,0.21039383888090935,0.11598243330772748,0.042106730470092245,0.22754382307264018,0.029412882454304793,0.7298412153652409,2.270789594717502,COMPLETE,IZ-C
40,-423.82,1.0624689649303194,1.2592008541338744,0.459935949936653,128.17285808639605,17.007400302974055,0.0012324130802785318,0.5568147549711118,0.2249363395826682,0.10199715438974923,0.049950227224921304,0.3469844923795383,0.03288594602206454,0.8526180980074483,2.4232037924945145,COMPLETE,IZ-C
41,-400.61,0.541821232237732,1.1581521189771256,0.4448755857697007,99.83295375179799,11.070320905731709,0.001340876549000955,0.47771481220199424,0.1896482242706421,0.12680290100115443,0.045559611332046536,0.14203685577726505,0.03389432663406039,0.739280964301413,2.026709861577944,COMPLETE,IZ-C
42,-483.98,0.6325976170032241,1.2333885735653702,0.423292742824634,121.43176547319348,3.7835413887027647,0.0014361064774641597,0.4938480002164233,0.23390380829896312,0.15421486486832342,0.039427109486358754,0.17076186390674772,0.034828611605400565,0.7576907209603678,2.267121825641751,COMPLETE,IZ-C
43,-481.49,0.7614268122669462,1.0353221532244148,0.4712181846411642,115.5024957165895,25.574206693942553,0.0013730779593003357,0.4541979532530657,0.1863687290619808,0.119840483011984,0.04352161104296202,0.2571196922942624,0.03175825998460265,0.7087088147964048,2.116833690397479,COMPLETE,IZ-C
