number,value,params_c1,params_c2,params_c3,params_inputWeights_max,params_inputWeights_min,params_interSpeciesRate,params_keep,params_noCrossoverOff,params_probabilityAddLink_Large,params_probabilityAddLink_small,params_probabilityAddNodeLarge,params_probabilityAddNodeSmall,params_probabilityWeightMutated,params_threshold,state,study_name
13,-314.32,0.50651145589205,1.1928176677518978,0.4892966130419108,150.5542995509988,17.095479317146435,0.0013429981341755428,0.44067035569636487,0.21410276931279867,0.19516629066338043,0.03172420073095407,0.19239404222514012,0.033091415977225855,0.7775921346808657,3.6521870713398945,COMPLETE,IZ-H
14,-101.73,0.877737771365692,0.5169581258103875,0.34986386407647463,204.67585351299445,44.23657594943514,0.0010010108160847188,0.4348096561150092,0.3023317945622817,0.11773626636457717,0.04266491242299608,0.31707917718302536,0.02652359357240836,0.8280376847043721,2.0811929405368557,COMPLETE,IZ-H
15,-218.63,0.9225786765030274,0.502348671774896,0.3463026294308793,132.12197145442946,41.558500376559316,0.001032387086304467,0.5306810969655226,0.2964190208721516,0.11770850379569797,0.044970140094862644,0.3094441448085458,0.026137438592178108,0.8206903207974441,2.252209766088239,COMPLETE,IZ-H
16,-500.0,0.8901160071761614,0.6477245513926881,0.3404254993354995,174.0353490572569,55.935226046040256,0.0013301410194798326,0.46412265984083767,0.22927429828065016,0.0870443813475304,0.04331355138726889,0.34500290659548893,0.02086198316746348,0.7540170979406162,2.9422245858668274,COMPLETE,IZ-H
17,-267.1,0.8325599409709878,1.2946705858193264,0.30005340590445645,201.01129207859947,36.52026265027714,0.0009773379047140623,0.5875882066741339,0.18168198388541604,0.05747310970252782,0.028408221638463748,0.28531884932548524,0.033170292980729855,0.8117850264307136,2.0277455051602256,COMPLETE,IZ-H
18,-203.91,0.5719499694130336,1.1105418135772316,0.3891461049919268,164.82207449893943,18.000345818387355,0.0011600093674086864,0.4691943480295253,0.2914930147663728,0.10055625668536064,0.03754298167238599,0.3840037715990164,0.0398628749938208,0.8493690499311053,3.450083666013394,COMPLETE,IZ-H
19,-500.0,1.0418304310786883,0.8502871698480796,0.3437876193810021,134.73238305620447,20.865747540428085,0.0007817918597322702,0.5704928469724295,0.24542566200204055,0.13271307712523042,0.04901708498156035,0.22695989728717433,0.020331125449309387,0.7785853256999954,2.9024248361055793,COMPLETE,IZ-H
20,-207.75,1.4779182448826402,0.6089782572925375,0.36618541953594086,95.03021793265398,54.97676454992484,0.0012880542432374567,0.44160059461747525,0.18607532679753694,0.0717496017969039,0.042508602556173725,0.2861046723841695,0.02685130857176256,0.7049349914826699,3.2067665740776308,COMPLETE,IZ-H
21,-500.0,0.7408296140944004,0.9474607338335334,0.4708086567491835,208.21076359433496,72.68754487144653,0.00061937088285008,0.4186769132445033,0.3463433273428408,0.16338597817366554,0.037212954642950095,0.11361047156725704,0.02847760795166819,0.8992057496067872,2.2623783850325747,COMPLETE,IZ-H
22,-136.86,0.6426712760191664,0.8098938060386875,0.41200352992876155,209.82381610881072,61.23091535090518,0.0010739868373032533,0.425690429384569,0.2937187758396137,0.17879888617114278,0.03838101622845634,0.18613837657040433,0.023800624927383086,0.8591986541788699,2.5731485541295633,COMPLETE,IZ-H
23,-171.34,0.835406952535552,1.3848369507181637,0.40360390811218955,173.30713740007366,39.91050882044174,0.0006373393104676252,0.4229370562149204,0.319614358836226,0.1300598597380668,0.04577615458949393,0.09225823895943353,0.032507303230180334,0.8829487456083972,2.190998492075358,COMPLETE,IZ-H
24,-252.09,1.0166194520580987,0.7282171131462088,0.30824594734059385,204.59513239982653,47.83649003727497,0.0014051605099606216,0.454267593259241,0.33846550041008955,0.15968650063808906,0.04059879654818819,0.1499745429245471,0.025287413519830427,0.8256856880796855,3.991515844359638,COMPLETE,IZ-H
25,-196.71,0.7889697998204426,1.0491330292504206,0.33926755482345167,192.6271641272474,30.44533727709837,0.0008783253113284655,0.5104938790505948,0.2805652134008214,0.07371130920726257,0.030781484756778978,0.22242469831159867,0.028564085753814486,0.8487209606326448,2.7347443395177455,COMPLETE,IZ-H
26,-393.65,1.198596236817768,1.3357355929011345,0.4376096494140964,215.90314157428116,11.950673712324608,0.0008428580394961689,0.47958254870655703,0.30920396601883987,0.10510922770940732,0.03579591940107197,0.16035295491939158,0.03154078084437288,0.7589023571991934,2.4558479613147037,COMPLETE,IZ-H
27,-118.21,0.6368503322654004,1.170959033665771,0.4581388266531771,172.1715247586791,74.16748062491766,0.0006125251331075921,0.4154304274632378,0.33530383337523617,0.14887676329475824,0.043954066741920005,0.3501480328696269,0.033951266929064305,0.8055365089728622,3.5183245631604048,COMPLETE,IZ-H
28,-232.47,0.9978006122492246,0.5805215131901575,0.4738298515851268,118.12075296969255,52.80561080434813,0.0009985235917572047,0.4308141697184717,0.23683433615753688,0.17910818871587558,0.04075169119410579,0.27874334748887863,0.027717324724514734,0.7759996151067561,3.103902122763898,COMPLETE,IZ-H
29,-182.26,1.1889466565333402,0.7204636499032185,0.3265480997961253,148.3310871677952,24.223699226037198,0.0006870215448686557,0.45665524425852216,0.20260001041574638,0.09174581347079128,0.033702684855084784,0.0795080437262721,0.024813986983958584,0.7295551342449575,2.3745697688553054,COMPLETE,IZ-H
30,-197.97,0.9766490316445453,0.934327011050486,0.3576008726082479,197.05570681355178,0.49227251357035584,0.0012066158511006648,0.5349191237744769,0.16875051272927208,0.12279166691191219,0.046910987593765274,0.21273670757073948,0.02170466283707835,0.8669147438231868,2.509000108546173,COMPLETE,IZ-H
31,-105.36,0.7394463063446041,1.2268902924406673,0.49575115770573003,222.65117590220407,31.13669149875716,0.0005079083673048,0.402126944336078,0.3140197027160614,0.14543908035394634,0.048956302590794386,0.1834949941418886,0.030554514894853495,0.7048766335620186,3.926373843966989,COMPLETE,IZ-H
32,-128.03,0.8092893001008553,1.2610292978938225,0.48118181522675285,219.5258207606076,32.78775007995118,0.0005762655155027087,0.4008200312673469,0.3088408903820821,0.1671943239845909,0.04773134016226746,0.19878677545044476,0.02946346230754167,0.7193715528508986,3.779293360219397,COMPLETE,IZ-H
33,-140.1,0.6637140159339597,1.3421145906565126,0.46037335723275374,213.8954351185727,14.127812979472658,0.0007162891533366187,0.4359353389951212,0.3267136814785499,0.15334307211787404,0.045131393203833095,0.12737783840751712,0.037722501017199324,0.7488498376422159,3.804123819669526,COMPLETE,IZ-H
34,-99.5,0.7505919164500215,1.4165604854367255,0.4846473063119158,179.8037521933026,61.28147201308428,0.0005612889739542685,0.41264034126396154,0.28369597120889106,0.13754932308444678,0.0392614097169191,0.2576080741469291,0.034489056619809194,0.7651779025639389,2.7818932566447065,COMPLETE,IZ-H
35,-240.61,1.3717727902782069,1.4275359544795987,0.4843684588361066,178.37333113492247,62.06694681248034,0.0008053393997362963,0.44811677352096374,0.27778775419354346,0.1417849042868408,0.04992220166274936,0.2630920827126319,0.03497492546550519,0.7394644880846942,3.691445610978445,COMPLETE,IZ-H
36,-178.94,0.8709774941533686,1.462855122926167,0.49940091186901414,161.24813722329353,39.41990120165666,0.0005488534955122792,0.41040279701887067,0.3019934661028895,0.13304940405434273,0.04172592201577298,0.3105227984259895,0.03779522596698581,0.7691223681752895,3.8907506537866894,COMPLETE,IZ-H
37,-346.37,1.1435928731487845,1.3859374479745148,0.4205923424034927,183.10252327968738,23.150411787760284,0.00065816617222984,0.5010680155825384,0.28558138254323195,0.1141191797465762,0.013745438957710087,0.2467197571793185,0.03576890437953163,0.7952599757667298,3.33194980588008,COMPLETE,IZ-H
38,-148.95,0.5622413454666493,1.23309029114679,0.4445607946974521,140.85503151513387,47.01389142268106,0.0011014551752656899,0.4792529030726112,0.25383232129652183,0.1281060780562809,0.036374907416138705,0.26267454519056516,0.0386045313991609,0.7163383957019986,3.6524423526759575,COMPLETE,IZ-H
39,-121.67,0.787210454194951,1.3255074286107424,0.31164039726123094,198.98821500976123,65.61051023754887,0.0007267639039976024,0.4338944082947131,0.2188468943965304,0.09484641317538203,0.03947970886720085,0.23135097959149492,0.03479152126288817,0.7435980019518149,3.3415029175045223,COMPLETE,IZ-H
40,-112.84,1.2608234779929754,1.1056423106691664,0.32828105984582895,124.50449228837184,43.06332230722485,0.0009193317484268275,0.4134563998425871,0.269824934760216,0.08293285449247298,0.04366042573011207,0.1702595528579459,0.036776466566006,0.7283722140929049,2.8169429090719436,COMPLETE,IZ-H
41,-202.31,0.7427685937311552,1.4948843992943843,0.4687318082702791,223.10355341092676,69.60150763510116,0.0005538820107104398,0.4253390547248059,0.32682819196895485,0.13969011374905807,0.038849860149933524,0.2062777564260164,0.03178732517401877,0.7660241107850525,2.6685023357349285,COMPLETE,IZ-H
42,-105.43,0.7021503100730058,1.385355422744181,0.4798371473316658,212.9160450921957,64.43410338724317,0.0005053265558114279,0.4087168888569637,0.34942525999046875,0.18634288149149528,0.0336281030426058,0.13359932867006505,0.030061663555700894,0.8056663533696218,3.038738513027602,COMPLETE,IZ-H
43,-89.76,0.691782697608116,1.405342759394624,0.4800529953623719,210.08083631534626,56.92986084839028,0.0005019294979809843,0.4089636980067645,0.3473553209143503,0.15198055837071467,0.028818384441593178,0.022062321041331767,0.030273160476638764,0.788278735736381,3.082776695501906,COMPLETE,IZ-H
44,-153.42,0.5917926062895265,1.4288047140357387,0.49245125077707874,185.5053952328334,57.90637223770054,0.0005589627106700819,0.4003510726282607,0.3096860369511591,0.1532523893205667,0.019596690443008928,0.05677615996516192,0.03406824792551919,0.7846139183321791,3.587642776447675,COMPLETE,IZ-H
45,-114.05,0.9505368021320957,1.2461462635304035,0.4537883971663181,205.55053258203716,51.235363178368175,0.0006897678573099613,0.41908162113057723,0.33018695444840473,0.10954341096427114,0.028962431271201405,0.02635777002310885,0.03050486241959714,0.7631871225649195,3.918472553189786,COMPLETE,IZ-H
46,-191.49,0.6791599859506688,1.2905873238166214,0.49653784067459605,103.33998605377421,27.315102575578795,0.0014196604412784538,0.4462210137369768,0.1985944467448841,0.1475870579174678,0.022219184569173014,0.307461984954791,0.02786930135421916,0.7858090796220241,3.117968272368836,COMPLETE,IZ-H
47,-174.76,0.8760078587718365,1.3653179975226775,0.38866463570502646,193.77957842577354,36.17850379046116,0.0005290743064991676,0.5202956107978679,0.1645841582838064,0.06335549823107357,0.023927043162645795,0.3619013942796916,0.03206377992068145,0.7369151609629222,3.7438839097168843,COMPLETE,IZ-H
48,-176.11,1.107677387798698,1.4554578791629664,0.4773360929082037,76.15833114406583,50.5154159688417,0.0006020748551406344,0.4319311347587354,0.3188736461610128,0.12497597234763945,0.01931112617376008,0.33019328931088926,0.038933371896096414,0.8189279414455745,3.892994141813861,COMPLETE,IZ-H
49,-265.52,0.6202242499566346,1.4964489980243045,0.3778065590537227,224.51144079194034,59.06683513762994,0.0007546343520690748,0.49074887411558454,0.3005828589915225,0.15366529469160276,0.026698947422091425,0.24423689735618997,0.0358351627493319,0.7550094345309833,2.1653191913649845,COMPLETE,IZ-H
