number,value,params_c1,params_c2,params_c3,params_inputWeights_max,params_inputWeights_min,params_interSpeciesRate,params_keep,params_noCrossoverOff,params_probabilityAddLink_Large,params_probabilityAddLink_small,params_probabilityAddNodeLarge,params_probabilityAddNodeSmall,params_probabilityWeightMutated,params_threshold,state,study_name
0,-226.7,1.2253283304516,1.3454032976539896,0.4506149342245289,131.17369115325755,2.5509149765967223,0.0014273725893957,0.4597006033557789,0.2589108697060943,0.1374969686807437,0.0302053399650202,0.3908307646300346,0.0352610042482524,0.8051031988242071,3.003578651727345,COMPLETE,IZ-A
1,-191.29,0.7562500975154,0.8543295878905562,0.4149051991310627,192.69221355649535,21.284220258267116,0.0006031999817878985,0.4024157504877222,0.3077896143214403,0.08501771773660294,0.02608150639184751,0.21353256462878206,0.030124436586817228,0.874502442371978,3.4613288441616072,COMPLETE,IZ-A
2,-109.0,1.1143420764829508,1.0683478485337765,0.4869923976397144,188.85995939156993,0.5159883495314516,0.0009910922963640104,0.4328041506708317,0.2949567659100535,0.061979570550264845,0.03484116526047594,0.0788863748748458,0.03726801347414304,0.7922552306530929,2.9911881713888198,COMPLETE,IZ-A
3,-176.58,1.3287279120845956,1.2878330440023253,0.3956996196553716,138.62159959338786,65.99405672222122,0.001351017770546223,0.42238617358051445,0.2643612251428267,0.14653628278196762,0.034013303516248795,0.2940579066439912,0.039130295275941446,0.7803798093037437,3.66271896704577,COMPLETE,IZ-A
4,-133.26,0.798478568145729,1.4619341295373356,0.4435935859608775,159.88687699411605,15.60303725292999,0.000564560714489018,0.5121227238415248,0.16479294256102708,0.12127048618527586,0.03807441270781038,0.0831216423740397,0.02995663579627058,0.8621650106375764,3.7026848419253424,COMPLETE,IZ-A
5,-182.0,0.5377297716472794,0.6342036746976877,0.3272659392106207,79.26858805354848,2.945386549686693,0.0008739128801262231,0.4491044096537106,0.27112316534669434,0.15089694794277328,0.03801107804841324,0.06196068744919579,0.03103257094566582,0.8152658176646518,2.3077355254413803,COMPLETE,IZ-A
6,-217.42,1.2658613024843495,1.044128239669953,0.34366536069423886,149.8445271050137,34.30592238376722,0.001497146950862916,0.4057369017459661,0.3167304242127678,0.1259951437133415,0.017977393925668064,0.3180542940666902,0.03630952135342555,0.8201256815784238,2.1506917119738977,COMPLETE,IZ-A
7,-155.52,1.2860045094985229,1.2253707808698993,0.4983627644361677,128.94943653333866,48.34323344733338,0.0010937533564349337,0.5197655923120916,0.27107466080529774,0.11753335117590973,0.02100444892711436,0.12997253148263282,0.03420247407628992,0.7874490920302367,3.120747534563554,COMPLETE,IZ-A
8,-101.38,0.8149772117155575,0.7821111420624595,0.38548424226243594,92.93286577412252,40.02958596979702,0.0012793124104144927,0.4033146771557653,0.25374199491547067,0.11781149726602294,0.027163761222412652,0.39552632105392826,0.02211200051967548,0.8916871594580429,3.3913180935970657,COMPLETE,IZ-A
9,-210.83,1.4703760441252274,0.8033326848501687,0.3407268335042682,110.31183197369494,28.386275896376798,0.0011991940028873054,0.44311132982011975,0.15265808076190404,0.10513692842224567,0.02773615787246185,0.18709095289262054,0.027115312241398452,0.7158191240810244,3.9419080922114276,COMPLETE,IZ-A
10,-184.78,0.9885936216303011,0.5318441843335346,0.3030947769014396,223.10508254907103,74.52494617622918,0.0008037729616603543,0.5940493704599896,0.20665207266626315,0.17926182796052959,0.048198967572898446,0.38460719095256435,0.021592355394004763,0.7077926303553275,2.6054738301279032,COMPLETE,IZ-A
11,-178.28,1.0372763352479084,0.9894348588032698,0.4920385913172861,75.26362418155905,46.53502040798333,0.0010948021203964855,0.4834494910878633,0.21673221868642412,0.05358725348187886,0.01334971252981788,0.02439507505178396,0.02137649875936356,0.8913165255852549,3.1344598567087973,COMPLETE,IZ-A
12,-500.0,0.9933234584565261,1.0511928636896442,0.3838779791344864,191.68931842738726,47.10482814779606,0.0009415096650324988,0.4243431088007534,0.34610329801900064,0.05343923625902443,0.04527851754978358,0.24584069190887353,0.025121913983089557,0.7596793747029337,2.808076939155503,COMPLETE,IZ-A
13,-177.81,0.7500383425872847,0.755715136792676,0.461430888902283,107.92981499297639,58.20872436046069,0.0012635904250279748,0.47931559155933057,0.22952041558922537,0.08285743033566961,0.04052582022658747,0.1462334884486361,0.03959383758570968,0.8541004258721432,3.3613516586711536,COMPLETE,IZ-A
14,-138.0,0.5660646884881112,0.9275855301658981,0.3802090230486248,174.180586610477,13.18290668394691,0.0010226902568241517,0.4316571403695706,0.2969056835698518,0.19718307365107401,0.024034868199145278,0.3168865472990698,0.024929399293035982,0.7408416383936138,2.5597079345220703,COMPLETE,IZ-A
15,-191.47,0.8723634944602314,1.1275370412723844,0.43126500475449986,224.57728441075488,35.640307873439156,0.0007583100136057964,0.4000454148727431,0.23734075725266707,0.08386156592459118,0.032038534795209545,0.13900408804835496,0.03266452231903223,0.840010485513653,3.3443628312319533,COMPLETE,IZ-A
16,-92.35,1.1062986771901415,0.7483519404958126,0.47167329217239273,101.98654880667691,13.108698270520264,0.0012371974914882128,0.4692625896118782,0.1875634642468128,0.16216798258900433,0.012015669523664667,0.26048469590182377,0.026097966031698522,0.8933181723160188,2.857187634277177,COMPLETE,IZ-A
17,-160.05,0.6383425241353442,0.7047614803693274,0.371329501399444,97.60898465859319,25.64902399959029,0.0012361825756603436,0.549995404830691,0.18976451807681294,0.16628400405962301,0.010608788624119734,0.2684492557601058,0.023878154559475104,0.8973497676149972,2.707498902127371,COMPLETE,IZ-A
18,-136.54,0.9036559464984052,0.5396162176151551,0.4702272234434481,92.67785278346638,37.39955838051832,0.0013506802241614604,0.47196340739837234,0.18528766025577129,0.17049026895460867,0.017137493977679073,0.35388789398954507,0.020081343794386967,0.8763849707333421,2.4004815597536417,COMPLETE,IZ-A
19,-206.81,1.1395957632368434,0.6374201558620569,0.41548111669465093,117.67321821319501,10.165397333608208,0.0011728259723866495,0.5085514574988069,0.24701578303562588,0.19887654341151395,0.01524954687002174,0.35574083887506514,0.027264664986936082,0.8385205393956607,3.5808524525994794,COMPLETE,IZ-A
20,-141.78,1.482455330175195,0.8630646446379159,0.36453203452730343,91.92452369284331,60.961264960435,0.0013427656083358247,0.5406248445913778,0.18925792012242337,0.09704023567784231,0.021556937365997238,0.22201001883669136,0.027385032441796266,0.8802353383122717,3.9885082372058864,COMPLETE,IZ-A
21,-134.21,1.1149400442742539,1.1637286384336205,0.4783893081933824,207.07257294510524,6.559274755570171,0.0010164394421275477,0.45584722263991195,0.28977181183114425,0.06556457719834019,0.03620443695103593,0.17373593996588055,0.023114768600056596,0.8999451565598895,2.9001800383897853,COMPLETE,IZ-A
22,-188.16,1.1175679497932347,0.9282229531862645,0.48119261570201044,172.7692004777017,1.1872982697846366,0.0011299239484484599,0.4297482163686504,0.33658237734030405,0.10543653227056111,0.0417457186834397,0.10662955396877194,0.022573109750546064,0.8528332742874135,3.18290156969774,COMPLETE,IZ-A
23,-273.12,1.3836134855307032,0.6855780901095113,0.4286736102765849,117.92632399839579,20.985371550790937,0.0013051757920774084,0.4940290474453305,0.28159166738004804,0.06978701974077327,0.030693200801511302,0.27475112643312943,0.03785237648443285,0.7427116467589494,2.9999432478830594,COMPLETE,IZ-A
24,-148.01,0.8898235107762231,0.8113327559357448,0.4579358133026211,150.5856692772129,16.798127949251484,0.0010226419439483788,0.41700720609221203,0.32390660566781265,0.1571991396323255,0.010294563899772697,0.3380691445319551,0.025815361279168083,0.8320282692661258,3.2491017233062673,COMPLETE,IZ-A
25,-95.85,1.1735537907894376,0.9352134328252766,0.49865152096338444,89.05207387621566,10.128631702910623,0.0014341237735527208,0.4394409318083832,0.21109610527538786,0.1357037925925193,0.02687653013221608,0.02371491373256765,0.029038878088627797,0.7981785808997124,2.8736674093779246,COMPLETE,IZ-A
26,-210.73,1.18991525712203,0.9360386891334922,0.4990180777054502,84.95984547051123,25.573791158121953,0.001437141063507167,0.4688239280880184,0.208439895842594,0.13509942794453508,0.021675784190778966,0.027603769232537267,0.028972463150178648,0.8620950771747176,2.7620943118532053,COMPLETE,IZ-A
27,-333.24,0.629232901524005,0.7396405069795673,0.4697259084848058,100.52816086756731,9.358057018392532,0.0014085909833715792,0.4446975072827653,0.1712409964401791,0.1376171144587491,0.027556327870623818,0.39743206522511015,0.028730484159967554,0.8852526973809779,2.4718615691886168,COMPLETE,IZ-A
28,-186.07,1.029453589741966,0.6089345369685168,0.40674653372070096,106.33099380427643,41.22558358875869,0.0014958229772395245,0.4138036333005976,0.224542589785056,0.18557637893172962,0.02432338855841251,0.18066473560695312,0.0322995608841378,0.8679817946100531,2.6727004564334846,COMPLETE,IZ-A
29,-246.55,1.2166775029723689,0.8689475527418244,0.4408477444063876,129.6459090263869,30.50270533297398,0.001263246831486366,0.45507485728453745,0.2496403825846014,0.1307127957832207,0.029459621654854662,0.3769599094597415,0.025888757241307122,0.8021147102269666,2.0841491564942776,COMPLETE,IZ-A
30,-218.7,1.3878229923626135,0.7766098520647118,0.4530935813740871,84.40144028311971,19.99612045730898,0.001386572038295795,0.49586265530905665,0.20277696228511877,0.11333385161358983,0.01913137001121535,0.21277860395474407,0.023805133399743158,0.7698659535619621,2.87157813853207,COMPLETE,IZ-A
31,-148.94,1.0662796009013973,1.0342595018050302,0.4865414393723696,119.81977935275802,8.559990734421666,0.0007100826360781185,0.4348765069779386,0.2433482709876765,0.15993501558651912,0.033393439320339925,0.05869096738784868,0.03468513535260097,0.8054793200042961,2.9508551403394887,COMPLETE,IZ-A
32,-257.21,1.1616939525417231,1.095593343479857,0.46988149802949436,88.28691453725175,1.1386350326271348,0.0014388168292094735,0.45983848264303384,0.3035455994186189,0.14396483626921905,0.024382178513640964,0.054860806444170296,0.03668157270105496,0.7896221653397288,3.0280326516328424,COMPLETE,IZ-A
33,-128.07,0.9495052997789295,0.9667846395147166,0.4847027156736636,197.98137148419642,4.300558061669037,0.0012948867808395717,0.4106075018301176,0.2544779370888135,0.17563619449879697,0.029061523970933062,0.09288913975478715,0.033113870127967245,0.7664199100361337,3.5499718357576002,COMPLETE,IZ-A
34,-167.72,0.8035148004744015,1.3757623918404152,0.49960046456298773,141.51888934693937,13.868063545670033,0.0011812011669150367,0.43858959163403666,0.2855143182398565,0.09538167268406435,0.03569052482514131,0.04019659306771253,0.029997408746809985,0.7525965700791256,3.799636309055696,COMPLETE,IZ-A
35,-87.92,1.0850072019818786,0.8696587372619604,0.4435726957224704,100.21317064368635,18.460744872322575,0.000945769974590819,0.42440879743074633,0.17272540268663428,0.14968347027594536,0.04372751997383024,0.07547328341540921,0.03147484297154692,0.824149566428749,3.2920730288624442,COMPLETE,IZ-A
36,-266.33,1.0820973155610376,0.8568725601922067,0.42380711053657544,100.02089681071098,17.51874572323971,0.0006435171017327632,0.42341186289314187,0.17439587985363697,0.15289312585383402,0.04890542376265912,0.11337667698801672,0.031204683932872884,0.8163794344880532,3.389577739230528,COMPLETE,IZ-A
37,-171.73,1.2588967847662893,0.8857527144634734,0.44210163068452796,79.87489760231156,11.647669121698373,0.0008425023648390097,0.41238479646097814,0.16067197268254993,0.14406502839909086,0.04391968115032112,0.29873748894585334,0.027796818904751486,0.8278607004817354,3.4884005147245087,COMPLETE,IZ-A
38,-127.14,0.6956272506997465,0.8102665607008603,0.4044431397100681,113.49908519107755,23.750048099858336,0.000502862947936613,0.4651655013119152,0.19630511302260517,0.12454334251114298,0.01486439757149423,0.07420443991409406,0.03147895029155123,0.8464137293380801,3.264650723994807,COMPLETE,IZ-A
39,-279.82,1.356020676717264,0.6897783497710717,0.35344151675736635,126.00385804790416,43.103316935760645,0.0008957457786618894,0.44718088476803947,0.17937523251078297,0.16306076696240263,0.04018219789759151,0.16146488698251382,0.028589705728712743,0.7768251523378588,3.0646929536108596,COMPLETE,IZ-A
40,-156.63,0.8262392927041744,0.5750367437710695,0.4481805912122348,101.86620360778174,55.29178155699239,0.0009607008043828989,0.4017267936880439,0.1518602556770082,0.13504472212194174,0.012860319411629796,0.23355241823387268,0.02635193069166693,0.8728056080055313,3.7792815564059405,COMPLETE,IZ-A
41,-98.86,1.3049628709016368,1.0176652936475907,0.47469784282517946,139.5884058059769,0.06465550602391829,0.0010785706506252683,0.4235818960162641,0.2665942990725881,0.15053426851050572,0.0368455422658628,0.07413604128677873,0.03370413146525574,0.7986328654920789,3.236703671487707,COMPLETE,IZ-A
42,-177.72,1.3264680958885608,0.9971389927568575,0.47309420067148844,135.7055081657265,5.371890193047323,0.0011317324679243155,0.42278902047121836,0.25983753240310403,0.15008340017015534,0.045789361672413355,0.04576002618433959,0.03365004267055574,0.8013573600441145,3.2636734578993094,COMPLETE,IZ-A
43,-196.9,1.221090196271718,1.202794888603774,0.4649858412846993,92.41687386504644,30.5361585585841,0.0010719590564327432,0.440945604112663,0.2741574163522951,0.14254610706079068,0.042440405134360204,0.11387991325021954,0.030431813396249036,0.8074814580415719,3.444954571366563,COMPLETE,IZ-A
44,-103.55,1.432691576558411,0.8973751206638672,0.4876848407106573,166.89628172947002,5.960469482513346,0.0012284123656973035,0.4189149585826071,0.2208658200132477,0.11595720229532996,0.03691269678260903,0.08598430762809092,0.035398766741878064,0.7809485128666392,3.1712071976990486,COMPLETE,IZ-A
45,-130.57,1.2736769553091958,0.8142625874536777,0.4567052581437391,80.3356510262928,0.23042703369068462,0.0009279316734986365,0.43092799129641074,0.16285973463162362,0.12868756015020616,0.03885521289883928,0.02225901769640043,0.03202497332953451,0.7938113546520627,3.641707375015946,COMPLETE,IZ-A
46,-291.06,1.3009018815681093,0.7289403365451268,0.3157109710067898,147.70445524753035,15.621281021516964,0.0013191039487873949,0.4523618429950229,0.21281256315999436,0.15480539262818147,0.033368216145620244,0.2619601261467879,0.03538284438221898,0.8886956317181326,2.234639629576005,COMPLETE,IZ-A
47,-401.77,1.1645292883579534,1.0123646012348677,0.38901974215463325,105.74597867846722,20.03206538735735,0.0010668120760894098,0.4080372098195549,0.23752013331868355,0.17186309204191266,0.026311247309446083,0.0713700938573,0.029707263221864254,0.8206865811594949,2.834565910924875,COMPLETE,IZ-A
48,-179.07,0.9735811873816291,0.968809363389973,0.49177240922378834,95.72760320572587,68.39120429682005,0.001128247704561526,0.596075007248653,0.1983822132797104,0.1840512312978146,0.04996883018074337,0.09950985029418803,0.021299849684455977,0.8622365485449934,3.0863636003892854,COMPLETE,IZ-A
49,-166.95,1.0771778888392192,1.0802149229541,0.4792525712255459,75.14757613925505,50.233967508961335,0.001470497584859331,0.4275221815063096,0.26445158506057576,0.13908343605343482,0.04635166433229596,0.1254516464260521,0.03355263842251979,0.7189058202424651,3.315625512286629,COMPLETE,IZ-A
0,-252.8,0.849392438257427,0.8742630259573189,0.4720481248347686,139.81091312268842,15.279402194050952,0.0014870670825129,0.5324705688365408,0.2707369289391641,0.0978302527378335,0.0396716428194496,0.0748373609530074,0.0230060845942792,0.8300740311404646,2.1498512992414724,COMPLETE,IZ-B
1,-273.09,0.9949780142962635,0.6389313248785764,0.3413080626648538,195.26721453398818,46.05465741183767,0.0006762719727041175,0.5276342671901131,0.24886952814651153,0.1686095279608913,0.013025552284533611,0.1337132029240339,0.037809082435004124,0.874818678617436,2.2656449984943583,COMPLETE,IZ-B
2,-403.58,1.3318601584365761,1.2153739900857579,0.3930433138170476,209.67623999389974,38.92273072917111,0.000934315272432513,0.5192060981748228,0.239885509485867,0.1590705914186152,0.043609185355135235,0.12487325684534423,0.027351171949773996,0.7969644845554399,2.3996585923964453,COMPLETE,IZ-B
3,-229.24,0.6706285609730809,1.4987053353519173,0.4294124286944162,179.49072229232775,27.198550997061474,0.0007966402213455061,0.505985049077939,0.19356891973166235,0.18065347160139406,0.01999080874180075,0.25227754727560797,0.03329663460115646,0.7107910818425704,3.136281224844119,COMPLETE,IZ-B
4,-311.06,0.5568295357270987,1.241722331176285,0.35524458637570583,118.62967737387868,50.31467130016711,0.0008737533112215711,0.5730916060855779,0.240068377061524,0.06798736440504373,0.044375760834076204,0.2994853749475035,0.03324350070157158,0.8511519346645725,2.8315115559664443,COMPLETE,IZ-B
5,-410.71,1.1784207197293703,1.2078337666665233,0.3701330565197437,144.48351315790802,47.659056875822735,0.0008754754255066832,0.5580547927286945,0.33916285434482246,0.16803788262340041,0.027297905040538938,0.3680209012664779,0.03336890201225368,0.8657132657088984,2.167092064882956,COMPLETE,IZ-B
6,-175.78,1.208621253513137,1.091753233368344,0.40419574661609126,89.01532516824973,32.63210323557174,0.0008352228230983763,0.5905473673487083,0.25647932857001926,0.07620589611187889,0.03726840906111503,0.23363853057835102,0.035167237270124926,0.8131472627397536,2.8786401783522484,COMPLETE,IZ-B
7,-172.44,1.0515242806683727,1.1975944988443241,0.3902177932582486,132.11738797434992,18.967546935448322,0.0005441277004779677,0.5968049958370076,0.15120630420491535,0.14740326693437977,0.01812607872852407,0.3676900752671846,0.028546902569153588,0.7969258763431181,2.5195233200247484,COMPLETE,IZ-B
8,-150.63,1.0568869767270748,0.9737435896262328,0.30445934440202216,134.11472555588432,8.004634483909232,0.0013172410524088366,0.4976489781200124,0.270507856173566,0.14851023062745122,0.01665041864647524,0.04268281417065116,0.023646437836218136,0.8521951087574651,3.1548996106722944,COMPLETE,IZ-B
9,-168.97,1.4602068073961874,1.4508468725714572,0.48341283189969375,101.98168723247191,55.69118141361999,0.0014068788337294796,0.507689769459793,0.2848113961331731,0.05440877214666401,0.04744113451434129,0.06975892749574007,0.024495998568900657,0.7045326161866847,2.345784522422787,COMPLETE,IZ-B
10,-164.93,0.7911195943206266,0.523435278855002,0.301248734076505,167.37131633853,1.3100525333714685,0.0011980657747949093,0.4058548333231716,0.34510759322554907,0.12077764021910667,0.028905899335205716,0.023280254774341702,0.02107239320300179,0.7523815967893774,3.9750852015341707,COMPLETE,IZ-B
11,-131.79,0.8153432625661322,0.5379463955081455,0.3008918899991535,165.87141405557614,0.6124614252612703,0.0012214925920572888,0.412261996994113,0.340310257382522,0.12564173333247225,0.0294233142064581,0.02743858175264731,0.021836947017649985,0.7561933503568687,3.9866111200774355,COMPLETE,IZ-B
12,-184.14,0.9127783952885681,0.8245605075924127,0.30313704611556846,161.07299025844276,0.5333879193412017,0.0012061341866679812,0.44118523019825895,0.3121356478574212,0.13178348317620722,0.027415382853903953,0.023315250767573455,0.020350586316484544,0.7570786534609064,3.978872227147086,COMPLETE,IZ-B
13,-170.37,0.7087554071425414,0.8112026130043991,0.32689461546999754,75.72164780367207,74.2791636979052,0.0012288341397902614,0.4653241549235925,0.30762044585998677,0.11400380402051111,0.033554046255300556,0.13950519398550015,0.02602243749490493,0.8949757618360096,3.561388455062648,COMPLETE,IZ-B
14,-290.53,1.0793398662067204,0.9681089522949338,0.3215851963539295,114.8859977964521,10.9546333180993,0.0010743912800857138,0.4619614693391041,0.21112156746928148,0.1944789083625018,0.010038008823233443,0.0848490057241415,0.02952418512340398,0.7570337593583751,3.511534962831111,COMPLETE,IZ-B
15,-176.7,0.559232402018883,0.6365276822858648,0.3278895649943464,157.2438526057877,8.538586142332658,0.001347845775900159,0.40271177204942704,0.30846226824347855,0.13643844579000752,0.020373018055813905,0.17137849023168134,0.023199458283890827,0.7775578961070488,3.579573569921643,COMPLETE,IZ-B
16,-183.59,0.9337713895321668,0.5207991310516011,0.30485263289111153,221.06506474731876,22.90212401995878,0.0010852247674744988,0.4341594987775942,0.28700231802336046,0.0979927373561468,0.02251914498345772,0.054849413183559376,0.02509403487076381,0.7313981693742215,3.3015398570831733,COMPLETE,IZ-B
17,-175.68,1.1329303671724844,0.6972315550481618,0.34894866519561035,182.9177965470109,6.759614163017154,0.0013099750580187316,0.48386473002298924,0.2110713017101744,0.105821585574681,0.01446779116709254,0.10792323660482266,0.02185368570498377,0.8977552220337593,3.750174467809892,COMPLETE,IZ-B
18,-88.39,1.256363840166984,1.036850201624226,0.3629688771690557,129.30229915350426,13.972780499524731,0.0010502075066036855,0.4299987373544361,0.32876906180740434,0.14782416738778,0.03303899736833217,0.02196645765622754,0.029855327291177434,0.8376065647638007,2.7120777667097213,COMPLETE,IZ-B
19,-156.09,1.3011842335432262,1.3344264309921154,0.4497400671893655,117.14820263050524,29.53159876666231,0.001024709234848766,0.4311844186885514,0.32660193962493883,0.08527201920863516,0.03272908318302919,0.1966036904732118,0.030109552604029425,0.8182161231494982,2.6703169269317253,COMPLETE,IZ-B
20,-164.91,1.4793867179692626,1.0709126328353318,0.3709173332903921,175.97942885014663,17.292073767823982,0.0009769182466744858,0.4168591754159195,0.3248932348688147,0.12662220810683406,0.024373590572002543,0.09229069628282996,0.03900699346647863,0.7310509669259657,2.9620557630035624,COMPLETE,IZ-B
