number,value,params_c1,params_c2,params_c3,params_inputWeights_max,params_inputWeights_min,params_interSpeciesRate,params_keep,params_noCrossoverOff,params_probabilityAddLink_Large,params_probabilityAddLink_small,params_probabilityAddNodeLarge,params_probabilityAddNodeSmall,params_probabilityWeightMutated,params_threshold,state,study_name
23,171.36,1.1840976734339361,1.000371611037913,0.35367709691447746,160.9109255181962,114.45307745537481,0.0011273336736017108,0.46623331762541326,0.2992319830800936,0.14024211931779643,0.04962803816692814,0.24282468126549886,0.029514348179921202,0.7564192958922376,3.600853107878825,COMPLETE,IZ_B
24,166.89,1.132920494552295,0.9692768172822124,0.32772732298011537,154.8060943236665,120.25530227162625,0.0012650650376861974,0.4224520008381349,0.3238150697928562,0.1603070475293854,0.0405768215630445,0.32140958042661966,0.030213240785739795,0.7223218509777976,3.7719958642036095,COMPLETE,IZ_B
25,97.41,0.9917974898505181,0.8146441358219686,0.40701728068702386,142.4081082846778,125.98711106827199,0.001400178532761251,0.4493318562078099,0.3422112512835112,0.14049544543890968,0.04524895278266099,0.23197041218945194,0.03365283080036834,0.7840782228375865,3.498402588546944,COMPLETE,IZ_B
26,200.0,0.9392196412998115,1.04119656163861,0.3904044403659191,138.01860376435832,118.61871063940637,0.0009463028260571326,0.47422739181921886,0.3046549305176237,0.17613059632151257,0.04106057486540533,0.3148581432419238,0.028271520936298696,0.7592254892628576,3.8493113424156435,COMPLETE,IZ_B
27,119.77,0.7875045431242275,0.9968562240307419,0.41925927114580563,136.9167788991633,118.1492674406714,0.0009341420882571306,0.4811921060970569,0.2441083648680109,0.17637296793369273,0.04669549498145544,0.3670784091639015,0.028228621228574204,0.7555248327953156,3.8100899226320983,COMPLETE,IZ_B
28,164.06,0.935290591519496,1.0989692807820561,0.44640359147895,169.10038305483977,127.33069781714329,0.0008342377050084578,0.5974150419656303,0.3012642977524226,0.1993098274793357,0.03996233772825347,0.3081715289715546,0.024474032614761197,0.7231427898489794,3.983337462256381,COMPLETE,IZ_B
29,81.23,0.8066041355932246,0.9412462539512874,0.3941081231889527,137.70680343088256,122.27521160379246,0.0005732369511383763,0.520910983795867,0.2277268606667318,0.1719147224427418,0.03531307662216928,0.3452099905451863,0.03098820540927025,0.7592387684992561,3.2818376899087247,COMPLETE,IZ_B
30,159.29,0.9353324235301197,1.0626639161752598,0.36931832218708127,162.04469505070193,121.55970595037434,0.0009728867930475242,0.4475077450445894,0.32476135783442517,0.14810475148365834,0.028266548154911364,0.30840582308475195,0.02499147266794379,0.7424500091195462,3.5810700620955402,COMPLETE,IZ_B
31,135.37,1.0658053137650794,0.9408521058671252,0.38197047339996515,153.75547575293967,112.0233230541747,0.0011132803007779142,0.4795395673809372,0.3053925345459681,0.1298731787523054,0.04098322619114766,0.22054415622015536,0.031122727597761492,0.7755243492350323,3.8205220233989827,COMPLETE,IZ_B
32,200.0,0.6097094220901639,0.8060091596291744,0.36140315856776556,148.536859431784,114.16589662541284,0.0009967580499445226,0.46249164299348555,0.27079923381424625,0.11271043152329584,0.04157020959319457,0.15988011584093265,0.02871748345960192,0.7910611621820589,3.395182918379631,COMPLETE,IZ_B
33,177.5,0.6283294765780758,1.2261158668880907,0.3613033429668473,149.94281375260428,108.80162109420218,0.001051710512386828,0.5001925275872104,0.2809940382922663,0.09084772005597094,0.04661423199305434,0.14529588241217517,0.028449414470355042,0.794999128719549,3.368594025486535,COMPLETE,IZ_B
34,168.2,0.5641911252176487,0.7899925747837006,0.33005540767903074,130.79417178472667,117.00215417596112,0.0008476311852638123,0.4984548184033112,0.2683440971675167,0.10721178837829982,0.042561227048934044,0.2586910577238825,0.026250904742372152,0.8218126272852261,3.600180486615649,COMPLETE,IZ_B
35,200.0,0.7484879055775647,0.6885530473109567,0.40948342641031216,143.65433101082715,114.73083280321028,0.0009907961042724496,0.41390342652715806,0.28991120610114873,0.13389881215780752,0.03200651842537611,0.3689802829538518,0.028148118024860763,0.7672002680435855,3.870478885388404,COMPLETE,IZ_B
36,148.1,0.7416117871663904,0.67405059392533,0.4109768743272306,141.46501170496853,107.43300634017787,0.0009627291983211772,0.4106690667868136,0.25169309877033313,0.10688822041168157,0.03102128161188528,0.3681533074811988,0.028306197843774212,0.7920088476057774,3.8820074688283888,COMPLETE,IZ_B
37,68.15,0.596217348319411,0.7403592117742319,0.4390143433167388,143.80110623606225,119.98083200878344,0.0006578769610083983,0.4193531704931752,0.28518978599527156,0.1126618393535393,0.02870242166627404,0.3721129594051895,0.02574184684388247,0.8103125562202032,3.464804247522814,COMPLETE,IZ_B
38,187.54,0.7087468146488279,0.6863884757933613,0.39962397502856034,138.13526217744666,113.89152370304197,0.0010165933248844653,0.43418331736414084,0.2755267851155089,0.0930380536352146,0.010940343365552128,0.3220348656141101,0.02359760844808592,0.7729718149556691,3.9724291305213,COMPLETE,IZ_B
39,157.51,0.514627334161882,0.6045318875270601,0.4209898888572465,135.75566096768915,117.64832717037494,0.0008204575086843133,0.45901412616023674,0.16699547470294257,0.15364356993265443,0.024420926231911978,0.15432473004283848,0.028977034288533213,0.7484010597543104,3.713385014080397,COMPLETE,IZ_B
40,156.32,0.7793926345294835,0.785631055069465,0.4730529813603892,139.47517724918532,109.79794468505104,0.0009901925029728838,0.4405493240626054,0.26583043434535003,0.1747078903037416,0.03210003464435979,0.20135275964863858,0.02037706087990284,0.8439316513339267,3.3652059077505863,COMPLETE,IZ_B
41,171.18,0.6526824326234116,1.0346117943927013,0.4023025587085001,151.43472482842307,114.21782277328245,0.0010949058016845822,0.4843217044552006,0.29232887757503284,0.13909545581705723,0.039199358652949455,0.2617011612173289,0.030287076639381846,0.7639051310696001,3.8568887685515603,COMPLETE,IZ_B
42,90.22,0.885536306681801,0.8913525832373427,0.3614113061247364,143.752298896458,105.85385295454583,0.0013871142387464216,0.474321552854701,0.2754142114937415,0.1330012246154486,0.0333936420723096,0.3533331771025692,0.027528389594623958,0.7264681135668957,3.668285404169884,COMPLETE,IZ_B
43,200.0,0.8199905213980052,1.144054592625819,0.4132243281098314,156.58851115307243,115.69601559944675,0.0012470912686748797,0.41254947649747054,0.3367801110151338,0.11365136771565269,0.03617299404723021,0.1779236361210942,0.03170637751017731,0.7470561042958497,3.5265003058094426,COMPLETE,IZ_B
44,139.46,0.8286803332525241,1.1652687335898295,0.43221571185152596,164.8827139705884,119.0827979124661,0.0012426395833269564,0.4142229961491465,0.3347992806461639,0.11414114050096062,0.03559753552189607,0.17089358398660337,0.031511409350215125,0.7469785359499844,3.522396672652654,COMPLETE,IZ_B
45,200.0,0.7490076400839206,1.1248962905758615,0.41819404701450474,133.9219282146599,116.16107883689655,0.0011960031980607752,0.4282382730165076,0.31235618387818903,0.07740397138331115,0.029550423027147915,0.3996577878905585,0.03599091163402694,0.804051337914274,3.7766048064958784,COMPLETE,IZ_B
46,199.89,0.7051569381983614,1.347625217074577,0.41023982217197336,157.17059929355264,128.10830290868003,0.0008979833259560367,0.4070325706471886,0.32215493665981415,0.10916855149762106,0.03597926969711051,0.07556178681412051,0.03293132076858185,0.7330887622262301,3.1819671017392896,COMPLETE,IZ_B
47,161.13,0.5779010646606658,0.9176970249293589,0.39876530308335556,150.16326853769115,124.43708274467073,0.0010204917169847828,0.44230899808831753,0.3403359027011325,0.09949338587613088,0.038226048887547194,0.2063595133279587,0.03249679711267295,0.7716137718716523,3.39748438765383,COMPLETE,IZ_B
48,151.06,0.8757032924482239,1.2504614137525611,0.4527420455605122,147.502827029947,109.81020587250501,0.0009410617464332229,0.41751046740613124,0.2889576974432744,0.11681620781691406,0.03134990944954125,0.1681508599844635,0.0277275784739644,0.7904933999450233,3.920227243308469,COMPLETE,IZ_B
49,147.42,0.9673373991618367,1.2104399884823311,0.3918746968448644,144.12597264871638,123.2391498771646,0.0010797398898917759,0.40111979778663087,0.25239339371062824,0.12433757971132586,0.037233791687703334,0.28689601963362604,0.02668900433118336,0.8191615232487907,3.683239766703936,COMPLETE,IZ_B
0,99.95,0.53,0.959,0.306,150.0,110.0,0.000549,0.577,0.329,0.0789,0.0436,0.0417,0.0305,0.851,3.241,COMPLETE,IZ_C
1,153.47,1.0033483654924138,0.9423707838679011,0.38602472001772536,149.81993409380735,97.74972320677645,0.0009801959465290991,0.568067261405248,0.2832760885238859,0.18894695744490736,0.03775621459156114,0.23969554611302507,0.0347679485956215,0.7322565815948088,3.3699042143059517,COMPLETE,IZ_C
2,94.39,1.3698899345523006,0.9077920073544878,0.4435714292454428,164.78720378278524,123.79409259749805,0.0009499183794706332,0.5705858815975628,0.3287226282440042,0.07828036090543697,0.03558084994970309,0.08399090135517549,0.024396953979321262,0.8378066544288744,2.2248915564424054,COMPLETE,IZ_C
3,174.02,1.0599553675032285,1.2260403976969265,0.39822428362736123,156.4885605460033,128.86267548429888,0.000960641400567152,0.47505426132554956,0.27866334811233107,0.11600859762998104,0.049389302817748844,0.10635058858422071,0.03266337295513239,0.725839804313187,2.6371168836407644,COMPLETE,IZ_C
4,140.47,0.9142745739578193,1.06728975420026,0.30571534386833593,162.15949266929422,106.84090991375932,0.0014341871884122701,0.47279340094938793,0.2791525689085921,0.18595143740260783,0.02085708657653547,0.12927898037159158,0.029761432735673374,0.8487268962725483,2.4537594896733856,COMPLETE,IZ_C
5,156.03,0.8338303220408411,0.853442437965421,0.45605493361047306,155.13531489309725,113.52084118641105,0.0011247383300367869,0.4354644583257552,0.34689679944392854,0.17623760929206295,0.013808275119332202,0.27361049191608605,0.03419804662230489,0.8755321476867455,3.8059296460549703,COMPLETE,IZ_C
6,200.0,0.5438926651750758,0.7156911565649056,0.3260274468627333,158.6091638062549,108.97131765280434,0.0011463202978196849,0.5617909176802347,0.34931508321627247,0.15553837201398613,0.046977673570043434,0.134742254366647,0.020508607895287082,0.8973725634128377,2.2707130843172774,COMPLETE,IZ_C
7,113.64,0.9544228059995896,1.2492210673232895,0.4409008240461375,162.8977800522999,117.47784758000785,0.0012452014894708872,0.5747512434986453,0.31025246325138034,0.07687675387952056,0.038570123893183844,0.07644112959656248,0.020972327476391606,0.8520919727354973,3.521011248052302,COMPLETE,IZ_C
8,102.33,1.1355162371357694,0.9806769646473564,0.47801547937083344,149.5342500652002,128.19660518602723,0.001395067133249123,0.5798506754115381,0.275497205852391,0.14626818517895723,0.036947101977953915,0.34209601117107247,0.02612802268136368,0.8406131749277086,3.621241072468054,COMPLETE,IZ_C
9,163.53,1.1458624003060982,0.6137633140200697,0.41529073004823336,150.13811030307508,95.44734599454877,0.0006412149439966305,0.41653356459743107,0.19913979042024804,0.09412281265744113,0.018315374476846502,0.07787526122840688,0.031805227279181426,0.8124856719451103,2.2534145872902287,COMPLETE,IZ_C
10,73.57,0.5091280937536926,0.5585737501585553,0.3477336980179273,136.65999066909896,103.86610781510859,0.0007210992386692113,0.5226630507877923,0.21316155869714815,0.14687143164481148,0.0255630629638413,0.1683658548101604,0.038813109267395,0.8972696661396129,2.880093246229941,COMPLETE,IZ_C
11,153.12,0.7605559572301979,1.4983511010658392,0.3630639762903368,157.5019599193596,117.66313772931375,0.000822969242024603,0.5162727448861502,0.2498956361335576,0.1191732807734863,0.049887985340642885,0.17000345827125485,0.020050134996293795,0.7381748256533367,2.653168180409847,COMPLETE,IZ_C
12,151.72,0.6713726065412053,1.238586163754434,0.34272468168789794,142.51207606054507,101.64956137364578,0.0011471696310923804,0.4772103604615188,0.15482244190941208,0.11717961268971877,0.04967127676704475,0.1497737430744896,0.026724865951236423,0.7013832250184013,2.0079715756993664,COMPLETE,IZ_C
13,162.57,1.3389465825206632,0.7529887154976052,0.4022783018750849,156.9643961096782,129.7945448446855,0.0008720703121718252,0.5355152625300038,0.23810913317339827,0.14895861190746992,0.04481251838237954,0.21745613565269914,0.03971773926985479,0.7770993347160322,2.8285084856600564,COMPLETE,IZ_C
14,127.67,1.1568598639269223,1.1583919174678023,0.3757876861301047,168.29381650908928,120.86877787596936,0.0010890814917379461,0.4617102274647217,0.30225046192251287,0.05490572396153941,0.031199870372127916,0.020620386118803402,0.03561161525555911,0.7828253240828276,2.536210468271676,COMPLETE,IZ_C
15,143.01,0.6754551358353766,1.4156188386310848,0.3248138247868166,130.97357390326104,112.37925354705868,0.0012900883666771398,0.49821664408652605,0.3438181720940786,0.1601500145661107,0.044580375444743144,0.10596094028558535,0.023640535208678388,0.7507885536950661,3.1340142461857092,COMPLETE,IZ_C
16,174.76,1.2396111765016582,0.7026317555112654,0.4958237881068903,169.62128768462628,92.0437018932534,0.0012436379537057321,0.5996418298466282,0.22280233149920556,0.13050971684012114,0.04266479358221689,0.39986919916471986,0.02876517494642722,0.8083843396040208,2.016416612539758,COMPLETE,IZ_C
17,95.3,1.465594468082027,0.7618680733237273,0.497294825694079,169.6535527995266,92.43732607751296,0.0012666414771840908,0.5436522369242054,0.18517284175124532,0.1325132254219873,0.030643773384552028,0.3775688710217353,0.02743525358410725,0.8150908254944982,2.015469898270388,COMPLETE,IZ_C
18,148.15,1.2688211350025802,0.7093797725476567,0.428737430118441,166.03721672183002,91.76940829877239,0.0014731504258786985,0.5957025243776477,0.23061794092594723,0.16967801146020808,0.04229018768604097,0.28924931760279116,0.023739432781705216,0.8974554553194675,2.286492686400277,COMPLETE,IZ_C
19,139.47,1.257933951250424,0.6420159742962357,0.4696955127398335,160.60392204059823,98.97687981097992,0.0013402647276711587,0.5987010894951509,0.17667879296258462,0.10243128347739158,0.04087353621273752,0.3196867214346896,0.028867326960634862,0.8720262634496725,2.380928818213815,COMPLETE,IZ_C
20,42.17,1.4941680906566999,0.829944865410341,0.3357419796536304,145.86527360346585,90.16384074553254,0.0011946470174528784,0.5508568873664711,0.2183566637034132,0.13583425492757287,0.03366117043186591,0.3934973019875361,0.022004330936162275,0.77891053200762,2.126480308523824,COMPLETE,IZ_C
21,101.11,1.0776544931135956,1.1036535813225292,0.3932725650426999,154.429389332193,106.80344801543009,0.0010570294501816564,0.5002163293167081,0.26846332025886877,0.11449170998204239,0.046993807961006856,0.2060626010589392,0.03260154359921072,0.7032457762113129,2.6621129198988758,COMPLETE,IZ_C
22,102.44,1.0752489362580513,0.5461958298824582,0.36283683961044993,159.71178904765753,124.17248663949863,0.0008859340152182759,0.44623469429612567,0.253151352061644,0.16136415147125227,0.0469105407746423,0.12352514975116505,0.03714860519246163,0.7572087162966927,2.674317775277112,COMPLETE,IZ_C
23,133.09,1.2295712715803575,1.3329437678672844,0.4142305610296063,166.32613755722554,116.60844063829968,0.001045379101237762,0.5544625908749597,0.30514030040245,0.13096245332483122,0.04115226072407445,0.19463210964966143,0.03237437874548862,0.8012723442264359,2.4220945817676056,COMPLETE,IZ_C
24,160.68,0.847694045194887,0.6672533635046629,0.483518096126825,152.93040477747786,103.05705537999044,0.0011926997419310404,0.507296128682486,0.29363895483845187,0.10094424454325959,0.04729467379917663,0.24864146427489214,0.028789163430126115,0.7238573599288541,2.145060129811969,COMPLETE,IZ_C
25,151.03,1.0568206560023707,0.83631410730258,0.3223236802868332,143.48552355100935,125.67531098604935,0.0007901945915740621,0.4899169246684233,0.24555602868584464,0.1086673207433636,0.024661480784285962,0.15323085836154776,0.02536177620058964,0.7648081223059324,2.9724264848494855,COMPLETE,IZ_C
26,163.87,0.6797480738435535,1.034255300603322,0.3642962977968621,158.93120574455168,109.63646445841762,0.0009655089106045873,0.4036992223076972,0.25862915735025005,0.19771860951824713,0.049412062318966006,0.06228477889447584,0.022271584879935476,0.8219523503566952,2.504906238443295,COMPLETE,IZ_C
27,155.52,0.5839761623634679,0.5014509440605738,0.41485572358502865,164.4296641734612,94.86040102070817,0.0013500509916276465,0.5917895576443153,0.22019846040080232,0.14104897761206595,0.04001587955209172,0.09957959249428132,0.03596492273394136,0.8718371264924074,2.30295213387679,COMPLETE,IZ_C
28,172.35,1.3694628052380553,1.1879233670669773,0.49868281685078786,161.89643999974555,106.3635325762618,0.00116644548856898,0.5291575050678958,0.32169066199025576,0.12634729004133047,0.04605156873998881,0.1888669491662755,0.03096753269246742,0.7935518842588765,2.7784682439507895,COMPLETE,IZ_C
29,166.62,0.9975677864671402,1.3495273485011445,0.4566960538788549,152.46309828532577,110.87230533444104,0.0005376864714194793,0.5583722069165817,0.1941416768652081,0.1586695330991094,0.04317636377687834,0.04670830961825418,0.027772399247552773,0.7158140764728855,2.081387362366068,COMPLETE,IZ_C
30,83.99,1.209774560841053,0.7281736287977091,0.314849802252729,146.0221446425044,120.05640591772064,0.0010319647445531097,0.5847197751021045,0.3186668972367445,0.0904633884112584,0.010142188524375068,0.13268540950369473,0.03318684733782717,0.8252030094742718,3.1335271232709028,COMPLETE,IZ_C
31,144.71,1.3761352298202743,1.1812901528225774,0.49799772319245467,161.14798619460828,107.09174266405272,0.0012010844940182563,0.5344448486972141,0.3495454417515457,0.12418507780924762,0.04536547440618668,0.1827653993893545,0.029819278109301232,0.7457019997738296,2.857365576676265,COMPLETE,IZ_C
32,168.81,1.3289178808042263,1.286946386909859,0.48339670004174634,167.34827829464285,99.42768146012897,0.0011594191523855222,0.5218990703628625,0.328909660521353,0.12731071668582836,0.047131631923191024,0.23977208058350688,0.031361836447267755,0.7974664321349627,2.59069573833552,COMPLETE,IZ_C
33,63.26,1.416691918066155,0.9129280367847562,0.46999943983034304,169.950468708062,114.33195124082226,0.0011017134429549126,0.5680997232910738,0.2901131540557173,0.153818217900461,0.04396200354701877,0.22046159311027094,0.03406425190423422,0.7971222694549429,2.7912173681777364,COMPLETE,IZ_C
34,177.52,1.291517546161304,1.1014290901420816,0.3815574069752637,164.29545476509352,109.52786399017096,0.0009303728437985934,0.48379615412400134,0.33722534676841476,0.13912308726685627,0.03532305274591913,0.11905687037918958,0.029008909811818542,0.7681686624715538,2.37338802551071,COMPLETE,IZ_C
35,183.41,0.9018854234472743,1.1117681210232049,0.3860478784936501,163.8832516568757,109.51778351241938,0.0009199992077040046,0.4788478928381929,0.33840746800650845,0.17295741371697188,0.03393627106131495,0.10427722456623877,0.03042259618074873,0.7294029983902914,2.2000977654573264,COMPLETE,IZ_C
36,156.84,0.8861751699317143,1.093973447818164,0.3758689808426894,164.12188398432463,110.34042920855016,0.0009043899482394504,0.4855436161928819,0.33762323048145954,0.17649084825010408,0.03396216080990258,0.12797203561915466,0.02838644811726152,0.7622608647238126,2.186952074340835,COMPLETE,IZ_C
37,147.72,0.553952001616444,1.0143534707758013,0.37828549988653315,164.27462516989723,115.02172505290991,0.000996349815912989,0.45705197139103504,0.33441482099263886,0.18459570888427132,0.027254849508640305,0.052254780427805125,0.030184217413758086,0.8590542202727509,2.3683911664729393,COMPLETE,IZ_C
38,124.31,0.7416152705064684,0.9337231720137842,0.35291746554645254,167.21764961013213,108.94380401176855,0.0007469801040572353,0.468055479461798,0.31422155000326507,0.168103405416756,0.0350727050340532,0.14943716553061454,0.02542291850595479,0.7330094976011852,2.2443457837592917,COMPLETE,IZ_C
39,172.13,0.9815091799971741,1.1322524670349,0.387563461767599,162.97021035271632,105.18570244972177,0.0008379367310808614,0.44224007023210476,0.3249200884875812,0.17662297123632636,0.039193962571035516,0.08856559682727101,0.029356297702094056,0.7149452313714076,2.088251059508558,COMPLETE,IZ_C
40,119.68,0.9278360906101965,0.9808594776333313,0.43674155938136855,158.53318675870096,101.59919684932514,0.0009293121712716664,0.48061225262734464,0.33778284728089747,0.14070290957907583,0.03647123038660618,0.11035264504583135,0.02457239546728243,0.7710408052280784,2.347581188939618,COMPLETE,IZ_C
41,164.08,1.177293969549174,1.0672481258970201,0.4037312504330672,156.0026557640402,112.17785680616838,0.0009814352961573301,0.4673104771013293,0.3485344239186048,0.1401960518510133,0.03305089791940834,0.06934184025632026,0.030272183269665496,0.7445481503486224,2.2138021356566795,COMPLETE,IZ_C
42,164.83,1.2886310716484246,1.2340128050563328,0.42922975562162635,165.4936548719865,120.4338311009162,0.000623178186773668,0.4948410519370297,0.27125339940199406,0.14853357079174667,0.03797106713089864,0.09770372138147256,0.033226871840636524,0.7261450983528303,2.463573564215777,COMPLETE,IZ_C
43,161.79,0.7860980769457578,0.780823015744589,0.4043368307729496,162.59701731389757,96.17479343728387,0.0009476075446547084,0.505947262142631,0.2971494713518111,0.16797027088977082,0.029184842445106874,0.024591140771191705,0.02705336325806379,0.8374409314917396,2.4489080139904242,COMPLETE,IZ_C
44,108.44,1.0439098566986917,1.0537439791972232,0.3904309617995484,168.41236708776918,108.5602900347044,0.0010224896244190337,0.45216365319995755,0.2077198483006039,0.1544900880644219,0.04241333139508962,0.11829801782492964,0.0314972948359611,0.8869153666305666,3.39930971112375,COMPLETE,IZ_C
45,167.27,1.1318519400427989,1.1284823880260186,0.3011416891195429,157.91095323840287,115.8037019607564,0.0010861716029832759,0.42770618823023177,0.31274941251011434,0.11008186387006483,0.022054492882186957,0.14271863667677612,0.037153657983289436,0.7115354670528158,3.896029569336331,COMPLETE,IZ_C
