number,value,params_c1,params_c2,params_c3,params_inputWeights_max,params_inputWeights_min,params_interSpeciesRate,params_keep,params_noCrossoverOff,params_probabilityAddLink_Large,params_probabilityAddLink_small,params_probabilityAddNodeLarge,params_probabilityAddNodeSmall,params_probabilityWeightMutated,params_threshold,state,study_name
0,200.0,0.53,0.959,0.306,150.0,110.0,0.000549,0.577,0.329,0.0789,0.0436,0.0417,0.0305,0.851,3.241,COMPLETE,IZ_A
1,184.88,0.8261578683494131,0.9524183530318491,0.428147278358049,167.9771484288288,104.44927858632022,0.0014242225194666617,0.4606072144590362,0.26228185688979216,0.09003749417313783,0.03828302187669965,0.35317041104833313,0.03145413399162685,0.872942764376811,3.1463076895352105,COMPLETE,IZ_A
2,175.86,1.3439371160345126,0.5868507636699228,0.3674533807457688,155.64166565716434,97.17610684859747,0.0011024039788049946,0.491420664974237,0.2662658804383944,0.18921348804526267,0.047440935206831916,0.33106677516546423,0.020571100917959294,0.8216791002842613,2.6928827396661887,COMPLETE,IZ_A
3,199.63,0.9221719230065629,0.6257909306764845,0.400733347296114,160.96699035299392,124.02448399599729,0.0007299986144743538,0.5581896919688291,0.2016648242765423,0.07688768977843365,0.023523987009288497,0.23191000798110073,0.02299632988233532,0.8648839906131,3.4706312960457413,COMPLETE,IZ_A
4,200.0,1.0541474214638102,0.7731487027598609,0.3702319165946689,159.8886210833894,125.63912852099071,0.0014260536490952984,0.5335027688383023,0.2579550664259237,0.1516654070898445,0.029857561032361583,0.2823047333618747,0.037328329464059666,0.8881557480337614,2.731590707815831,COMPLETE,IZ_A
5,200.0,1.2094429526245736,1.3243125667800788,0.373750368258524,168.67712335447754,105.05074683126944,0.001318062801463643,0.41551632120067594,0.3447477011075968,0.18083449405884688,0.010322673627413305,0.18694106655099763,0.03734317988321696,0.7762865804932799,3.081624434486364,COMPLETE,IZ_A
6,182.97,0.5401589995057945,0.8722059983168641,0.3689512238072907,161.05843024717842,105.59989080483591,0.0009672662820215749,0.590266769229879,0.2752701897892924,0.057959244128550774,0.01812738201279112,0.038475935133044065,0.03216755182841682,0.838700109211401,3.4633215896638134,COMPLETE,IZ_A
7,200.0,1.482489344002683,0.8927400509526505,0.4552562363121876,130.91561077647407,120.65715228074941,0.001321144104814224,0.5447496873091892,0.2609133323236286,0.10367476880708035,0.03658734259880059,0.09569386875244967,0.033779559338892276,0.7763026371776256,2.1275401793308393,COMPLETE,IZ_A
8,200.0,1.165173620795474,0.6564122621978298,0.4622386986579512,154.6815373671588,109.65006215789785,0.0005073163400062954,0.4499172720159479,0.31836697796260643,0.10815084226612007,0.016266950792748258,0.21699712997294995,0.020496618965981952,0.747230717850273,2.8196261862478633,COMPLETE,IZ_A
9,200.0,0.8764230937594973,1.4071364920877218,0.3621041176953289,147.353353980652,90.03914830922736,0.0010035287879816216,0.5339528956132196,0.34098147657323274,0.17951272131700524,0.022250879971555608,0.24828251163108483,0.021489032516077575,0.7389550385362814,3.88143815127074,COMPLETE,IZ_A
10,196.43,0.5386389592169277,1.1221326546198696,0.30416073823262385,143.08682273921906,116.14949758610875,0.0005008510910999443,0.5953372199376082,0.15404262795738405,0.13616757253005504,0.04952186891217489,0.12610855812129135,0.027501315634159813,0.8261643663063443,2.308439659814137,COMPLETE,IZ_A
11,200.0,0.7419333570511496,1.1011087951204663,0.3059212436749859,140.9444804033278,129.02205179870145,0.0007442474471125714,0.5198892998890833,0.21692439510598588,0.1445436497840381,0.03264145515498382,0.3162739465875975,0.0397183973926982,0.8768378437606883,2.530621831383229,COMPLETE,IZ_A
12,200.0,1.0840662651988535,0.7669600138738293,0.33077921574998687,151.65688453554776,115.46336739898571,0.0011707657236971242,0.5576339703142484,0.21826287055751004,0.15323830565013954,0.041545389173483015,0.022612863490877683,0.027528596322447918,0.8987330250247914,3.4116558529006173,COMPLETE,IZ_A
13,200.0,0.656017051028864,1.1124851857787856,0.33292476164110896,159.43057887437683,114.22304626217411,0.000821744840079714,0.49579598628189037,0.29815803727303253,0.11750848740384244,0.027795649984364235,0.3983683562815504,0.035470510411139425,0.7003859758479921,2.875417526130966,COMPLETE,IZ_A
14,199.26,1.0113093827226032,1.2511382797404378,0.4107297856593931,146.83634341176267,129.63929954875823,0.0006749874396163877,0.5796011126089868,0.3003909606209142,0.16036656586232761,0.030573557046423568,0.16024761046489652,0.027953778935232088,0.8985185603010802,2.530587851228087,COMPLETE,IZ_A
15,200.0,1.2527388034741405,0.8169660398395833,0.3360984033047391,137.65311270390907,121.97205338184627,0.0014842980517634017,0.5133378744303254,0.18420576754899146,0.06106993508320911,0.043008782496516726,0.2703616950230187,0.02477978224688661,0.8470064747857291,3.896848581074429,COMPLETE,IZ_A
16,196.35,1.0271747137870315,0.7426921787514095,0.49805046486211013,163.72118336118632,99.31092727670371,0.0009282251830262339,0.5688483700473213,0.23547340382997484,0.12937679205754354,0.034232974206680374,0.07371556810040472,0.03970291871707751,0.8071569019773323,3.3253198908092876,COMPLETE,IZ_A
17,176.33,0.7110882357181655,0.5033770338334427,0.33569245074308535,153.9405884971052,112.42934114161383,0.0012114840716828759,0.5356317814985033,0.2941674259533756,0.08287420615987177,0.02513658621720468,0.291688209833991,0.035662003641746313,0.8552577924615745,3.1522401197050276,COMPLETE,IZ_A
18,200.0,1.3681766885602051,1.0215250720055984,0.3911190281397456,149.03793470120758,109.15722143188715,0.0005791742256590036,0.473630408803352,0.3207569203144428,0.16002971801283888,0.04468571424447772,0.15932501115543263,0.029640355968032966,0.883984933495879,3.7217992975827925,COMPLETE,IZ_A
19,200.0,0.6327847505421867,0.9991875561212864,0.4296575202184928,157.87009014255628,118.23197705089986,0.0008511289523356921,0.40039052145399406,0.2441386635787422,0.09908386425612736,0.039294319989820206,0.3832994280300902,0.03756699873796571,0.80401717318678,2.490850377466446,COMPLETE,IZ_A
20,200.0,0.940429335000916,0.750038109290189,0.35231136101255617,165.0999380085178,125.49590134726586,0.0010730967319145742,0.519473700240593,0.28450786968723923,0.11898999443561142,0.027823707601138975,0.1103756077346907,0.02526966737386498,0.8457961850219601,2.928966387187722,COMPLETE,IZ_A
21,200.0,1.1536234057222279,1.4721744974492363,0.3882852727175051,169.6458523513206,104.71960695909813,0.0013318668865242892,0.43499728039542523,0.34015619439565076,0.1757735434330328,0.011041508353490131,0.17999128503994943,0.03671457782309531,0.7625727018544847,3.1629992865374743,COMPLETE,IZ_A
22,197.76,1.2376125689303912,1.2793341823343454,0.37968185039536073,164.69137895497477,100.19834046825048,0.0012982804644238641,0.40265605656566683,0.32574470219548407,0.19962587423417089,0.015956747175617084,0.198839366182919,0.033807831748022224,0.7831305266509516,3.0260864700240524,COMPLETE,IZ_A
23,200.0,1.1017993436077302,1.3435671261104578,0.3191278213097318,167.41949941716004,107.86852473660888,0.0014035541677875508,0.4252098690549611,0.34928746124174126,0.17167918365501342,0.013011395165516713,0.271461647826442,0.03775579097174403,0.7897252803846417,2.7017342997496545,COMPLETE,IZ_A
24,199.91,1.271097018289263,0.9257837874161364,0.35677876010984344,156.99099553694867,94.5082014989112,0.0012322883373247,0.5712118135977258,0.31068196498517126,0.1416231187912732,0.019969962409355828,0.14648004661669523,0.03368616687047996,0.7273070897922236,3.630468648721772,COMPLETE,IZ_A
25,200.0,0.8408101676091108,1.2086011143672892,0.4161982969333936,152.77194534284118,101.83252783544103,0.0014686080560558363,0.4778841660531217,0.3307861450322246,0.16615871357644904,0.034800170029005165,0.07755231728569909,0.03078014213146996,0.823444489129039,3.2480357161812576,COMPLETE,IZ_A
26,196.42,1.4762572311064186,1.0512035323201485,0.3441272580481089,163.5497567125639,112.09280644390434,0.0013863026537830434,0.5472084810609575,0.3492317947690683,0.18512427411641844,0.044857106683703074,0.19307052502529579,0.03843302159148674,0.7640145519169489,3.029583838604009,COMPLETE,IZ_A
27,200.0,1.1676236389406773,0.6898750934641796,0.31822115673939305,144.50120700212787,107.13887976401769,0.001099735733583111,0.4197374893358829,0.15519094886893084,0.14827952826919738,0.010355877908720244,0.3133233650030601,0.035966810810162994,0.8645694120282761,2.7358241262677208,COMPLETE,IZ_A
28,187.77,1.3552852309321417,0.8343515486206623,0.38096962814363033,150.36261400057592,118.11326639935805,0.001300600426435589,0.5091656233958501,0.3086456380061637,0.19934660383480063,0.02990745123213253,0.2494226044245468,0.029281861809496126,0.8845460356587306,3.5815796909571915,COMPLETE,IZ_A
29,200.0,0.7573254213493654,1.1702976938922687,0.4379542856414171,169.1630621941252,102.74613240261347,0.0014955773170724285,0.4587411988297507,0.28558639318069856,0.05053782020320223,0.03815203137949633,0.3529885744580329,0.03203181199838326,0.8329095948173214,3.0198180242041137,COMPLETE,IZ_A
30,195.9,1.059872471332825,0.9505171995898251,0.4070350329316544,167.57619407153928,111.11995235250484,0.0013983851494846367,0.48094261611450695,0.17736864603348795,0.06865462245686275,0.03958339916243423,0.04933451455355539,0.03485402041358922,0.8099648052967783,3.2821616509611036,COMPLETE,IZ_A
31,200.0,1.4692205287215956,0.9024189884461505,0.4523764444049879,130.20952770941392,122.11123880830955,0.0013384579838660842,0.5343143556837334,0.2616311685232592,0.09818311036639893,0.03705220824837262,0.09864898817574203,0.033831022619710285,0.7710209524529721,2.1365818535361427,COMPLETE,IZ_A
32,200.0,0.9289780343222013,0.8114405128605526,0.4868384467310316,132.3725891643895,127.08181309289094,0.001232699251788829,0.5511577307403375,0.25821383869141135,0.08958598654615904,0.047339290575262975,0.07016125505571488,0.03254260046453966,0.7929173109509983,2.112928945125894,COMPLETE,IZ_A
33,200.0,1.4111954536425138,0.8820119321662248,0.4724420211769172,136.1501528084916,120.67065675339802,0.001132651967679214,0.5735543785858302,0.2308499964416823,0.10456943348756938,0.03526359057500161,0.13351812278579298,0.03849582232052095,0.7760559956039149,2.0004281977348204,COMPLETE,IZ_A
34,198.32,1.3063797191889759,0.980859615612853,0.44093240594807803,160.93177156879372,125.11666577662615,0.0012769073649710435,0.5394382482699756,0.2558976198267887,0.07915358717844864,0.04057508966338839,0.10087803097594648,0.03093791555969082,0.7493913516329999,2.361912545513915,COMPLETE,IZ_A
35,200.0,1.189052958841417,0.5677548158647325,0.3674416528463901,136.563563500983,119.90507330497482,0.0013567528666962503,0.5852573949754616,0.2706128610917593,0.11306365992185455,0.04337631950484251,0.051205282137010914,0.03449099771560137,0.8175941386816455,2.621776081725882,COMPLETE,IZ_A
36,181.75,1.410558835864496,0.6964241752970042,0.42043192864691364,139.95177524375674,105.59700165123671,0.0014407872331278113,0.5643224194937159,0.2719100486959429,0.12444339352478193,0.036738107269657476,0.023885273056685894,0.036716568168075156,0.8652109530310108,2.3523075428936284,COMPLETE,IZ_A
37,200.0,0.8101079866406096,1.0727964276149597,0.3924188628207003,133.8604200616695,96.0834850510393,0.0010066325069136189,0.5267929540012732,0.3334173921070079,0.07051629562259765,0.04981756077096884,0.21659096846455836,0.033152710859811065,0.729465841960294,2.8287485330369324,COMPLETE,IZ_A
38,196.54,0.9600049758355701,0.8561060470537998,0.4686477618346348,155.68662264705227,126.83043810875326,0.0006102078247659862,0.5043621369198976,0.2830311044847354,0.09200750142822153,0.022175076078533473,0.2365954753187541,0.03681172633050373,0.7958732078666005,3.1007424244523936,COMPLETE,IZ_A
39,192.97,0.5062483698893467,0.6088199834726513,0.40319275548485195,161.22279430740568,113.93318340052942,0.001047299410529823,0.5930980735780681,0.24280050417645282,0.1902787118908193,0.032472646038235076,0.11747442966774407,0.028939603037914596,0.7558475757973255,3.383864736926406,COMPLETE,IZ_A
40,200.0,0.5940575300248471,1.3715851145964701,0.3739707591074758,143.9942732822512,123.6399388319231,0.0011605461965980958,0.5581915683096309,0.21648936788063325,0.13317320251586798,0.04662635940648705,0.08370251674269961,0.03166669322216154,0.7793060109652926,2.203012827449385,COMPLETE,IZ_A
41,200.0,1.1399601922618858,0.667352487054993,0.45895900618257357,154.2125899455807,109.57438197186123,0.0005274281590293722,0.44973449110610486,0.31782048211213293,0.10625951015152602,0.016444660194887065,0.22533570849645349,0.02074203752400724,0.7443099797601472,2.8540001890597555,COMPLETE,IZ_A
42,199.34,1.2144672099011826,0.5639196978749754,0.4757719738849035,159.05813398457352,106.64807775485308,0.0006709651870985954,0.45083511446084557,0.3372528333848975,0.11031000968291026,0.016875051888399335,0.18231709979743582,0.02626067231445937,0.730631662985341,2.6131265441860583,COMPLETE,IZ_A
43,200.0,1.1144447841570404,0.781725736918304,0.4487144137953612,147.03407307119727,116.47800839492317,0.0005635567787431664,0.43588721902110733,0.31050010351593116,0.08733322349225268,0.014825429801961484,0.26762506102140016,0.021802469803108494,0.7656251459342351,2.4413790116839964,COMPLETE,IZ_A
44,200.0,1.049692117483606,0.6478527821741806,0.34970968450405315,156.17881000706308,102.78836611195467,0.0007555771971946852,0.4910918337792665,0.3229921771330303,0.12361864381057165,0.013550762190583121,0.3353833105371717,0.02275044348581584,0.7150590723409915,2.7960454869126323,COMPLETE,IZ_A
45,200.0,0.9913616714642863,0.7286038055195772,0.3017326813603783,162.62253745086653,108.58653395698049,0.000643857220129159,0.4120460778736612,0.2999377168801737,0.13825298950060744,0.01977058981311408,0.293665649704411,0.039912844272779906,0.8892617076416919,2.9243170176689564,COMPLETE,IZ_A
46,200.0,0.8876973365934862,1.4899012254952875,0.4848345856327516,166.3290858853324,110.78486810261606,0.0005017510012331693,0.5998502063118579,0.29171211818513015,0.15314014971980203,0.0249297202322369,0.05336154638910659,0.030535615355339107,0.7536267540111042,3.481881737042766,COMPLETE,IZ_A
47,199.66,1.2874108341217523,0.9537020509050531,0.32079661405293913,151.6899745398524,113.60353841529735,0.0008081123290740861,0.5431220218852284,0.31513643449110906,0.07183081146744934,0.012692458016110086,0.1562063208412552,0.028165618537088818,0.8749687520023747,3.9961554145884257,COMPLETE,IZ_A
48,200.0,1.21435760900523,1.1475204893032807,0.3629462663209417,149.3227018868428,115.93334459453649,0.0008892948008384007,0.5838636361059654,0.2032121866346037,0.09821387774084234,0.02774963271516945,0.2528613074637941,0.038654943098129724,0.7881373640728142,3.2467081346090647,COMPLETE,IZ_A
49,200.0,1.3256597694978383,0.8019665101900195,0.4321169066379402,159.44524344571994,128.62188680936757,0.0007193752818824066,0.524218765690622,0.23002383751875763,0.1167664420712002,0.04212755095234575,0.028628644319320495,0.026613518935896887,0.8580195537799776,3.1160326096136437,COMPLETE,IZ_A
0,152.06,0.53,0.959,0.306,150.0,110.0,0.000549,0.577,0.329,0.0789,0.0436,0.0417,0.0305,0.851,3.241,COMPLETE,IZ_B
1,191.61,0.5137912145529164,1.1753980183176498,0.4116182901002764,133.96891753959983,102.41817311265409,0.0010763373407169036,0.5335936113339235,0.28107599193733346,0.10532673754064056,0.03145625824616013,0.2691615412057159,0.03789308701421122,0.8249069362335925,2.7925908307785563,COMPLETE,IZ_B
2,195.31,1.3828712347562377,0.5681992097552202,0.37632439786637795,150.64041395035375,108.21024795597592,0.0013409026491249501,0.48952108302228914,0.2816000796059839,0.08539440270795537,0.032129370180890175,0.12990514277232643,0.03214103866853426,0.8124700222125271,3.0283388565306777,COMPLETE,IZ_B
3,147.48,1.0908698375654613,1.4845516931806269,0.45825966868859186,134.63118538936703,129.67700054801912,0.0012335200933249629,0.5151143575096259,0.1644605887296769,0.10376406867680216,0.026163038995329853,0.04193857771941385,0.03204157597397001,0.8102438298487047,3.422035584151459,COMPLETE,IZ_B
4,158.3,0.5498685851814248,0.741014025320968,0.42330838999765796,168.09834595942786,95.28620285825374,0.0007292139002491941,0.5394434369021559,0.21192919224705392,0.15732816431539154,0.03016229800832939,0.18346875322050207,0.03400851341672407,0.8414410023563539,3.963398946600595,COMPLETE,IZ_B
5,184.93,1.4576667209107388,1.0714278247013596,0.4015984457937696,132.24472182395667,104.49411515262787,0.0012022609311127786,0.47134781678964155,0.2751868186636204,0.18881480091539926,0.014102161716429737,0.27313256823309784,0.022915726133761725,0.7453427448675187,2.589867749108625,COMPLETE,IZ_B
6,177.4,0.9952742116038713,0.7211082392122377,0.3434163417550625,152.72313047387914,99.2430088009085,0.0014222796964421223,0.5728585884244793,0.19542874535701987,0.12052307787904684,0.01446036066306319,0.18323089438951667,0.03480010318874596,0.76714586746298,2.5911241171273587,COMPLETE,IZ_B
7,180.53,1.2107471114326804,1.1639677064455924,0.3087165255305638,164.53693491239295,119.09392424863677,0.0007831709165466854,0.4684489754588339,0.19461509965826265,0.1431711887678367,0.025737131732882,0.19764234062909067,0.027228897409199145,0.8535247729528006,3.3078538813234255,COMPLETE,IZ_B
8,54.71,0.8642571108851712,1.1111330310735372,0.3674366249230651,152.23698686190554,98.03824881134561,0.0007465977986311343,0.4998009990407751,0.33097400728847587,0.07184847155296914,0.04942667263190715,0.17035678452310948,0.026754300747052196,0.796744127977808,3.4938648956960243,COMPLETE,IZ_B
9,185.1,0.9083553705995772,1.4526367367677642,0.3084262213426249,163.6312145267594,116.41524233556905,0.0013490760084579811,0.5130621898384069,0.26058856479621345,0.18799260738086654,0.04386769217502419,0.04414750696743724,0.021619216938611123,0.7378304537404041,2.0404374813580803,COMPLETE,IZ_B
10,135.04,1.3971040434845523,0.5661963669117627,0.49490732663982,145.09012190059178,90.71127944831247,0.0014899756766527177,0.4059351660395736,0.30878639101330513,0.06812348502288967,0.036463713592778335,0.38442186485261237,0.03999484935176656,0.706802707101774,2.283042114108709,COMPLETE,IZ_B
11,166.98,0.7369867211547964,1.3112635572460982,0.3753051107972216,140.5136828915714,106.78586709981226,0.0010425632384007681,0.4478998351168819,0.287924198616992,0.1013434012818571,0.03355368694397289,0.29354117175581884,0.039017527457998455,0.8813025413752468,2.893706677718295,COMPLETE,IZ_B
12,184.91,1.258503151129694,0.8918608642617816,0.42927433841507256,158.90107085239012,115.53569364559891,0.0010553492710253243,0.5480529635923215,0.23495835594005177,0.050450567821599665,0.022358900661684417,0.12736237988949284,0.03621905368508286,0.8035047096740008,2.8625169684949254,COMPLETE,IZ_B
13,62.92,0.6565732030972483,0.5034710455852934,0.38873862260491326,141.0415008859489,103.593553570538,0.0012020441146994526,0.5415484895047173,0.29522711192229906,0.09773058324406098,0.03793488213298663,0.28139422960841465,0.037500571205717856,0.8266498932473663,2.61251192911953,COMPLETE,IZ_B
14,163.98,1.2824978190451666,1.2745785334660635,0.3451405446326252,145.90462888637924,110.87023072159703,0.0009148983560853393,0.48959482431775997,0.24192740076008945,0.1296177303228349,0.02067249774962769,0.10393978685590972,0.027161393551537093,0.8937010965350953,3.007210523183297,COMPLETE,IZ_B
15,200.0,0.7702126021231535,0.8612431368321107,0.41995021098776975,157.87889490747736,127.18478855719373,0.0012979566966483153,0.42706086638407365,0.2626895825420032,0.11684925593994158,0.03031818204138741,0.3352502559490088,0.03221471396206688,0.7774015368534323,3.7763074107483705,COMPLETE,IZ_B
16,162.08,0.8461765617641006,0.7535298149270302,0.44747939291693106,157.311685233666,129.4239812474554,0.0013266993512829975,0.4016513204991693,0.3487536268464772,0.16145978472575895,0.03763735653696052,0.3954540227411015,0.03214362861914288,0.767616087092301,3.9067373076415617,COMPLETE,IZ_B
17,189.13,1.0849394929201956,0.6401489740113101,0.4690697058046021,159.10006663586307,122.06709698320641,0.0013038894934246108,0.4343691016504991,0.25642127047342594,0.08510029139416017,0.0196119627791699,0.33748145042196664,0.029192425902230094,0.7811410967595838,3.66974924624217,COMPLETE,IZ_B
18,180.5,0.6918670132246051,0.8804054786336502,0.35178850185536586,155.57413577527342,123.88522154898519,0.0014750822375328514,0.43261958977533277,0.2167432588590138,0.05455090809789724,0.026895118983453287,0.10845592888784306,0.024519005393929226,0.7360424988233614,3.732322954361405,COMPLETE,IZ_B
19,198.5,1.0962447035791394,0.8466353346294254,0.3807700845677625,147.90170295830433,112.60851177806293,0.0011513283340621222,0.46594329713166815,0.3094474871529734,0.12104034553194695,0.04118650760671484,0.23547654999533804,0.03321937722628149,0.7798282309694191,3.100212948482096,COMPLETE,IZ_B
20,157.57,1.0182740920585063,0.8393640086997773,0.4306317256416838,146.5294810054881,125.34479156879664,0.000886632776830458,0.45523271265660464,0.31555881380874395,0.12546381271672424,0.043514755431028236,0.23782028467610883,0.03445153384747021,0.7129843813099498,3.1816829904671975,COMPLETE,IZ_B
21,191.56,1.3470399070787127,0.6480047119271282,0.38967077004158307,148.81257115342007,111.98570310320608,0.001162864439019118,0.4247427468788521,0.2672908259394696,0.11637311028155164,0.03399984392038592,0.34548671032079986,0.032190260519799646,0.7846104713705211,3.0730097595195534,COMPLETE,IZ_B
22,199.64,1.1946305969289086,0.9846277013621949,0.3674740512779124,153.63399433537893,114.54612937275417,0.0013747043566657712,0.4829934385860732,0.30132204771645954,0.1388589846768312,0.04038658321838829,0.23142812087518702,0.030078853093042597,0.7581755511478643,3.607108990845454,COMPLETE,IZ_B
