number,value,params_c1,params_c2,params_c3,params_inputWeights_max,params_inputWeights_min,params_interSpeciesRate,params_keep,params_noCrossoverOff,params_probabilityAddLink_Large,params_probabilityAddLink_small,params_probabilityAddNodeLarge,params_probabilityAddNodeSmall,params_probabilityWeightMutated,params_threshold,state,study_name
46,153.52,1.114909550597589,0.8613944688878306,0.4492974659160012,160.55773461068688,104.99488906779604,0.0008466349880359036,0.47223102514544557,0.27990735632196695,0.18988650429004972,0.04864736670934226,0.17141689172376695,0.03428075022153835,0.7372080675026816,2.028918393117462,COMPLETE,IZ_C
47,130.81,1.1981850581361744,1.202364673316829,0.42500573095979816,153.6556570709541,118.59769469692493,0.0012368340482363932,0.5813381917895599,0.22744620248432923,0.12150659867944097,0.03805497691515092,0.08373368707977039,0.02801524964731363,0.751846308097994,2.5750415107414133,COMPLETE,IZ_C
48,121.14,0.8677581823786115,1.289949088657042,0.35410473592796043,150.90415723520474,111.8593285989869,0.0007620121034068245,0.5146020300423371,0.33280381479241467,0.08988671855976284,0.03209339952425815,0.3242549327726866,0.026238757561192087,0.7871787667680981,2.179297553076681,COMPLETE,IZ_C
49,158.53,0.6137824832362064,1.4255056946893474,0.33383128262781026,156.18221680503098,128.48505772984635,0.001310085544083221,0.48834059675466057,0.34141753276100073,0.0665531749009344,0.035136813189468166,0.36543238917253307,0.03073470477696889,0.7275786582624382,2.2577230998774933,COMPLETE,IZ_C
0,149.69,0.53,0.959,0.306,150.0,110.0,0.000549,0.577,0.329,0.0789,0.0436,0.0417,0.0305,0.851,3.241,COMPLETE,IZ_D
1,148.16,0.8985670537267412,1.4792153630135614,0.49384510387893205,139.7262947432523,120.45080063708583,0.0008553346705122923,0.5433363985458655,0.15634545478288886,0.11885412366009472,0.01985843659802831,0.15704628792803366,0.02304745015298205,0.7897291469501904,3.246650149800124,COMPLETE,IZ_D
2,130.25,1.2475647660637346,1.0034624413789153,0.49089607168525556,162.69862203096935,100.96221254343726,0.0006940786583429965,0.44821044053401576,0.22769964395724152,0.17103061328005636,0.038268054183475717,0.33098980959437024,0.025028755482417453,0.8154319588247033,2.5612461256896344,COMPLETE,IZ_D
3,148.67,0.7507833299863064,1.4757241397723126,0.3255729087214239,131.87887948898154,108.49373817823209,0.0009849441415327028,0.4577926276192789,0.3007606973936311,0.07931116519266601,0.03815730746706714,0.037282276471646836,0.03884338457189114,0.8820426516509134,2.8073095023216394,COMPLETE,IZ_D
4,74.99,0.6881399149974567,0.8743341542777798,0.3947138378552498,134.75745159214785,125.36879744508876,0.000556828066720632,0.5497483600158084,0.17572399771713051,0.10572197246087373,0.03787522293538301,0.118482580142085,0.032906049850701266,0.7407533072661783,3.8903849485861643,COMPLETE,IZ_D
5,119.75,0.8708299336636977,1.4539048230277714,0.40229047282214175,161.07635449076074,129.0076442568636,0.0012172226355997504,0.5183071210751682,0.33899136412247083,0.12939656497758803,0.034083318097365,0.06754199193696259,0.03654553095406635,0.7953378813240057,3.7910176163138933,COMPLETE,IZ_D
6,152.63,0.6049603754119777,1.306065844114964,0.3581859984332964,152.91156738205513,110.06014445234996,0.0006742717122821835,0.5215918335500194,0.2962272474817006,0.15444283986949153,0.04016950158514369,0.18683317352754278,0.021308881425805087,0.7237805825259083,2.1791859016558295,COMPLETE,IZ_D
7,144.54,1.432743684358634,0.8335514397032122,0.3482903680176,154.1414641765304,93.69325227386538,0.000541550914259144,0.40359932129898834,0.27891074730092835,0.08556552927505477,0.04817124378637004,0.08185862394718661,0.03421354981548076,0.7894627149241888,3.940950671640553,COMPLETE,IZ_D
8,157.89,0.831754378676148,1.4785405094654558,0.4894460194334726,166.51185786462983,90.923279433938,0.0007233729576710455,0.566267371003586,0.23944254131823686,0.19869311855894078,0.013373332393259389,0.1422332764553069,0.026782151078237355,0.7818261690243185,3.4508071807494396,COMPLETE,IZ_D
9,119.03,1.2530496321243627,0.6047733022955972,0.31272447287899896,144.44278788732979,125.85438014809739,0.0005528814343092312,0.44002209704306605,0.2958080177299851,0.14930973665763103,0.014627484970144544,0.2793686784343961,0.03382937352516653,0.7803300716496182,2.287704525346545,COMPLETE,IZ_D
10,161.34,1.0828516632106011,1.249186009402609,0.4485147063860331,169.53538107429387,92.08676156992483,0.0014906712695967753,0.596377558819494,0.22055132518925552,0.19643636717000829,0.024614873818438833,0.25759554724685196,0.027222885525126035,0.704024462777224,3.4382864695499338,COMPLETE,IZ_D
11,162.05,1.0880042769337843,1.220096636313701,0.4506955245399911,169.66707903840305,94.46930141078565,0.0014538170647731593,0.5936618941527828,0.20871356040652922,0.19982882862903617,0.02406556752331774,0.251017661670684,0.02764226829769239,0.7086712440502525,3.5464241210570306,COMPLETE,IZ_D
12,96.01,1.0973979573380288,1.1808282174669864,0.44629637275015777,169.9421258603551,98.16893824426403,0.0014485197353206393,0.5957226122467424,0.20340808783817466,0.18833947359505346,0.0252204510846937,0.25038229967956377,0.028085097609055525,0.7048529407971182,3.4704713187559872,COMPLETE,IZ_D
13,144.79,1.0620565002903308,1.1854309995871897,0.4481365317164755,159.16954869983422,100.40140799605106,0.0014970611084889666,0.5987249922807165,0.2025495560996058,0.17559273829090694,0.027015405082831494,0.39290239799190907,0.029463019988597204,0.7470826691864567,3.5947529233899194,COMPLETE,IZ_D
14,154.49,1.1904605132626842,1.2187459552593707,0.44167710184782705,169.19623619155976,94.79470419472077,0.0012945383203164752,0.4813292151113444,0.20473896816342976,0.19985847404264048,0.021656880536542304,0.23332467423745035,0.024991204858245165,0.7056161935292113,3.0033982090514812,COMPLETE,IZ_D
15,147.12,1.4276620279001506,1.0739656487947373,0.41999685156640926,165.7099027981629,104.3590174842467,0.0013043182518255065,0.5764960539356974,0.26321393949646255,0.15788659392512022,0.030235676432740534,0.29816108641985595,0.020087208900402696,0.7580036592465588,3.090365117480339,COMPLETE,IZ_D
16,102.23,1.0005243788995772,1.3299945685057732,0.46819118948199023,157.33758520396862,90.55742532361859,0.00110902632534433,0.5464888435755146,0.22355546380845767,0.1781303483102086,0.01911810428843362,0.3621644605329144,0.031021682703637365,0.7247406811679453,3.672904602347874,COMPLETE,IZ_D
17,156.82,1.170463979825889,1.3406761369368718,0.4677608730415286,147.32200521721967,116.38041759320355,0.0013858488013733725,0.4958343870704946,0.17647502898877157,0.054492644091432535,0.03005338928670983,0.20531730180191393,0.02632968567370518,0.8241113016228102,2.8012449518991853,COMPLETE,IZ_D
18,131.95,1.3250756020774532,1.0893084526692427,0.421889485821433,164.3733625544398,95.83601421514766,0.0011371967988901557,0.5986100545414518,0.17849275920344618,0.14179173867756775,0.02481277166770032,0.2919675153201962,0.02910536237729454,0.7618466976187637,3.364150085765652,COMPLETE,IZ_D
19,42.75,0.9602082732243024,0.6969224033231538,0.3945985220661319,156.74071746760663,105.80666728764457,0.001356570928297694,0.5272578615674887,0.25598001515301305,0.16473309400904762,0.01004052781631063,0.2560118566867708,0.024009885308049057,0.727799551594196,3.64091987396525,COMPLETE,IZ_D
20,200.0,1.083207381667984,1.2566665611790429,0.4653110001017025,167.79188359483197,101.42276683131172,0.0009934707932802937,0.5654753839327118,0.21916036427206484,0.18643786727115433,0.016442163841985477,0.33225302897229647,0.027582788260164654,0.7017927072411919,2.8431078146132798,COMPLETE,IZ_D
21,79.66,1.0869773699840863,1.25593674465062,0.4684159422689119,169.9974168412287,98.77120298123948,0.0009930329758599983,0.5684931673718189,0.2182261650715274,0.1858904959917565,0.01656841038439604,0.3307806494863497,0.027416525911279518,0.7015027821510578,2.788107682371015,COMPLETE,IZ_D
22,115.87,0.9896549013885313,1.1265395789410806,0.43104143815397217,165.95811871180678,102.67978110089413,0.0008598028937187379,0.5829236859636525,0.24218927945309343,0.18982145825514457,0.022629896518400285,0.3177075125927073,0.03185353529174373,0.7188264170470684,3.168319335760568,COMPLETE,IZ_D
23,146.82,1.1492913322656972,1.3753968005452093,0.45947012197636855,162.52417596712058,93.58945974778146,0.0011201309882858952,0.5592736900329679,0.1939067492814287,0.19867057190696213,0.01771799012973154,0.36538216805250967,0.028639359895376436,0.7447076654145414,2.628507811098555,COMPLETE,IZ_D
24,151.0,1.3129708770605977,1.2597821211961004,0.4087900714320504,167.2948162805959,97.42092813634669,0.0012178229726565303,0.5800363971273939,0.22002819224605535,0.1813060237419923,0.027705552057514855,0.2327673053685705,0.023036639408773697,0.7648535853378423,2.3950639411367196,COMPLETE,IZ_D
25,157.79,1.0620603984176398,0.9976701625094002,0.45330564666139256,160.44443592959445,90.34896130543622,0.0014984960170075774,0.533094366057104,0.15595543099897552,0.16829563016372326,0.0330225044639859,0.20136773931818944,0.026062057973092797,0.7153708667525416,3.3465650828976745,COMPLETE,IZ_D
26,195.58,0.9394866611630187,1.3904780398297871,0.4783975423256236,163.39355540783436,114.95795783976834,0.0009018707079689452,0.5881952045603891,0.26899460030966704,0.13562145659522484,0.02245382218207834,0.2598553969754004,0.027513076836541084,0.7359750535777122,2.9428598237452954,COMPLETE,IZ_D
27,133.88,0.8027846870433095,1.353142302719756,0.4773799816510849,164.69630958513514,115.64778718714606,0.0009026565238886019,0.5048183393773111,0.2696080665332144,0.1361789492342678,0.01042228480556608,0.3583603787205726,0.0294545436079502,0.7329831092487291,2.9537388758463266,COMPLETE,IZ_D
28,155.66,0.9493612938087408,1.4114403210199242,0.37522775323078583,156.76921638435525,117.19113800692831,0.00078476812353778,0.5565051886732552,0.2482539632814505,0.1122687068530206,0.01430443388043219,0.27565524232764027,0.03182394983348725,0.737006261996764,2.5129746500983474,COMPLETE,IZ_D
29,71.36,0.5423938343994732,1.1077296534029681,0.498731317627322,147.97618743682426,112.81001799519535,0.0010424281054950042,0.5855574014412788,0.3243984718079289,0.10349242921097651,0.021634707734144932,0.31011302657242723,0.03028922980533155,0.8977163663114003,2.6773974428006744,COMPLETE,IZ_D
30,134.15,0.9204592028614677,0.89437500430785,0.48064196842186124,152.92603997888895,107.00332700075336,0.00092395377154157,0.5788435464906856,0.27605272636475603,0.09408905166640369,0.016655958459593036,0.18557309266518313,0.025348905158569763,0.8312665834907675,2.9315861627239914,COMPLETE,IZ_D
31,145.82,1.043767411085848,1.2528734118020564,0.4356738161733899,168.21245787997222,111.07352916692928,0.001045931619763502,0.5890210798959356,0.23921038421874596,0.061452420279187195,0.024547807434310686,0.2514445177009789,0.02795784180168782,0.7115631224034762,3.3194822661022645,COMPLETE,IZ_D
32,147.89,1.1360872241177695,1.411579097103277,0.4592676848284543,163.9943317461736,93.38988705641471,0.001385818248230897,0.5727755097986003,0.18610937627389593,0.1905331961563767,0.019829709426304798,0.22186189325101344,0.023450392114510003,0.7033053736520101,3.1643173416358477,COMPLETE,IZ_D
33,156.66,1.2305229363120844,1.1633841070944921,0.48000844385472796,167.7733319935092,101.59247536666956,0.0007922802863938965,0.5625510542439984,0.2118856779628717,0.1650276197712105,0.027956663326433914,0.2709898863883067,0.02737551640858893,0.7176147096866745,3.0587252691724354,COMPLETE,IZ_D
34,96.84,1.0141798184497453,1.0332059140358372,0.4234551659521632,162.5111233970816,96.32855851580187,0.0012083775214692827,0.5999905586182697,0.2310734882039528,0.12472761942738589,0.02222264005130864,0.34091056229806216,0.024260713143270808,0.8477661702462379,3.5311227335664235,COMPLETE,IZ_D
35,146.11,0.741982551138132,1.2830319468699338,0.48339451073105505,141.88305164790307,118.65473683183092,0.0009476672384785336,0.5383879327824511,0.23058287343883122,0.1761590800901414,0.023820824216772125,0.39030992739994663,0.030383491659477076,0.7001896171782723,3.768890040687458,COMPLETE,IZ_D
36,75.97,0.8632805774736536,1.3817647555702384,0.4982005187360864,168.06212654012515,121.84110113130714,0.0010561745364411142,0.5509621229663766,0.2598064098717647,0.1927347737199729,0.03394531901394418,0.2969428872815213,0.0263762717383406,0.7532532266290215,3.234544022398039,COMPLETE,IZ_D
37,161.63,0.903424091662268,1.2158128931154064,0.4589365132145463,137.62226502917673,113.21420263065066,0.001429697402330847,0.5679279803262778,0.28458046855628055,0.1434927452491299,0.019336535218747068,0.1532764797958695,0.022107883730934388,0.7290262604961908,2.0031031254734426,COMPLETE,IZ_D
38,101.61,0.8982276286942894,1.4521070666120697,0.46362588682316713,136.18629403510755,112.86131703966461,0.0008291036863341826,0.5403101038500362,0.3094166439456736,0.14324626160932963,0.019304185338011398,0.1527158737223947,0.022595050852370152,0.7744616907940233,2.164222787654168,COMPLETE,IZ_D
39,147.35,0.7657914902163548,0.9532567581773641,0.4356351842539566,137.83603140424992,113.74650616241169,0.0012764351074222083,0.568933446290824,0.2854800157113405,0.13132253801203794,0.012826352670932196,0.11882360641890982,0.021483610413446874,0.8065489578089651,2.0885910331594513,COMPLETE,IZ_D
40,16.02,0.6653522622064022,1.1997623926853895,0.47329068555122994,130.94327846243465,121.69382735914809,0.000612211258035456,0.5133329402006674,0.3168116010535936,0.12026993649237164,0.016102173237227443,0.1730533226735439,0.03988681676470914,0.7337122844403562,2.0302248289025893,COMPLETE,IZ_D
41,85.96,1.112058674312063,1.296169336515379,0.4486979889550085,132.898478362556,108.60438466911923,0.0014328437085967287,0.5874679031030146,0.19430627597105232,0.15824139105664098,0.02647418307909972,0.12984662361384103,0.02535903644079845,0.7133174212062595,2.4277432764384237,COMPLETE,IZ_D
42,172.98,0.9388787230205928,1.150779473488404,0.4863842053283099,141.59452461125295,92.20655870094123,0.0014379353069066895,0.5873554027097415,0.2818496533066903,0.14897230668575817,0.020491389830639722,0.08310566252884596,0.028289253477142267,0.7283785950354563,3.7770435408112863,COMPLETE,IZ_D
43,153.68,0.8447422026803829,1.1544689229627747,0.4902717395939069,139.16821694132568,111.06145101578154,0.0014384572395853266,0.5552293765783993,0.29922882834491904,0.1487489586115533,0.02084169217806357,0.023243130189940002,0.022086133276065976,0.7268879455211131,3.873390847084466,COMPLETE,IZ_D
44,150.37,0.9051071656797879,1.047866664541646,0.4864886806674781,144.01291900964438,103.59410922689861,0.0013466141550935084,0.5882965341646333,0.28858447485366234,0.1400183305012242,0.017663822057444753,0.08448437856977807,0.03675588827116996,0.7437724993899214,3.8496375291875986,COMPLETE,IZ_D
45,152.44,0.9646489047565341,1.2266025363921176,0.4575219840809991,134.17060105435576,99.0015553428279,0.0014178155190691306,0.4196104959457543,0.3469624992927909,0.13223784173286462,0.045983557911382526,0.05608350651321686,0.028339116406183144,0.7231807554086017,3.7142894460788183,COMPLETE,IZ_D
46,154.08,0.7854133146248651,1.4943824476923737,0.47411179099875056,141.4119831482192,114.50752469280832,0.0011788215572441922,0.5748483784674343,0.27078926448572604,0.14887966313512552,0.012380677175662925,0.07590024885193711,0.02041270714942239,0.7507547467401978,3.9977346453560467,COMPLETE,IZ_D
47,141.03,1.025316436502021,1.3140041664265991,0.33417324313164387,138.34429272088124,119.07820171346188,0.0009630291771597357,0.5655341667721095,0.2869534218385281,0.11401839410952279,0.018574267677832955,0.09851281141125687,0.03390427238640238,0.7723277304620916,2.900368081535887,COMPLETE,IZ_D
48,154.24,0.9279297485075504,1.214535064679937,0.49211966317998684,145.74245522824813,92.39191646413963,0.0008842194528508762,0.4844235969893195,0.2541476747048964,0.15618098390660398,0.015185580353398356,0.16675401721223038,0.031278468938968795,0.7389580401118889,2.717929930284576,COMPLETE,IZ_D
49,99.22,1.193587925811602,1.1308294627157665,0.3823467455308851,149.55963780284532,95.0610648917038,0.0013159177547961895,0.46547255809506094,0.16633654764001177,0.18409512703256556,0.023265701683590403,0.10345271329947965,0.033066321566487165,0.7125180967601701,2.3613923300276816,COMPLETE,IZ_D
0,136.41,0.53,0.959,0.306,150.0,110.0,0.000549,0.577,0.329,0.0789,0.0436,0.0417,0.0305,0.851,3.241,COMPLETE,IZ_E
1,194.26,1.4624087391311025,0.7405285642468132,0.3634153604262003,161.63540980954568,126.51695825747511,0.001224554767642768,0.5373281734898983,0.23354656514932276,0.1754615626365454,0.039952290210858526,0.20163473849139343,0.0269994048440901,0.7363708747840279,3.5809787897346026,COMPLETE,IZ_E
2,186.72,0.948400450932274,0.7168477780157034,0.32239149704494646,139.56292332362747,128.42484162237434,0.0007237946956287263,0.5348694983672891,0.2647247283510103,0.1619421719010436,0.03476742618243538,0.3705641610743117,0.035408853495278815,0.7464579830806043,2.061950901560835,COMPLETE,IZ_E
3,180.33,0.6674904689761175,1.025117926827159,0.33819994180272855,167.3152072401389,127.50950393442992,0.001258840191889328,0.4238497908014012,0.34085125118079224,0.11297761508035856,0.013422859395414504,0.12693179503345514,0.03589407950049192,0.8694342317380779,2.329325518587824,COMPLETE,IZ_E
4,143.34,0.5312918613331442,0.5374502461510904,0.3995239536685232,143.98568037041008,104.3311104807692,0.0005980750437494018,0.4063711859704592,0.24605589005658152,0.08917377043681624,0.013621339047752156,0.38181320176065453,0.03910151888961076,0.739060617098641,2.51013789374285,COMPLETE,IZ_E
5,200.0,1.4704148302356548,1.3219122562059722,0.31698515146502615,150.3661394321095,93.92965672378297,0.0009068335854428011,0.5513671572042922,0.160129754783053,0.18084754870779435,0.033748484874794524,0.08477693708694756,0.037034135292783696,0.8888248067247185,3.2537863544965635,COMPLETE,IZ_E
6,179.31,0.5932526927644282,0.9708835251096997,0.4476133025016192,138.49376417177658,119.35959297143305,0.0008110133509617277,0.4876907232663279,0.27578912753025653,0.17170741018202917,0.036005948407637364,0.09797349713633961,0.026304912441266766,0.8406942745176536,2.5400390364167666,COMPLETE,IZ_E
7,150.44,0.7560215141380713,0.6868117469062197,0.4273611839846476,148.35998971186015,108.99597217298655,0.0013623603040802798,0.508401074505623,0.2661371231558397,0.09778500640978016,0.032324626436494426,0.10531069362265094,0.027663186068360282,0.7668016863523771,2.8679569474646236,COMPLETE,IZ_E
8,200.0,0.5896279920409792,1.1511202191956955,0.43840211591372974,169.48786107850876,95.00416741898272,0.0008860523059392157,0.5746923988036015,0.27186064972811597,0.06447112225690578,0.011380992984358832,0.3838308460453213,0.032299640813979,0.7467428534632057,2.9280975599955523,COMPLETE,IZ_E
9,141.87,1.0841634030566856,0.6119291624034833,0.39447319622527616,161.31182222794948,110.36723331321124,0.0013961567779430856,0.44207688469987116,0.17710973050611867,0.16728648913412084,0.02740071130939499,0.2802716325549916,0.020525958998906566,0.7577153366531791,3.374670408333498,COMPLETE,IZ_E
10,175.53,1.44354627092876,1.4388069246892359,0.47680732829377503,132.73778014348954,90.19052346466225,0.0010706025387807634,0.4701349004065534,0.1547404865888325,0.19854883024781927,0.022631707625560618,0.026759979727099155,0.03957434843879011,0.8953270783056723,3.981171233431929,COMPLETE,IZ_E
11,162.26,1.246658249177256,1.3680688622521775,0.47730749858685395,157.81624121284423,91.01037241724208,0.0009517614959854105,0.5952962349790448,0.20890338374779155,0.1334636193524022,0.04898014474358963,0.270122736714372,0.03309219406752573,0.8102349383067905,2.9368503826396624,COMPLETE,IZ_E
12,153.46,0.8666063374450039,1.2499137607480375,0.3661212931265798,169.96029761122662,100.25097892653783,0.0009444176867853921,0.5576473660628319,0.30419947683170745,0.05326504098118044,0.022920985747849974,0.1894813191835809,0.03272935179119572,0.7091455437183255,3.1162598359670897,COMPLETE,IZ_E
13,83.45,1.1888642603337718,1.1856978039472006,0.43629871200398124,156.16573368041108,97.4210303878146,0.0008038798309945375,0.5983700116616107,0.2081121458678532,0.1386751968105993,0.02043911503428656,0.3139016453745883,0.03678916066909484,0.7942886393970872,3.6677865781463668,COMPLETE,IZ_E
14,109.38,1.3237041840866781,1.1871055508207373,0.3715054568833017,130.39590440396594,96.15301917159375,0.0010735459259356283,0.5554257773690987,0.29590120240584317,0.055959568925256664,0.028020599139707128,0.25379955073099136,0.03211635297177889,0.8004551671452829,2.823018002042338,COMPLETE,IZ_E
15,141.45,1.0579967455193273,1.4941206330112213,0.4181245989975604,154.2885831689165,104.00779168060332,0.0007265486062745212,0.5210270128927518,0.22275970678843227,0.14563032520006833,0.011545609253633488,0.15230459083201225,0.034573799948622544,0.701687385027445,3.458366491957246,COMPLETE,IZ_E
16,138.77,0.7864099596499495,1.3042570820336814,0.49802934125940634,164.55494417447557,94.4759577145268,0.0008945667366396393,0.5665623541720205,0.18413490850430664,0.11435436646804445,0.019985302639737912,0.0710026295552295,0.02367180139870988,0.7766743019353979,2.715783022537959,COMPLETE,IZ_E
17,200.0,0.9439473527005184,1.1093258155105155,0.4581141170780951,145.32901380229606,101.73558255322864,0.0011016642886012844,0.5390740934513922,0.30212751447201897,0.1987421494210038,0.03975449623648276,0.34022079493392093,0.037575096042206324,0.8959437684755457,3.077690031813625,COMPLETE,IZ_E
18,198.71,1.1743496387316497,1.0793428130916203,0.3419013283495572,152.69892602203294,115.72552358975736,0.0006565370248584224,0.5800429269188987,0.16405671014099477,0.0712204509983833,0.016889891685285888,0.1599941014749072,0.030247615244888688,0.8273209620722883,3.780347928927943,COMPLETE,IZ_E
19,200.0,1.3475464994699047,0.8536598232503231,0.41214005556921673,159.73060104292122,92.5381824848728,0.000853482421117643,0.4888905410452189,0.19303680395006173,0.14956150913540028,0.02853431792192003,0.22675182414422398,0.03406750047281513,0.8738593308937115,3.305251871147623,COMPLETE,IZ_E
