number,value,params_c1,params_c2,params_c3,params_inputWeights_max,params_inputWeights_min,params_interSpeciesRate,params_keep,params_noCrossoverOff,params_probabilityAddLink_Large,params_probabilityAddLink_small,params_probabilityAddNodeLarge,params_probabilityAddNodeSmall,params_probabilityWeightMutated,params_threshold,state,study_name
17,158.56,1.0747351513972263,0.6360275714898507,0.31892378453216585,140.95497147107952,116.2335540888323,0.0012149831940227067,0.4589175872959435,0.22689982763089242,0.17286115921612277,0.026420465559998087,0.16591045518828787,0.03898996157202039,0.7584712849123827,3.4719502496187458,COMPLETE,IZ_H
18,200.0,1.3745504825165233,0.7911026234656808,0.33609651191021545,157.56399205380296,106.44237058804478,0.0006931344570005728,0.4251805957440554,0.20787311095785704,0.10258962728334489,0.022630551238091275,0.12988611672941314,0.035204905681737675,0.8037798823632826,2.96121224022075,COMPLETE,IZ_H
19,172.57,1.3434813340516958,0.7417377715998423,0.33825053291382534,157.0267825412382,96.03403955150102,0.0009356686128851883,0.42576314814027877,0.24553867157925816,0.1024828579799967,0.021500120473677938,0.22353662582910255,0.03639595909811521,0.8066475454564848,2.906597574652786,COMPLETE,IZ_H
20,170.95,1.1379392607437135,0.5752187850043194,0.3626392087555876,156.70743412131827,106.11142415904482,0.0006620828618117951,0.4115379053767584,0.17056286180537888,0.09949622645519099,0.031246505290083895,0.29027877593262386,0.03354096254114101,0.8347110843720931,3.0574279269194804,COMPLETE,IZ_H
21,151.74,1.3955296782529245,0.8473133151792601,0.32735346711961016,163.5699153104167,104.97956664030289,0.0007579748655472721,0.441397733614164,0.20821894515629286,0.135066354673686,0.024477422746318995,0.12824716456228263,0.03755112146349825,0.7914530389213688,3.343899351746331,COMPLETE,IZ_H
22,118.31,1.2249830994485247,1.0302740014985599,0.3933820046029163,167.35877966154416,111.32189135026606,0.0006552630819461206,0.46742875036573317,0.2101764897659731,0.050188799706047754,0.021717334322032496,0.0840070869480391,0.028683280092553595,0.7185186578303543,3.7260077136633365,COMPLETE,IZ_H
23,155.63,1.4138424437627104,0.8201458966609804,0.3688905400809379,141.88377058909535,98.0333656252759,0.0006025216644779386,0.42098857042592885,0.18099311263571147,0.14532023721216644,0.029439341907577903,0.12751463140063035,0.03312757713214739,0.7578686052759941,3.2119537955955386,COMPLETE,IZ_H
24,152.8,1.30112362835614,1.2625698489176589,0.3318479746398841,159.36528773637582,115.30932776507447,0.0007383535392615226,0.43723988826864446,0.24029755105828313,0.17239454337207694,0.033728548159687274,0.15639703785844478,0.036960183146966356,0.7975686822711605,3.4701939494196434,COMPLETE,IZ_H
25,163.44,1.064894276638302,0.7092748752915504,0.42250487518115837,164.83614385175466,108.8504244086066,0.001125704338566596,0.4699895527156572,0.1985478236464775,0.10459502164414429,0.024072190377061924,0.19127883361339942,0.025876144619992464,0.7298729366707162,2.6860505073853242,COMPLETE,IZ_H
26,121.73,1.3919070773911657,0.6062119329761717,0.3110045372583947,159.9107817793771,103.07024943516497,0.0009796760804832688,0.41783578215719674,0.1517961016346147,0.1836507979773491,0.01479532458889534,0.06930172850718383,0.03256555712006383,0.7566522254862752,3.8690461979850808,COMPLETE,IZ_H
27,155.71,1.2701729231537722,0.8888438537857325,0.35486176816079507,153.32396882875722,119.22317459602618,0.0008379866973400276,0.4514275491186962,0.2629357916061683,0.1606523361944244,0.02813525185688126,0.20516637144173255,0.03463766143748001,0.7682374557864875,3.0182675638927132,COMPLETE,IZ_H
28,153.73,0.9993773423919048,1.015586886232874,0.37468269266529436,166.2152669681023,113.832639025684,0.0006080465291823582,0.4002843473157931,0.22072900583121158,0.13932709234616955,0.01807168040609446,0.14421295934493986,0.036010705025534384,0.8301964272746586,3.3542993517107367,COMPLETE,IZ_H
29,167.8,1.4600987306673443,0.6993742173644854,0.3935386588475076,144.0498480235671,109.45519943994505,0.0005061504394446452,0.4821942176948686,0.17453957446332077,0.11349286562439351,0.037130532439985445,0.10255854939638355,0.030467848150974534,0.8526681105671224,3.2177867864762906,COMPLETE,IZ_H
30,133.19,1.2310742142040403,1.1858148363176053,0.4625445767424856,154.03120815696784,96.14351143685371,0.0012784566661316588,0.519503463071365,0.20181433754306138,0.08945262483981158,0.021690263863065343,0.045539313936681286,0.029713036061859877,0.730320876053031,3.5390113323809897,COMPLETE,IZ_H
31,161.52,1.3363496618885924,0.7534780752981725,0.3355833479916795,156.07175278275292,95.56071787950788,0.0009538518759623551,0.4350878563280204,0.2433373119434827,0.1045367005370109,0.02068958580139531,0.22214857980918995,0.037716134998326475,0.8095191812725765,2.8958407319820534,COMPLETE,IZ_H
32,49.1,1.3515015622479623,0.7314155346264546,0.3056683187577992,148.75928457143476,94.37247512440112,0.0009280400121218916,0.42846759014792335,0.27994109382158133,0.09095269547902607,0.02634956132394629,0.24631623998523947,0.03604281798301706,0.8434971268728321,2.88189121184787,COMPLETE,IZ_H
33,158.06,1.1495983386003963,0.8317037740275682,0.35449343131168665,149.83851470495603,98.94824798290945,0.0010256594823866583,0.4142910343616685,0.23684365689776893,0.12805820905899395,0.022925866117873627,0.2745459056146109,0.03984921237055041,0.808449575926461,2.6883624174798277,COMPLETE,IZ_H
34,158.44,1.4915267569039228,0.5862982668050375,0.34262741136894015,159.61994533963968,103.41441902806676,0.0011174697861419639,0.4259150690018452,0.21400904137491716,0.11786638169805456,0.019566387082779343,0.17880602464804324,0.03422524724154389,0.8634871807185089,3.6437436048865472,COMPLETE,IZ_H
35,164.24,1.4010303114960656,0.9641101913656414,0.4292114810908879,154.181318942661,108.21503627316395,0.0008168033350595518,0.4491602040263502,0.2221244225100161,0.0793050593586083,0.016262652863586642,0.2115040035710722,0.038186918595487146,0.7860427551888755,3.16612916115157,COMPLETE,IZ_H
36,161.67,0.711448219201504,0.6549513963966263,0.31737677312391765,151.6013907534518,97.56707182735997,0.0005594752785900897,0.4099403611175851,0.24817115263253772,0.10896487750812245,0.027111075713973976,0.11876813717382098,0.03644017083740626,0.8003748869793342,3.335980680219808,COMPLETE,IZ_H
37,169.39,1.2508548787436622,0.8897292503089906,0.3411516370950703,161.08550897102555,104.9357385435571,0.0007164235420285368,0.43003782066000523,0.15858151666123177,0.16532752076877216,0.03070964149348409,0.22951416992728663,0.0318997080908474,0.8945144989086056,2.979009489249846,COMPLETE,IZ_H
38,94.33,1.1117636787864205,0.8010594792553066,0.3248264310419035,136.715219052006,100.81334237172989,0.0010722158676624855,0.5540842619747185,0.2561320218333421,0.1850149489878772,0.034258172781646765,0.13478668601826607,0.029287428358055867,0.8186105103973311,2.70101772601429,COMPLETE,IZ_H
39,102.07,0.9440250566924615,0.941601718665151,0.4014490308621478,167.15942513890036,129.39378789167276,0.0005543441119881948,0.5991887643292415,0.1836699370089659,0.142535395301869,0.010378183280336864,0.1936676278388021,0.03109737501788238,0.7032488715273124,2.533323988951513,COMPLETE,IZ_H
40,110.1,0.8805585028183599,0.6939899102892937,0.3006879452269185,145.3203563809981,118.68899662102342,0.0006105659079384945,0.44354674400554045,0.23351951849913016,0.09781423337104221,0.03854411354990691,0.2848298937446916,0.027498279902213933,0.7426299193254698,3.681628572550344,COMPLETE,IZ_H
41,157.44,1.1285580931519048,0.5756652301810996,0.3644529908826235,148.87675940804615,105.35032631513621,0.000682673764235195,0.4123162279897778,0.17235420553257408,0.09713892135236694,0.032361447136229717,0.31189511986077406,0.033413513854472325,0.8408307461772425,3.0491603583092655,COMPLETE,IZ_H
42,148.78,1.326745131615615,0.5042778441151453,0.36304809876725413,157.09797520238104,106.48896160007835,0.0006378479579612901,0.41825322278640725,0.1649528731977391,0.08418748652779173,0.0443074083796243,0.34744221496161537,0.03397359646030658,0.8332768978750463,3.093096902620285,COMPLETE,IZ_H
43,157.2,0.7724444901206495,0.5685059924898397,0.34751842987791887,157.60145497540157,110.90976115881094,0.000786825847329361,0.4253723168093912,0.19293531869085165,0.07090688896604397,0.030304402939259636,0.29137973312139265,0.0353334084639851,0.8241364734554047,3.2789075435643507,COMPLETE,IZ_H
44,157.42,1.2046295346938423,0.6419297343372826,0.3806616377627949,155.2317781732069,92.9723248821974,0.0008814564673181767,0.4082608610065807,0.1754888007835306,0.12465490227771053,0.023620508717180678,0.35514379867830537,0.03256107300666726,0.8054530455466629,2.940848709933611,COMPLETE,IZ_H
45,166.43,1.0063857007125916,0.7735857358915009,0.35957116274592144,162.32434018750916,113.06627263981791,0.0005398437351037898,0.4808653449205385,0.20173745917648667,0.0936588615174663,0.02605852185263574,0.15676927282910333,0.025456586871307252,0.8669026885672884,3.4294489746418915,COMPLETE,IZ_H
46,153.62,1.3690290039545665,0.5360198948008876,0.447572867747293,134.2433009515051,125.3569231792674,0.0008464998419423589,0.4612677985877221,0.1907749450415741,0.1032084508702238,0.02887150817633215,0.26891699403536146,0.03560580578768951,0.7802265730213036,2.745935840236478,COMPLETE,IZ_H
47,160.67,0.5075527867811637,0.6007841848915888,0.33775744494310406,152.59963042540153,102.02696865473908,0.0005833638310088998,0.5104264057885582,0.2759265417245743,0.07992012289289041,0.036142598592677516,0.2342410926764404,0.03849548485851073,0.8171299503759597,3.1267116154459074,COMPLETE,IZ_H
48,163.23,1.4350149018296574,0.6913984583005519,0.34886648961912226,164.6575158696051,107.39957491319053,0.0006556859689644236,0.43339062797903954,0.20894763290449064,0.06373476059614767,0.0228979265583083,0.1714274213649629,0.036808618172615146,0.8566325664206154,3.7799139041026035,COMPLETE,IZ_H
49,175.92,1.1811778609848531,0.8668362075375959,0.3742076501701579,150.95811100956664,90.05612268366336,0.0005030761620472711,0.4002529403339692,0.16136639288237004,0.1498305583251792,0.03171994342349056,0.11541971167583968,0.03129087923120953,0.8778060505727546,2.762589151629519,COMPLETE,IZ_H
