number,value,params_c1,params_c2,params_c3,params_inputWeights_max,params_inputWeights_min,params_interSpeciesRate,params_keep,params_noCrossoverOff,params_probabilityAddLink_Large,params_probabilityAddLink_small,params_probabilityAddNodeLarge,params_probabilityAddNodeSmall,params_probabilityWeightMutated,params_threshold,state,study_name
21,0.49,1.341730755059347,1.3242214165023403,0.43542640981670444,164.60861513515843,128.905078149552,0.0010386813760853782,0.4594425381691253,0.18558379253122362,0.14502844573287182,0.028512869029266544,0.2968540995120385,0.03737673140468105,0.8222285821530354,3.5583333260927548,COMPLETE,IZ-E
22,0.49,1.125953832421776,1.4056646142652838,0.4386453738866973,155.21321895430225,94.37960422649084,0.0009418954853439235,0.45595935338804133,0.22580396150606158,0.153823603452495,0.017573100179305412,0.2859857713722222,0.03772121043987085,0.8101340578562503,3.6882616234927754,COMPLETE,IZ-E
23,0.5,1.2480263159812612,0.7512582934041985,0.4748688570603215,169.9509606239221,123.06146792792875,0.0011682968182332662,0.48135722665579417,0.25225863084542255,0.13066551693963713,0.025520407646439217,0.33055482336837366,0.0316049734352071,0.838572949060725,3.9608785309481194,COMPLETE,IZ-E
24,0.47,1.3961933411163652,1.262118962970999,0.4052048858993371,156.40568230368658,109.50496634659363,0.0013153229413316544,0.4370075182880075,0.25327615471889336,0.1481068087454945,0.033221483396379585,0.2621299459926147,0.035467189966853586,0.7684262989243331,3.2037691013565914,COMPLETE,IZ-E
25,0.5,1.037387156808558,1.0957923506608278,0.4533419039156393,165.06753619074942,118.16658041962621,0.0007025411109258196,0.46443488057630977,0.21378195236449762,0.10314150943551785,0.03685620619223976,0.21396374915582655,0.038193629246242776,0.7539285648059325,3.638951562612675,COMPLETE,IZ-E
26,0.5,1.1212038487178266,1.3682901333855864,0.4224218520478789,159.9310343105215,126.27347180166146,0.0009000958123869386,0.49330618002563503,0.15300587443610458,0.13185170516259923,0.03026928363373239,0.1766768778482462,0.03321772426154846,0.7925963361726639,3.347359647526509,COMPLETE,IZ-E
27,0.49,1.4170903960300716,0.5595174889653572,0.37796156331351777,146.45654577427874,102.88933466709496,0.0010884792627839743,0.5213369665795251,0.18072780586457576,0.18469923732036048,0.01636292286521102,0.35543498400237084,0.03520969800535573,0.715817630053604,2.3756214682252454,COMPLETE,IZ-E
28,0.5,1.2633578235759804,1.1408337846931558,0.43359315740377896,139.92729750105266,113.88045649192586,0.0012168200490823922,0.42744328522752195,0.28377375770268964,0.08392970765475843,0.02695582004171981,0.3020191979878034,0.03986045890144605,0.7226743273283178,3.130047057884289,COMPLETE,IZ-E
29,0.5,0.6230975646988017,1.4960654968223834,0.3902601229862003,152.8617814094766,109.72721997434739,0.0009965059557942408,0.5447640745959579,0.3094434115576921,0.11684439653130406,0.02285119320321885,0.2673933892983465,0.034561650086220204,0.8131330177181515,2.8034517587203154,COMPLETE,IZ-E
30,0.5,0.7122135060277742,1.34561827916601,0.36912569824424735,133.3027384684103,94.04911717858022,0.001022317347045436,0.45050929760966185,0.231589529700519,0.17159209825592014,0.04589542907513734,0.2245414893475025,0.030641143583940666,0.7842354731660462,3.98581479845878,COMPLETE,IZ-E
31,0.49,1.101076947549215,1.443203373906989,0.4839605356554376,167.83331124701834,128.95926757703657,0.0010962227290825437,0.4787123399817911,0.26562906495281496,0.1529819756512396,0.047925969794130906,0.3612561844712899,0.03676241214558866,0.7050905459290843,3.3707858446978407,COMPLETE,IZ-E
32,0.48,1.1720384297844144,1.416753029870433,0.4906473403306552,166.95464958660483,125.82864906464386,0.0010871807807785155,0.47469752664602965,0.2749599587962632,0.15822324827050172,0.04271256909047472,0.39383718848770954,0.03670101371183733,0.7531383172411389,2.986024892496009,COMPLETE,IZ-E
33,0.52,1.0795611664304512,1.2314810199838004,0.49482041568975665,163.01521144393155,120.37950481445719,0.001146312395876328,0.4683652880864845,0.25764479719178923,0.19107107616290978,0.04628097532604817,0.36558969516544826,0.03772335740645114,0.726219825280381,3.4278072109333038,COMPLETE,IZ-E
34,0.49,1.0100425994793705,1.252981749219741,0.4748081858235801,162.9583091728194,119.07811524682845,0.0008761295090082714,0.4650174995746816,0.25422182906357554,0.19062131613249456,0.04632751056585581,0.3178183524912073,0.03831367277939232,0.724576187785198,3.7489356930865148,COMPLETE,IZ-E
35,0.51,0.8740678200641708,0.8902092313917391,0.46295201380112116,162.20484577752796,121.53897868857979,0.0008232381660550053,0.43171764225726506,0.2366143198640437,0.19922886455842367,0.03878640846101381,0.19400247941559726,0.034044731861667066,0.7279173122114929,3.86435936817771,COMPLETE,IZ-E
36,0.51,0.9593177563277779,1.2105929404834128,0.44524516885720333,158.32669991208857,114.58904109487678,0.0011513507509409546,0.4073792774971897,0.20044141089987658,0.1805872241771643,0.031524359681325165,0.12924486514693342,0.038749544935838716,0.873333501862654,3.6176854554967988,COMPLETE,IZ-E
37,0.5,1.2754273382158214,1.295101326727687,0.4127581421521514,164.153450268789,120.69873705984118,0.0013385797736685666,0.48906874104183207,0.2165687028316474,0.169516745525666,0.041913757970813134,0.34769605133338205,0.03307396759030102,0.8097080108143199,3.4427135981675647,COMPLETE,IZ-E
38,0.5,1.188605296913341,0.7885628583465687,0.4692592751253573,147.62510431672985,123.58346386143107,0.0009583002831333961,0.44983585357979855,0.2870823334647649,0.1924072180886925,0.02818592079459596,0.31107160997117844,0.03607268404324151,0.8387099862006941,2.734879314270177,COMPLETE,IZ-E
39,0.51,1.48344258040353,0.6474129776234381,0.49936687359007337,166.56080348788632,111.28095387149916,0.0007427156596252175,0.46753431585777244,0.2982126796560196,0.17538702825799551,0.010852132992826509,0.06253835402989122,0.027780555261025148,0.7491032740675853,3.2543547645278394,COMPLETE,IZ-E
40,0.48,1.3751870450918307,1.2392478581054007,0.4537835774849205,161.21888092340222,107.75312901588345,0.0012521614332316106,0.5231014194190658,0.19366287161123824,0.1358537071708182,0.01991306079876385,0.20738830682846907,0.03749092576064208,0.8930988415142298,3.0898841472298932,COMPLETE,IZ-E
41,0.51,1.0670718813849351,1.3863968955878292,0.49733406248222717,169.698687031363,126.63728906898872,0.001059906559111257,0.47297514496719284,0.2709624820994775,0.16257862070542417,0.049612343774801455,0.3730049034867805,0.03886945874309006,0.7124336964032016,3.3072862961974727,COMPLETE,IZ-E
42,0.48,1.0748629942863748,1.315115952550618,0.48672912236920224,166.9380316956851,128.24569671336263,0.001141315059082303,0.4548642649699495,0.24495496208984652,0.14913107104036746,0.04616898754793021,0.34025031409070683,0.03459265838715791,0.7341894096320356,3.4600445056673927,COMPLETE,IZ-E
43,0.48,1.1577322235733256,1.458617898001936,0.30110264159115785,168.42807947669723,125.02714710315414,0.0009769770629996267,0.48746110546313637,0.25467296800137046,0.14048672730772283,0.04754380923904482,0.37115365241767573,0.02355712500104673,0.7152118071336032,3.571039605515515,COMPLETE,IZ-E
44,0.48,1.2344918104516278,1.3522096546478646,0.46530496196578813,163.22456995466987,129.62142803579235,0.0010487110494557536,0.4410884544605723,0.32855146156658366,0.16749181464192292,0.04018363103122808,0.27076590778132525,0.03651984244790213,0.7035330802550877,3.779552051402318,COMPLETE,IZ-E
45,0.5,1.3089535525297653,1.4349937907795984,0.32398747112665305,165.58329157747588,119.88403662087141,0.0012255596020358398,0.5094733057227351,0.2621462787610713,0.12292406393457155,0.04505227020032031,0.3977955607769142,0.03745022746660677,0.759839338519529,3.3966040741328207,COMPLETE,IZ-E
46,0.48,0.9926712372882965,1.1173590626533383,0.4288358109909296,169.81895867922964,123.3696321917997,0.0013059513112617807,0.47168499009607096,0.2917179828520594,0.17668593451873957,0.0493492902277066,0.3780671512290938,0.03910248085003532,0.8328795111943477,2.880797689796736,COMPLETE,IZ-E
47,0.5,0.9281797529394451,1.0256752229349098,0.4464663595976395,159.79051292371008,115.77302072357269,0.0011217272728807246,0.5673258951433183,0.27790722257118866,0.18786237198764227,0.04124174625856458,0.1673859807560162,0.03580222764765348,0.8560835236521862,3.2442108033511037,COMPLETE,IZ-E
48,0.5,1.2117988556923782,1.19517989642036,0.35353894340718284,167.78446852864906,127.65033200540032,0.0012005717542036118,0.4173133026689009,0.24314328912048958,0.15633147648573958,0.036500266467169494,0.3195081743115097,0.033706212942717334,0.700746611245071,3.0632830262644872,COMPLETE,IZ-E
49,0.47,0.8617910139083101,1.2832370171527054,0.41418760846845726,148.8913843621256,103.47025370106145,0.0013834532726942552,0.4969251380875676,0.22875377460221372,0.1097230735096472,0.04776079264257592,0.3409636323275709,0.038016365509800205,0.7319937978490213,3.5147006992373178,COMPLETE,IZ-E
0,0.48,0.67,1.364,0.377,150.0,110.0,0.001,0.552,0.195,0.195,0.028,0.331,0.034,0.873,2.976,COMPLETE,IZ-F
1,0.5,0.5091363954050488,1.0062949054352055,0.35532311624025037,131.04441135676333,99.49081521604629,0.0005993379707559363,0.40271835359656843,0.26337075203914717,0.14153677823822747,0.042550367524263166,0.38413468930517336,0.03152426736238376,0.8303893005080023,3.7132484756592943,COMPLETE,IZ-F
2,0.51,1.026694400326575,1.3472049168700777,0.4976701335359102,140.19591305783194,120.28534320689577,0.0012100056734184205,0.5380548907894638,0.24170899694634723,0.11848130173815784,0.027360119591093385,0.3915781033294635,0.0360836839796848,0.8312300359542577,3.7946916039612084,COMPLETE,IZ-F
3,0.51,0.9258972675999227,1.0723378609169647,0.3245599814892751,157.29877603450402,125.52678460274034,0.000667757070555984,0.4254193805227713,0.1534659218868714,0.11796130857291531,0.032919055329814796,0.23395776589952508,0.02025402405512728,0.8407853201223665,2.0399952384807625,COMPLETE,IZ-F
4,0.49,0.5194128231274274,0.8500027049984917,0.3931784112384237,132.6274904880744,114.79240718786075,0.0012207275828176362,0.40519681423263815,0.2554246903072262,0.15657858922571663,0.01409713619306929,0.34439975699273545,0.023860093877478738,0.8723877578833705,3.2559103918477974,COMPLETE,IZ-F
5,0.51,0.6656538228714237,0.7958993361512232,0.3870780988530024,166.38794402060802,119.16141190212201,0.0013218574591812434,0.5065892532877962,0.3247144197844218,0.07429558488161998,0.01646426216038098,0.10888979376195845,0.036089756315406965,0.8884548997332485,2.340321438704488,COMPLETE,IZ-F
6,0.5,0.5535744133862841,1.0910656762589928,0.3625188923150392,142.86362550982386,117.66612634176654,0.0007138098559989058,0.5524121916770941,0.28983270788814086,0.10645342618136719,0.017338493460406498,0.17412662152593286,0.027659102517160666,0.8993285289208037,3.0664732512236057,COMPLETE,IZ-F
7,0.51,1.119113850864301,0.6176571900504566,0.42426257607345097,165.09906411379774,122.02270076561726,0.0011240801911650503,0.5415725764012171,0.17065768508132506,0.07773200160448013,0.035367910807564004,0.2276897289261625,0.03836986419392982,0.7616237621029369,2.4478693795964563,COMPLETE,IZ-F
8,0.5,0.962078658741375,1.2164762376811593,0.4292692159413575,148.41292094600874,106.0177024636049,0.0007285132102064977,0.5491267349459044,0.29629455285509443,0.05871066693180654,0.029094828721789874,0.21665171858230214,0.03816082770651384,0.758835923865605,3.0722979189355506,COMPLETE,IZ-F
9,0.5,0.8275141841373959,1.0887509151896526,0.39465537864015976,140.11079488967627,104.58363572620269,0.0010693924561833946,0.41539416736219875,0.28369372780445157,0.10611189146954456,0.04033776987601608,0.3177631415822013,0.02599133331838303,0.8657086413865138,3.9104327910071417,COMPLETE,IZ-F
10,0.48,1.3391634675070874,1.4995766660719325,0.49860841700079495,140.65986048347125,90.16984533971572,0.0014760229663139447,0.4701831263562218,0.21627321257368762,0.16463295582180498,0.023807528693136064,0.04994890049963863,0.03193924999898806,0.7100349640437302,3.6989207013767325,COMPLETE,IZ-F
11,0.51,1.1476198960571122,1.2942618928147942,0.30355950540235316,155.49066136167806,128.20741434306976,0.0008901315379968024,0.5925558028708409,0.1572955320238284,0.11773452703671351,0.049591435102639116,0.26974250943775346,0.021381526458902126,0.8271583388789056,2.051454273468433,COMPLETE,IZ-F
12,0.5,0.92574934845456,1.379185575547131,0.4858328464699466,158.20870532917323,129.38992953779845,0.0005172207173893132,0.4621129790278653,0.21540364517439514,0.13447117238916684,0.022035525909528265,0.1501512192243918,0.02017199058555121,0.8162604865128207,2.6622286434090885,COMPLETE,IZ-F
13,0.49,1.173887415288667,1.1660446451860502,0.3059368216027375,159.61376226653348,124.1992069334094,0.0008506928024204144,0.44531036528254525,0.3438139844428731,0.10073396231679893,0.03424490366648582,0.27878501053999816,0.029990955010718915,0.7805645600662242,3.394971930240826,COMPLETE,IZ-F
14,0.52,1.4169614072414112,0.8775464425382213,0.4610325876502924,150.29500569568935,113.26080809476379,0.0013300797019571364,0.509245524587616,0.2190779758141397,0.1666539613151601,0.03413376629511461,0.39450150000167755,0.03442348357673303,0.8488789232339143,2.7355914081824455,COMPLETE,IZ-F
15,0.5,1.4431164714976514,0.8185258272942695,0.46434902578248294,145.30059711869094,111.66441088838792,0.001382216606195905,0.5080811681117411,0.22910748530148403,0.17720761119919043,0.024278925291496587,0.389722025432277,0.0349693215128502,0.7982341420674324,2.744525331411494,COMPLETE,IZ-F
16,0.51,1.312736186693535,0.6259485092114594,0.45827166088208826,136.3037398851299,113.86067362382882,0.0012578362557121895,0.5257556374372572,0.1912825181969373,0.19989314462541152,0.036967923950685634,0.39787771338783084,0.03938593459146372,0.8561289110465571,3.5443420420053853,COMPLETE,IZ-F
17,0.53,1.4934789813263942,0.9300294907863343,0.4620308397945674,151.51134096353272,98.55748487269226,0.0014896961518483139,0.5869138321376447,0.23676254297807414,0.1454160628437907,0.04569466253689096,0.29081596227958023,0.036095859028288796,0.8018187534540342,2.809345930202919,COMPLETE,IZ-F
18,0.5,1.494317218540506,0.9015311291485103,0.4304266832721268,153.68120733378606,94.9692666998815,0.0014642660198259177,0.5975374966409653,0.19194542287487898,0.1495868970076288,0.04946722925091114,0.2827421091224383,0.032421388024830015,0.7987533469978239,2.7377390803942623,COMPLETE,IZ-F
19,0.47,1.3515822936520185,0.5003895360871313,0.457518316557505,152.4986387723823,101.02312375927697,0.0013785622425567853,0.568494376015068,0.2622307185656371,0.17095668480766474,0.04534430801352548,0.34885904513160476,0.02985660105174973,0.7283332392970262,2.471156577889015,COMPLETE,IZ-F
20,0.5,1.256749768359413,0.7056433431515123,0.471140419283402,162.37920068493287,107.23805780479832,0.0014805223942686708,0.4844410283049508,0.2374349544579512,0.18111137925400211,0.03976516896788625,0.3051572189938818,0.037109547559289136,0.7688252572571922,2.9338613299977903,COMPLETE,IZ-F
21,0.46,1.4236440202650555,0.9334594651609092,0.44328049430742367,146.7273148298763,118.3726095820767,0.0012013973737783604,0.5808934270996762,0.24039605549254583,0.13187195460780812,0.029996293943816168,0.3638465586511434,0.03367872042048005,0.8451468000197293,3.272252413574779,COMPLETE,IZ-F
22,0.49,1.0490223063997506,0.967264283534441,0.4987025262652073,151.33601721787582,100.4112353955787,0.0013220798230179711,0.5242028984210654,0.2221821068792683,0.1496725591624251,0.04471577190949497,0.3645731856796921,0.03634950609362648,0.8119871719365809,2.831332189042976,COMPLETE,IZ-F
23,0.5,1.2546349213600214,0.7222378312367239,0.479679137503939,136.99516654901967,113.98466514496792,0.0011740661449027947,0.5732316845960399,0.20591800542478023,0.08960943074056056,0.020708060835210252,0.30065023309359007,0.03480436304644871,0.7831030738618051,3.986859435200266,COMPLETE,IZ-F
24,0.48,1.4968330484199173,1.0194052485025147,0.4140916767956443,144.5378975717455,95.2315165170346,0.001382471161965265,0.5247699880931705,0.27774105242653885,0.12467380873701939,0.010568826493309737,0.33290819602674104,0.039915863164048146,0.8217070951228669,2.581112456593422,COMPLETE,IZ-F
25,0.49,0.8366766360057767,1.47826950123751,0.449571674994408,147.97265112025502,110.07218455694756,0.0012837103517671312,0.4943733492437764,0.2456214649181668,0.1615543368152637,0.027797476294039565,0.24826412238668583,0.03718065622088533,0.853881448490133,2.305122659269098,COMPLETE,IZ-F
26,0.51,1.3962647270950443,1.1533294494126336,0.48174524023058135,136.9275036642241,122.32385403983665,0.0010233629256934731,0.5627818032539559,0.3097968458286471,0.1827381947808313,0.03779017108021583,0.3653563767751078,0.03321562106792311,0.7430194817675814,3.2116040055872066,COMPLETE,IZ-F
27,0.49,1.2407875791924834,0.8808076215610898,0.44050419413666286,169.9058875844498,103.53362043445284,0.0014190960885994968,0.534869156711417,0.17615111102479775,0.14394172966300528,0.03137640931979397,0.19566514716639954,0.03569569550556831,0.8082173779417003,3.5156778714169556,COMPLETE,IZ-F
28,0.5,1.0808036085099468,0.742641996771211,0.47767630475368145,154.2032240109503,116.78335917050526,0.001169531715492805,0.5851999378888942,0.2709520606921136,0.13403303759648394,0.04651214185179864,0.2583260260113703,0.031012526126461337,0.837235857282347,2.893119168115246,COMPLETE,IZ-F
29,0.52,0.762351563208969,1.2255164314744156,0.4103087740054011,150.675980600395,108.36434554783789,0.0011048931606407726,0.5579985411152473,0.2058424524502969,0.18716589991967308,0.026064516302068828,0.325832236179727,0.03422057744003154,0.7811833771387734,3.0923604343973055,COMPLETE,IZ-F
30,0.48,0.7750400090622029,1.0264078739297733,0.40948854992224337,149.44766755103723,108.39590184397677,0.0009327045097869666,0.5586690529289604,0.2080253140027787,0.19011120082624489,0.025407768410879557,0.3219496965260754,0.027873623684497133,0.784941924674882,3.0397740703759415,COMPLETE,IZ-F
31,0.46,0.7089076345553965,1.3245351301390302,0.4914642801516433,150.36222857782883,111.09799985829801,0.0010897890339358867,0.5400474851549151,0.2336363733960569,0.1884991705789302,0.02641941521319888,0.39802128579675705,0.034009778234577,0.7990605145292832,2.561930968334494,COMPLETE,IZ-F
32,0.52,0.6469330847216433,1.410403470292,0.3734243722522205,143.87606646056844,120.94379147929097,0.0009765301995300173,0.5171497736113344,0.19896623386849116,0.1713462242043389,0.0212487397182208,0.3709073921855915,0.037654708617092726,0.8317558406378073,3.8144373793596733,COMPLETE,IZ-F
33,0.5,0.6207366589893333,1.4137568183091211,0.36474028664333913,143.48466446487214,96.67575500147694,0.0009554731748884638,0.5173386950783738,0.19926638975920896,0.17028870146033145,0.020718695202177072,0.3615589403712418,0.03824276787951872,0.8522585659016293,2.805932468238785,COMPLETE,IZ-F
34,0.53,0.6003118680429594,1.2311692725618117,0.378787213526411,146.44345937794867,90.53221497370878,0.000846342627857169,0.4917315253708112,0.1787840364326743,0.156910360502677,0.018449079627250852,0.2973434614604091,0.0346776835032533,0.7897542767951967,2.2288930020381112,COMPLETE,IZ-F
35,0.48,0.587431391478376,1.2522198879016275,0.34153631090739167,156.02842674833482,90.17748197431298,0.0007811055464985745,0.48559570478406167,0.18064266213497734,0.1550914114700166,0.01778376278790632,0.2914205351277233,0.0344504471921904,0.7395258262081745,2.1319121108803323,COMPLETE,IZ-F
36,0.49,0.7334458832247639,1.1402229656131548,0.40775859928802827,151.06029354007057,92.74753011145181,0.0008509965455579336,0.45160035895138906,0.18642894182828804,0.16143536171847797,0.032382016476560374,0.3364948718977195,0.030879584951403204,0.7710611490620333,3.169138646429265,COMPLETE,IZ-F
37,0.5,0.8038037692207182,1.225261695819638,0.38151911856594906,146.61418878148154,97.93338419135857,0.0010214243921527358,0.47452350587572795,0.2565147144914992,0.14274511016097885,0.013430903121327342,0.3103824235521461,0.03291067892909223,0.8853287507800885,2.283323694276074,COMPLETE,IZ-F
38,0.49,0.5227669468733335,0.9587089491667914,0.3459818143658876,158.95284679115602,102.13292348357639,0.000617124329593541,0.5801637636532068,0.16616756893789328,0.19061810143826763,0.042312710584174094,0.24541522439970095,0.03542775083840982,0.7457926752101192,2.1765661053196808,COMPLETE,IZ-F
39,0.49,0.8835016792811231,1.0515503951170904,0.42086620776356076,141.453736961759,98.79359207970748,0.0013150301948993048,0.49419276485688246,0.22268383920606494,0.15225606101522549,0.015218192719090792,0.19682922933625235,0.028710428605848343,0.789753526802844,2.4199064707220725,COMPLETE,IZ-F
40,0.51,0.7045666087221693,0.8482144635888293,0.40356161043972544,161.25336287682632,92.44092901735891,0.0014155144487588928,0.5512948007743017,0.160398915202041,0.17639930564525086,0.019490447489987378,0.34563334908390575,0.036596535586436094,0.7561345442682287,2.997666849879663,COMPLETE,IZ-F
41,0.52,0.6446278396366286,1.3868652012515856,0.3707235542865033,146.85156404113908,115.21300119748258,0.0007892268182884264,0.5066794999228326,0.20430070935603614,0.16770186320766942,0.02358839933227354,0.3766253482742129,0.038806098408115296,0.8299202363840338,3.804779049910012,COMPLETE,IZ-F
42,0.5,0.6020035527176101,1.449909329558952,0.38361736234036314,149.19980083397522,119.59567186554663,0.0009839607718558378,0.5160461147296308,0.179865029374064,0.159734108296113,0.018809798409751513,0.3239859247132565,0.03743408636051657,0.8085250696443217,3.3515012693208672,COMPLETE,IZ-F
43,0.51,0.5609556734629444,1.2823433999640799,0.3499317022188278,152.74886401301475,126.85859481219111,0.0009004009485263613,0.4964418810641833,0.21207968616622466,0.17755804408343653,0.022307013592089663,0.37756749563580716,0.03585435671328599,0.7740952373506671,2.561902760761902,COMPLETE,IZ-F
44,0.5,0.6737867628607291,1.3464018108419562,0.3351683296980365,144.22235949028055,121.50185857200074,0.0011004829989241934,0.4812017827757178,0.19775916601767782,0.1978595215822019,0.027878071471463362,0.34904117894288034,0.03410381709654998,0.8206815553027725,3.1337506460955797,COMPLETE,IZ-F
