number,value,params_c1,params_c2,params_c3,params_inputWeights_max,params_inputWeights_min,params_interSpeciesRate,params_keep,params_noCrossoverOff,params_probabilityAddLink_Large,params_probabilityAddLink_small,params_probabilityAddNodeLarge,params_probabilityAddNodeSmall,params_probabilityWeightMutated,params_threshold,state,study_name
0,0.51,0.67,1.364,0.377,150.0,110.0,0.001,0.552,0.195,0.195,0.028,0.331,0.034,0.873,2.976,COMPLETE,IZ-A
1,0.49,1.457494889547486,1.0121409154080974,0.34580210680646384,160.84704419633027,95.03877398010557,0.001201464238030075,0.5742154999505673,0.3431264590928831,0.1964057517772536,0.01588077099921264,0.11021023308872671,0.027825613495623416,0.8252575914194902,2.94077062935884,COMPLETE,IZ-A
2,0.51,1.2752746103005412,0.632652443847246,0.3768929258490132,146.04442082776126,102.37121777795117,0.0010708492976792185,0.42826253245457724,0.30181792643433736,0.15800270433281802,0.026710454282454936,0.028272720031097362,0.02502486650554131,0.8621082599841631,3.6752005813855284,COMPLETE,IZ-A
3,0.49,1.157591593493887,1.4786233414734429,0.44664878042905287,154.18467277854853,112.09559613909191,0.001126256403473442,0.49798549393571895,0.16879897105804226,0.1711607114179144,0.047814721149354686,0.1972327101095771,0.03361057919927399,0.723387289894307,3.432333435185553,COMPLETE,IZ-A
4,0.49,1.4421963505267983,1.0868714390254743,0.3890807850526868,131.9586203044358,95.92435576233324,0.0012456254661033603,0.4670627381181111,0.16430740106389452,0.0684357337509092,0.012382576796038856,0.19482952974674303,0.025495819222316415,0.8214413077093409,2.9264884179981276,COMPLETE,IZ-A
5,0.51,1.0580067423553396,0.5139825945555192,0.35261369194166997,162.31283528438507,99.82391823033363,0.0012947542899743726,0.5445683564602347,0.30813442568241634,0.07973195409551398,0.04769545695084628,0.1313859139358339,0.028989747853894403,0.8483573153141981,2.1054682596611167,COMPLETE,IZ-A
6,0.49,0.880524509015088,1.0166261758699646,0.3224244608538475,139.78201225122598,105.46737798656669,0.0006264451527571749,0.5478292102305866,0.1919877927125301,0.10955652241112086,0.03047300079105817,0.11463379570692701,0.030642248250345706,0.8771770710606527,2.3658111692590897,COMPLETE,IZ-A
7,0.48,0.6496599505043944,1.10255292356964,0.4032077356557144,156.0622704300868,119.9668686066037,0.0005039691251752798,0.49468462952913556,0.15935009916059387,0.06282378421630012,0.04774148920192705,0.09010244552998542,0.02864598232830265,0.7096542125364568,2.0895904300118806,COMPLETE,IZ-A
8,0.5,0.9431190804383391,1.2525979597806618,0.49243354936126726,159.25510129174006,125.05994337566288,0.0011620438838086129,0.5619432670870769,0.16706480597494333,0.18880219491595734,0.017888775927466856,0.20221639706792396,0.02226580114601522,0.8931139690668861,2.8224801322572994,COMPLETE,IZ-A
9,0.48,1.032277573788393,1.0017489467914036,0.4148023654981696,149.08093053326112,116.92885158426454,0.0013560769892015478,0.44604480056691287,0.2931828100812123,0.09107343300929242,0.03627149340791366,0.3349013224220332,0.02991669294113196,0.8843388966148102,3.522029946900691,COMPLETE,IZ-A
10,0.53,0.5660007103036203,1.4397840440513854,0.4452356927293053,169.2199609465324,128.94844273650978,0.0008523850318186262,0.5972630085120951,0.22255845065979776,0.13344262557514777,0.025001820959903266,0.39204402196401106,0.03878706336218227,0.7705419068608412,2.576870727718567,COMPLETE,IZ-A
11,0.49,0.5016306262801467,1.4772858418684598,0.44651254125736517,169.00888772064812,127.79993619312286,0.000861892281592787,0.5985098238947442,0.2246076713315942,0.13499369390364024,0.022658808373841804,0.38988548230664266,0.03939016481141394,0.7724284150106283,2.5535950199276614,COMPLETE,IZ-A
12,0.53,0.7556754738202277,1.2992417045276443,0.4437091855886559,169.64724570928152,110.32668586196446,0.0008678119154540253,0.5996772703781145,0.23389870695299675,0.14210421065538847,0.03706346264359013,0.29982023331342594,0.039204939462876474,0.7703981666855773,2.5659552431301274,COMPLETE,IZ-A
13,0.5,0.7575764378840872,1.262552994572355,0.4752688130517363,166.66658369500553,121.09703544615013,0.0008714483106181117,0.5932807182205225,0.2539771279685702,0.13682246533262196,0.037751535886338165,0.2864046489921174,0.03992362050589362,0.7648461027915925,2.5209240488288294,COMPLETE,IZ-A
14,0.48,0.5293113848912834,1.2871066553351111,0.4453424146818477,169.82948358669375,129.77239711221955,0.0007933963938597376,0.5266609701727274,0.24476500627556122,0.10746676231380922,0.0383120999353658,0.39554016168255945,0.03679312851664267,0.7624278813866161,3.313054439804315,COMPLETE,IZ-A
15,0.51,0.7978871882310118,0.7761357448712949,0.42655151861983653,165.15487927114017,91.0740030949096,0.0007320408926550896,0.5218088321035104,0.2259085286965565,0.14808703768601134,0.0408438294941265,0.2722953837466717,0.03668686009941256,0.790103907090591,2.624386819944116,COMPLETE,IZ-A
16,0.5,0.642021431204953,1.395011869053579,0.47457513965348697,163.98808595208948,115.1538447866355,0.0009731470421753004,0.5815291080549644,0.2686302019291713,0.12206923499705347,0.032742448176783304,0.3395730086262708,0.036794837804093164,0.744284470475147,3.2293027135760006,COMPLETE,IZ-A
17,0.48,0.8086458434681919,0.8643793912592586,0.43058365203713167,155.65110151168932,107.18988627803361,0.0014969654402109671,0.5709456047435288,0.21070764949185622,0.16616941071119376,0.022970644531386315,0.26863232613669746,0.03396349149476411,0.7956400093670153,2.3106193556344152,COMPLETE,IZ-A
18,0.5,0.6047159403680804,1.1570997063739896,0.4725926428659345,140.52559316908304,123.01794783812628,0.0006581145315704242,0.40290001640967055,0.27428237786059595,0.11735321494032935,0.04303467092727671,0.36559873544563876,0.03793036452627728,0.7306305719196083,2.734350828143265,COMPLETE,IZ-A
19,0.49,0.7282849169937899,1.374944111749319,0.45292052237782815,158.95935573974333,115.10614744440728,0.0009447422713018728,0.5230730933446973,0.24075009062362634,0.095893818523777,0.03348010347345412,0.3019212882890022,0.03175334730887971,0.8137171768155498,3.126469467571372,COMPLETE,IZ-A
20,0.49,0.8829311094011887,0.8576990238848665,0.413777125130367,166.73306994531399,125.99504096344529,0.0005158752373616714,0.598434352645449,0.1860155506346145,0.13975136848775704,0.02210628086615498,0.23854875429957234,0.03522916249949005,0.7490535822488638,3.9896822626593402,COMPLETE,IZ-A
21,0.47,0.67688095816886,1.3395008406321798,0.36738335775590447,151.86291700195244,109.13190338746011,0.0010369761664965132,0.5494164868854889,0.20125296556866495,0.1780149129566672,0.02721026217403284,0.3286453417078789,0.03844562122518409,0.7805107268430891,2.371114639323554,COMPLETE,IZ-A
22,0.49,0.5590154867101439,1.2023265488845745,0.3048385998719045,145.7307455878618,111.63583821675859,0.0008870852075687905,0.5820848465965333,0.22021926845602532,0.15643538520119182,0.027909393817867077,0.36901755473489495,0.03297809383882864,0.849716067917762,3.1105822166592283,COMPLETE,IZ-A
23,0.49,0.7193531507966002,1.498122401662844,0.39283396013733063,140.63848452545406,102.86854065852721,0.0007604332123498596,0.5531184744201288,0.19128173578901317,0.18298044448621165,0.03254930417854576,0.31431038700459474,0.03495570754167091,0.8071210272057887,2.7454400506599312,COMPLETE,IZ-A
24,0.49,0.5921136087690848,1.3880861219808762,0.43032349876657083,147.87491333705577,117.69166454067026,0.0009592432564486315,0.581314282055652,0.2344947551609125,0.19719692649388923,0.019029633004165082,0.23931959366492533,0.03568696989791441,0.835526966962495,2.275206273430799,COMPLETE,IZ-A
25,0.49,0.8454563170531019,1.3256802026756342,0.45938463162244003,151.83724787267738,112.7716070663267,0.0010704212641721386,0.5378433841991193,0.2053683381691089,0.12861975318961819,0.024853546934583408,0.363336500317125,0.03799043897029143,0.74863678514808,2.514463750087284,COMPLETE,IZ-A
26,0.49,0.9464923074763805,1.4242613720034247,0.37401722196602066,135.62732781417589,107.01246691819118,0.000810875175807995,0.5624168436305199,0.25876102481495267,0.15300612669758756,0.030207110337303302,0.3534323285139082,0.03981230896137198,0.7862578933214741,2.851793495764542,COMPLETE,IZ-A
27,0.49,0.6982061313777573,1.2303374819529027,0.4974348575520975,157.993646904498,97.78732011359058,0.0006779226297201275,0.5997665849665978,0.18452613974518292,0.051121029380743505,0.042960671463175934,0.24553881526495727,0.031709325879507165,0.8009117561866984,3.0605460363558175,COMPLETE,IZ-A
28,0.49,0.5866812168516159,1.1432066133267205,0.40830421238741704,169.66042207035386,102.78702818789536,0.0009252988372302178,0.4839511256970933,0.2112557629449191,0.11372132245727559,0.034480244848148475,0.163290132136859,0.03801553690553626,0.7591676436428362,2.681030707611789,COMPLETE,IZ-A
29,0.49,1.1541253602209174,1.4294550278214428,0.3352747547390106,162.28133676322858,93.15806750804624,0.00058566386266385,0.5664888278958023,0.32705174947452176,0.16746712479529188,0.013790802068620028,0.3028677815920512,0.020079659966775548,0.8338846009743228,2.959990354207711,COMPLETE,IZ-A
30,0.5,0.7761353425084115,1.1833734880176565,0.3553864228830576,160.7539495860135,110.1077537674704,0.0010217458490723284,0.5128415397871937,0.17944879827570911,0.1443156615418636,0.019259460726432268,0.3815126030175796,0.03622737440572723,0.7319847231140066,2.0085296905609695,COMPLETE,IZ-A
31,0.48,1.3924881218350236,0.6337566327504994,0.37524006151458383,144.61919073723772,101.84913703693539,0.0011277340506230305,0.40552453658595117,0.3329034247357142,0.15865216335610471,0.0269243074913295,0.05092675143919938,0.025807999984126136,0.8658228316034928,3.699246911483242,COMPLETE,IZ-A
32,0.5,1.3244755876972156,0.6458265643469245,0.38532711408067616,143.17273486207253,105.10185018617327,0.0010650919703547284,0.42688939505037826,0.2991803413261005,0.18915897588063088,0.025093429483503082,0.0518805492868201,0.026508586805322545,0.8636820776405528,3.9874129229318314,COMPLETE,IZ-A
33,0.5,1.204156717759185,1.3145477388607467,0.36583818162963033,152.49613108493614,98.58417860604348,0.001219057083296466,0.4474535561437271,0.3478247454341816,0.12637097299172545,0.030592633347790422,0.08142525660266423,0.023592451666948164,0.8679414950476614,3.493248325844963,COMPLETE,IZ-A
34,0.51,1.2290100966942255,0.916586697802184,0.39427475283419905,147.60018726516432,95.51266573777004,0.0011009474850361264,0.47638573023584885,0.28088445691338054,0.1755830681038645,0.02846093344895756,0.1651675444262983,0.02734476817512776,0.8982110851598748,3.6158941557994995,COMPLETE,IZ-A
35,0.5,1.1127736589207398,0.5543837612528816,0.3359516712574702,154.21391843456396,100.45770802557271,0.0008386639041241194,0.5867374410530933,0.23276104727464791,0.1601656023461967,0.010791143688160908,0.1729478897814799,0.024388216830694566,0.8502548276311452,3.3436879925616285,COMPLETE,IZ-A
36,0.47,1.3018045486385286,1.0650634733188629,0.4225139352892533,137.79810110852395,104.86192504671705,0.0010063975787846134,0.5041700847849419,0.314628102204951,0.10057341281388016,0.025246303168998008,0.3454850078617741,0.0342097028959518,0.8176999496570315,3.7298395490098057,COMPLETE,IZ-A
37,0.51,0.624773461040002,0.7611730537904355,0.3825722805632448,150.1448838054225,112.77581755181919,0.0009138717155472143,0.5727335039448566,0.26333344271423836,0.14780626297921837,0.021647017260910523,0.219089562022178,0.03294780278892509,0.7756050027169848,2.428377686300104,COMPLETE,IZ-A
38,0.5,0.8994519794287699,1.4584979713998507,0.43896579402096697,134.15220708177662,108.56196766162628,0.0013002556248101751,0.5330447552185832,0.24957313395987152,0.13118558401030442,0.030947112011400393,0.026403706176404418,0.021283931914398157,0.7114411864177185,2.1915556919117605,COMPLETE,IZ-A
39,0.5,1.4321916972924071,0.9612107911517737,0.40305717988473394,130.64834305334188,119.07484851524153,0.0011623406535378265,0.419112935547777,0.1566122690960065,0.08344279788212244,0.03495589582356148,0.32087005285135733,0.02891019379367075,0.8844618730284318,2.884843074181854,COMPLETE,IZ-A
40,0.49,0.9957995206690117,1.3477372171028748,0.34946271346048574,166.83195192811903,121.90771000414979,0.0007341630124602231,0.4622518508350196,0.28511378503698526,0.1875955687311573,0.0174570190540424,0.27848305477256186,0.030416453263968628,0.8296674670833447,2.9857347876598332,COMPLETE,IZ-A
41,0.49,1.0802641751670403,0.5602738308951037,0.3588745550712634,162.32750944265922,98.81108956956888,0.0013991028337504623,0.5412955634348022,0.30706938755387,0.0841630155221407,0.04985208123645951,0.12789132652599344,0.028998392129387963,0.8452602833360633,2.0367525967093045,COMPLETE,IZ-A
42,0.5,1.019768757299507,0.6768184064089036,0.3321353895840196,168.1595179821041,93.87680604267106,0.0012821015367211798,0.5562901951007171,0.3311646378071652,0.06817566562707728,0.03788391732544219,0.3989484915835648,0.024226339280388684,0.8766281263192673,2.1814400431532293,COMPLETE,IZ-A
43,0.49,1.2705464962938864,0.5208129960812033,0.46171421884589775,163.69170407100322,96.75335395749084,0.0011804202159014063,0.49579451521524404,0.31825411061690084,0.14049529776609654,0.04730344964487797,0.13427854323705235,0.038994021188022775,0.8553262690348078,2.5831793624949793,COMPLETE,IZ-A
44,0.52,0.5049813404662137,0.737915443736405,0.3432818889181717,164.83247931318235,101.40461545985818,0.00083231634192275,0.5902233221195623,0.1761548499685558,0.10426682336051174,0.04113085749835887,0.021335387163179374,0.0268110419901771,0.8772646952520939,2.168516374594514,COMPLETE,IZ-A
45,0.52,0.5133100689447654,0.8171147415446578,0.3182871700784463,165.60786109337852,100.65017797457566,0.0008009653157799696,0.5879071240594652,0.22051365044887317,0.10825324648026075,0.039865330225462806,0.03214895536627358,0.027748571891575816,0.8852716251854704,2.4153922129276966,COMPLETE,IZ-A
46,0.5,0.505714865735609,0.7296196458541585,0.3133025875908954,165.37909169800395,101.19452958717584,0.0007997612691673187,0.5900761154422801,0.16926334299927712,0.10310459322491158,0.042294847377307085,0.04574762604361528,0.02799281554596125,0.8858194242322533,2.433292029848445,COMPLETE,IZ-A
47,0.49,0.5541746206888325,0.8374794307898953,0.3203260572021667,167.4492110463083,90.59089317416412,0.0008450508239234729,0.5798310240591155,0.19766752166392762,0.1210322847572259,0.04037939073177094,0.09337470070869325,0.027045247770276094,0.8947750194830677,2.1742069832163766,COMPLETE,IZ-A
48,0.48,0.6487673059563798,0.708736626898793,0.3419066998697762,164.81425058451634,104.06211553243284,0.0007054726950620797,0.5897748829042505,0.17685726425061835,0.11093749768581057,0.04508448469581694,0.06417035329172134,0.029702435358783724,0.8751429851590369,2.4594110319099154,COMPLETE,IZ-A
49,0.5,0.5452844839670705,0.9202966717545826,0.3033880449503256,161.29432908530495,115.40656937151314,0.0007596515194026885,0.5728606060036773,0.21888423462898585,0.09395232715756487,0.039327527932151454,0.02117338039856696,0.03134457122154273,0.8876644361478345,2.295829338678531,COMPLETE,IZ-A
0,0.49,0.67,1.364,0.377,150.0,110.0,0.001,0.552,0.195,0.195,0.028,0.331,0.034,0.873,2.976,COMPLETE,IZ-B
1,0.49,1.2950237094059815,0.6978749480953578,0.3698912068661833,161.38141120844517,99.92830177325354,0.0008690223361135399,0.5601505420810012,0.2357946037334049,0.11407784742817056,0.02087745502465589,0.14113914413085482,0.03092850324905455,0.780241308335146,3.9112573575971665,COMPLETE,IZ-B
2,0.5,0.9386812854514204,0.8830562055244824,0.42036999144868203,138.96063256624302,124.59388950418693,0.0013497753531484821,0.571484551711536,0.1857419711881133,0.1562807602467757,0.03709555365172771,0.3733921336939442,0.03720970440504117,0.7902720344685861,2.548144730263713,COMPLETE,IZ-B
3,0.49,1.4500870520555387,1.1914914934639165,0.47313837128846276,143.62577082082484,98.78541932788565,0.0006762999727746059,0.42246960101461617,0.19393071430761724,0.1854540401829644,0.015250937320218188,0.15027085988483677,0.03348871353657871,0.8896849790519362,2.600482865049837,COMPLETE,IZ-B
4,0.5,1.0484346839967964,1.252891251492696,0.44625434237482475,162.96495882087868,96.8215690267096,0.0008364927361162916,0.4522365051202041,0.2362478713248536,0.1189000125548406,0.04366671862669687,0.37674913875657706,0.02218057964849669,0.8006123543671431,2.029905226779203,COMPLETE,IZ-B
5,0.52,1.1586271335463132,0.5117470879154375,0.3606103257789719,153.85297894121464,109.8018207508594,0.0014602329097928054,0.43169356680284293,0.2556907872308388,0.052989466103933236,0.043770583396329554,0.1590753948459486,0.025414044855650138,0.8336807807357103,3.05164187408103,COMPLETE,IZ-B
6,0.5,1.0495042803155623,0.8667151132729624,0.30415055055189516,155.24975399025837,102.9122138200894,0.00122275677169597,0.5300873644479462,0.3311049776493285,0.14717620891149247,0.02268391819212943,0.20890319066209034,0.030647595389434724,0.8878274367497407,3.385221807504019,COMPLETE,IZ-B
7,0.5,0.7763318760892787,1.3138574381830028,0.4569185790137241,167.88911026256244,97.46450066750099,0.001269296245901086,0.4632262287362529,0.30132071853359377,0.11397000574054698,0.03576195447040999,0.3074823281924855,0.031582483604254905,0.855470514364777,3.770489423914981,COMPLETE,IZ-B
8,0.48,1.332900469054593,1.4401172645924998,0.41077893399173365,132.88476248018577,110.32801563339719,0.0005101436816365981,0.4554168770638951,0.3054882485172348,0.16881050573685857,0.04714992532596183,0.18457835346263002,0.03846730344250768,0.8920367415775214,3.106903477877678,COMPLETE,IZ-B
9,0.5,0.9305446202986253,1.2757766640024117,0.3208009091959345,142.09603278375835,114.00743479265086,0.00065555066536623,0.47127012784142364,0.304448764490443,0.08278359838981197,0.04526980356917018,0.11155716463728109,0.022664067927240218,0.8650854567525015,2.965964088106891,COMPLETE,IZ-B
10,0.47,1.2090522950153446,0.5054060797363809,0.3474497323476045,152.85825146683567,125.9990024537795,0.0014344801340178395,0.4025867168459779,0.1565929135760145,0.07632041654972149,0.036085141856359776,0.041206640424965746,0.026075964237301727,0.7015084701552428,3.4746959159811506,COMPLETE,IZ-B
11,0.48,0.8756338906792205,0.9280152979988583,0.4144817331498999,130.71309574766383,125.49667051026482,0.0014954145517701658,0.5193842816239816,0.27398725688084624,0.053800837932462084,0.03828696136905787,0.24975303160443085,0.03989999230460793,0.807812413858822,2.433636052752386,COMPLETE,IZ-B
12,0.51,1.132630217794714,0.6063980257662231,0.42314724846886587,141.87434079760158,118.6562066238324,0.0012845635193260254,0.5939380933110684,0.2013889126096372,0.14572470037738994,0.04026554369357392,0.0685449228610131,0.026291094804638176,0.7616842668679779,2.548053986605073,COMPLETE,IZ-B
13,0.53,1.1861408918847292,0.5036713174551859,0.37536093946525867,146.52806247541892,117.90194336967741,0.0011523476160559122,0.597024776918176,0.2528425322257103,0.14109507820453535,0.049779443816838125,0.02181126512056769,0.026339381953952655,0.745387252094779,2.2585328584181656,COMPLETE,IZ-B
14,0.52,0.5030827901037663,0.7085343359853544,0.3481260141960505,157.51696497932335,90.70691291660194,0.0011478476485565748,0.49856624226720636,0.2697473884578374,0.08807829957054882,0.04816570479493764,0.03000353440141143,0.02691793816878836,0.7283684716826208,2.082827213202757,COMPLETE,IZ-B
15,0.53,1.4963127933148104,1.0776567554062038,0.38029748332425484,148.6431665512579,118.43569134709485,0.0010609953091403682,0.5990669126496584,0.25554233924200137,0.13803664125663126,0.04980756370333063,0.0829254924333365,0.02440768042666344,0.8292132412293599,3.277483247225372,COMPLETE,IZ-B
16,0.5,1.4478086933773118,1.0902120161906204,0.3857532409906201,147.9675902681907,118.51320826741352,0.0010947496296801786,0.5991762935019519,0.2235889189322343,0.13251844653953254,0.030855511381957145,0.0831028824538575,0.021163559332999564,0.7528039039013393,3.461109423936325,COMPLETE,IZ-B
17,0.49,1.4901889042080865,1.063167311483391,0.39080388358852813,146.5204314412289,118.92182848069753,0.000959278420284129,0.5791866729799224,0.2822348352318761,0.17392382031672635,0.0104002721324147,0.09049663493064634,0.028307656969301594,0.8245233631492133,2.2901531717683485,COMPLETE,IZ-B
18,0.51,1.3489329475882557,0.7781016683774409,0.33482161307404334,136.57860586768646,128.59552553626318,0.0011057024229037377,0.5420458036477839,0.22059163372602142,0.1325741590927774,0.048785566021696126,0.04180932090502942,0.02400619856164802,0.736883782752679,2.8541114363485094,COMPLETE,IZ-B
19,0.49,1.2342131354197008,1.1474585622257594,0.40248754264699,145.97530866813165,114.82859783769831,0.0008837779290129444,0.501784503809365,0.3481861586062541,0.10127421825458002,0.03133519610469756,0.24835492757912417,0.02864352381268599,0.7000901802591807,3.2472750414892992,COMPLETE,IZ-B
20,0.55,1.380786723418426,1.0010867742932708,0.43687208752021184,137.45245211729474,121.52578986385826,0.0011650565415928808,0.5830956393150671,0.25365663937255395,0.16014670264957823,0.04059996388277218,0.11954761173716755,0.024448752148568224,0.8348893098742718,2.8119675574983187,COMPLETE,IZ-B
21,0.5,1.3811450854017908,1.0024463927996217,0.44376250457779226,136.74689602852203,122.18173304862492,0.001166630496631833,0.5747704839487465,0.24757596186338177,0.16087424077368467,0.04089315184823612,0.125717163998665,0.023974322011730786,0.8376762243891988,2.7636898512027,COMPLETE,IZ-B
22,0.49,1.284389030172871,0.9942437617309982,0.4310188058783525,139.2484103725737,113.88613759643377,0.0010515922184269311,0.590072084323125,0.2559078569897449,0.13926912919656956,0.04975458649159267,0.06174130033580619,0.020146329864905277,0.8111941647281932,2.1956026502410655,COMPLETE,IZ-B
