number,value,params_c1,params_c2,params_c3,params_inputWeights_max,params_inputWeights_min,params_interSpeciesRate,params_keep,params_noCrossoverOff,params_probabilityAddLink_Large,params_probabilityAddLink_small,params_probabilityAddNodeLarge,params_probabilityAddNodeSmall,params_probabilityWeightMutated,params_threshold,state,study_name
47,0.5,1.1595492048460136,1.2799011453493372,0.4089860005789779,135.803617967673,122.95666200100477,0.000967728413474742,0.4871848473192055,0.31361963125069886,0.19400093903603696,0.03713672209231828,0.15457822391547862,0.035145284993881726,0.8450189399648566,2.167952200481505,COMPLETE,IZ-C
48,0.51,1.2793839839111716,0.8430845059908756,0.42362414076622545,132.04590365470165,127.850632114197,0.001106305428568314,0.4003698891372521,0.27724850771018716,0.19439974526939258,0.029397736992651156,0.1752611630345248,0.036255377528160666,0.8032332685480532,2.593895571170088,COMPLETE,IZ-C
49,0.5,1.2194025495073284,0.7276549049126331,0.44283689417525657,140.59879355280918,125.2519009072059,0.0011742624257077272,0.4272230640304586,0.2708086919498681,0.1638791312588987,0.04348314244692329,0.0750949996755343,0.03350735641552975,0.7824552553696652,2.105967583910841,COMPLETE,IZ-C
0,0.49,0.67,1.364,0.377,150.0,110.0,0.001,0.552,0.195,0.195,0.028,0.331,0.034,0.873,2.976,COMPLETE,IZ-D
1,0.48,1.2866513253447973,0.8187992285049904,0.4606061572995187,158.01895425721204,105.2999374043753,0.0007951012072311403,0.4760333212765015,0.2664147431591307,0.18297273457936436,0.04206751470734574,0.10215126245614313,0.022946298190508994,0.7142403999986039,2.4793442004891277,COMPLETE,IZ-D
2,0.52,0.6515979642971892,1.401504837588184,0.49232174224118985,153.72249262521362,107.97289565340537,0.0012455440847353215,0.4428504744655616,0.26974685006373045,0.068558970874458,0.03495369023891159,0.16778331884673778,0.039643435083772924,0.7993086131021125,3.8660408838127776,COMPLETE,IZ-D
3,0.49,0.9879891497733971,1.3493364079981371,0.4619491252032146,135.73759081167407,128.81352710205798,0.0014138639043651201,0.5383741405518521,0.29220086408742807,0.10930637236831986,0.03310018099841547,0.022513321482225665,0.02448130964950685,0.8060507816586413,2.5055860013480618,COMPLETE,IZ-D
4,0.5,1.268983573086671,1.1686127825230064,0.4285924225004427,161.66225984465424,111.89551809185116,0.001122163494745504,0.4204445594159052,0.19318360303550103,0.06807931184093023,0.042221180477963034,0.314044746046567,0.0375990001876044,0.7572296544847187,3.6773430436866246,COMPLETE,IZ-D
5,0.49,1.4301870932995104,1.4751978442064684,0.31998432609699023,139.41879344737364,94.07097344907359,0.0008756337823098718,0.5171596905413925,0.26653775318430145,0.07629492959375024,0.03857462851570875,0.2731780816525855,0.03049001485726482,0.8572623988363957,3.77988865233786,COMPLETE,IZ-D
6,0.53,1.2786432480714942,1.257764878409334,0.33226482463304113,145.24580208630496,105.47343662852472,0.0012730093105773172,0.4578009311198838,0.23328810939445216,0.07151245720757726,0.01873624784938827,0.05447438065253965,0.022765092834168527,0.8125982014559082,3.206330944355645,COMPLETE,IZ-D
7,0.5,1.1987124552187625,1.4896361976028847,0.3368841375730803,134.59505498750158,110.33283725636686,0.0010182725152239314,0.46486795992457175,0.26289146119492013,0.11044785821223076,0.024051020225817586,0.12906119087346737,0.030387120623855804,0.8384853035272595,3.084973089321843,COMPLETE,IZ-D
8,0.55,1.0885251894202974,1.4760436818425122,0.34037423373043996,163.1306273324761,120.16128707899148,0.000502020229412592,0.46809392358520885,0.30619217042425695,0.08565791770461381,0.02478129707962335,0.2687385819252446,0.03992902712265524,0.7670239318947826,3.7350074691013324,COMPLETE,IZ-D
9,0.51,1.2416835886775957,0.5611778790721571,0.3503448565920465,165.1804431111286,90.24577056948864,0.0007922401937716611,0.5373400492652035,0.20992055998753145,0.050156327717604046,0.044763831149245065,0.11761303046002634,0.03511161900819301,0.7308009508664861,3.637012632461,COMPLETE,IZ-D
10,0.51,0.9093362447391699,1.01458572938942,0.3020704463283193,168.72757499769833,126.2212966377173,0.0006418614002050863,0.5813951849274087,0.34925101541478365,0.15055872826447314,0.011198363999934905,0.3874791336182743,0.026993027470125087,0.7631098127384818,3.3934275490788894,COMPLETE,IZ-D
11,0.5,1.0431576304661978,1.1869658473630744,0.3784529972911286,145.6457889577552,119.54459480550916,0.0005029372843328024,0.4057826819301942,0.31546179833375776,0.09704065614020707,0.01960724321768185,0.23141559695250136,0.020101036675410442,0.8057998193460241,3.1836115554056197,COMPLETE,IZ-D
12,0.49,0.8316997061261708,1.1929521137341648,0.360278242803402,144.64595233325954,101.4954382451192,0.0014093390055314303,0.4826995709387888,0.15495463979543805,0.13001914416212193,0.01668508797777548,0.03228114279366534,0.02768544871413795,0.7726590235323756,2.800216635004448,COMPLETE,IZ-D
13,0.53,1.1283691422697137,1.2557441747526354,0.40577887463045803,156.4491250247999,120.12498199490152,0.0012397926434718606,0.44334643914453525,0.23410728230650224,0.08618509437250939,0.023368319512323984,0.20303504246495885,0.03344735251789528,0.8318497836981211,2.1434057020981796,COMPLETE,IZ-D
14,0.55,1.4376884853370364,1.040871191373431,0.3245910951316351,144.1848348307808,117.74111120792128,0.0014979655612272279,0.5008691584243649,0.3139183269419766,0.05118198898388346,0.014701928094869945,0.24908069117262957,0.020580622805931946,0.8986622408230378,3.411593674701805,COMPLETE,IZ-D
15,0.51,1.4790712910036163,0.7976553177135315,0.3021241712981182,130.44549775262462,117.8949587645702,0.0014986914730151617,0.5027386110971993,0.33558154337603835,0.05024196578881521,0.01299710738930077,0.26534290388980564,0.027849763765952086,0.7402092726383649,3.470028646774304,COMPLETE,IZ-D
16,0.51,0.7870053292690532,0.995964555838367,0.3964512533291451,148.88353107050352,123.94596114628602,0.00051949931516975,0.49887088692480264,0.3064487944785357,0.13765523181907974,0.028532818231227365,0.34002586593677764,0.03706111728095579,0.8964307372478979,3.434314609608863,COMPLETE,IZ-D
17,0.49,0.5159812996652698,1.000422457666149,0.35413215518264174,162.1607089346957,116.25824341662462,0.0006340105045136006,0.5071545644998909,0.29514831299281213,0.09517650532230885,0.024282567366926213,0.20042929464762083,0.03250562471285304,0.8991007223976801,3.8956281156647816,COMPLETE,IZ-D
18,0.5,1.401503878958298,0.53891004612395,0.3242502228049011,141.0918792477422,114.33802634525586,0.0011045811174801084,0.593777055038789,0.32532702388689194,0.05642776098301726,0.04841913398962521,0.26552369051145897,0.025596902917173724,0.7782837359314038,3.973683518073582,COMPLETE,IZ-D
19,0.51,1.117571940976409,0.7192866588598987,0.3688973818692143,154.11881165991696,122.12292836295521,0.0008735717403320388,0.430430806996774,0.2895553169713744,0.08589959244926654,0.015226789279700568,0.29844635381900914,0.020256158101220865,0.7107753876148428,3.485165787971144,COMPLETE,IZ-D
20,0.49,1.3935227090430298,1.1018889089721657,0.4039308185721322,169.91251502187254,128.66695337459046,0.0007011165035199448,0.48609609420694994,0.3484859949801821,0.16498895421520549,0.010120349552482654,0.3752125387290518,0.039457145118679676,0.7858790836059746,2.7838208310545696,COMPLETE,IZ-D
21,0.5,1.3416376549352556,1.2869007155111996,0.3276083743913325,142.55386764611646,102.86287310253208,0.0012975225429589705,0.45543646559036105,0.23694088432258262,0.06791002705551934,0.020061579817791463,0.0730386873707343,0.02253306896267724,0.831875041392703,3.259147804295244,COMPLETE,IZ-D
22,0.48,1.1496834765198005,0.9048015482362606,0.34618473202874717,147.23531116300256,99.81788227451408,0.001356787844454734,0.46718242332215043,0.22644430866658768,0.11609653588993438,0.01931948490644189,0.16688046864648598,0.021777522399951194,0.8656899122698174,3.577208792414562,COMPLETE,IZ-D
23,0.5,1.0202480472178261,1.2903824043437475,0.31262720265248967,138.06056084141085,113.45369730797101,0.0014701647631413265,0.4519509020911835,0.2515632107443728,0.0799849509765571,0.015418795415909634,0.2289192580134585,0.024297613018863087,0.7392156994562645,3.280732235453973,COMPLETE,IZ-D
24,0.53,1.3090446462900245,1.108187818974492,0.3372183143751074,152.81835654461665,97.30241236998822,0.0011470943793307374,0.5230002509897405,0.2828142026991789,0.06217702374184803,0.022589040127064086,0.16324144956729655,0.025559236935146407,0.8484721113568089,2.9193997006095653,COMPLETE,IZ-D
25,0.49,1.4969876649222054,1.4366685268865607,0.3351830838065198,143.52611973696366,106.59973042551624,0.0013308837424019825,0.4918351311792324,0.3134144778370905,0.09786787139032282,0.025912297727773273,0.23329476344565112,0.021606911673566896,0.8230434743690778,3.7328099018298926,COMPLETE,IZ-D
26,0.47,1.3563204998546754,1.0796750238751165,0.3868139921888958,150.5439556000704,115.84937186042583,0.0012045803106916142,0.4283605457224454,0.3288599535746388,0.07616014923943182,0.031453228747441095,0.2855034405201057,0.031431986998521226,0.8811033032537496,3.329506510873785,COMPLETE,IZ-D
27,0.51,1.2125012712296996,1.3473764704869609,0.3122662851853953,159.22171314462744,124.02402100949806,0.001384947023262222,0.4707661197357808,0.16285152895272514,0.06319454408095942,0.01657764195831649,0.0682658857676013,0.028782626179470357,0.7909342699792812,3.1528910077939303,COMPLETE,IZ-D
28,0.54,1.0929323192295517,1.2156301857018792,0.41792252100020866,147.43775300226758,120.55659129083121,0.0010667609375303003,0.40934713365142283,0.21532821031314378,0.0900602873420647,0.02085279923377196,0.3493322577811401,0.02381280697504542,0.8150079392134957,3.5724905683523334,COMPLETE,IZ-D
29,0.51,0.948720661443124,0.9078744146787274,0.42041266217647033,149.9266758587676,120.07031394405819,0.0009858412510412834,0.4044267351021584,0.18341749766277773,0.09070531857418937,0.027563898697300342,0.33020011929054177,0.03547204801760127,0.8747577658626716,3.5809768606470525,COMPLETE,IZ-D
30,0.5,0.8188213553392614,0.9235946129975011,0.44806648685539946,164.68286381606424,122.84127950731066,0.0010603984007389916,0.5573415738501089,0.206442202340158,0.10454910489840469,0.013042266873319368,0.3575601025139024,0.025940872665129937,0.7556800689825137,3.953841331619685,COMPLETE,IZ-D
31,0.52,1.05585614897142,1.2103621171872994,0.3662698532437361,146.90036747225815,108.59777894709671,0.0009430537464942361,0.41627394569566384,0.24792624675503017,0.07565643925423224,0.019967282023390945,0.31278596833960226,0.02337290272622714,0.8145354315825996,3.549119011892877,COMPLETE,IZ-D
32,0.5,1.1773229351597108,1.3895607355065493,0.4263405972526758,151.15698322130504,117.72345747189604,0.0011875401027459046,0.4323676970682565,0.22189743710737886,0.19959435406405052,0.021920947903367367,0.3990526812066195,0.02121239282171957,0.8182788477302355,3.7141820485636243,COMPLETE,IZ-D
33,0.52,1.2882465551653406,1.3136357577748077,0.4416039729759338,141.30765309622495,126.27528696103329,0.0009053677872915326,0.45409247171941197,0.20866214322201723,0.06053417384092906,0.02636239922793565,0.26000841478841075,0.02324712329755671,0.8476499230330924,3.020577716638131,COMPLETE,IZ-D
34,0.5,1.112328252758009,1.138854685663027,0.4865257679823533,155.3749531422851,110.84868180430895,0.0012941309074847684,0.47851179158001655,0.27768150411961606,0.12046358671316931,0.029451559522513646,0.3537609204038056,0.023531742104291695,0.700641584906865,3.800434969080224,COMPLETE,IZ-D
35,0.55,0.9282073086907557,1.0477448729977072,0.37934396002643467,147.50246160585425,106.91380267636174,0.000788569114773423,0.4407414016257829,0.24827280185997583,0.08444976375962651,0.018213718275370164,0.18061541243484813,0.021040931632571785,0.7934765358240231,3.3690793774272194,COMPLETE,IZ-D
36,0.52,0.7322089928555406,1.05036504300818,0.38182057353940063,148.51324713451856,114.13840118725282,0.0007863402871204673,0.44091578161308675,0.25097740166794547,0.1860956008928624,0.013810885879126773,0.18689459637762673,0.020803027693867264,0.7953616042778023,3.359865059542384,COMPLETE,IZ-D
37,0.5,0.8928492931060964,0.9534445949886985,0.39232554036090717,158.56933352607817,112.06831454517048,0.0005761090080298591,0.4180852766381989,0.29716216147186975,0.10179222822359285,0.03734649891356909,0.14997000984848752,0.024545986958433953,0.765867766464928,3.8558409165918235,COMPLETE,IZ-D
38,0.47,0.9696455851717098,0.8455854008373196,0.3702877703647633,138.4735229040857,121.05439768100581,0.0006959222022192141,0.4421119985287405,0.18231572784443334,0.08593282320060541,0.017952160225717908,0.2982307327568157,0.022005978391547335,0.7474837757013597,3.6754729210111527,COMPLETE,IZ-D
39,0.53,0.6428088866709791,0.7126189544881718,0.41439950166129663,152.25233381918255,108.33123036173984,0.0007435980511592798,0.4122939235689911,0.27459778714484323,0.11010532286618137,0.03362544491475683,0.24746949460275908,0.02918598183341302,0.781419162029761,2.587639476745117,COMPLETE,IZ-D
40,0.53,0.900774917072946,1.4387537641839598,0.47467262309409153,147.25772732851755,126.6016801580114,0.0005816312817941887,0.5172491794200048,0.26214447346090025,0.13221196428059495,0.0219019793757795,0.21548471386499932,0.03813884494826153,0.8048160802447354,2.060663939978753,COMPLETE,IZ-D
41,0.51,1.0737230583660242,1.2399786228094714,0.34377824270540047,144.85329106411956,105.83732676262743,0.00104827725201763,0.4603478023213004,0.22201112184796487,0.0699480508013457,0.01814134501933884,0.06992504354585145,0.022470464956143233,0.7947299675221388,3.1538800177420856,COMPLETE,IZ-D
42,0.55,1.450646750580527,1.146724030023393,0.3298003723793811,135.53400437629483,104.12970504078243,0.0014586770821825796,0.4006228422168035,0.23915010602499684,0.07272960464403402,0.021418041282691064,0.10109733679236872,0.020958998781808555,0.8142396319397851,3.27005067183132,COMPLETE,IZ-D
43,0.53,1.4493905114758174,1.0554455487067234,0.31640684205240754,135.02766929141936,104.04692309672502,0.0014556444031835465,0.4023282003808698,0.24303754436301583,0.08108068034947141,0.02109106614064281,0.1131857945428921,0.020023300805160352,0.7712094667916414,3.4587328620569875,COMPLETE,IZ-D
44,0.48,0.9845692828050276,1.1414733540347364,0.35494630604863603,132.67068325644914,100.043725970749,0.0008303911245506124,0.42279427640840106,0.25925481546512585,0.0549352166263113,0.025353883937764114,0.0933158630153378,0.024274665152667258,0.828339798918326,3.549626551997375,COMPLETE,IZ-D
45,0.49,1.2198675120842704,1.1706008337209035,0.34308018373858284,141.03542760231147,117.44427023798642,0.001425188186516925,0.43623168707334803,0.19990711308782433,0.09217271491721522,0.01686810610280551,0.1442600178810416,0.02105709003877176,0.80369572263817,3.288930535429496,COMPLETE,IZ-D
46,0.5,1.3652295077882028,0.9584516355559224,0.44498625865877156,131.81960666857776,96.57857574998683,0.0009587525712318838,0.4119053541601283,0.219965007279153,0.06676616664710208,0.031018608289508108,0.17909716641242746,0.020945581315708665,0.8447329592347144,3.3977579157298856,COMPLETE,IZ-D
47,0.48,1.4383489270102476,1.2288026042001963,0.41176394397809934,137.96737611446528,103.63726491202084,0.0013497102283447603,0.40025167651291405,0.3053916609985003,0.07307664624028827,0.014510275585420526,0.13582612142770922,0.026598053397982713,0.7285385278287649,3.053594801325115,COMPLETE,IZ-D
48,0.51,1.2513705691478005,1.4988793192771033,0.4353806104366025,136.51855916477592,110.36100451024593,0.0008372926086129629,0.4236018453040456,0.23803707595377585,0.08087733068814436,0.011919051783635712,0.28324263751178985,0.03522800215180011,0.7562018696013659,3.620338679788716,COMPLETE,IZ-D
49,0.5,1.0979484938983126,1.0139330239928395,0.3274479175541777,143.33992183796417,118.78341409628058,0.0005977683034619144,0.44774029145276184,0.22915003446691784,0.05650176673214442,0.024144530881111285,0.21261371025590306,0.022161876637023934,0.8904010167879727,3.784229237646293,COMPLETE,IZ-D
0,0.49,0.67,1.364,0.377,150.0,110.0,0.001,0.552,0.195,0.195,0.028,0.331,0.034,0.873,2.976,COMPLETE,IZ-E
1,0.5,1.0443076648446499,0.653014767689952,0.3643149032733498,162.12161841865063,122.10080181250748,0.0008455079352748341,0.5758416462034955,0.22046492986413166,0.09086787777869404,0.011090965568337401,0.20265458741483938,0.02931013042941906,0.8973814487884899,3.80814374851884,COMPLETE,IZ-E
2,0.49,1.4915880567495972,0.5221799444047877,0.3873007158655592,150.26294292772843,120.6637235028081,0.0008422574600656576,0.5732402060035308,0.20172419170755776,0.1972104911396116,0.03132079210467562,0.18802436927964786,0.0341801813885449,0.8221243044285406,2.840984889347607,COMPLETE,IZ-E
3,0.52,1.2180901229037877,1.374001486595867,0.44950988025461636,168.34191567912183,127.88814214413783,0.001009253332955593,0.45533242344431185,0.19645380819937747,0.14363277998017604,0.027408241387010784,0.27945221307320756,0.037925362529476606,0.8206759338290925,3.4627316424395405,COMPLETE,IZ-E
4,0.53,1.3056974975878213,1.2652925142729043,0.35813163818054955,167.29105202897205,91.07873554187287,0.0009896689117436558,0.47452307268892474,0.2698717882281728,0.16631274997342,0.047461202778732094,0.14267546273720122,0.036757067904117764,0.7465815796534427,3.6553262595594536,COMPLETE,IZ-E
5,0.49,0.9301869300419888,0.851663522304633,0.4656676802253852,143.55617700183373,105.8248933077613,0.0007357699422570808,0.5991418267215173,0.24215887067516453,0.17734126433823422,0.03871739852289288,0.32870974624226323,0.023713970227659115,0.8800434136644467,3.7265631224000835,COMPLETE,IZ-E
6,0.5,1.4574026050175615,1.217567827396774,0.446605540197081,165.69394513788387,105.67559438368343,0.0008174072390737292,0.4179947999469927,0.20733597565319892,0.09732939705855953,0.024971860367252005,0.02576154872776428,0.03351070485340918,0.8606646964167015,3.3583876215702233,COMPLETE,IZ-E
7,0.49,1.3089439444792912,1.2857394142163252,0.45716099806383764,130.17013087777013,105.88931938282943,0.0006116834634087448,0.5885828427059824,0.1706400344203563,0.13842815376228207,0.04047896756110761,0.28320687282750634,0.0386244432498536,0.8475017212979488,3.033239517214252,COMPLETE,IZ-E
8,0.48,0.5691997981637134,1.4822716049738358,0.3197565975159039,145.25560840307978,124.95173175528416,0.001423162720363105,0.5831955148942631,0.16497332122878153,0.17067793898372874,0.013647621260194382,0.16288197742915747,0.029648149389481508,0.8571075339384056,2.1302007351932284,COMPLETE,IZ-E
9,0.48,1.2180630648844377,1.0524411556961382,0.30207115261389383,161.57702222441688,116.87340600492305,0.0005234862640542766,0.5863761641744982,0.29233475443782686,0.07881780046210445,0.012828104024188934,0.08385962358381005,0.027196540258980773,0.8271898983635348,3.874118846914686,COMPLETE,IZ-E
10,0.49,0.9022417911825031,1.0172785883059896,0.34323308867621116,155.2275760316422,90.06278542901367,0.0012644489544518286,0.5051545255151344,0.3455413097361934,0.054595234192834505,0.04906112287151885,0.1039180313014551,0.020157671663619633,0.7377501842216013,2.2044254524895104,COMPLETE,IZ-E
11,0.47,1.1850674310519056,1.1846132919562753,0.42155820597661514,168.61109091498096,91.07655552196329,0.0011051668122195948,0.44314737853471775,0.278980959497162,0.14270905143867027,0.021281833217760376,0.24999029403028283,0.03927914820310529,0.7628726493168155,3.4841849340446434,COMPLETE,IZ-E
12,0.51,1.0940767237554314,1.4331303016193926,0.49472533486082054,168.49834658278442,129.96653540041802,0.0010799789527737467,0.47297179511098586,0.27334169232157873,0.15928137901808453,0.04923114599022535,0.37535869439427205,0.03664211025539038,0.7026407613895868,3.3374803384961877,COMPLETE,IZ-E
13,0.45,1.3262363624054752,1.1616460156985229,0.40973836481419074,158.8302694994249,98.17400708995191,0.0009872605772555298,0.4985395234459108,0.313531178004113,0.11824437432874664,0.03530428463632733,0.14439008359986105,0.03665125620510566,0.7801591442735271,3.523737894110793,COMPLETE,IZ-E
14,0.54,0.7936400766609897,0.8454668245625516,0.4277947038098715,133.962783684059,113.13652658502787,0.0011934134588936084,0.4574928214346876,0.2566059152259253,0.12391259991742147,0.020249063414404904,0.2799177410732293,0.03608372288402534,0.7961270227890247,2.6617761238306556,COMPLETE,IZ-E
15,0.48,0.7559520559313608,0.8064974414620447,0.3498775296642172,130.21945325567165,114.09734070118498,0.0012558434729763243,0.4008095253098328,0.24613943919344622,0.11764123913984499,0.020275559488109766,0.24164494659240576,0.032310208183680335,0.7440155401584863,2.53461558665597,COMPLETE,IZ-E
16,0.51,0.8379182508382277,0.8755579842131962,0.4228538996174256,136.33351835695,97.295067657626,0.0012013627154699993,0.5059394117359244,0.3166926767687086,0.16214243030555847,0.04385723007001928,0.10281071494183397,0.03596075279361646,0.794673933316465,2.579950409458852,COMPLETE,IZ-E
17,0.5,0.511834755005453,0.9642348430858706,0.39635123433236913,136.56761050454514,98.55279308417025,0.0013511974061758427,0.4812855798905484,0.26723303269078647,0.12839969483026864,0.01800358748113621,0.3906193252580883,0.031754389083905835,0.7050184771291077,2.6562463550290207,COMPLETE,IZ-E
18,0.5,0.6716069499895139,0.6891134725276168,0.33394849281699907,138.76818695550674,112.0734109764122,0.0011537297980334866,0.5298431820814362,0.23407940309235975,0.1088710093772765,0.03385982004783182,0.03508631165271148,0.026569725125298517,0.7391856458997796,3.166052041674072,COMPLETE,IZ-E
19,0.47,0.9689658284069597,1.0889058175511916,0.48246645323231807,151.14022015009996,102.83854479984178,0.0014993226636819466,0.4429844788879363,0.29928787507496313,0.18366004458596186,0.023469936279071277,0.14434961543964714,0.03999110314109847,0.7731272636028028,2.8542663285897643,COMPLETE,IZ-E
20,0.49,0.7884904082368209,0.9398853909208191,0.3635276037680971,143.2565029075335,117.08926025680644,0.000925133836287632,0.42309473835367056,0.2641833346710891,0.1631426673190737,0.043552218413961924,0.2312912919296508,0.03515188535843728,0.7963167527139373,2.3516545386457866,COMPLETE,IZ-E
