number,value,params_c1,params_c2,params_c3,params_inputWeights_max,params_inputWeights_min,params_interSpeciesRate,params_keep,params_noCrossoverOff,params_probabilityAddLink_Large,params_probabilityAddLink_small,params_probabilityAddNodeLarge,params_probabilityAddNodeSmall,params_probabilityWeightMutated,params_threshold,state,study_name
23,0.48,1.3989962438348622,0.8018208143745729,0.47841684711809074,151.4482659493676,120.92953462949261,0.0013557715759276482,0.5637239249618169,0.2915235140834355,0.15627995209255774,0.042725619599648886,0.021120198309097563,0.024219138262548394,0.8469428312299753,3.714397592106667,COMPLETE,IZ-B
24,0.47,1.478738384220509,0.962042912407723,0.39541259215990615,144.60031985969937,116.06885501970615,0.001189642592495923,0.5991817584468101,0.26509309163728584,0.1782151937559847,0.04999634836169163,0.10869944120134183,0.02811492868976817,0.7743360037053278,2.712897708658913,COMPLETE,IZ-B
25,0.49,1.1071865606136841,1.0960472269467991,0.4949409118659275,149.144479193951,129.8185520953424,0.0009754217818709524,0.5823394284203653,0.2272748408848808,0.12587695858747028,0.04516484345134368,0.06577516652455047,0.023119168588417324,0.8159717587874546,3.2564946630262663,COMPLETE,IZ-B
26,0.5,1.2132475010412707,1.1739907881247218,0.3607206473353822,134.44017448644286,106.25412672744277,0.0013132832600467534,0.5321289847799682,0.24891489237088882,0.1611320680994759,0.03297004562140904,0.09442030205650793,0.025119515084405578,0.7209706148677392,2.3789838343938863,COMPLETE,IZ-B
27,0.48,1.3999746812382408,1.0276401245872266,0.3754593311771833,140.2958753398286,123.02985987417225,0.0010515833223534899,0.5503376004398143,0.21137339279567743,0.14683432533271729,0.04643937440797931,0.17743221377318658,0.02725190763798328,0.8268404815628828,3.649022050131505,COMPLETE,IZ-B
28,0.51,1.2798115603817006,0.8400321561534417,0.401220867770149,159.3023641414367,116.73724562946289,0.0012341975082661317,0.5666325840990951,0.27967175099606056,0.19296167187284152,0.04101644340847605,0.05620140554522725,0.020668523824642362,0.8469092737307718,3.2070453276083395,COMPLETE,IZ-B
29,0.51,1.4952285250410235,0.611382195140569,0.43663088950160683,149.4587215770569,111.32588196907913,0.0009412464176884964,0.5511069248899785,0.1673888821500128,0.1351672864760264,0.026144173165984753,0.12567571729047455,0.029341217897639608,0.8700490257686666,2.9447100830633874,COMPLETE,IZ-B
30,0.48,1.3400709052599993,1.3942241300366518,0.45688104294264903,130.42899107395004,107.16816089584125,0.000777638292905604,0.5852599500591797,0.3214248950793227,0.10206303343485365,0.03890026098578768,0.2363773332271333,0.032269870921952284,0.7917883951828109,2.697359791911481,COMPLETE,IZ-B
31,0.5,1.2043522747824238,0.5612018694772465,0.3661562209566158,153.82040800220625,106.84854731103448,0.0014444641778216995,0.49407751872627587,0.2577363926550997,0.10370002415973614,0.042925419214510076,0.16366335559088763,0.025366536871498334,0.8325403699540056,3.0764551659812582,COMPLETE,IZ-B
32,0.51,1.1154411835415214,0.6150220184825458,0.3525041004903362,155.82689277994078,111.84477549138995,0.0010662603774455209,0.43357750687624785,0.23986996166244356,0.05348008363533674,0.04620715841623394,0.1996263673990473,0.025348800936991583,0.8439029955935318,2.8527428134420725,COMPLETE,IZ-B
33,0.46,1.1831789219027151,0.7003317091237191,0.37942420353105744,150.5856060644769,120.48378062667328,0.001015127236180296,0.4752820335524603,0.26435357920618235,0.12289590311601553,0.044677305376125194,0.14104012955432427,0.021646445641954448,0.8596390603971971,3.0956314980336073,COMPLETE,IZ-B
34,0.56,1.0092848019967215,0.5112149942878081,0.33331319195277187,164.7761092644339,108.59713863445837,0.0013687815318888523,0.4268567257390935,0.24472935243818608,0.15088890347646453,0.04783143667593686,0.14424715492700863,0.023538648971986573,0.8198223781772952,3.3284667025274253,COMPLETE,IZ-B
35,0.53,1.0020142503092813,0.9140180287815052,0.33788849507843244,164.9848764692156,123.57935044614194,0.0013867653384212848,0.40446075346431254,0.23837850193294183,0.15196619261995875,0.04745078627191264,0.12907753007002426,0.023115976291302204,0.7809290396562052,3.5582410691298363,COMPLETE,IZ-B
36,0.49,0.8672201016928267,0.7747606390138597,0.31867134248526385,169.86304957513184,103.54234091733677,0.0011427052324361091,0.5577382393360723,0.28662848496275584,0.1413161955141046,0.033868039735610686,0.10396892216337764,0.02419162284451131,0.819548894481686,3.399274796629823,COMPLETE,IZ-B
37,0.5,1.067042687093909,0.6518685677427295,0.3223764183314299,158.9956978764395,126.77631285402899,0.001219450329086441,0.5717841764391985,0.20676735891634856,0.16491599135004945,0.04258652306086094,0.08092679129577975,0.027234033445663823,0.7970595468222038,3.259797612486766,COMPLETE,IZ-B
38,0.48,1.4279712721000724,1.2270965414069883,0.3081100880143024,144.67344125612553,112.68363146900975,0.0013197483132349984,0.513912587825031,0.1837136526976096,0.1815737205647136,0.02781263051518577,0.33498909988487857,0.03523865399143429,0.8761328839898453,2.5716783446251497,COMPLETE,IZ-B
39,0.54,0.7431267699664129,0.5380923186383714,0.3697803866539019,162.15341814060324,117.01740959096561,0.000888315855512853,0.4448913134437667,0.23237129449294364,0.18840401005549448,0.04788236021443886,0.04815828822860136,0.022239854368741176,0.7829177832585411,3.8551254305392826,COMPLETE,IZ-B
40,0.51,0.6203320839620264,0.5494899135005162,0.3340919212542333,164.74970354286904,108.56240973712411,0.0007728826068617878,0.43443723715687077,0.2167079001294347,0.19083959234507328,0.02372104559349277,0.04643375086372794,0.02228915138768119,0.7539382242656708,3.954101338809785,COMPLETE,IZ-B
41,0.5,0.7846059535126395,0.5570760487349556,0.36532041230972134,161.03191615224918,116.73738659445911,0.0009022842389269111,0.4450461479548859,0.23513476527053742,0.17236930208508944,0.04830687085552594,0.07976013882306665,0.021465672944014472,0.7812049701189471,3.8484952754239465,COMPLETE,IZ-B
42,0.51,0.9718583756695792,0.6667367149417034,0.3837258510914681,167.0481336128361,120.78170602997808,0.0008098305175686963,0.41313165115921885,0.24639107566056342,0.15319922952691117,0.049990874473889634,0.14791633603382617,0.02301974560520688,0.8043987188208314,3.601619575050257,COMPLETE,IZ-B
43,0.5,0.6844120968403445,0.5196639629296118,0.3720244670953793,163.9658921853596,104.04816365081062,0.001024062253755662,0.42391842805269125,0.23271443740464365,0.12657823744963026,0.04604908553286714,0.02250331477012668,0.024856637680999424,0.7661798911258818,3.3712798011539995,COMPLETE,IZ-B
44,0.51,0.7935564986121147,0.506853066639219,0.4122930780330149,166.34005161644995,117.88844872657577,0.0006910172857843503,0.44362599448836376,0.2601152265835649,0.19990022069086716,0.018457054332207918,0.048465257546722776,0.026184144567747328,0.7958127683252962,2.4451454820142544,COMPLETE,IZ-B
45,0.49,0.8682194954350956,1.1380169399737752,0.35679387431855514,161.74035787867143,115.1792385614296,0.0012562769863027888,0.41881651695402067,0.27431169683602263,0.1157828952638627,0.044260629458526754,0.11063514358717796,0.0221480516157649,0.8159423797048087,3.81412056273233,COMPLETE,IZ-B
46,0.53,1.021833342901954,0.5874403930613281,0.345753346750552,142.04060974894642,109.35405580459614,0.0011086855376554285,0.4853398237975177,0.24890128558293412,0.1855733976888415,0.04784897907712738,0.07094111022627836,0.03005067258667276,0.7358381591920824,3.179585574260769,COMPLETE,IZ-B
47,0.51,0.9227034052766077,0.7318480262551375,0.4048657390598867,156.2868828935308,100.90388178985712,0.0009253493840448407,0.462249042351231,0.29503620561516586,0.16963493477255212,0.037443812590934746,0.17077772353154091,0.023349890745695007,0.8362378831903396,2.1059914994836926,COMPLETE,IZ-B
48,0.49,0.6660035073890045,0.6378985479963158,0.42739633394997123,169.7264117547803,124.42451886317942,0.0008427492084543374,0.5907114061139385,0.22930848687325917,0.1381769670493848,0.04638691291732669,0.03816684172695515,0.024553932613618067,0.8539668933658751,3.987201936284044,COMPLETE,IZ-B
49,0.51,1.303241297911572,0.8693698604352449,0.3914640095494797,146.42736774795708,119.80898600064462,0.0009847176678040642,0.5815349118840796,0.19115129997816302,0.1470051266933582,0.03972353835684654,0.0955807926324647,0.026233361933010402,0.8808022589695517,3.519327712301635,COMPLETE,IZ-B
0,0.49,0.67,1.364,0.377,150.0,110.0,0.001,0.552,0.195,0.195,0.028,0.331,0.034,0.873,2.976,COMPLETE,IZ-C
1,0.51,0.7716748292893906,0.644141296378859,0.3110929486976421,157.16384674224463,122.44069641635618,0.0011880546291180758,0.4779285868895887,0.28070537018835684,0.16589582966544902,0.04418937007207149,0.28201431583784214,0.020675815377772248,0.7665795587739677,3.1994483714529443,COMPLETE,IZ-C
2,0.49,1.1706027896256623,0.5307247847954029,0.3809681501757684,132.25345640616447,94.55911225458539,0.001145576030269023,0.599734861745508,0.19614104718999759,0.19387456528241565,0.013154353500403353,0.15798296968352574,0.034904970403543914,0.8077948382450348,3.5858301264120875,COMPLETE,IZ-C
3,0.5,0.9592479801955487,1.2507727942747393,0.32458768082497674,157.3601195823843,127.99757621490522,0.0011450149013483117,0.40226518745760054,0.33923400308441204,0.17738126400962717,0.018526611129527575,0.14570523881256273,0.03525375098178744,0.813147817128801,2.8410601904747423,COMPLETE,IZ-C
4,0.53,0.9994850305438945,1.4854054636886145,0.345638046451302,142.33324646010612,128.64192320060357,0.0006607094253787163,0.4161776856041318,0.26917192341198054,0.17163451751830566,0.048449624956668824,0.11305689702903078,0.034792228506245734,0.7722178169569736,2.3892302904482903,COMPLETE,IZ-C
5,0.47,0.9114303701149338,0.6200533461034232,0.3917096481860664,153.30611879261573,100.55500071281233,0.0013077526981482538,0.42089934818882757,0.21695921990320124,0.14982277846484132,0.03825721382548651,0.3268891584909608,0.03295934472796046,0.8379315047714263,2.0914600275759674,COMPLETE,IZ-C
6,0.52,0.6268151562832356,1.3495924962328363,0.4440381806413294,133.17974583020714,92.72748899938757,0.0008467053053168703,0.40538009803173625,0.28179150399165653,0.19548998778574556,0.01688031550052067,0.024327480635630686,0.02620053645276073,0.7102743003660075,3.4562410545754516,COMPLETE,IZ-C
7,0.5,0.748827834205443,0.7215184784512602,0.3496294034149619,135.67881864378367,120.2203411208075,0.0010146460056955982,0.4965559522443139,0.3426592222150798,0.10712058260127444,0.011888135086513762,0.12923826514896444,0.03218552698607049,0.830810758759009,2.90646641038136,COMPLETE,IZ-C
8,0.45,1.3442263132568617,0.8017822984652563,0.4433673235625027,157.7503745919426,123.43738787504302,0.001153473404169942,0.44995181051242555,0.17506502176534755,0.0577962496947403,0.040328331221873966,0.2860197025745876,0.032677783605057104,0.7347730369706994,3.2534099914994705,COMPLETE,IZ-C
9,0.49,0.7802262158128477,1.055975494582027,0.3702789648276309,163.22448332938365,102.77401485385784,0.001457918354289771,0.5479374349649228,0.17433819972480835,0.13746243632177219,0.03974747977049699,0.231868772715299,0.025919403506403267,0.702831840337292,2.8541803045828997,COMPLETE,IZ-C
10,0.52,1.4783781601656087,1.482932805443502,0.4669370437095627,141.9725373447457,116.91236577608237,0.0005144025660954695,0.45454159185317516,0.25897260910447434,0.10571011281986802,0.04998189094609812,0.020955950046153277,0.039096752698007206,0.7729179382056603,2.230506628229436,COMPLETE,IZ-C
11,0.48,0.5212412808242466,1.1793716874025388,0.4308723855367765,142.35622995407286,91.32927820233309,0.0006816994651190173,0.4284487307028444,0.29690535247526645,0.19982389119342453,0.02601136731303423,0.02293364918040867,0.026238873886408186,0.7040990079507714,3.9582885353467163,COMPLETE,IZ-C
12,0.5,1.0946106592224039,1.4635107614249034,0.48635761596729626,140.23382468817556,110.88523765423041,0.0007707294236946097,0.40012603599484975,0.2992885293822666,0.16747191805649095,0.021855287221851066,0.08374041881720817,0.027570730256741643,0.7546514856536434,2.502705335730098,COMPLETE,IZ-C
13,0.49,0.5106084670027642,1.285746192707373,0.4217162144026845,131.45512202281793,102.9686606999334,0.0007995429638492628,0.44918879837371584,0.24246564859538522,0.15250764151284515,0.03482503563275876,0.0783671381543724,0.021540190386047754,0.7312581460578148,3.638013913137535,COMPLETE,IZ-C
14,0.48,1.22552521879018,0.9585126075513388,0.3423297537843065,147.00822517058037,129.90974304792437,0.0005504044951912369,0.5346264000857872,0.25211787268503666,0.1182256854540299,0.032024933941351794,0.08163217436169157,0.029194815252156094,0.7840643551826685,2.4885817080656296,COMPLETE,IZ-C
15,0.49,0.9075046800240028,1.1047883067462256,0.4103003903853576,169.89889937547287,114.02371968051592,0.0008901560363831485,0.42644700763519444,0.3104889959295001,0.07544506174622644,0.049821553402178045,0.195537791465704,0.03845287435933045,0.7365573117329601,3.431390952191992,COMPLETE,IZ-C
16,0.51,1.0574061660118426,1.3681596244469647,0.4503038261853682,136.74868601014776,97.55103385785985,0.0007271064642939036,0.4740603574924848,0.2661480942072416,0.17928238972102226,0.020693394645924134,0.05431387231771291,0.023330225347305972,0.8513737903142348,3.999004250814208,COMPLETE,IZ-C
17,0.5,0.6034664031820471,0.95859898630187,0.35378528017198557,146.86598367845315,104.5154811235935,0.0006174725825083108,0.507283296673659,0.320902830240307,0.13837158262591676,0.015733868722216684,0.13228996087915396,0.03707670437881316,0.89123417357575,2.5150136557517713,COMPLETE,IZ-C
18,0.51,0.8365376950709571,1.3684758336923304,0.49932594952865295,137.31720868365642,108.70223617752075,0.0008912186530029979,0.4259189487809875,0.23407131823957947,0.1813508437637589,0.02557362785434468,0.3922898730117205,0.02982551438938103,0.7918151901541486,2.70197848673073,COMPLETE,IZ-C
19,0.51,1.257138009378246,1.4926533563191229,0.30447637679647177,144.90731733874435,90.00295363348916,0.00087734402465845,0.5920605947680351,0.28522376491372753,0.15971600732655955,0.03295695630670786,0.10524101048748578,0.024208439835091196,0.71578963611507,3.2293730982804907,COMPLETE,IZ-C
20,0.5,0.6349983198946691,1.2056439976065132,0.40270546974030624,131.01786450199933,117.09225442181886,0.0006490476033851435,0.46287937629858006,0.22489244476185483,0.08752389137766478,0.044053215889410684,0.19152800759886895,0.03105008923143721,0.7535886266743662,3.7883775712024534,COMPLETE,IZ-C
21,0.52,1.40061566192606,1.4825950173523632,0.4689575000515489,141.0186240581966,125.79408632977966,0.0005128368257904857,0.4440655493752101,0.26422086406649725,0.10891874230566104,0.04868299096307508,0.023117503930560362,0.03971278214965283,0.7759519636567916,2.0116923001035296,COMPLETE,IZ-C
22,0.52,1.4600510645643132,1.391772978413681,0.4598076118201467,135.80621215284296,117.37322511321003,0.0005637817621875245,0.40995848872102486,0.2649045257022406,0.09436698771343094,0.046689880466598506,0.04639009055645714,0.03741644384794103,0.7602907297633719,2.270441718244558,COMPLETE,IZ-C
23,0.5,1.4952494410506003,1.2901296348526363,0.4816569785526193,142.84186463745075,114.66829451621847,0.000624059248094704,0.43464499341574675,0.2747066813373721,0.12962286239419554,0.044788328491474384,0.049594806660378105,0.03628932514191564,0.8012476345858364,2.225345358110673,COMPLETE,IZ-C
24,0.48,1.1194490837887126,1.4984122553186978,0.4334565242126214,138.6027974425705,106.86596562665963,0.0005054054098490815,0.4147527997573667,0.25055490157148813,0.18414045727557926,0.037135434946402195,0.09980284521865561,0.038698829621443595,0.7446010925914832,2.278159340986571,COMPLETE,IZ-C
25,0.5,1.0005171793190664,1.4110817266877675,0.4663651781467847,151.42633775129775,125.63031307659978,0.0008078932322649536,0.46178100489188123,0.31477010289482593,0.08579106853041076,0.04187513372880748,0.02431774117488798,0.027485043589304325,0.7760335016617033,2.6463324767374816,COMPLETE,IZ-C
26,0.52,1.32450196272381,0.8628503767836493,0.4146173911897453,146.09051989826185,119.4547373284691,0.001002867427477445,0.4915079395318859,0.15148562332857157,0.12088412157622196,0.01024057352049379,0.059258977658878935,0.0356370804961011,0.8247309268928765,2.3953277213053057,COMPLETE,IZ-C
27,0.52,0.8604827912590529,1.3087048140687139,0.45169090804653306,133.78946550435734,113.68141794579742,0.0006996790546329541,0.4451087632841534,0.2864514928252204,0.14477904276916193,0.04683119757202642,0.11905617126880443,0.039935335615968945,0.7256745423665727,3.4270252359784683,COMPLETE,IZ-C
28,0.5,0.7060556568661974,1.1597152414171539,0.4806453771397096,143.82159273917225,96.81758601097278,0.0005916132074272228,0.41332599740907067,0.2529515934541883,0.06066119393132119,0.029721133138441,0.1564447285948215,0.028991860441925973,0.7199579168230559,2.6972970929033506,COMPLETE,IZ-C
29,0.51,1.0364887062603239,1.4233963270569059,0.3673539141840292,149.20502662213104,111.67979433335992,0.0009459836741288636,0.5181251229067689,0.21042005270725758,0.18992621822501493,0.02635815819751386,0.17309046635692926,0.034383102472265406,0.858873390336976,2.146040908968288,COMPLETE,IZ-C
30,0.49,0.5682974510212494,1.3293087903938037,0.3317436105415474,139.3063399647281,107.11797743570295,0.0007523896248241458,0.4664684245461771,0.3268108380030223,0.17045167426213778,0.01672315682098254,0.0691938433560198,0.03141995891321891,0.7883081599844951,3.15202305350281,COMPLETE,IZ-C
31,0.53,1.4154557733440276,1.4251393774620014,0.4698346005480417,141.4196473693834,126.78817942742333,0.00051380998777638,0.4396541738551983,0.2620270653724218,0.09941520984102223,0.04930119885975073,0.03413451866031726,0.03986256453579468,0.770838718581699,2.00941364605967,COMPLETE,IZ-C
32,0.5,1.3945450065743321,1.4317079433269764,0.4991789164223338,133.74172028052945,123.28924228289846,0.0005668853317297356,0.4320908895164324,0.2924914858973862,0.1039936388430955,0.049851273006475995,0.036285413974685654,0.03806415788833825,0.7717384704344369,2.369146362048053,COMPLETE,IZ-C
33,0.52,1.2687710867327922,1.338448567130322,0.47221805906036335,142.10283250526712,127.05019861363493,0.0006774648919943135,0.437789217571191,0.27521987488253413,0.0982469901304637,0.04663923336687023,0.09773403855523538,0.03647166030168269,0.747117660165683,2.030708840617685,COMPLETE,IZ-C
34,0.51,1.421126042496895,1.234041887516492,0.43691620160661504,149.41794629313804,121.39071762231568,0.0005007818654041754,0.45445213377212607,0.23054346039317924,0.12779904779302592,0.042875090709978615,0.06004608899273101,0.0394141836600068,0.8141503955954434,3.040253642534939,COMPLETE,IZ-C
35,0.52,1.2064440100902913,1.4317863571404053,0.4549432173714517,154.86351189275,129.25791564328372,0.0008230183303057179,0.47686746066515756,0.2602185727869596,0.08034514989847111,0.047638434410816013,0.23274581231442001,0.033968471444205325,0.7669417467449406,2.188861295203905,COMPLETE,IZ-C
36,0.51,1.312699374266178,1.2598027844517357,0.3893493353507859,133.21348214985798,124.73135506466303,0.0006371926912963296,0.400463014301188,0.2376315561573974,0.1126277558241678,0.045220048404839806,0.03967445206471307,0.03777892539401852,0.7975903092968414,2.3701959104693233,COMPLETE,IZ-C
37,0.56,1.1738069891013427,1.3695072196245257,0.42158360692252067,138.7126722372172,118.58563191972779,0.0010646455202262164,0.416186763792893,0.30555475858003545,0.19157769027193666,0.03667684962076609,0.11068139134566773,0.03374593467752996,0.8089599956946756,2.132765243380832,COMPLETE,IZ-C
38,0.53,1.1424915778694158,1.122489614596653,0.4247838981835344,138.0558468402586,127.96250231611968,0.0010941597428815197,0.41752338819377754,0.3056269703456198,0.19166302421707881,0.036130364427026794,0.11617840762284767,0.03377280345246201,0.8184582290937104,2.085747944057814,COMPLETE,IZ-C
39,0.49,1.1111623195661844,1.1038908489678823,0.3186143084927052,138.7732382033007,127.2440701259823,0.0012508571770111529,0.41963153790474234,0.30546507528296873,0.18938382628828404,0.0363003702493774,0.14326601782376103,0.03389349848694635,0.8100583681258317,2.086949959754883,COMPLETE,IZ-C
40,0.49,0.9670415436685256,1.1319339486251707,0.3852161457723684,145.39412801428645,121.01803662580348,0.0010735631944934017,0.5752476675181726,0.32763617534579914,0.17300589512248948,0.03937686457343904,0.17354999672183863,0.03329891592001347,0.82362393768068,2.1133873440533546,COMPLETE,IZ-C
41,0.53,1.1613277423583939,1.3785584238453559,0.42355813428533023,130.00842031076166,128.1600822883312,0.0010594136996558837,0.4121178451858722,0.2774573380522221,0.19919953530603587,0.041380499269174816,0.11240549289462844,0.03511144717525775,0.8396262863471722,2.0301726631776256,COMPLETE,IZ-C
42,0.5,1.1759282190313232,1.0086569561299379,0.4003262385856653,130.40467651476538,128.41618292553787,0.0011217285198948665,0.41779164621864845,0.27436326504707814,0.1990105923022341,0.034786378757437196,0.11666244543059628,0.035485336005726675,0.8434924403894053,2.0446831041090525,COMPLETE,IZ-C
43,0.51,1.1500584694689895,1.223115846438193,0.4180070171704466,134.59703983032836,124.01375261922614,0.0010629630174535136,0.4069682808661846,0.30340359070355377,0.18993046823995513,0.042019877402253165,0.22596979383045457,0.03146187093875936,0.863173584728231,2.002396437964403,COMPLETE,IZ-C
44,0.5,1.0680931139044456,1.393032490452928,0.4295667577668356,137.58227056805234,126.7299715299496,0.0012283110725024328,0.4387181609031118,0.2953120856970704,0.1573662337431302,0.040407349852918426,0.26729883794017684,0.034598770306076505,0.8347877177831095,2.3182260707422895,COMPLETE,IZ-C
45,0.52,1.0157874651984076,1.450390463070208,0.3745844558080397,140.47034423819258,119.29752572698513,0.0013504360463461515,0.42341859108969904,0.3373904515489812,0.17496943406043183,0.0385759227048411,0.12783353570959177,0.03230937164188222,0.817725604447466,2.153828658482572,COMPLETE,IZ-C
46,0.51,0.949107568034179,0.5412414066587949,0.3617942605040794,143.85516535917984,129.85307341738783,0.0010624327018428472,0.4119174414211223,0.28919252794757083,0.1860614153806098,0.033255688657005476,0.09310578910798609,0.033029804392005986,0.8803767904444743,2.461820369115356,COMPLETE,IZ-C
