number,value,params_c1,params_c2,params_c3,params_inputWeights_max,params_inputWeights_min,params_interSpeciesRate,params_keep,params_noCrossoverOff,params_probabilityAddLink_Large,params_probabilityAddLink_small,params_probabilityAddNodeLarge,params_probabilityAddNodeSmall,params_probabilityWeightMutated,params_threshold,state,study_name
19,0.95,0.9718988755634216,1.3610476153862283,0.3294278822868962,143.0911490287112,90.72509291705765,0.0009018639190810799,0.40025071137439144,0.3192128920292182,0.16970004259857993,0.027126849479816383,0.08173163330019584,0.032654909528092003,0.8181878153834485,3.8193221793631666,COMPLETE,IZ-H
20,0.93,0.9511363679265881,1.3623649497723616,0.30333465090608425,144.21197334698226,91.4492999160552,0.0012562469421186057,0.40427640548593524,0.32085573356970953,0.1925914482203002,0.025251742770627847,0.10264272251805048,0.03235588217147751,0.8571558561901753,3.7790463885051944,COMPLETE,IZ-H
21,0.89,1.049946373429373,1.2070346083116972,0.33038468829270695,153.24593320430876,94.02148981543732,0.000938690120280491,0.43210468854214656,0.2954616884565971,0.16709303796232194,0.0320080725493733,0.08243680554450988,0.02879645122479404,0.812996397707521,3.8223843944249105,COMPLETE,IZ-H
22,0.87,1.2293010610108808,1.382897309928154,0.3476287422962315,141.58392247143135,97.69484635858366,0.0008738394441406505,0.5383526203599223,0.2686972326236897,0.17165851642619376,0.027461699754610863,0.1736234012064636,0.03454447154924433,0.8089270720089548,3.4064524413372044,COMPLETE,IZ-H
23,0.92,0.9095435816706796,1.1995617524362272,0.3732814432467491,146.42462128437165,113.44050142226206,0.0010289053072501653,0.580899032147358,0.34783858390510264,0.15341928973975946,0.022430748367450244,0.07469058094578283,0.031617812513782644,0.7647490103816489,3.9678342459233744,COMPLETE,IZ-H
24,0.92,1.495692911104811,1.051316275415905,0.31954680156133003,135.3667816149184,96.18229159179539,0.0007415532601452179,0.5579901481608431,0.2416656882036438,0.18604828120310518,0.01557067971305751,0.12129918780278034,0.02641341161632075,0.8329825630688185,3.6639606546402907,COMPLETE,IZ-H
25,0.92,0.8122192754476896,1.383699370104672,0.3431770589683884,152.2376699179248,120.4512997109158,0.0010257897855858226,0.5251103102253223,0.3237671251630646,0.13154924748657787,0.032917745946771534,0.05194556131271683,0.033671271641638086,0.8556587495294992,3.302565653599541,COMPLETE,IZ-H
26,0.93,1.0061317357802328,1.2568474686580162,0.3990880888055253,139.9241196219757,104.65455086172113,0.0008563601964015782,0.40131702965044996,0.288212041682859,0.16084874751027747,0.04359769910251153,0.29497644159459435,0.036346927751922116,0.8019451138598596,3.0770260448979396,COMPLETE,IZ-H
27,0.89,1.3694677345987425,0.8042000836374308,0.3814567526551604,145.4547836445479,113.06730315304698,0.0009450426221427697,0.47935424958883033,0.3036363343453557,0.19036939077398163,0.014916527948442828,0.2357785337710464,0.028610739854471257,0.7246332549844762,2.0032731799044186,COMPLETE,IZ-H
28,0.88,1.185652469252204,1.1527933692856076,0.3179436757602496,135.45152680905392,123.46878976642678,0.0012203980634003509,0.5845732418040216,0.2721551136868073,0.17641871392431427,0.027189254626254235,0.022208101025657928,0.030483488544859442,0.7742434723290257,3.83852341532963,COMPLETE,IZ-H
29,0.85,1.3827658153899516,0.9514578503838442,0.35564956687216864,149.65198650241928,108.78862788375987,0.000985248274190232,0.4545660527160418,0.20689995884979562,0.1338531099311312,0.029732190950443365,0.16884233308297075,0.02913200436005946,0.7405210286759681,3.4338964151045466,COMPLETE,IZ-H
30,0.78,0.8880222921728432,1.4157060318686139,0.43471396510259164,169.42612930746634,117.80955781571532,0.0010792772253199363,0.5297031227406578,0.32454077428821465,0.0934531193279531,0.02224049305710479,0.34003113625902365,0.022593562022421354,0.8481725376494835,2.875422548469965,COMPLETE,IZ-H
31,0.92,0.7136179405247403,1.159968761491142,0.49796860568075335,149.53661649263796,126.90825891369195,0.0014924281296457838,0.47324791174899095,0.30904051993096776,0.06809289069518559,0.0192193643845572,0.38100932656182085,0.021679785495561828,0.887780941017533,2.5466435597135297,COMPLETE,IZ-H
32,0.93,0.6725732867354859,1.1463017500197696,0.452006979388979,147.2370336183871,125.3242298362282,0.0007877403662448787,0.4391066924575834,0.3114295906062371,0.08428362341687627,0.01753017651092794,0.3058582700685252,0.024676175020147614,0.8982085217496206,2.7782618700615376,COMPLETE,IZ-H
33,0.86,0.5404991669369039,1.244393131434732,0.4336535672918326,142.5592777058367,129.73701381032788,0.0008921805863274497,0.48904057005510343,0.29221452234149753,0.11814160482599957,0.02725171845035382,0.36275783394060473,0.023519733903910166,0.8740204132854056,2.503068753330419,COMPLETE,IZ-H
34,0.9,0.7653162398884064,1.3276461924823528,0.45589565306819746,148.1139755676692,122.5170413949381,0.0007220574469251252,0.41113818962859955,0.3319296574099228,0.16174855520060222,0.0130213766103203,0.27169224948462817,0.021459400357221207,0.828176666839838,3.1298439570391423,COMPLETE,IZ-H
35,0.92,0.5170695406828144,1.0885288357292682,0.47644271377676795,162.16774776682547,116.32790769663175,0.0011887774142982602,0.4576567773125045,0.23708142736349347,0.11047860617487916,0.030340828960513908,0.3958522374372961,0.02799863327376738,0.7992183947944856,2.953830658725596,COMPLETE,IZ-H
36,0.88,0.8536077369886145,1.2088433601596371,0.4078014580764697,156.47732348812,126.04131020613877,0.0013446678881636855,0.4189930523772277,0.2595448306093258,0.07937782823808724,0.022886945593533693,0.351195478409464,0.02605739861829265,0.868977766610438,3.568489659515843,COMPLETE,IZ-H
37,0.88,0.6298872361507681,1.4781206159560147,0.4462252053166412,151.92638144295083,121.83866397872676,0.0010741077238314318,0.44393827197025654,0.30259225457918737,0.12065570319644356,0.03487583085431551,0.04036605697268532,0.031522797256670176,0.7610271481776059,3.73656963001982,COMPLETE,IZ-H
38,0.9,0.7324831476028373,1.2941279566837107,0.46111794072094947,155.4133601166992,110.75080849572542,0.0008050545860344251,0.4914578755864021,0.31442541171202737,0.17336968900553207,0.017586309568414654,0.3194852893787652,0.02116171325088447,0.7830818383910695,2.7087758920796645,COMPLETE,IZ-H
39,0.92,0.9885505949573615,0.9642453765380246,0.46634687143575476,144.90566311448768,102.38017860560922,0.001154076880470617,0.5186472423263025,0.26620450793429223,0.09912987408595951,0.03945231215650546,0.10423961633453388,0.03778147505522253,0.7974720215888809,2.8554734008469995,COMPLETE,IZ-H
40,0.85,0.5693018478481962,0.8766270431360537,0.43960766966263054,166.08604181656796,124.20448614401066,0.0006863459873378886,0.5546697579651009,0.27544883909303886,0.05364954520153695,0.013303684916622332,0.12823220283958636,0.02998051086513965,0.8563955834406307,3.8583559384750785,COMPLETE,IZ-H
41,0.89,1.4193429545928131,1.4687028193802898,0.38743483197867234,164.915429826194,116.60324345020939,0.0006235287208879904,0.568611220398776,0.2260334982608786,0.18168293512406083,0.016563203591079892,0.221700509393237,0.02739498343709623,0.8199723131144936,3.2729634237791942,COMPLETE,IZ-H
42,0.86,1.317454509239317,1.391795423129128,0.41180607596222507,161.3164401521639,119.10729713884349,0.0008251137976174318,0.5085915868049712,0.18660660344267915,0.1891631544908418,0.02037462615806685,0.2009471664350887,0.027451235649123582,0.8141208419564323,3.1840439347024097,COMPLETE,IZ-H
43,0.9,1.0499046048876344,1.4851283648677345,0.3597912272946947,164.649489320332,114.23648094625925,0.0005220640219069322,0.5467965994541373,0.25156541499124585,0.1943014441541859,0.018939872690835514,0.18049953237218364,0.0244994639621427,0.8386724612170259,3.3868898865562778,COMPLETE,IZ-H
44,0.92,1.1972364704211869,1.3146812279673845,0.42830476885415314,167.76409819088605,111.55643239813617,0.0005774851147108578,0.46986970433502817,0.1943025847031133,0.16813147943148737,0.01443637584798113,0.26783762954385903,0.030075245581191037,0.773356786073309,3.5156087823809035,COMPLETE,IZ-H
45,0.88,1.2923489759831979,1.4314374441432551,0.37873810852735684,158.41759598472376,120.09639592623452,0.0006650779822731136,0.491937710673197,0.1664732634560772,0.1798381347413963,0.021420677973771375,0.07955333100274782,0.023297754449999653,0.7924508975222437,2.6140596039270236,COMPLETE,IZ-H
46,0.92,1.4424327774227756,1.35142816650476,0.3950711498133983,167.31114000030712,128.6396589378225,0.000989041058633554,0.5743626235505126,0.23588025725387116,0.15350540286123032,0.024362323279012915,0.15552369293512677,0.026852002895973916,0.8191314212696459,3.0288047683954513,COMPLETE,IZ-H
47,0.94,0.6858548079062124,1.2351543247444967,0.36538930236332406,139.05138783591363,114.79588795584993,0.0007490716209185243,0.5310143416878252,0.3473800808912689,0.18447908767750423,0.026038671178922092,0.37180507934918333,0.02531319822519215,0.8061436953201525,2.346818550368633,COMPLETE,IZ-H
48,0.81,1.1530256949934965,1.1259443635691178,0.3348461466868515,163.52247667908225,90.33448149096493,0.0009029172837107277,0.5549744450928988,0.28731659570741386,0.198247493989444,0.03391727679330609,0.25844802300284636,0.032798626713198685,0.8282287691115494,3.1623465522437786,COMPLETE,IZ-H
49,0.84,0.9319427810804721,0.5315247346322424,0.3525446946038084,137.21207938099337,121.48470200000882,0.0008281297124987447,0.590147080865478,0.22623832781594028,0.13032881518915995,0.011944741448653713,0.2896464798465316,0.02052067125571992,0.8470048481128669,3.643909523537414,COMPLETE,IZ-H
