number,value,params_c1,params_c2,params_c3,params_inputWeights_max,params_inputWeights_min,params_interSpeciesRate,params_keep,params_noCrossoverOff,params_probabilityAddLink_Large,params_probabilityAddLink_small,params_probabilityAddNodeLarge,params_probabilityAddNodeSmall,params_probabilityWeightMutated,params_threshold,state,study_name
0,0.93,1.379,0.91,0.36,150.0,110.0,0.001,0.456,0.22,0.114,0.029,0.03,0.029,0.743,2.656,COMPLETE,IZ-A
1,0.84,0.5809799792172037,0.7348619983098963,0.354246231300319,152.65489402586056,94.29612592075281,0.0008543049779269065,0.5373971791803394,0.22247973764487247,0.09000033322626486,0.0411821808011011,0.09480217223138045,0.026601485829634453,0.8710042202779574,2.8143911656022045,COMPLETE,IZ-A
2,0.84,1.3281212961692945,0.7974255788071264,0.4157129919916562,135.75833717136115,103.94142698754729,0.0011285609937578015,0.43135424367770886,0.32474151177809035,0.11101847159153977,0.025254033426463183,0.19350646891278372,0.036664931846855944,0.7230658981880587,3.592995335615711,COMPLETE,IZ-A
3,0.88,0.8006643113943112,0.8748324016453135,0.4490063086522185,156.7427765469966,98.79162283875168,0.0011954932629305937,0.46882407991025166,0.2514817118981949,0.1426468950638943,0.02393128314779803,0.04484283346935728,0.03775932416102876,0.8610073300769621,3.3339591347232482,COMPLETE,IZ-A
4,0.87,0.6363116352357953,1.3766383033767702,0.3699728540507516,138.77078228890454,105.80702860085057,0.0005871352052541836,0.49463905433689476,0.17020092364797956,0.16356301135594048,0.043128642985339645,0.16675636806481822,0.03245917086420595,0.8826571598536113,2.9808655953347523,COMPLETE,IZ-A
5,0.92,1.3849239937231532,1.1811747331082332,0.45691595633072263,145.23155520558308,111.79788520394479,0.0007759085083887904,0.4507578037879667,0.2112360618623007,0.12100418068905014,0.024106317356829488,0.26861695556254267,0.024942465685102472,0.7008606248370196,3.115492818641041,COMPLETE,IZ-A
6,0.87,0.6898408716086013,1.187046846021544,0.3876155331436573,167.53932138591088,111.23480621480624,0.0008532587089717075,0.5985409854139437,0.30961860759637827,0.16577340624171377,0.010803226837396887,0.1279219051734396,0.03752742087984357,0.7927464129732731,3.2113377408136885,COMPLETE,IZ-A
7,0.84,0.8881433719511296,1.0299436540684395,0.4385508398485427,159.7453837840079,123.95658632624358,0.0010121749601553513,0.4766303942160943,0.2837296185569531,0.1876584471501611,0.01622226687996385,0.08785946161260118,0.033669369221188294,0.7359560488678644,2.9223058160086337,COMPLETE,IZ-A
8,0.86,1.1370375024012218,1.0848070603019702,0.4991028379110134,140.4521345667147,117.2567842845217,0.0005734883790539461,0.40148022671720196,0.2987406800106388,0.15922078477219676,0.019212922508581268,0.08247206972828267,0.03861074007637582,0.7851771292745724,2.2233913777193086,COMPLETE,IZ-A
9,0.93,0.7875989680200554,0.904177283964636,0.4946012765996109,140.44314317354068,125.56193038757905,0.0010490228411437407,0.4562109853630407,0.3112617912646263,0.06843058459298519,0.011117197395493652,0.347357090606218,0.026416856083652282,0.7019299902727181,3.6324641899311776,COMPLETE,IZ-A
10,0.83,1.1072861874836042,0.5724410811285283,0.30649768343028383,130.19858374796308,90.30485586203179,0.0014867440652599467,0.5436821087575582,0.15345986317315016,0.053809396035228635,0.0347711672446858,0.277561802554249,0.021145158145605338,0.7548468566593386,2.3643390755818716,COMPLETE,IZ-A
11,0.89,1.481064897619077,0.8873999546706632,0.3254306617866035,147.04353270589334,129.86297624725213,0.0012786960370151704,0.42386379861789764,0.3481543109391269,0.06759735270641559,0.04899039438271496,0.3885302525664028,0.028001800954518593,0.7571940297032337,3.796193447695859,COMPLETE,IZ-A
12,0.92,1.0074749977896456,0.5934773876616357,0.49493086247221274,149.84806269007186,118.64999399159643,0.0010222832991948682,0.5159781818883329,0.2614064483350027,0.08927176912580366,0.03268209166224518,0.37119433480483766,0.023155460729890512,0.7077703717136558,2.612470975048666,COMPLETE,IZ-A
13,0.92,1.2243410464184998,0.9566772717981397,0.34379512486014036,142.74886959640224,118.29114483381287,0.0013693384799386822,0.4528011791354893,0.21273385449255003,0.0921517316308822,0.01023400675333989,0.30597694670018566,0.029995719158912075,0.8284951475941895,3.991389462695909,COMPLETE,IZ-A
14,0.95,0.8949785087425796,0.7183967166004893,0.4139586624515414,132.9321694578788,129.27205464771694,0.001089942457919601,0.4959213785603442,0.1893282500116726,0.06939313420007549,0.02931882357620748,0.021222233813024807,0.029633813218401715,0.7614192480483408,2.522074653257393,COMPLETE,IZ-A
15,0.84,0.9748181930112192,0.695966101613728,0.3986085981694254,130.80568207214498,104.94716593414361,0.0007473384154157551,0.494418488218371,0.18717723422888166,0.10515625934232173,0.029241518219288932,0.025870588004101032,0.03119504264038296,0.7659536017504709,2.0258450585835126,COMPLETE,IZ-A
16,0.92,0.5036162836820135,0.50079367155967,0.4155957263608821,168.93271384216231,113.36142970642715,0.0009135101285416627,0.5678683514083226,0.18993237315583628,0.13814632578811006,0.037644363720997935,0.14713801754573647,0.034888335384106975,0.8178941160831295,2.577783745322535,COMPLETE,IZ-A
17,0.9,1.2373408449363932,0.6941123777101665,0.3767215738897266,161.48728858557277,101.12184244251036,0.0011679602122199517,0.520266372017527,0.22941580848887386,0.0716625901010059,0.02841930330576477,0.025226431550872536,0.029239537092722062,0.7390742663397855,2.6657083628592013,COMPLETE,IZ-A
18,0.93,0.9879425162901937,1.4090463500370043,0.4183211465584178,133.96348710385115,122.8220201976805,0.0013088282876132285,0.48188023900219723,0.19127671419369532,0.05383346701526891,0.01976475731371829,0.06122045256862308,0.03165851486662068,0.7790518974103234,2.369940449019508,COMPLETE,IZ-A
19,0.91,1.4779282434235002,0.8099639840330309,0.3512623173854173,154.61616132639622,108.66290868495801,0.0009381514249539447,0.4287399533484491,0.266961887823439,0.13261679306781948,0.03412118009651853,0.2334951429690034,0.028255691161516275,0.8214388188151679,2.0015381400976264,COMPLETE,IZ-A
20,0.86,0.8753401439714178,1.270813911047833,0.4716713109453527,162.7744767064497,115.33670132042778,0.001099413926340666,0.5123916832992744,0.23660314949744565,0.102316235153449,0.04030102666027362,0.1150948068653656,0.03527483588560104,0.739426552254817,2.4475330943787132,COMPLETE,IZ-A
21,0.92,0.7940009967911996,0.9472012528386403,0.4729712305151266,137.00523318252795,129.81315540249489,0.0010768836731734957,0.45368945452029846,0.20072879152464976,0.06729267045889915,0.015126354617293232,0.3266564295033765,0.02574755891170776,0.7250354781704209,3.4440910408198606,COMPLETE,IZ-A
22,0.93,0.7394685941509291,0.8286099146114516,0.33185437943728024,142.20210676078239,125.05772900017551,0.0012343325427905155,0.47093807355268247,0.16830387666349603,0.07854143322865247,0.02706847699749822,0.2226770558083752,0.023668534034115576,0.7148305589554046,2.8382798174471517,COMPLETE,IZ-A
23,0.91,0.9147959154672471,1.069822691716486,0.4255926378339011,146.969422034172,126.30055158923757,0.001008471668155633,0.44293163824310117,0.24098448588335736,0.05091651822782336,0.02136358751071976,0.18028826967992354,0.02721160933912883,0.7665470439272956,2.7418190941417815,COMPLETE,IZ-A
24,0.89,1.0873365663549401,0.6373208394294247,0.3702662246397787,134.12120608171668,121.27841960152126,0.0007008882538457962,0.48831298325165534,0.3488328231473132,0.08049931880285727,0.03114584643288648,0.34879109562996863,0.02979924068705602,0.7499877722430719,3.6489063720365236,COMPLETE,IZ-A
25,0.85,0.8060312535711093,0.9251135755946787,0.3914733033683161,144.17387276315546,126.83872911503272,0.0009291748541236212,0.4651100182477419,0.2675302374940873,0.12117359153191012,0.014818173451248539,0.05873265862261193,0.020450175953248773,0.7003265179354314,3.1015596371508196,COMPLETE,IZ-A
26,0.87,1.0340642055926696,0.7674230198589858,0.48622503805256423,150.92319366496113,121.17039055223758,0.0010845313637616876,0.40545445259762947,0.3268610825936166,0.09782136813284176,0.0455610158183934,0.2735002899955198,0.024426789913434534,0.7292543263746408,2.507178724068497,COMPLETE,IZ-A
27,0.9,1.1988664899381292,1.0005163906529317,0.30734226875897325,139.18256056403106,108.96311580258104,0.000863982537086396,0.5046608494625499,0.28731543453707953,0.06337945246552425,0.035613208327495496,0.12121502380848626,0.02226842994793,0.8081031826722822,2.184976982525308,COMPLETE,IZ-A
28,0.85,1.3290651454250302,1.1179995672578962,0.43797914796243975,133.32168544199564,127.61057444586464,0.0009821925739899784,0.4164581977132286,0.1765414467502505,0.11451984268282853,0.02197972862568852,0.23689795614534678,0.028756707961255498,0.8444650440440591,3.9260732668589453,COMPLETE,IZ-A
29,0.84,0.5780210260087295,0.7516422537166291,0.36576478959441083,149.48218459439272,94.94055762236579,0.0013789444559555296,0.5507238824086076,0.22097327665755337,0.08697653970744396,0.03846033458145549,0.060462527611274214,0.027324780343494975,0.7724641182320334,2.826355235307664,COMPLETE,IZ-A
30,0.92,0.7214607720183649,0.6839097588039651,0.3338177293525644,153.1582165079283,116.51357643308612,0.0008342345597821789,0.5235681299576292,0.15252526161602786,0.07819400619557067,0.017275942510379186,0.09964182926905364,0.02607844098432114,0.7159220550233152,3.3549640643873317,COMPLETE,IZ-A
31,0.95,0.9295114630908803,1.3973421430603847,0.41344450045117287,133.37580409276407,121.60929109368102,0.001317512394561245,0.4785855944922064,0.19841061123703946,0.059497427431204244,0.01286221951238637,0.06310361650546104,0.03129398797781715,0.7818318887656548,2.3956192058622086,COMPLETE,IZ-A
32,0.93,0.947270013200884,1.4921074507411984,0.40621143210297506,136.28665322281444,120.8503141734792,0.0011533261440607745,0.4426514464114425,0.209966109969581,0.05827315486141811,0.012478850397125568,0.03703301626486641,0.03135411287363939,0.7974128877735331,2.2905728515369153,COMPLETE,IZ-A
33,0.92,0.8380903189295452,0.862949044597908,0.4329224684019543,131.975740973149,128.299636551413,0.0014933552387924776,0.4613285078358568,0.2009461187458319,0.07399924080828005,0.012613206511606292,0.02141436471355871,0.03333360799005396,0.7451336193867377,2.7009245514548232,COMPLETE,IZ-A
34,0.9,1.043539866888181,1.233453787523852,0.45466361242824693,136.39162253732397,123.59783655747253,0.001215819283494658,0.4797290251311531,0.226738715625207,0.06374583563133511,0.026220081674444215,0.07231970134913956,0.03064503246275928,0.7805702798136651,2.4609126583685423,COMPLETE,IZ-A
35,0.85,0.6613114720199368,0.8919865999348412,0.3827986348279778,139.41063798734433,101.54220399180863,0.0010584569048370722,0.5044363740312953,0.24849222766025125,0.14953519707535362,0.02359886102250932,0.15147407421012501,0.03260388064846342,0.7536873489376914,3.550591255990205,COMPLETE,IZ-A
36,0.88,0.768586746905443,1.3092737992499246,0.4064889932525181,137.87801148708863,113.87246612759284,0.0011427375349248824,0.44171053382456593,0.17662305384691135,0.18861937265652917,0.03127055524551179,0.19861671042874063,0.026369835993946704,0.8063552048893914,2.1594993921108516,COMPLETE,IZ-A
37,0.91,0.8362459143301519,1.1470003220332776,0.36174558047329514,141.64441086578353,106.74904850551026,0.0014064599727095328,0.4884755014946416,0.20077762887658546,0.11015571916698652,0.013154807761902854,0.04766787034750687,0.025203187477683662,0.8953076007816136,2.930063358696188,COMPLETE,IZ-A
38,0.9,0.9179392372224489,1.0323967072842026,0.44988576431751653,134.41617790151912,125.46751040047819,0.001282281742004197,0.529544737952862,0.32551106588531353,0.17997744989999476,0.019845498024412562,0.09734644341114107,0.029275867705467563,0.727643870077994,3.0542323900939046,COMPLETE,IZ-A
39,0.89,1.1539867414939124,0.8379677586017175,0.46422663892699123,157.53311606594866,119.62598249507407,0.0006539004104024512,0.4636994714070764,0.25264324371198693,0.08630851550808896,0.018099346089561683,0.302792800302413,0.03434951677430061,0.7875109176932298,2.5495514311435294,COMPLETE,IZ-A
40,0.91,1.3836701674968408,0.9803526544855992,0.3933432800128241,146.4567876858633,112.18916073294066,0.0009830613167585622,0.4722475617555846,0.16479856739235674,0.05964347093477874,0.043408236319913446,0.04238737508176343,0.03595268851638213,0.7603336278826066,2.757838632215296,COMPLETE,IZ-A
41,0.91,0.9689073274481163,1.4028928798791658,0.41831657254333626,132.4783572339413,123.18269107614,0.0012959030143845616,0.48190542569734207,0.19116955626801257,0.05031876175185511,0.013499438477546841,0.053720172498325336,0.032225452586884626,0.7778593128865036,2.3557324423197645,COMPLETE,IZ-A
42,0.85,0.8614581039780026,1.4533812656496101,0.42435314739567587,134.7234027645519,122.58414387910769,0.0013462580838127804,0.4954021998779841,0.21664262289150493,0.058781742294942846,0.024454572479686115,0.07984916269267489,0.031935414706026365,0.7948306658141094,2.3844098061859595,COMPLETE,IZ-A
43,0.93,1.0701583450709724,1.338716074444998,0.4461352437983981,130.3747344376407,128.3596864237943,0.0014416763432527717,0.45683254523794126,0.18340991949800953,0.06944425063689366,0.010450314767861835,0.06562641075610413,0.030500706767785057,0.7725741757895188,3.1952259976934654,COMPLETE,IZ-A
44,0.9,0.890164946511386,1.3977038409923561,0.40846357835432207,140.69491447707622,124.22321360821186,0.0005082392940387708,0.48194621947340976,0.20426007034301047,0.09544705103498718,0.015912419762052335,0.10896854805335177,0.027307225355857195,0.7656397039239184,2.2407904615609193,COMPLETE,IZ-A
45,0.88,0.9888996396331415,1.4435874679378358,0.38192394607787844,132.2905183542609,116.13178141382778,0.0012533127466446549,0.44063677198610496,0.30902245961142455,0.0569533520320194,0.02183523842598918,0.0821104585251306,0.03322131558293969,0.7850651761452243,2.1459501469937208,COMPLETE,IZ-A
46,0.95,0.9431840768043149,1.337605330551567,0.4297600326146202,135.53202152872325,119.77672903679176,0.0013303939983724605,0.4718139344688173,0.15978181550383383,0.07591607653590995,0.019780790200958315,0.13700764573133678,0.02815124834797221,0.7454618858112513,2.4019935777016856,COMPLETE,IZ-A
47,0.77,0.9368800057697659,1.210902715840627,0.3980659711144809,144.39769020237878,119.17426705746517,0.0011940034888078812,0.4697040065619929,0.16175771699825314,0.19987179792103626,0.028531218341186236,0.13921544934751418,0.0397264558721985,0.711225416846416,2.606970484353869,COMPLETE,IZ-A
48,0.95,0.7376583239359337,1.3495277626848055,0.4866364370784274,137.89007873157308,110.5230730603651,0.0011167524448557123,0.43443393412232206,0.18112901045691204,0.08421568425976257,0.01719747216684786,0.16260878278813456,0.027896259385478434,0.7451495526322498,2.4906566093482145,COMPLETE,IZ-A
49,0.93,0.6130358138925328,1.3476781338595731,0.48035381332314653,164.4747834146136,111.16677037128945,0.0013232287949194476,0.4341416065870414,0.17715265671859465,0.08316934799497054,0.018246612630857726,0.16738213630572538,0.0281726944712358,0.7338796335987441,2.486743450479967,COMPLETE,IZ-A
0,0.95,1.379,0.91,0.36,150.0,110.0,0.001,0.456,0.22,0.114,0.029,0.03,0.029,0.743,2.656,COMPLETE,IZ-B
1,0.91,1.067541393145289,1.317645178599971,0.4480132381813679,134.0699959933957,92.11527694576097,0.0008245879920399,0.4481182713842029,0.1813578846370193,0.1318794017331238,0.03589374687893047,0.316535039893871,0.02378878477310026,0.7609846888156281,3.2496811114244037,COMPLETE,IZ-B
2,0.88,0.9957963228573711,1.1178878509943355,0.41939598026995556,146.0222587322211,128.4430098320119,0.0008227228587799305,0.4730761886600058,0.3203535606215701,0.19042475433520084,0.021956030712272027,0.28170386712198414,0.027887515275405513,0.8571497186882518,3.204641449373361,COMPLETE,IZ-B
3,0.92,0.5614935809343892,1.450660445808821,0.37715396181670985,165.27375235639028,97.39313293348745,0.001243601554559399,0.5567794364119769,0.24832927101871166,0.12913630888784383,0.014704216288966072,0.11588771748246662,0.031097273504637226,0.7523592192427959,2.207470074346062,COMPLETE,IZ-B
4,0.92,1.1618150479162983,0.8329532452564581,0.38343014956125354,161.31769264511985,98.82159726937839,0.0006243441059157964,0.5510077682884601,0.23610912194794442,0.1414619560196332,0.03599704625264187,0.19106846218785098,0.037782241106927156,0.8991019573063621,2.705002547507866,COMPLETE,IZ-B
5,0.87,1.4428288523709267,1.0783414566041067,0.4746384579894514,169.03990659002375,95.40252967961449,0.0012294470070133665,0.5680003416517235,0.17470090382155426,0.18768642422994813,0.019929462119066432,0.3671362346367291,0.029105798243495726,0.7580922577675852,3.078066005197073,COMPLETE,IZ-B
6,0.92,0.7431604016280607,0.8282390730930399,0.45499179805032225,169.46628510816672,122.13847567957605,0.0010303241501712574,0.5989116524541808,0.3000746378856672,0.08389062772930397,0.04791395404318364,0.3235198767928874,0.036473325207156806,0.8968152876431201,2.692354172706264,COMPLETE,IZ-B
7,0.84,0.5259690185579795,1.2565081151028192,0.345151899709708,145.39121159047397,115.66058120079362,0.0006440344994375388,0.5808781900122684,0.15535882531764952,0.12715293586402154,0.043512909213269585,0.12174888638805288,0.035852621525835564,0.8563151528533423,2.548375123714915,COMPLETE,IZ-B
8,0.92,1.448837314128443,0.9227490080789341,0.39139668658519,134.16408139160924,98.39096248264113,0.0008839894625019239,0.5256010194410081,0.21670570333954756,0.16348413102422524,0.026687826838343233,0.2752192388348864,0.02119464270243035,0.7736032497028217,3.9037916181028702,COMPLETE,IZ-B
9,0.83,1.3239176623377764,1.444347064463167,0.31939888683831025,142.98808501903076,107.38540011098598,0.0008202715866955192,0.572977380872938,0.27739416147896867,0.10472153555365288,0.04598179289870467,0.08883033588844842,0.02648293705175323,0.8268015476786634,2.0741872030942927,COMPLETE,IZ-B
10,0.95,1.2369471995973473,0.5182260042452915,0.3036889969849678,156.22644706272735,107.3434440641342,0.0014620992852414521,0.40705150896513737,0.20753897991732365,0.055544117256259753,0.01015802702054459,0.05565761863985244,0.03282161371801388,0.7258289050301523,3.7823839056533073,COMPLETE,IZ-B
11,0.95,1.2402186795144818,0.5591652244840063,0.3087023046868477,155.529496110493,108.24485384942203,0.001477528331460498,0.4064959842166967,0.20667017498385123,0.05793143467001479,0.010981829718734432,0.020240940931208262,0.03263185249805513,0.7078281382544089,3.893677669795115,COMPLETE,IZ-B
12,0.83,0.9657028065655526,0.5351257034889951,0.3489314488140855,154.34263179877786,113.60022383715881,0.0014901939347402977,0.4026977011245525,0.20632897122127133,0.05313810930551913,0.031401745342348415,0.039377610322327145,0.03308765991174729,0.7044767104721904,3.584382651383643,COMPLETE,IZ-B
13,0.88,1.315469186816127,0.7041252401896764,0.34368726256183596,154.57127968146273,104.76378803708033,0.001170645867681192,0.4425620266711751,0.26877217663434716,0.08951677270841303,0.01880987408683714,0.17344050242993617,0.03996553297210775,0.7306079272247495,3.514966179396227,COMPLETE,IZ-B
14,0.93,1.16671650465418,0.738791488672845,0.30134801138866507,159.49767706869406,117.64271478667386,0.0010418021528636168,0.43309650774028596,0.22477357460265454,0.07229420948651877,0.02675865661698661,0.0655575527744192,0.024417057137287323,0.7934945018069558,2.3686155829636633,COMPLETE,IZ-B
15,0.9,1.4893222272695628,0.6479451252955151,0.36035369179228827,150.1096119450581,104.85584789434823,0.0013475536380525611,0.4835713569441128,0.18744456661018516,0.10699694412793065,0.010604406075158907,0.14555911162695212,0.03338939357459186,0.7314505383627053,2.8117421466407557,COMPLETE,IZ-B
16,0.89,0.860572037776473,0.9628851595082133,0.4157208159403604,138.54077945024846,111.44827026813803,0.001116069940967061,0.508221341712518,0.15382332294020817,0.15666317384273365,0.040506974113616825,0.07545303751109757,0.030043526246353185,0.7316374957413639,3.5217585949637926,COMPLETE,IZ-B
17,0.93,1.3332467044715866,1.140809291794172,0.3292257118147836,150.5206585635944,103.18204418758583,0.0005193747734298841,0.42386990728763185,0.3458471486917114,0.10829805436740515,0.02381389082013651,0.21379132023598832,0.02567833640938209,0.7929720989344137,2.940744639055935,COMPLETE,IZ-B
18,0.95,1.075662349719979,0.8317501250882561,0.4965897351686938,159.52084397881288,120.04883088984165,0.001347197014091868,0.460526736499671,0.2618855300848179,0.07783038664977654,0.03200357470576147,0.22596759106401781,0.03492797309788545,0.720991404532239,2.3694925810375795,COMPLETE,IZ-B
19,0.95,1.227974915676608,0.5027343797372216,0.3284668393974151,139.86629958063446,127.02621802611169,0.000954565717252676,0.4200933546793936,0.2416074867204605,0.16206623975983192,0.016286557958138298,0.0468609327292468,0.031482392098281,0.817958378813688,3.6855547737403387,COMPLETE,IZ-B
20,0.88,1.357375485086107,0.6455538459391154,0.3664888184485568,148.1057553931591,110.30349613507155,0.0013725662023944102,0.48307369941986256,0.19026085258051806,0.0966886524146077,0.015113419159478291,0.1108756938560242,0.02811024876070082,0.7731193478666989,3.3064460762112406,COMPLETE,IZ-B
21,0.95,1.2282176531402622,0.6034404445452248,0.30433232375664054,153.16830005931274,108.43156496686976,0.0014901154242107468,0.40158185244202466,0.20928426285707713,0.051311347427333495,0.010299386046619905,0.022023739101568584,0.03340531761812249,0.7000291750252813,3.9927599795960442,COMPLETE,IZ-B
22,0.89,1.232556423687976,0.5708720738754096,0.3171083832128393,156.84572316165023,103.69704692287087,0.0014127328566228227,0.4193276126302613,0.20523887398160476,0.06093277657821056,0.011829560902977288,0.031150288851732294,0.03153966337827892,0.7122606409608783,3.762188450787568,COMPLETE,IZ-B
