number,value,params_c1,params_c2,params_c3,params_inputWeights_max,params_inputWeights_min,params_interSpeciesRate,params_keep,params_noCrossoverOff,params_probabilityAddLink_Large,params_probabilityAddLink_small,params_probabilityAddNodeLarge,params_probabilityAddNodeSmall,params_probabilityWeightMutated,params_threshold,state,study_name
47,0.93,1.2738072146270123,1.3547267962744096,0.3408641846416191,137.89452568438688,92.19248958270306,0.0006740146745314612,0.4035475871279576,0.25682495338428013,0.1920863390312688,0.045392277048486036,0.10334572897441603,0.027566245874596995,0.8874691245566744,3.05530678769406,COMPLETE,IZ-C
48,0.8,1.3703628437946673,1.1451530057327273,0.3515401805972878,134.610456526435,97.09999779963587,0.0010537243779206857,0.4984472442600206,0.2880218821863789,0.14133582388881188,0.04309572317651704,0.07920912159560448,0.03143217422746983,0.7853538901792099,3.667152206051661,COMPLETE,IZ-C
49,0.93,1.1963572287659747,1.2795564890492048,0.30054607539961165,147.42945479789788,108.98866112506632,0.0008916819796635384,0.4584366860863567,0.18202757960373867,0.16657234794710765,0.014404748191926376,0.20109592003037507,0.029286972008909597,0.8623952805943929,3.538585834464384,COMPLETE,IZ-C
0,0.86,1.379,0.91,0.36,150.0,110.0,0.001,0.456,0.22,0.114,0.029,0.03,0.029,0.743,2.656,COMPLETE,IZ-D
1,0.91,0.8244190740470592,0.540777565168127,0.47467954895217634,155.08630764539805,123.62738467407684,0.0008653432574519586,0.470347388347359,0.3012557525079145,0.18596530921799337,0.012879810932108677,0.38327519829363027,0.02335757147669354,0.7105101041520143,2.2192393175232663,COMPLETE,IZ-D
2,0.91,0.7876465374564234,0.6687331216139726,0.39908268466416963,158.15141617379007,109.65778474361343,0.0012714278339786408,0.5165684080657548,0.19120475438733633,0.051056332351555635,0.028456553774900376,0.19567569241639526,0.022611867800460445,0.8256959657242926,2.6292405017713367,COMPLETE,IZ-D
3,0.79,0.6487041986563331,1.0400357600746957,0.3292691569654912,146.07524055727544,116.88784221845107,0.0012860170009761599,0.5337349647713595,0.24209545224245665,0.1337448866083505,0.04572968632624206,0.34791776319548634,0.03494167241719057,0.8192437306031792,2.5256064142205075,COMPLETE,IZ-D
4,0.89,0.6464654516890973,0.5806288573103932,0.35142208125415025,158.78051725869398,102.54569269887864,0.0013355623262336748,0.5898337365676658,0.24732326595639956,0.1076900658337157,0.02665539920028486,0.07590332682703586,0.028176064503677982,0.7630121074570018,3.9269343405150634,COMPLETE,IZ-D
5,0.94,0.7220042602129612,0.939472252772007,0.4217285944793138,159.85232360833766,103.79347720152961,0.0009126697849691507,0.41787755057688153,0.2687099795537132,0.09672375066559641,0.016268562330806195,0.02182234209138602,0.02000413301993287,0.7066399001610062,2.9001155528287557,COMPLETE,IZ-D
6,0.85,0.8252985055742748,1.2446430923450524,0.36504819575777514,133.39944444140716,122.92724927589936,0.0011853025679057537,0.4809335753531473,0.3489694916552659,0.06373112167424183,0.028448252687265335,0.03285718685815315,0.03820175651510665,0.8584883726539373,2.6998280303982733,COMPLETE,IZ-D
7,0.92,0.5949609895438448,0.7098018216456067,0.4449410853816441,156.44973552846312,120.269511690766,0.0014294365523974239,0.47144168798512276,0.19912123579213725,0.1399042462613756,0.020829139811110717,0.11811410120794462,0.02982581175583482,0.7864864570442651,3.4732245574880967,COMPLETE,IZ-D
8,0.86,1.0608980577833926,0.8356088296263955,0.44449368020438695,148.3216316790374,109.06231150298223,0.0006710333264569161,0.4336956171548836,0.19541116842541573,0.08949000701256542,0.03913628613861202,0.31217835083924345,0.029612177243717883,0.7161945447968946,3.8779311766639353,COMPLETE,IZ-D
9,0.94,0.8172404388376747,1.4455083349142985,0.4316305979593558,158.76636004138203,119.29216893911943,0.000546761705296646,0.5190697768469158,0.32394714445963835,0.08490645573740324,0.02929579492281747,0.27561290040985703,0.039713563756187065,0.7634938851331884,2.37707890910428,COMPLETE,IZ-D
10,0.95,1.1169597384787808,1.143055710804886,0.49516615596765984,169.10944993663028,90.41230589464881,0.0008559606187856146,0.40098189728484535,0.2863024539462544,0.16685329802770316,0.011211874878888587,0.17076319569106163,0.020831016048976535,0.8933239304267845,3.1654665165208367,COMPLETE,IZ-D
11,0.89,1.1210338902758348,1.1332634408403919,0.4995347085569422,166.43207218900645,90.28346956223515,0.0008457157333566489,0.4024860092682762,0.2853899821676956,0.1760811463199473,0.011200055846940024,0.16897481298446182,0.020367746362816685,0.891691525592916,3.203196594589285,COMPLETE,IZ-D
12,0.93,1.2902620833506027,1.3546451261700838,0.40384210441931906,169.93864140327338,90.34332201979213,0.0010428148660979206,0.41967082876128736,0.1500526600757947,0.15548601808484086,0.018092304389152845,0.13133245954529515,0.02473075736779959,0.899292549217291,3.0973147943980486,COMPLETE,IZ-D
13,0.9,1.2254002871937397,1.1042693167314304,0.49101813926747745,164.12833052563846,98.33900323805132,0.0007859572141756233,0.4027619347570615,0.27588595122003723,0.1580236393406196,0.018246758120276256,0.24149900933246093,0.020346382714704535,0.8583447722219572,2.9308255378864456,COMPLETE,IZ-D
14,0.92,0.9598139364247213,0.9314212935666484,0.46270298932148013,164.3386224461676,98.34659752812779,0.0011225968653324082,0.43938419497872544,0.26953765536726826,0.09318557388287214,0.011041042401248532,0.1084387985028698,0.025837147109516182,0.8571945640725396,3.4143113967497634,COMPLETE,IZ-D
15,0.77,0.984581365250992,1.211720687298759,0.40881316801166373,140.9075612603192,102.94146414816598,0.0007064853243678884,0.5578685935458081,0.31881437804628154,0.16550161015551862,0.022012740582583224,0.22918612901506075,0.03299790064542507,0.7940023603111124,2.916217386326994,COMPLETE,IZ-D
16,0.84,0.5046512435705494,0.8067518802646569,0.3121361584412159,169.4465715427255,128.79203888433392,0.0009343229379558208,0.43258510236039865,0.25902924884484607,0.19502346271323642,0.03589052550318837,0.17854646319646555,0.022202563031909556,0.7353698511152235,3.4562265794258598,COMPLETE,IZ-D
17,0.88,1.1527559635339033,1.0096733282464938,0.38288483191926664,162.28387803489477,96.40470750354402,0.0005095972721043043,0.4013966906697698,0.2973536213517527,0.11670069470616229,0.01599638301926857,0.072075051074418,0.025702742758378347,0.8264990675363512,3.2640833312538677,COMPLETE,IZ-D
18,0.86,0.9399337507296409,1.2825521044717996,0.4724442505493738,154.02749188254967,104.77031138803176,0.0007211917572510218,0.4493142183326365,0.23096797877272385,0.1392670338210948,0.022446452321861158,0.28060574954754886,0.03313475670440844,0.7711289692397283,3.663326102534203,COMPLETE,IZ-D
19,0.95,1.4154203184878063,1.4859999704373141,0.42685569474783536,161.608022804123,94.11768444647016,0.0009626274406541719,0.4991205813701971,0.31642184708193166,0.07314473590056328,0.014707669729791034,0.14952841018345503,0.02699720284617909,0.8747942995199015,2.002678128484604,COMPLETE,IZ-D
20,0.91,1.4901523222591897,1.4625850792864026,0.4592832165812469,167.63159167112553,94.50651281713506,0.0010676730628776476,0.5650578352153367,0.34797818043417506,0.06873545052142618,0.014003868009873154,0.16107821020880914,0.02702371558159339,0.8738250712028618,2.016208135104056,COMPLETE,IZ-D
21,0.85,1.4860599015965048,1.3231668210964729,0.42163674533695666,161.6352928623497,93.20494885695503,0.0009000619922982263,0.49104449595631305,0.3186431340257103,0.08037357549602281,0.01649249254495294,0.07547502828182837,0.02039461020207449,0.8792820547024081,2.0190135770875077,COMPLETE,IZ-D
22,0.95,1.3753438334217283,1.1570473286852283,0.4292476561002186,161.4526955983987,99.63435269615589,0.0009721324506995278,0.42233461128979144,0.2971758249528506,0.10247560870646645,0.010072799440071934,0.14064671708778076,0.02376477842740165,0.8441976583589947,2.846186188635648,COMPLETE,IZ-D
23,0.86,1.3598164771783754,1.1256887596560963,0.3866693765763795,152.81410748114465,92.9350660169448,0.0009707002748584328,0.5037243784281783,0.29334498168904155,0.1033207228732704,0.01001532946092154,0.1479085245237275,0.024247898285413207,0.8432555673201259,2.2650293714804186,COMPLETE,IZ-D
24,0.87,1.3185510437656485,1.364810257477019,0.4419503490930219,165.91763502480524,100.07333235149954,0.0011765358354607206,0.41997837709961494,0.33133347961198634,0.12536213812044267,0.03506373453011297,0.19478521628119078,0.026980473617577473,0.8798094252835674,2.764879698424397,COMPLETE,IZ-D
25,0.91,1.4308468665269607,1.1856490977286906,0.48094213340623254,162.8403166331495,94.11583042234736,0.0007910430930539391,0.45742807387831724,0.3038444114525035,0.07349577619541958,0.024928518097738772,0.22470104537551483,0.022148841001462756,0.8405244463224357,3.0838943356946316,COMPLETE,IZ-D
26,0.92,1.239162898166621,1.3871159268218056,0.46152488972033334,144.06795603548653,106.34279237504403,0.0005992705350468682,0.42088686063258723,0.2817559340549537,0.05886128615322988,0.01389788720032119,0.10092871704000521,0.023726502424279095,0.8131370335039361,3.641502567188464,COMPLETE,IZ-D
27,0.86,1.171762610558246,1.4846689484883082,0.41671570741315017,136.41637374154834,99.36080355453812,0.0010394048254036786,0.5434889346250683,0.3065663511260003,0.14789931937453435,0.019441999212568582,0.14364280277564168,0.031822488892210614,0.869039336398195,2.5080693608835407,COMPLETE,IZ-D
28,0.92,1.4024060756181969,1.1673079003980003,0.38389152994695475,167.22753030694673,95.90286565581377,0.0008120186873953595,0.4932569575558024,0.33626167422081127,0.07808134999094543,0.0132122971765306,0.26681177278871815,0.02544769236760031,0.8442294068041596,3.311046434801795,COMPLETE,IZ-D
29,0.94,1.083427553064383,1.05204249180035,0.3564519902242907,151.92675541203224,92.17540432023223,0.000992846040193498,0.4568452142616952,0.31573487409189605,0.12049415936183393,0.04994210073025926,0.2055562471413872,0.02799645328565702,0.8919116551440702,2.1646928864747093,COMPLETE,IZ-D
30,0.94,1.2658527850367283,1.2536265661279515,0.4364971591948983,149.84887548223372,114.46334290428219,0.0011158111194373552,0.5911767634650779,0.2627407663643386,0.10288537256167303,0.024623106274061536,0.09705470164067473,0.021354720871927253,0.8869175429419244,2.8239744912481646,COMPLETE,IZ-D
31,0.93,1.3737988268343364,0.9647884537716537,0.4269930547169148,161.29183162607265,101.61249240236523,0.0009451440505061031,0.41745008685078167,0.2875311090203754,0.09647582935053718,0.016623459582649665,0.02560914678415831,0.021722609006434516,0.73683967030242,3.026035846487259,COMPLETE,IZ-D
32,0.93,1.4286991629465393,0.8637657845107487,0.39976387114076406,159.35951327881523,105.68872899613689,0.0008808949300404849,0.4406998256252482,0.2699984842248823,0.10808594932767115,0.015340409182001656,0.06469442406773558,0.02326346345144013,0.7021338484974347,2.8361154287096584,COMPLETE,IZ-D
33,0.9,1.1918929817412796,0.7358858441942766,0.4508900533733298,156.56724640135403,96.4660851593648,0.0009002169725044157,0.42753150057453426,0.30746471427593536,0.12625631585585548,0.012112375597210841,0.18283633397070717,0.022901700186672924,0.8999998553822529,2.5878245961786823,COMPLETE,IZ-D
34,0.92,0.8791118347149529,1.07174507261881,0.3705014514968075,160.56922324719267,112.69253270642886,0.0007588616656034496,0.4107493844152727,0.2199715511822807,0.17965955359828267,0.010230126776937628,0.054496849554358684,0.02122826461868904,0.8071375670755893,2.3983135907661377,COMPLETE,IZ-D
35,0.91,0.7652943853569871,0.8972802082467908,0.4140857510816514,164.5967753760015,101.57314869629252,0.0009992671227433466,0.4662057092828309,0.2551673723218435,0.05050716003245119,0.013622828657874888,0.14747538700235224,0.02412788561787852,0.8629747911378274,3.187976386208274,COMPLETE,IZ-D
36,0.91,1.3151680291028365,0.9804206414206386,0.3931416005312591,155.82166873798315,109.08330402214209,0.0008377910837302225,0.44327494011241564,0.23824658251810749,0.11097622375702405,0.019693019564377832,0.12528711179595123,0.02720073758250441,0.8304904503990669,2.689801581268558,COMPLETE,IZ-D
37,0.88,1.0343693279858845,0.6185233337027364,0.4732592658191154,157.37792895693786,96.51541119075918,0.0010990543105913427,0.4127148909559755,0.29209451759085914,0.08455844740477964,0.014222157468365575,0.3961032384045327,0.02016996107393181,0.8485141917869754,2.948709986474803,COMPLETE,IZ-D
38,0.93,0.7224021153069781,0.5124344487472373,0.3341305460851287,168.63567136361522,103.79783927160716,0.001217310614070267,0.5109698574393928,0.2766961589094999,0.09811263335768036,0.017466320039740517,0.04914348256923293,0.02275867827891228,0.7784685080813125,3.5731533344745845,COMPLETE,IZ-D
39,0.92,0.8879791422830232,0.8076764016287838,0.42762481112343675,159.8413884840666,107.01307993813131,0.0006589024073745419,0.526787616670733,0.33526316986590926,0.0614242060085668,0.023288373296308194,0.09382586288760685,0.025236823431544847,0.747417753973203,3.814390715480545,COMPLETE,IZ-D
40,0.94,0.6652488999422957,1.4174465496222777,0.3744962763211147,165.3954806601081,100.04778018847603,0.0009312104175047797,0.474898216503489,0.214683340092523,0.08761798145600132,0.03203227682254872,0.21674498387495794,0.02853556164391155,0.8683360975922367,2.4062603906739444,COMPLETE,IZ-D
41,0.84,0.8185258949649001,1.4323049948111393,0.42938910573344685,158.45777724816028,116.74114097054898,0.0005553705247420381,0.5234122993300029,0.3279325152628743,0.07079526246634642,0.030890061863327392,0.35492784636869296,0.038760932769434035,0.71801196989278,2.164698234939802,COMPLETE,IZ-D
42,0.86,0.689735449486949,1.4884908103811334,0.45060917784556154,154.106692126005,126.00950924625256,0.0014427548525985836,0.544925048911895,0.3125340075894192,0.08444917831174684,0.04059278310493175,0.3178928088940784,0.03505697894541864,0.7515867264862017,2.360159957140553,COMPLETE,IZ-D
43,0.82,0.7487901971837213,1.302298197324974,0.4322681107945102,163.18040786672205,119.44691994470416,0.0006228395609981646,0.577441360342801,0.2989088165997832,0.09310512109035621,0.012015873764276569,0.2689901264571671,0.03562268088522058,0.7558566700657392,2.543039642101537,COMPLETE,IZ-D
44,0.87,0.5792994226657018,1.2424138556393114,0.4906594027128738,157.87299863094682,90.21057892782403,0.001363720432032926,0.4873746899932388,0.3255446113457304,0.07773027998257044,0.043300146628845924,0.2542440666466572,0.02102420448003476,0.72582147530481,2.2502152212562008,COMPLETE,IZ-D
45,0.89,0.8863475216935928,1.4203794094724083,0.40557474434392043,150.81288525558077,112.04975501651379,0.0010523165017921592,0.5134466590712804,0.15004535225997886,0.13120666111160723,0.02685720179812081,0.3048465435063548,0.03673374135105878,0.7963833180149712,3.100601800722887,COMPLETE,IZ-D
46,0.89,0.8310121441446066,1.0970204785440862,0.4156134512590971,160.16476183325614,92.03786755529745,0.0008548482103983554,0.4289600639986981,0.34194226820471063,0.19487977145082871,0.02030677349027396,0.19388981508800063,0.03033314564704112,0.7670365666554626,2.097644595141183,COMPLETE,IZ-D
47,0.86,1.01696225658015,1.0275631341796139,0.44143543798953744,147.41865142955774,121.45998740363387,0.0007125683362043244,0.4089150233328355,0.24626408853815174,0.10033201822900277,0.011821514998541264,0.1618301440232125,0.02634049103162065,0.8847754832787371,2.640752049417529,COMPLETE,IZ-D
48,0.9,0.5998504582793966,1.3377331329531579,0.45146861158701257,155.40368760583743,97.31810601880021,0.001018486584110045,0.533045704065935,0.2800366295756951,0.16785655091081625,0.03401648347446628,0.35323467462449964,0.030690100456829354,0.7008607994936271,2.8651289837829603,COMPLETE,IZ-D
49,0.83,0.9269960713118834,1.1647765184190666,0.34285745644484045,163.5789663210776,94.76774611619494,0.0005037295792502294,0.5050840238767363,0.32221748939740025,0.06564846155335846,0.015360052030790782,0.2905992942782301,0.03985182773873899,0.8530621889079509,3.3823027041437275,COMPLETE,IZ-D
0,0.92,1.379,0.91,0.36,150.0,110.0,0.001,0.456,0.22,0.114,0.029,0.03,0.029,0.743,2.656,COMPLETE,IZ-E
1,0.92,0.5457154790674856,0.5505772928448778,0.4922046407983463,132.85001274491682,110.4651031487825,0.0005139704484390936,0.4391104197227214,0.1700549103575421,0.06038129506413103,0.014187650832264302,0.22711182787158793,0.03651279601975979,0.8900323764060282,3.397302995113492,COMPLETE,IZ-E
2,0.85,1.489976419063888,0.9111461811770704,0.4407294917128538,161.04139472963092,121.3061486147709,0.0010763394836697518,0.5067919776602026,0.270013164489459,0.14834170482022574,0.023731564797256608,0.3188506462005618,0.03446823098762328,0.8248631046263409,3.9667051423409823,COMPLETE,IZ-E
3,0.94,0.7404345600538867,0.8516691220755657,0.33463148920410185,134.4717050890668,110.41997443204367,0.0006858124366839438,0.44563055957868436,0.3373041025289303,0.1973180014026788,0.014311708608461583,0.39201166483904887,0.024421113899973375,0.8211779613979474,2.51591421682809,COMPLETE,IZ-E
4,0.9,1.0620523476829478,1.1056553307911892,0.38143905103872916,152.11554263145854,105.3777751558967,0.001429642311471475,0.5368971511849785,0.26849893056593155,0.05977462993355982,0.015775727429649514,0.1942992219761458,0.027762058870061612,0.728654551618326,3.2476583217794044,COMPLETE,IZ-E
5,0.95,1.1699651162785631,1.0414800081324527,0.4536203955873063,163.7134394819091,114.54974017833908,0.0007311134394068694,0.598721919413995,0.30621335409576234,0.12679377012501358,0.04320773600188905,0.058357090996373526,0.022006773978738178,0.887085013235851,3.434234780648267,COMPLETE,IZ-E
6,0.82,0.9170550644011816,1.1673814278485852,0.4546287306471634,167.74527592560437,96.25255862116936,0.0010038821380594547,0.5552488241583072,0.23915183089366157,0.1549630591993762,0.040523632488997985,0.3693348730933398,0.029140910679135754,0.8427856205741215,2.133885976977787,COMPLETE,IZ-E
7,0.83,1.1654396685660022,1.0382401756437396,0.43531949396775793,133.71214576417245,114.30014496813243,0.0013655954445381956,0.4541916519148026,0.30819730014237867,0.0731425987990613,0.03864327430748547,0.24463240685224732,0.02437666225905468,0.7541291777093613,2.757878001033034,COMPLETE,IZ-E
8,0.89,0.9690173771351399,1.2699126246890717,0.4287254353485266,160.06414137137892,122.58775931583995,0.0014261773565954106,0.5231717218665769,0.33189181402417917,0.13266691308885686,0.04552037199270713,0.3346549905925403,0.0339106900981291,0.807262993464357,3.450811431220843,COMPLETE,IZ-E
9,0.94,1.4978144100802775,1.3026605527187876,0.37687165537390754,143.8832366294024,92.39977829817859,0.0008783013069344623,0.4146853860640907,0.1858691995336741,0.1056738243321251,0.015809231584870753,0.31112672950048653,0.03297638308874176,0.8997820978196022,3.7640562723342805,COMPLETE,IZ-E
10,0.91,1.2205735125385468,1.4384892200089032,0.49907767585602525,166.4052725723519,129.6024241509784,0.0007366358731580327,0.5907480852734555,0.29785405578691887,0.18758860025121368,0.04971483798691109,0.05342318639276349,0.020396465885555586,0.8624427759967623,3.003737661717879,COMPLETE,IZ-E
11,0.92,0.7226419427430812,0.7137536331867275,0.30613408679155957,141.49481988380114,101.93230109200599,0.0006009486143195122,0.4884057157862419,0.3475677847218691,0.18885042860588683,0.03399522873523679,0.10257347017875629,0.020193426557371115,0.786953943604715,2.2522389593442043,COMPLETE,IZ-E
12,0.8,0.7733291298826471,0.8000889239545025,0.3256290814038843,156.55040091938815,117.07790869067448,0.0007279619972630163,0.59993840231919,0.3122221209118662,0.09187574444597935,0.023618048037571695,0.1170968379681052,0.025368911056269598,0.8611652208773103,2.5158943396158926,COMPLETE,IZ-E
13,0.91,0.5370649427397123,0.6912014152978805,0.41111646192036827,141.59537785145784,103.89981128158692,0.0007810489602060908,0.47341853072057555,0.34955747392805087,0.16069953995397065,0.028321208221591863,0.14935148188095196,0.023611247085089895,0.7742424375631538,3.0136485436372253,COMPLETE,IZ-E
14,0.94,0.8066289938495264,0.9104800525462766,0.33869884578417103,136.0201451399803,116.63661199665957,0.0011922570081090383,0.40427335436581424,0.28101772450542967,0.19602513883976413,0.011472704365044255,0.3990141358604766,0.0397255965743715,0.7093752869682906,2.414705124215218,COMPLETE,IZ-E
15,0.93,1.2501546066738474,0.5101775247201217,0.47264481976914025,146.19333961162198,123.86217874820369,0.0006251780054445649,0.5652235874594018,0.3219409724660814,0.17148157193132094,0.020960150424925737,0.2730102142166173,0.02286399346730529,0.869423618803821,3.7091968635658343,COMPLETE,IZ-E
16,0.94,0.6566576613934377,0.8066306335333693,0.4099411260636905,137.19419420169154,107.13253642605673,0.000859062351963112,0.4305985291943185,0.2895345832945144,0.13133011493336103,0.035063548484734385,0.1835072760834255,0.026935950994532613,0.8162610519904031,2.8385647446056192,COMPLETE,IZ-E
17,0.83,1.070600903516091,1.0629310119497768,0.3489631535831731,152.0514864978021,99.18657758511026,0.0006192269519274574,0.4898364258897635,0.24311425688584914,0.08985094917379655,0.04421645814810923,0.08011471387669017,0.02202959691617152,0.8355126142310713,2.010523981211561,COMPLETE,IZ-E
18,0.91,0.8681644109156819,1.2627637916430012,0.3901968019186577,161.77621919231765,112.15057744891917,0.0008843654712920154,0.5655840660624939,0.3276324988613365,0.17170019459748806,0.03288690915240276,0.1451959495942014,0.03148710210760869,0.8772920090361626,3.227457514903019,COMPLETE,IZ-E
19,0.86,0.6507478132910804,0.9747923821122243,0.4630060365634387,156.48156298036065,119.02608703871552,0.0005099036974149082,0.5154451253287824,0.21441690882938894,0.13328810783767556,0.01964005603739643,0.020246581779510102,0.025586607106385367,0.7905439302872352,3.5475724136077726,COMPLETE,IZ-E
20,0.89,1.3319020708278626,1.4976228589918352,0.30005685076950595,146.6459113003099,128.11100260358813,0.0012383738057628664,0.47099205206516453,0.2595964406195589,0.11635054518682565,0.04992427803736031,0.25527788825595976,0.022043304285079588,0.8527812682189297,2.394661313784027,COMPLETE,IZ-E
