number,value,params_c1,params_c2,params_c3,params_inputWeights_max,params_inputWeights_min,params_interSpeciesRate,params_keep,params_noCrossoverOff,params_probabilityAddLink_Large,params_probabilityAddLink_small,params_probabilityAddNodeLarge,params_probabilityAddNodeSmall,params_probabilityWeightMutated,params_threshold,state,study_name
23,0.8,1.3929544068960267,0.7413137996220382,0.30680817005807043,164.80397847733957,113.24406407697839,0.0012713491349989497,0.4548492765349741,0.23254378571898035,0.06612979504588372,0.013385242438023836,0.07612527194547723,0.03409372821243483,0.7461342809236778,3.8507432300348325,COMPLETE,IZ-B
24,0.9,1.1270798779882327,0.8958549644983305,0.33123643874179604,156.97687192702008,100.61640897421854,0.001142365249003048,0.40333269007266725,0.1966923769459376,0.06647934687182197,0.018274396535797224,0.15124153312159327,0.03019912886649847,0.7384290417737673,3.381322295406673,COMPLETE,IZ-B
25,0.85,1.2678214491834972,0.70675357979721,0.3597695996593447,151.6435800122227,107.51695382751538,0.001434924854823957,0.43691679581712195,0.16887466611881174,0.0918514877745196,0.024666139655089382,0.021388034397350077,0.0323393633392902,0.718676716353365,2.9830460183948966,COMPLETE,IZ-B
26,0.86,1.0759811791828342,1.0434795810531814,0.40079400390418907,162.9508403952318,110.29323383063786,0.0009550597899944416,0.46680674474943795,0.22012312046905186,0.11714441733835915,0.035984999685746276,0.061305241333450035,0.03752105324411804,0.7750405826529779,3.708628561772267,COMPLETE,IZ-B
27,0.89,0.9374591790972011,0.5864754158980363,0.3172647015823473,156.4312285452002,116.50445426823926,0.0013196200612357052,0.4193223648897289,0.257304141718314,0.07915883649503437,0.016659636019035425,0.09407949611758123,0.02911235823956874,0.7171912124363723,3.9889032010776493,COMPLETE,IZ-B
28,0.86,1.386365811659748,0.5080153216311663,0.3394885318503198,147.78374085161363,101.62170966919106,0.0011102188010269141,0.5188518504137543,0.2827565774232363,0.14502018224035235,0.0289735066557226,0.049100195876704486,0.026967132747051786,0.7004372785716586,2.593250866113521,COMPLETE,IZ-B
29,0.84,0.8282973887600085,0.7740705905869502,0.42783047883284575,142.92219818202494,123.80558492525722,0.000902695851891376,0.4458373514182981,0.17385988356728382,0.17631801597745725,0.03905512669417961,0.1522652448192463,0.023304278364346412,0.7473276431284678,3.1208725832529636,COMPLETE,IZ-B
30,0.88,1.276604224659643,1.2358994019761644,0.3719497317569552,130.36029874711744,91.44747906204502,0.0011929242029321083,0.49440003151987577,0.22099526229345426,0.05009876667066219,0.020958722768111802,0.09898356651591533,0.0393580267847311,0.7634789087562738,3.433661271175569,COMPLETE,IZ-B
31,0.89,1.0522393071248672,0.8267030766171083,0.44696202209753344,158.90347793137403,119.76266600835375,0.0013194255790471379,0.45379159861214313,0.25288643514474896,0.07603903014131709,0.03248360594014887,0.2254528326343858,0.034944792711081654,0.7185801155593612,2.3438545386523435,COMPLETE,IZ-B
32,0.86,1.1011076193796407,0.9946925924885294,0.4827838259237749,159.2062219183376,112.70528731235072,0.0014196174204504307,0.4668443120952133,0.2648380593370542,0.0619108551144224,0.034158405182283,0.2680956799156149,0.034980317502731235,0.7250031169357358,2.5195304438083372,COMPLETE,IZ-B
33,0.91,1.1900553532654616,0.6555700845002389,0.49357740394421945,153.7967160907306,119.14509080811398,0.0014928407315846633,0.4322753016292818,0.2908440215098378,0.07286197638553021,0.028043023980588215,0.30135961323217686,0.03190860519489415,0.7399569426987866,2.403915718704007,COMPLETE,IZ-B
34,0.95,1.0504614133807626,0.9329043912299408,0.40228905174776103,163.09363546724796,106.70227166658537,0.0012898694517044734,0.4610468526193625,0.232283461878697,0.11681786331370995,0.03827458179058685,0.24492171826897025,0.034792561036407,0.7113027859211609,2.225868878872482,COMPLETE,IZ-B
35,0.91,0.63767260771351,1.1529465571807846,0.43666649762066434,160.9106364783048,114.63082518811525,0.0007480362236738463,0.4111925457898255,0.2451026915062624,0.05902281799085611,0.02310603306129685,0.18892402152875465,0.03715107453049641,0.7560349677125376,2.7870624395743673,COMPLETE,IZ-B
36,0.89,1.0185515864026455,0.885268722107836,0.46667408254440873,167.41862482912836,125.70040076788025,0.0013951615683360776,0.4792918809844719,0.3080402437708134,0.08494781407805974,0.013564670365641348,0.12939359936935357,0.030369454416763485,0.7257072408196508,2.090367360591662,COMPLETE,IZ-B
37,0.91,1.1388544353969576,0.8323748112254692,0.4144546271667815,152.18459473095854,129.93731972299912,0.001076210601412431,0.5348161961271081,0.19886351287929635,0.13519426649840444,0.031115430117394267,0.391538568789348,0.035917951570456484,0.7430024708238212,3.2150330957470423,COMPLETE,IZ-B
38,0.82,1.4129007537815457,0.7948069631375008,0.3806957211357308,147.78018073624617,94.40220081414525,0.0012262757775384995,0.49939584368319856,0.23367988231656744,0.08062521125763786,0.034018025918499464,0.24822329064537924,0.028127626920009616,0.7678973648942696,2.6568097601712246,COMPLETE,IZ-B
39,0.92,1.2843675838314565,1.0667275014134676,0.31319195553257156,156.09949273234298,109.25122506060413,0.0014465965203534388,0.4292399729355418,0.18357984913419173,0.09770551447009339,0.04173409025269729,0.3231781038584296,0.032594838177551655,0.8842315494568598,2.8771388585257798,COMPLETE,IZ-B
40,0.89,1.4861970965430877,1.404359127688746,0.39181901058931423,166.22729345033343,106.60894473508793,0.0007616923907259087,0.41430654959106616,0.21327543653803338,0.06993095401292994,0.012494162417350229,0.05484508763608908,0.02870376945739522,0.7556598330709545,2.4619148111033495,COMPLETE,IZ-B
41,0.89,1.2066020861340725,0.5163155277332228,0.3283371852286373,137.36510339069187,126.78856293434546,0.000982250735526124,0.4112651689896167,0.24246819068648212,0.15023535022827547,0.01601238727308486,0.039407168224454975,0.03127729598886155,0.8222863296430842,3.7204542592944896,COMPLETE,IZ-B
42,0.83,1.2338023159765994,0.5598699002829529,0.33519547809466294,143.15354614947466,122.65405980364743,0.0009220375627352054,0.44745748161875765,0.2620362403411315,0.1843308314131476,0.017671902375763278,0.05383667940187378,0.03093142230872542,0.8194802902701013,3.832703190680274,COMPLETE,IZ-B
43,0.9,1.1396730374079458,0.5027575280226914,0.35169179095331965,139.83320987520082,125.81303024113622,0.00083746010239301,0.425648603611226,0.27286253509540265,0.17651794448944166,0.010210402501870585,0.037750366286838206,0.033967037889780394,0.8374552338129204,2.2417215867548625,COMPLETE,IZ-B
44,0.89,1.3171174052950585,0.6149141971165161,0.3269909496368399,135.0213709886871,118.62466228580539,0.001059470012579985,0.43933475506061803,0.24625704346669722,0.058169506926876,0.014461398356484282,0.0781009961453132,0.029221622614728705,0.80420525731599,3.691958938117718,COMPLETE,IZ-B
45,0.9,0.9250037538619748,0.6888171937744434,0.30743139319440194,130.1004919100402,111.79550932267092,0.0009909577298597184,0.41081291836350947,0.22574636678630586,0.13427806725264083,0.019849655608839174,0.10674347794975796,0.032312136469105704,0.8422843922206555,3.9003689093465015,COMPLETE,IZ-B
46,0.92,1.3577554829623282,0.5674300526503414,0.323965816342749,145.43641549128048,120.85152257943875,0.0008447387851616881,0.401869434199908,0.19818411240395867,0.16700804888843038,0.04978259161626143,0.3538954282931077,0.02008658157515005,0.7849958203753344,3.5880890877130085,COMPLETE,IZ-B
47,0.86,1.4427923095874422,0.873693910260746,0.3574168314527194,161.5022373114161,115.90785337274386,0.0013554621085028317,0.4548333075534907,0.24058586183152036,0.12676793574171666,0.02669446124803158,0.1318613515918203,0.038308892895794554,0.8045570891870149,3.108639533533644,COMPLETE,IZ-B
48,0.91,1.1892672224016785,0.6355785018950375,0.3015479657225925,155.17563644540772,127.89010393481598,0.0014579247768042511,0.4724215578374564,0.2131015215038484,0.08741119599594029,0.012551103308304851,0.16961575204585985,0.027160362562573644,0.7104670459738737,3.8143445762732284,COMPLETE,IZ-B
49,0.95,1.2705709902736575,0.6824732476611199,0.34599856033714865,158.3411095302419,105.86249818052184,0.0010200259634022164,0.42199279232585457,0.16757482190371348,0.14063843059696834,0.021776521999361424,0.08118492195988702,0.03566621010542614,0.8114875860485286,3.6088921020205227,COMPLETE,IZ-B
0,0.84,1.379,0.91,0.36,150.0,110.0,0.001,0.456,0.22,0.114,0.029,0.03,0.029,0.743,2.656,COMPLETE,IZ-C
1,0.95,1.3543811181620464,0.7976202627733012,0.30980919404845947,141.34117294594537,108.30232735230094,0.0005857618818124193,0.5730061587274417,0.3235829266021727,0.1525157709295547,0.01097355276923755,0.21464367009890867,0.03587295944744749,0.8035651482535977,3.0629495480731097,COMPLETE,IZ-C
2,0.87,0.6471491242066219,0.5611161176674802,0.3423983530291589,164.19372756442803,127.51005187649682,0.0011079526462927447,0.44383897075755074,0.20527419841128913,0.1830642454414118,0.024088988080134967,0.31197949745509657,0.03562700810581753,0.8880806081121122,3.831176312269059,COMPLETE,IZ-C
3,0.94,1.2072218200708957,1.4164719870307159,0.348947889932482,153.31643807260673,100.0377865924105,0.0010823551879719,0.40828416511364163,0.1702481102880491,0.06657206463399878,0.03271766390959867,0.05122969449534266,0.026120670638890255,0.8957297357707896,3.9133665778171958,COMPLETE,IZ-C
4,0.87,1.1456094146913542,0.9541797469792695,0.4275941736858029,157.1306016965325,125.68378284315153,0.0011580642322918042,0.43738032095917684,0.23124024636401583,0.16802856827628967,0.0381181017864688,0.3593212452249522,0.02701334760256084,0.8229793608561499,2.561882378835771,COMPLETE,IZ-C
5,0.91,0.8486308810895914,0.6677285801531118,0.34770775532515125,163.19918936905506,100.48675512756216,0.0010842098965088238,0.4885234464701642,0.2515184856210142,0.1848770002051594,0.033695516790426344,0.2673186775969299,0.032537242980199534,0.8045051136567803,2.984626090394052,COMPLETE,IZ-C
6,0.88,1.3250711244615343,1.3871307157475834,0.38119270924258564,159.99688418227652,98.66295564616937,0.0008096234608807463,0.5078695238737222,0.2896787749088583,0.10767819546381165,0.02416316933880786,0.24964265644459527,0.02878821830706551,0.7878842793544842,3.0479006716509325,COMPLETE,IZ-C
7,0.84,0.8975959003590224,0.5376859563279257,0.3781006531934282,152.89763886617573,90.20251790324747,0.0011686827933890679,0.45446387713952535,0.15822469515530077,0.11839819387435219,0.016747364504424843,0.0253789270056676,0.027993217451366223,0.8960396059687836,3.244953497168823,COMPLETE,IZ-C
8,0.81,0.6734884494981115,1.108012147165761,0.45606015745072276,152.06540224654623,104.86181310594569,0.0009060611570652825,0.5293363261323555,0.24189720816089494,0.17240519369688678,0.02024543817893469,0.38376419497440545,0.02600683272837622,0.719389519968801,3.2269320828107957,COMPLETE,IZ-C
9,0.79,0.7055201212065685,1.3816982396566313,0.38843365942485786,137.23319183801564,120.29292235428309,0.0005256663010079908,0.5736733364467281,0.21644172794527372,0.10372331464984189,0.03377834450287554,0.38112416932241683,0.027142282681309023,0.8497192820216464,3.061866028393547,COMPLETE,IZ-C
10,0.91,1.4778245185172312,0.7872948141102939,0.30931179971847733,130.49951778616634,113.942491132084,0.0014937013358784631,0.590118932555408,0.3466926826656658,0.14311959963991946,0.010466954106949356,0.1399081810590691,0.039856511795639024,0.7640547539612763,2.2449515814287517,COMPLETE,IZ-C
11,0.92,1.1800069166386964,1.1398307770869733,0.3021786332138525,139.91409078367087,93.38547970211131,0.0005083495202837248,0.5401219415550547,0.34864997198230097,0.0521874616284565,0.04762949295660967,0.14836611630048746,0.020771256750359686,0.8528152898625748,3.950833195520025,COMPLETE,IZ-C
12,0.93,1.1465363545913276,1.1939829660555747,0.3266122042277695,145.30036935404016,109.65845781142222,0.0007508330289323782,0.4044072547372063,0.2973740787119013,0.06777267878185582,0.04207774956144687,0.15705031439461775,0.022571701483799576,0.7020498100683704,3.5863397219509587,COMPLETE,IZ-C
13,0.92,1.2922444004269815,0.7926007186524557,0.41825219252352147,169.13472496066527,103.8768550085834,0.0013380536251415423,0.40007887524270597,0.16004335079540255,0.14489504321367153,0.012841245591770611,0.09491380318333315,0.03272789656453549,0.8562560249175787,3.6270561188851502,COMPLETE,IZ-C
14,0.92,1.025293178244193,1.2452742684247213,0.4992703108935299,143.7797690003916,113.77125063299643,0.0006872203197622208,0.560354947688202,0.30630354220390155,0.08050899077878651,0.029020984720380755,0.2104894501925189,0.0390903059322752,0.8178863991355643,2.0210665232909273,COMPLETE,IZ-C
15,0.85,1.4637460000110827,1.4921219878439234,0.3268854496670017,136.40866443712486,97.25002905497958,0.0009123755729533545,0.497619704995283,0.18698212849314702,0.14867185506564537,0.041779012200980736,0.08684009125811118,0.03614109616224076,0.772024235219934,3.5719098576699935,COMPLETE,IZ-C
16,0.86,1.2227976105594036,0.8225988561669473,0.3611195109166068,146.79113154945662,106.95660717414106,0.0012814230955022583,0.4760433830070352,0.26559815870102893,0.08468867137547931,0.024290447220208657,0.19885747675073326,0.02411302484842451,0.8680806073810768,2.645169967889286,COMPLETE,IZ-C
17,0.91,1.0451521172403968,0.9869284219132921,0.31839296031912767,130.64421733766716,116.66400381986122,0.0006372527715942256,0.5976544046968398,0.32506595488273804,0.1392695876658517,0.016540836521737354,0.09010692373857641,0.031267697664272,0.8351307889049875,3.427083516934979,COMPLETE,IZ-C
18,0.88,1.380374362547547,0.6970687737482466,0.33757498682823917,156.3361594793981,101.8655079599192,0.0008785383048974707,0.5268270081339957,0.26911568307661526,0.08498172149906248,0.03464713497037755,0.28964911251212716,0.035594110781448876,0.7457806972887168,2.8141442887291968,COMPLETE,IZ-C
19,0.95,0.8811131557926879,1.2931999614777996,0.40808505311567783,141.2409492842506,94.70495287387267,0.0010145186337845895,0.4193975291842037,0.18900665623073098,0.19652576300755037,0.0475353595559581,0.2074122025790735,0.02479832121985104,0.8769875545302215,2.2966582996689744,COMPLETE,IZ-C
20,0.92,0.5034883304871538,1.2919905464541688,0.41401669085867165,141.0329605363269,94.37837628361122,0.0006282665002468299,0.5518736802952493,0.19073894043928588,0.19877824984156273,0.04906794496830279,0.21292628930293617,0.020316166505761263,0.8733769841639282,2.377220887575062,COMPLETE,IZ-C
21,0.93,0.9404790762072238,1.4992299787863994,0.44618297604144347,135.50447931794034,97.32643339957436,0.0010012515931950392,0.4257520710616077,0.17763967874325712,0.1580415559444272,0.04422744578862249,0.17792144382675854,0.02494877057662439,0.8840554190827414,2.203022925324561,COMPLETE,IZ-C
22,0.94,1.1013142303134742,1.3687622819505219,0.3989126984854647,148.59024207334338,90.626102367234,0.0010028818744328228,0.4226120660807369,0.15118724511672488,0.12773579730391854,0.038075625461069955,0.25188312773803606,0.02387940255468599,0.8978750266247851,2.444179639439746,COMPLETE,IZ-C
23,0.86,0.802101565090291,1.0546411212481752,0.3640682027702384,142.01227946630482,107.26298762722284,0.001260249918965491,0.47238914270788374,0.17566241806108857,0.0503031136405539,0.020385980162684808,0.318200402718781,0.03049006017092586,0.8343582118582232,3.7954015097688187,COMPLETE,IZ-C
24,0.95,1.2566879032480036,1.265574038599637,0.30055122558264863,152.9272431315373,94.42626347264985,0.0007991263790129013,0.41853257566370816,0.20502523004550557,0.12835276541149912,0.0457527069124565,0.06301687954772696,0.02254896000135272,0.8659735751315052,3.3374895077396385,COMPLETE,IZ-C
25,0.95,1.2920229349920453,1.2918679763855225,0.30278313730826045,134.25006329262888,94.4469710714115,0.0007744780945473954,0.4206379959515526,0.20229808159172538,0.13071524166727855,0.04742899516180851,0.11586061520741288,0.022333598697252103,0.7926975940388642,2.8311984078194548,COMPLETE,IZ-C
26,0.88,0.7521251299866507,0.8742502610542068,0.43974646438636533,139.8515336043726,120.40681863704737,0.0005800086807152085,0.46540745918084403,0.3217677328519194,0.16561785327637338,0.04595520590799626,0.1780710097299692,0.02202475312411517,0.8717597800063269,3.2372475609602605,COMPLETE,IZ-C
27,0.92,0.962032397733565,1.1034231378906147,0.47155294508153556,146.02425321129544,92.92679349077159,0.0007192316360246951,0.5125212253942711,0.2720574807029882,0.1879023060118348,0.03831154923901094,0.22555955632997085,0.037492312949353575,0.8379453452241954,3.3932374852933176,COMPLETE,IZ-C
28,0.89,1.3951145116471984,1.0359789498826044,0.31508397946072986,148.62797787961924,96.4682672386827,0.0008439813055293525,0.4376632635496902,0.20096346401653598,0.153393746240013,0.04109249741726968,0.12408195797890768,0.0336813833331954,0.812020316796285,2.795500427963432,COMPLETE,IZ-C
29,0.92,1.0769803661950088,1.2143550578297737,0.4051306008647284,149.99601653921385,102.3069553930379,0.0009552342865029523,0.45632892156889476,0.22913742563285583,0.10085165989265145,0.04426816616633836,0.05235388634672086,0.02969787658687551,0.7783005559100605,3.1208343546137414,COMPLETE,IZ-C
30,0.85,1.2543892265392174,0.9014858658228869,0.36857682601053066,143.34601118008638,111.44217806124792,0.0006321790950705745,0.577245506197453,0.24488015303520125,0.12155845132610829,0.0497087219489918,0.3390832615474298,0.023602587539441992,0.7544595486170835,2.931084221602563,COMPLETE,IZ-C
31,0.92,1.3159898841784963,1.307610748285627,0.30446358078744307,132.32725294270517,94.76140273713483,0.0007973981812425942,0.42313851276972453,0.2091074807168272,0.13391662720035463,0.04630700705804997,0.05547946705327167,0.022034487758344712,0.7944427925245224,2.8769875459013785,COMPLETE,IZ-C
32,0.88,1.4172319528494417,1.3161651596580413,0.3307513714282367,134.14909758142673,92.73224428267744,0.0007590826836479491,0.41143108005195195,0.1965335332179586,0.13098898937238562,0.04990122870513443,0.11063844228064144,0.020998967529887794,0.7873159007062273,2.703585976169212,COMPLETE,IZ-C
33,0.95,1.3147168874942479,1.1657755845640627,0.30122591963836276,136.96219484353372,95.84184049602915,0.0006876997102558134,0.4510249825957876,0.21622554184170995,0.11365723098774355,0.04433449366656138,0.06482887950921348,0.024883819372929574,0.7311941811154079,3.3903703156272478,COMPLETE,IZ-C
34,0.84,1.2496964894304168,1.2629569437284913,0.3167206304176928,138.70675229176692,99.82481527831348,0.0005736923492487533,0.4304043531338824,0.23050924343221774,0.19987378027388267,0.026125371464675133,0.1802537380704899,0.022849171853337534,0.8818386040145572,2.483526602447794,COMPLETE,IZ-C
35,0.92,0.6039351834520559,0.6209166944491339,0.3468806800817675,134.119444165139,91.7947184658121,0.001042326689057241,0.41962583914451285,0.18362818165534936,0.17508788036561326,0.03921482454797632,0.2381920532412127,0.025625094699650224,0.805117696502467,2.076119518654677,COMPLETE,IZ-C
36,0.94,0.8624194642292093,1.431955393899405,0.35203992043030413,155.7439717000933,124.22791518444765,0.0008298450130608949,0.41224131919900137,0.20153054920947372,0.15915519292957037,0.03144450676158227,0.29333370309063317,0.026910930337519966,0.8229434375419278,3.1366960280614054,COMPLETE,IZ-C
37,0.92,1.3561691855990832,1.3411902515437961,0.3352041912201824,162.93938240859876,98.38350146833749,0.0011582818313459905,0.44053625476802855,0.16958506015805447,0.0964120545067711,0.04682269063189231,0.07159926534092739,0.02105157260258332,0.8608295666532354,2.6698883937199542,COMPLETE,IZ-C
38,0.93,1.164034794117559,1.443808947123583,0.32046027831358337,142.50316127284492,100.51374418380684,0.0009448662396533984,0.4813891990667377,0.2527362277062176,0.1138546048110241,0.035291725965874064,0.031909115916772576,0.02832619577895846,0.8440246875865325,2.2959283258576426,COMPLETE,IZ-C
39,0.92,0.9587272348601314,0.7412897580997264,0.38943200095780267,158.69715828954546,105.10400461258541,0.0007818287742628959,0.4474871324476294,0.2227946689739398,0.1805278654592134,0.027138699728520777,0.11343173941466293,0.02279246869944561,0.7979415218083074,3.312544948343996,COMPLETE,IZ-C
40,0.93,1.447906080034861,0.9560065644605178,0.434359604223022,152.06664407471038,128.47798015789897,0.0011030380439041845,0.46362318250244894,0.210763311316511,0.13642760038434978,0.020862890780886573,0.13222641922507491,0.03429414747130794,0.8262615177360082,2.9856096332654065,COMPLETE,IZ-C
41,0.94,1.2880417861666498,1.154905623585119,0.3059668011562353,138.19197950377634,95.93591614779163,0.000665037573207611,0.43059001472891,0.21892212794705118,0.11191571692628817,0.04468922802257758,0.0673882381319531,0.024795664259397148,0.7207947815332605,3.732810342549206,COMPLETE,IZ-C
42,0.78,1.3360522258592806,1.192795771870391,0.3119251579831815,132.89906977682043,90.38750316933115,0.0007144490732623118,0.41159034627184315,0.19207109794903177,0.12444173117144737,0.04332571197389777,0.02427011668202205,0.02680961979225877,0.7290313244122953,3.484545421556281,COMPLETE,IZ-C
43,0.76,1.2127067824276674,1.2515636022080152,0.3040550794620632,136.34714639718757,95.37311062594085,0.0005773610688549865,0.4495137258560601,0.21314159222805992,0.11796026821783877,0.04771402397215246,0.04102129395407032,0.024605751040635997,0.7024642761451696,3.350880264884466,COMPLETE,IZ-C
44,0.91,1.4250814084365007,0.5053844884050315,0.32453828599445134,154.2669151980544,98.9701418692468,0.0008483979133705276,0.43967382792211357,0.23353749029285814,0.09685072486158314,0.03617046033373654,0.07177449623358992,0.025484207634792363,0.7346246749234199,3.151610761323206,COMPLETE,IZ-C
45,0.95,1.1039182132305099,1.0959505866571662,0.30298328195584184,140.2295461638674,94.06762253337787,0.000541218031371522,0.41718243513516684,0.20011504490664114,0.10830252895975351,0.0407685855343788,0.15942715616111827,0.021583986029339967,0.758711411991906,3.2822514396804126,COMPLETE,IZ-C
46,0.88,1.4957177283741994,1.1887820403237292,0.4215025885399195,144.3761249679387,102.23165290108079,0.0007306956039209148,0.43321698278611315,0.16307386425060905,0.14851832100992188,0.04747206109564872,0.26529164216986134,0.023403560656138318,0.7729875308575791,3.474270237080814,COMPLETE,IZ-C
