number,value,params_c1,params_c2,params_c3,params_inputWeights_max,params_inputWeights_min,params_interSpeciesRate,params_keep,params_noCrossoverOff,params_probabilityAddLink_Large,params_probabilityAddLink_small,params_probabilityAddNodeLarge,params_probabilityAddNodeSmall,params_probabilityWeightMutated,params_threshold,state,study_name
19,0.7,1.101871664767035,1.0341056322959208,0.38030809031184026,144.75534041335746,117.75289700016164,0.0005098122014914598,0.49673720147164946,0.18311682653448286,0.14616869256136225,0.01049204215231071,0.264847248476165,0.0315503726509832,0.7557487114083917,2.2954813464927155,COMPLETE,IZ-H
20,0.68,1.3856905439304668,0.7564314698142829,0.34616248689452644,164.6404981657489,101.5169316024191,0.0008212679593829919,0.4664765034268895,0.29039707572928786,0.1752595095500018,0.030143119353665374,0.3937903735227689,0.02568853894502011,0.8615188427458793,2.742633586379297,COMPLETE,IZ-H
21,0.67,1.1086731363108713,1.207406282548539,0.39040404783815025,138.8589522273947,123.21573205890495,0.0006791885306810965,0.44687290683423936,0.21076420112546895,0.15737163014223418,0.034303829167201025,0.1430986437376229,0.03590175827272262,0.8266004991052431,3.442521428325435,COMPLETE,IZ-H
22,0.67,0.9221368563324348,1.1518992166954554,0.4211349665131632,133.8047733523381,125.0350081285356,0.0006122956864452537,0.4240648979871378,0.17316668740727564,0.15069127432365517,0.03787131933169319,0.1837587783583432,0.03325342802354233,0.8316531362483087,3.56827265293221,COMPLETE,IZ-H
23,0.67,1.3434254502032266,1.2752082270359388,0.47287240370663974,135.63824741359684,129.31108857754123,0.0005411246920724639,0.46078572527949874,0.20682267991703515,0.1287311488304042,0.03032516816018294,0.07320934427199118,0.03269242528853899,0.8026697568173223,3.8430035961269784,COMPLETE,IZ-H
24,0.72,0.8435987687630563,1.381783276030908,0.4320087767776757,143.1650813439407,120.95266102373513,0.0006401266016540624,0.4135218728027838,0.24090650618837448,0.1702326218148804,0.045094517768596847,0.10945520404734388,0.029705127495660164,0.8348039724035659,3.2328995003994954,COMPLETE,IZ-H
25,0.65,1.1525731599514533,0.9584022342553818,0.38909014891252713,148.11385689165508,113.84741502145741,0.0010228498837131146,0.44506524932386393,0.17564491768162027,0.141650531944333,0.03309291394243984,0.3505927732951064,0.03509194434196032,0.8096303816128283,2.947286337984125,COMPLETE,IZ-H
26,0.75,1.0245433633879528,1.0749373940546851,0.3551449761347848,140.26996835958732,117.19768824184933,0.0007567237652929683,0.5010483701713921,0.22394676247170925,0.12171384237833893,0.04344901774103246,0.19285434046771088,0.03786334873461005,0.864564464293975,3.508953154023454,COMPLETE,IZ-H
27,0.7,1.4752355019525414,1.2163262270702686,0.405010781836685,136.1784115402012,122.32086763570051,0.0008407875602524608,0.41558652660236084,0.19559326241671812,0.18395980888416952,0.03606882719599745,0.2576189820823219,0.02903285020997966,0.8424025189550596,2.1981834699574576,COMPLETE,IZ-H
28,0.62,1.2995861279486687,1.28331065409012,0.323301690708589,154.9663856466047,111.58984892761416,0.0005994225125262013,0.4402896331145056,0.16558766530071312,0.15315701896912304,0.021296544462074428,0.3243650512282361,0.032316270176392235,0.882761779541595,3.0772054788392516,COMPLETE,IZ-H
29,0.72,1.3786686794119725,1.0898842337526171,0.41641426444138163,147.76032338039641,126.50220938791213,0.0010542014385022513,0.5153952408875477,0.26299227525879815,0.09814811514608751,0.029633896161568044,0.3673026033033647,0.037947146097403094,0.7873800861224767,2.8644276049704387,COMPLETE,IZ-H
30,0.7,1.1405740212809616,1.1486962650558612,0.3351771590191285,141.86811230432284,108.51029217502305,0.0009713621173179324,0.46954035556887147,0.25074591446549255,0.08121614050016165,0.032477011821215214,0.16920087656852684,0.03524949745077906,0.8584419226919944,3.9719659269004213,COMPLETE,IZ-H
31,0.73,0.7013329885544538,1.1026889714640018,0.3626989968759362,145.07329942606376,105.02276500302517,0.0007262070574868984,0.4231007416315514,0.3240045277274125,0.13548614301293413,0.04184746786805745,0.13459476848853708,0.020746380252547603,0.7126415119505656,3.0653497719563996,COMPLETE,IZ-H
32,0.76,0.8281853042360827,0.9553216453800024,0.3195449077537634,145.63736738718973,105.55466167497057,0.000706584610873101,0.43927636093482064,0.3177074905005249,0.16560882498169974,0.03844919710980108,0.29332572580631294,0.022464538089609753,0.7434988479055795,2.5689875564991524,COMPLETE,IZ-H
33,0.68,0.8981405631465094,0.8911056088286718,0.3211730530877556,151.04260458590386,99.890796127733,0.0006552687182692428,0.4573498221215107,0.33223912965771135,0.16382653692191562,0.03832757047040736,0.3715338493526416,0.023593358484509414,0.7305966935144637,2.4976406711483934,COMPLETE,IZ-H
34,0.67,0.7133623347876041,0.9596659947333136,0.33506118347207664,147.10207611214526,90.77474838029933,0.0008011267229366866,0.4920852905227823,0.2974012305688143,0.17321754597410988,0.03609307004683554,0.29346317495780117,0.02637252825695867,0.8192230032824647,2.6593656627178714,COMPLETE,IZ-H
35,0.73,0.8573685325441146,0.8592333343991215,0.3124046033846543,136.49446295182327,103.12143205310043,0.0005029099798836603,0.4403066436220786,0.33578218452500086,0.16417442829636308,0.04578808070133588,0.24762642379565644,0.028097596180187055,0.7936535020926959,2.5334150466628955,COMPLETE,IZ-H
36,0.76,0.5214546196090671,0.7806170598390527,0.39494889183655674,165.0887920343885,107.80168646900002,0.0009197002491943918,0.4148871412875982,0.2709166211426998,0.15302908477510982,0.02699356477870668,0.3346417809192504,0.032072981547343116,0.7642927686576096,2.7781023380708896,COMPLETE,IZ-H
37,0.7,0.5103978304898179,0.7886966144794463,0.3475602253348738,165.72608473668126,107.19074762762142,0.0008995617258108769,0.41203707570935255,0.2754375839042937,0.19299790176872345,0.04841384676600912,0.3259395629017021,0.029393244380953757,0.7626633200296582,2.737018236321877,COMPLETE,IZ-H
38,0.64,0.5967655218665159,0.5617496685686616,0.3165071403615452,160.42983491195503,112.23645395229941,0.0009532976626602055,0.5563286103364651,0.2802824703248887,0.11941349204685144,0.01969502215504293,0.39741863243528985,0.032007990137222976,0.7295480824718965,2.4174656421194767,COMPLETE,IZ-H
39,0.71,0.6283354918682267,0.6957256558019718,0.49961116216068363,167.20857768989706,96.47107607491378,0.0011399144787111954,0.4156811401744997,0.3069352322253008,0.13333980399245168,0.014512320268645448,0.3050185507114116,0.02217451600504221,0.777278086282178,2.6292925484346377,COMPLETE,IZ-H
40,0.74,0.7444268729486097,0.9022562204424288,0.3307329411090766,162.12945204629838,115.97403552904586,0.0012577192189189598,0.40032315719530226,0.25288593554508587,0.15043472772150412,0.026927713936368614,0.3485959985412002,0.024510049154084508,0.7391752026664101,2.794329013502628,COMPLETE,IZ-H
41,0.63,1.2277455403006756,1.0022007947491278,0.3949789668589932,167.53769825944332,110.87840973637644,0.001432345514696319,0.4537264576357588,0.20225298393400226,0.15713169764439766,0.03437650022108858,0.19945997409317334,0.03423611148094428,0.7522193603356166,2.3967135376030497,COMPLETE,IZ-H
42,0.62,0.9767536076111116,0.8135354267082182,0.3783587802756043,156.4103532224568,114.403766015154,0.0008614078257129888,0.4383960806416667,0.3336160212339805,0.16981303383119478,0.0159510809769714,0.38060430291342495,0.0332618154220182,0.7003756754132476,2.584392897310823,COMPLETE,IZ-H
43,0.78,1.0420970153177473,0.7618287569119626,0.36650396304058647,169.67553524968864,107.17129665323343,0.0006988000841538951,0.4335788549452299,0.2367565971307077,0.14196859952704546,0.03180962858177408,0.23813454932398703,0.03072907354060867,0.8134969226767812,2.1241115634173218,COMPLETE,IZ-H
44,0.75,1.046339665523819,0.6447375100711719,0.3694027503708,169.94169128200278,107.16468321892896,0.0007622284306760224,0.420411534536737,0.23695999981529378,0.144543785672207,0.02519104592333865,0.2417678767037134,0.030517851888944365,0.8138153904073191,2.1861776937770707,COMPLETE,IZ-H
45,0.77,0.9353906772375602,0.7673582959148979,0.3451480794404904,163.37528233105277,103.6965238320551,0.0009277645852464215,0.4075773173208351,0.27269239425238595,0.14084554557372056,0.02820868925155305,0.28728055962323507,0.02746455555310155,0.7941412876221443,2.04761507265363,COMPLETE,IZ-H
46,0.69,0.9206329392153481,0.5024094988168257,0.34501326426207984,151.83599490266778,104.34421866070932,0.0006892231241988759,0.4323566364815055,0.3145049063402969,0.13633139024308027,0.031125829753281493,0.21276463171850132,0.026785918136807328,0.794580412190462,2.0353659249306473,COMPLETE,IZ-H
47,0.72,0.9638896659847818,0.7272392900121747,0.3268784397268815,162.20831994450597,100.93841760647496,0.0005794501941238724,0.4059580682034341,0.2893072948921807,0.12514504846604685,0.03960648968413252,0.29134945871114365,0.023367076600884974,0.8239641617264103,2.098778510130672,COMPLETE,IZ-H
48,0.73,0.8117053859354734,0.8535260566452328,0.35457256332651743,168.27468974855603,98.58148815128682,0.0007866242259168858,0.4353530548205178,0.34957707227161217,0.18152181402381232,0.028122492287301303,0.2314989377075212,0.028807012827581455,0.8047083247415149,2.2824566799077806,COMPLETE,IZ-H
49,0.75,0.8426068079583006,0.6375981722345465,0.33948550210173917,158.164338619164,103.50162413098163,0.0007218055737461173,0.48232011522389706,0.22084205943051136,0.14080828549731178,0.012980814790120533,0.27207157266924553,0.02773789115192017,0.8370517599046651,2.1137604090826527,COMPLETE,IZ-H
