number,value,params_c1,params_c2,params_c3,params_inputWeights_max,params_inputWeights_min,params_interSpeciesRate,params_keep,params_noCrossoverOff,params_probabilityAddLink_Large,params_probabilityAddLink_small,params_probabilityAddNodeLarge,params_probabilityAddNodeSmall,params_probabilityWeightMutated,params_threshold,state,study_name
23,0.76,1.2978624146902715,1.4969682628861913,0.4380429958933367,137.8599715017028,123.08310057641143,0.0008273415765170734,0.5646235394555055,0.15007613483096052,0.0961371289756814,0.02690599375868197,0.23334150392617256,0.02075237512625116,0.8756856849370322,2.5515520322654943,COMPLETE,IZ-B
24,0.73,0.7998147253542336,0.9169889766559421,0.36324811165807414,147.69750211122005,126.67417045056155,0.0007648896696082017,0.4261281938380513,0.24409825405876884,0.0638487355856656,0.045900622214191125,0.36240832139843965,0.022775558955006308,0.8527862065261941,2.267006933106984,COMPLETE,IZ-B
25,0.7,0.9976537391365491,1.055980537083822,0.3950803495291862,154.5153765412578,117.67948698746513,0.0005813703233845968,0.4920719781174988,0.16854654141465802,0.11694506208145439,0.04014677071464249,0.10906621241863913,0.029207697047294687,0.7297069422979756,2.891266531118922,COMPLETE,IZ-B
26,0.63,1.375125597505455,0.5055926460347728,0.4517694508435103,162.3767035873932,111.66677957304026,0.0006309759175145045,0.4620433785481576,0.22329561847629667,0.07548887332756828,0.032881871630852835,0.04990190670421049,0.03267680132509797,0.7011756730605875,3.474930557551489,COMPLETE,IZ-B
27,0.69,1.10662579073815,1.3104730041360269,0.4259129192472663,134.32399354207735,125.04954326167474,0.000943856213858406,0.5258403633743471,0.27000239441643326,0.09889537776873315,0.02354462324794462,0.2297420398006695,0.03539313192528461,0.8220534977501889,2.3034017692816926,COMPLETE,IZ-B
28,0.71,0.5834867455965933,0.5998885416134231,0.40758929191122145,139.08885041677996,119.86470769459962,0.0008476368387773914,0.4175261229185595,0.292811322393439,0.07928671413482083,0.01817321418405306,0.29681074510515715,0.030384653727954347,0.8974066520418064,2.6413112035639363,COMPLETE,IZ-B
29,0.62,1.2578906324008627,1.1291509945642713,0.4636385234791567,148.6258278354056,103.05785469204501,0.0009688550883665601,0.5090995257738352,0.1891135197230393,0.06062132560306288,0.033992831386137276,0.1446339056727508,0.026945504469890306,0.8761434860919344,2.917994024382172,COMPLETE,IZ-B
30,0.79,0.933538166030514,0.9175155276558811,0.4378861028913557,154.79531941011547,127.67443656690213,0.0010502449741196193,0.45521193340336336,0.16741032004900647,0.08778703832318879,0.0305368396316609,0.36958330126310684,0.03786797830153064,0.804085752027851,3.7184964804393035,COMPLETE,IZ-B
31,0.74,0.9138974031266119,0.9520508761268214,0.4339152331959674,165.30504940036568,128.34506355014327,0.0010207154728319769,0.4500122494675444,0.16565776168238716,0.08301476233993273,0.028353838644484226,0.36841427752001504,0.03863078008343167,0.8045113438779627,3.755033148191673,COMPLETE,IZ-B
32,0.75,0.7694002916318214,0.8498093809819902,0.41791368775735116,151.38261306060758,123.17400964740743,0.0012542849110991285,0.49964709335280766,0.1718660514213592,0.08924129162823843,0.030850904028873236,0.3249048563385548,0.03784147305331735,0.7844961882387421,3.9720063957919827,COMPLETE,IZ-B
33,0.71,0.9551530954488979,0.7584011032485778,0.48377797070912587,154.44460339080712,126.91133141364145,0.0010705390866037545,0.4514415408586027,0.20392714456555286,0.05044365227194858,0.04504583456342689,0.3994673307286702,0.03992679526453143,0.7493627668742482,3.7071692834626293,COMPLETE,IZ-B
34,0.73,1.1741662146656022,1.0212818468396692,0.44373177890831333,144.38988727249264,122.03090698536269,0.0007508980795473034,0.4697037777402643,0.1581029759717505,0.12343548519435205,0.024822932198250193,0.3673306924568242,0.03287429077293107,0.848903740056233,3.45631869182872,COMPLETE,IZ-B
35,0.75,1.0413101433727863,1.1946262438056663,0.4245054273921946,162.27301750290655,112.27241690221818,0.0012077925246421308,0.43392022136987024,0.32003113105177416,0.06081772792547935,0.03843956802894504,0.18628525089807696,0.03524290865502768,0.774331399108865,3.2187242471049817,COMPLETE,IZ-B
36,0.75,1.384219693854403,0.8933357255769017,0.45810893219117266,158.0466720026249,108.11004584174704,0.0010031813089646812,0.41110933671744687,0.23968631748914085,0.19980840279500037,0.03500909751096861,0.3772824255745443,0.02813307946222536,0.8095168756692362,3.8444937453666954,COMPLETE,IZ-B
37,0.67,0.8275728804583153,0.7475274861046287,0.3882792428990324,167.04475579693536,116.07147712425807,0.0011265358714507591,0.5279703180550684,0.1955459673100935,0.06800658355847942,0.020140249062616675,0.12946700398366,0.025645832515720196,0.8678307835575744,2.876056887843937,COMPLETE,IZ-B
38,0.66,0.7256973803241451,0.9876474722570561,0.3330482907955492,138.5370501730532,125.49268937166234,0.0006079470511003979,0.5167947818812639,0.25903830683485624,0.10133483197825986,0.010813377356272726,0.0755973347407903,0.02175654872713906,0.7563472305762978,3.8829430791815636,COMPLETE,IZ-B
39,0.74,1.112003271362558,1.0841407044713083,0.4842808603033989,153.35264570870606,103.72721643781374,0.0005049856635778515,0.5000140177791617,0.21600697166578714,0.1582814971675771,0.04787613170552353,0.34229109582059647,0.03833411046586313,0.8371677622600626,3.3548318124647256,COMPLETE,IZ-B
40,0.66,0.8618088603335974,1.2836323830225707,0.41690460969380766,132.49257979610576,107.57229369750645,0.0013244356451446897,0.5505358131507649,0.2838678325809608,0.1128750124832866,0.038267001368723526,0.21706895729442893,0.034048733396495966,0.8265757207508051,2.3794952812885595,COMPLETE,IZ-B
41,0.69,0.6846789195738215,0.8186538101485058,0.4971919455146232,145.26071556231693,121.98623568260908,0.000867445050664978,0.4307014007997052,0.16085808768085813,0.07323192197020616,0.04374630670356265,0.2956456405233986,0.03288156819473709,0.8402209732603596,2.020173377091274,COMPLETE,IZ-B
42,0.72,0.7298845712835811,0.7281987242306389,0.3627190954469554,136.1770877451908,127.8504230622006,0.0009670725177494419,0.44364272431408525,0.1501274188641345,0.08268160192436708,0.04820019683944053,0.38375985848616107,0.036035830841045925,0.8113027425700238,2.120268348358242,COMPLETE,IZ-B
43,0.76,0.658565580582311,0.6274116998104466,0.43705542529454067,149.62358057174205,117.80557740092692,0.0008852387620884478,0.417703309657859,0.18508395923993742,0.0541155252435951,0.014243291900160635,0.34581975489760786,0.03122350357497526,0.7947971867519975,2.0201601043325095,COMPLETE,IZ-B
44,0.76,0.9106718129594208,0.9529903800263325,0.4578674719455037,140.09366188075123,129.95625855934588,0.0008139595273761941,0.4600956833532772,0.17345923834595559,0.06095862399175479,0.04122009824571237,0.2766820818303157,0.03346805941062095,0.846183329577341,2.6178576463703265,COMPLETE,IZ-B
45,0.72,0.5512793838236595,0.7921675568106924,0.3994768426102166,142.7467418214454,123.6300973785478,0.0010766156654007345,0.4347856524085615,0.1577528629960494,0.07219412025333174,0.04326776469343547,0.3109300173137973,0.03766123625947968,0.8169696460623469,2.161341354763379,COMPLETE,IZ-B
46,0.76,0.741311111318088,1.373851099132141,0.48922915606589124,145.83268206156544,121.45464672517463,0.0007079756309282816,0.4109580083143881,0.17974136761346005,0.09261740445530206,0.045517572084175374,0.3997650878800832,0.03233616612037443,0.8867946534824344,2.4443133826366443,COMPLETE,IZ-B
47,0.71,0.8371230487044241,0.8564102415098135,0.47001123706462994,151.11660025307688,125.0283385254521,0.0010474694616943842,0.4005461812548275,0.33452826835956345,0.10734478566046404,0.049354555699157594,0.17434216669568545,0.03451403174731356,0.8612980808689363,3.0958018672634484,COMPLETE,IZ-B
48,0.63,0.6454853208751641,1.0128420681511852,0.3776141439079296,140.6787830489216,128.52206884121827,0.001134537671292816,0.47100019872817167,0.15840826596402172,0.06722424984221212,0.04661457910381096,0.33652254978528556,0.02972405708422294,0.8298419614330245,2.7868849184937217,COMPLETE,IZ-B
49,0.76,1.0337878142137007,0.8944263377701989,0.44286989068418986,132.76631661925813,118.49314974194702,0.0014801246954619014,0.4224413384726543,0.17991654525770362,0.056693321326345754,0.026350403974946986,0.37766021316464976,0.03053028462294137,0.7941778133886903,3.710161603446745,COMPLETE,IZ-B
0,0.64,1.348,1.131,0.339,150.0,110.0,0.001,0.504,0.268,0.087,0.033,0.157,0.027,0.872,2.814,COMPLETE,IZ-C
1,0.69,1.2223353678648845,0.7198756504091645,0.3574766588666487,136.15657710027423,94.60822745424974,0.0008183681766560005,0.4629264382260501,0.3303880192219251,0.19877792189485266,0.037743947026770336,0.1567977201701759,0.038723095470393036,0.7679336096699471,3.1642141422629857,COMPLETE,IZ-C
2,0.64,1.372313238959753,0.879462134699245,0.3946617583237972,156.90738780040857,122.6117915174052,0.00144458135700314,0.49452245155510155,0.22630164870286126,0.07544639749002126,0.013279198143935713,0.39556337309276274,0.039044530044916315,0.8253643767483707,2.315447391476745,COMPLETE,IZ-C
3,0.66,0.7339637856190931,0.9075496435372535,0.48811390423040524,168.68442785592646,122.38062152822559,0.0009276387322229164,0.5934804748160554,0.3322649969869455,0.08514870715540127,0.04555097687277476,0.06493532473344964,0.02033567717043389,0.837196969917368,2.440837222323151,COMPLETE,IZ-C
4,0.62,1.028479399862448,0.9682443271780135,0.3708555746679456,168.54100541854234,93.9632679486433,0.001051685228731082,0.4996686181746038,0.2960308910504167,0.19314433225763566,0.040493558921005424,0.1985554361662956,0.029412503865327358,0.8963404968504374,2.2435048364578263,COMPLETE,IZ-C
5,0.72,1.2159557616701384,1.4407724013578926,0.4264063319312168,130.51205173904762,124.33146937415961,0.0005372126515119099,0.4348093460749338,0.18332974827442,0.05165999444060869,0.04838195258329552,0.26701774355726426,0.03353099446413385,0.8650333339245664,2.8731455327984614,COMPLETE,IZ-C
6,0.7,0.6199238403214713,1.3012317486501943,0.4888549923472102,132.5666917911425,114.10548255470245,0.0007917798175123025,0.4274361680331703,0.30892985888312385,0.0824262270336204,0.024617388494056845,0.2913682908669282,0.0366350716424189,0.7281737153710948,3.5661130397870804,COMPLETE,IZ-C
7,0.68,0.615884378761638,0.7987487923311504,0.4551426635814399,150.2886472787454,90.89079042317692,0.0005744868363420352,0.5492262111998039,0.27107525902921736,0.05354788981908412,0.03706720843164234,0.26042553858373513,0.023037232663392297,0.809956478153864,2.0461985450726,COMPLETE,IZ-C
8,0.68,0.731830058185208,1.4346958310176625,0.32094756600293445,164.06411307016228,111.65844624214824,0.0011063073632718652,0.4109624403810373,0.18685947009548395,0.1281763910554506,0.03576149659735933,0.3526951521986836,0.03259910594890378,0.7696745493291623,3.5991415854783706,COMPLETE,IZ-C
9,0.68,1.0575184275226688,1.0897588517897976,0.45637235654962827,135.2003062196287,117.60565163865125,0.000980301088943006,0.4465708652006381,0.24226807606989312,0.1784874050185175,0.01295827398194925,0.08220358314494661,0.039814965084098326,0.7995527193533926,2.23368059446208,COMPLETE,IZ-C
10,0.68,1.493139669572168,1.4719912142990212,0.4164799860510922,142.40442346897547,128.5032990273101,0.0005186876932770236,0.40013763252392126,0.1519175029997436,0.13004843317934472,0.04979516500427646,0.2915390030084132,0.03416798553387887,0.856464154968073,2.9714281625284262,COMPLETE,IZ-C
11,0.66,0.8643472617673155,1.2898738885541292,0.4990747195813312,130.23265136140014,106.63899877297828,0.000704156271940092,0.44253384770628257,0.2032677990120218,0.051994165441874546,0.021696338957490874,0.28641812179044607,0.035031576320508365,0.7116658475964738,3.930382029412148,COMPLETE,IZ-C
12,0.79,1.168187802275328,1.2692320137223942,0.43444851596974476,131.3669957185747,129.55269465870728,0.0007088681889840223,0.42846130184008757,0.29204466348002633,0.10282652489574623,0.025331223843570245,0.3273552059223857,0.03584947733434394,0.7063509255132929,3.3544728147892506,COMPLETE,IZ-C
13,0.75,1.1681045694748637,1.2582153135341339,0.4289508293920025,140.87294631574875,129.40070479815154,0.0006556174061176647,0.4679003079208252,0.15101406730407557,0.1077592335773645,0.02604958249909311,0.3503188223087469,0.031116708375032377,0.7547000154086059,3.2825304653516025,COMPLETE,IZ-C
14,0.72,1.1247016136347363,0.5483705299207582,0.4436288029361156,141.2843147915099,129.8842698498841,0.00066897156164532,0.46849957415221016,0.29101712594352774,0.10888904392992296,0.026293232747848828,0.35274724827915904,0.030920239929183593,0.7442386710385247,3.3856513132460684,COMPLETE,IZ-C
15,0.67,0.9142865127000506,1.2419401687191511,0.3852589592656958,141.63727626760166,118.81135947228407,0.0012133817297560676,0.532152507726976,0.1600803611948497,0.15344587894896916,0.0185462253418577,0.39226080366746013,0.027002658038528665,0.7045065093875347,3.1830710540182614,COMPLETE,IZ-C
16,0.71,1.2110256344468928,1.1606644280180263,0.4213900674172479,148.61607175426673,104.28476301376578,0.0008204040662373647,0.47171659121121023,0.22008880633407663,0.11787220635375135,0.029511496971871713,0.3387459482820552,0.029204011820143552,0.7531660160913607,3.860776591390894,COMPLETE,IZ-C
17,0.71,1.336132538262331,1.3333069697026918,0.46605925307840573,137.86603487963404,126.05767570208738,0.0006787653010774787,0.42235943269398946,0.34911657161912285,0.14603987509060223,0.017614118043901842,0.2141718864640703,0.03653363759317903,0.7849937746287601,2.6084637576040643,COMPLETE,IZ-C
18,0.73,1.1202439181401214,1.0858200184746702,0.4071695490736881,144.57510450570112,118.49011360341993,0.0012404872314459325,0.48128085189561726,0.2608527693964091,0.1041817605758064,0.029144519270079276,0.33456097939805335,0.03159498225747844,0.7277021479699968,3.3369851986288013,COMPLETE,IZ-C
19,0.75,0.9017055218800063,1.2149492695552127,0.4311570969119365,155.76134102015135,99.42042557311726,0.0006264750241971201,0.519470644905136,0.23830343848859212,0.10174584968776842,0.021939382253022843,0.22141144658913559,0.026486424635932412,0.7264380802800335,3.648545784689762,COMPLETE,IZ-C
20,0.73,1.4285603824165487,1.367846220755169,0.3035343223075046,138.11119164180997,126.64418809975831,0.0007768344435433035,0.4575014774001731,0.2843730697121465,0.14754735265141228,0.03197033206711113,0.028179957998400118,0.03673323128184378,0.7483490335687132,3.1754854967396584,COMPLETE,IZ-C
21,0.67,0.9334163858668846,1.2192789139660862,0.43299910289657617,156.60058324934604,101.01118280463166,0.0006245523537111245,0.5272350443494392,0.24495910395990148,0.09830877278676912,0.023126108529419685,0.21862627971906548,0.02649353602925241,0.7239382640302053,3.594152940730746,COMPLETE,IZ-C
22,0.73,0.815665416021792,1.0210143401231757,0.4413331174120838,156.50474663836562,101.11682041038014,0.0009071166316707564,0.5663762938255275,0.17486045092185248,0.1178397236266516,0.019632000146135857,0.32857429163135465,0.02501710790008595,0.7015776636803526,3.745568083470008,COMPLETE,IZ-C
23,0.76,0.9732913773322187,1.1883203817165986,0.4679678810824084,161.19296478703671,98.61256058920115,0.0006113241738109239,0.5178908088202311,0.31486230149649,0.0950051139520197,0.02709023835742928,0.240015787318136,0.023940807761605013,0.7376239088961185,3.4041030830225334,COMPLETE,IZ-C
24,0.72,1.1246671563409465,1.3828123893186233,0.4734321193592986,161.4804894658408,115.0086736707891,0.000730404399025722,0.4836679870566517,0.31363440241681306,0.0701063378112591,0.026495517544762516,0.3149577317379132,0.022858901973899018,0.7668726514419546,3.3460744301424534,COMPLETE,IZ-C
25,0.63,1.2628855995627926,1.1695508120769773,0.47367888646605516,146.25651878975242,129.8831230705479,0.0005074566610938582,0.4510784058059246,0.3103939362287792,0.0932119132681908,0.02780359225043117,0.36611035242594414,0.02846276298381106,0.7408336436547408,3.4030156938163905,COMPLETE,IZ-C
26,0.74,0.9825181064710562,1.05130396517105,0.4041793072232521,153.4607968363261,121.14742538472606,0.00059576801736169,0.512733421005704,0.27931177027131915,0.06490342641431535,0.016023416160346415,0.16026134585958046,0.02051019152889996,0.7798752110065713,3.1291620512437732,COMPLETE,IZ-C
27,0.67,1.0786232808667244,1.281454260201304,0.44925933917653676,134.0803657783342,104.69087078577067,0.0008634712518489193,0.5632814257068419,0.3311325674198129,0.11329785564548561,0.032927903729790174,0.24996863632661065,0.03171226211711593,0.7164553613449836,2.6912560757302884,COMPLETE,IZ-C
28,0.73,1.142643277986619,0.9622828836730428,0.3847903063249562,163.05992755553387,109.05273183942674,0.0006856640031847583,0.5448335990589319,0.30196043284189655,0.13743469347650764,0.03146733393824119,0.37535750991373373,0.023889089648031055,0.7561651250179947,3.477279500798446,COMPLETE,IZ-C
29,0.75,1.2845652445389073,1.1395390200041273,0.46058611399024296,138.82016197404283,97.54779218633716,0.0007644910018784935,0.4873930565426377,0.2598586877676661,0.09030920850889636,0.024763155563843172,0.308388808434668,0.02819171945304313,0.734458732592355,3.0729553713382365,COMPLETE,IZ-C
30,0.68,0.9695511055994668,1.36302969889576,0.3480541952987219,151.54736140882792,126.32595417268627,0.0005885126403134567,0.5113212011146552,0.34864485701201975,0.07901940440330496,0.020686508496543105,0.17305868891271894,0.03523094318418849,0.7943830665551685,3.7605744923336046,COMPLETE,IZ-C
31,0.71,0.7697102237867917,1.1919161289582965,0.43452209063594993,160.78087117440865,99.33941468191269,0.0006279650119900963,0.5212029095247339,0.22292042674019463,0.10285195084716399,0.02296266153524843,0.2392330280193357,0.02597481092872941,0.7232215905770351,3.7110264397698134,COMPLETE,IZ-C
32,0.72,0.904191270578422,1.237480289355795,0.41904866866777823,154.26644792513957,96.69071973554934,0.0006465411888071529,0.5406348558735953,0.3211747181717506,0.09387930686606014,0.016030987778223996,0.12740764854780937,0.021989978072558425,0.71668544279716,3.26461055493873,COMPLETE,IZ-C
33,0.69,1.0152562501136195,1.1312233517696921,0.440809281472491,159.156937818968,94.94770726140162,0.0007162622825153043,0.5073780609695656,0.2075351288909176,0.11070668788817935,0.02800048394100837,0.1864684607008017,0.024850748881506995,0.7000313695808432,3.5192379221872807,COMPLETE,IZ-C
34,0.78,1.1887509324453565,1.2536406609559099,0.4093715653411025,165.29336357578575,90.12522560025656,0.0008455427867138115,0.4926310817544265,0.2362767853684648,0.1224856623582541,0.025572420869637735,0.24205672627906874,0.03793332226325397,0.759971227958089,2.9836998438486373,COMPLETE,IZ-C
35,0.73,1.1853344679948388,1.4073076262714792,0.3972148007262897,166.20663072496427,90.45560876216625,0.0008399176430407568,0.47449108404509743,0.2735048425991924,0.12102757050385002,0.01025110161289439,0.1383262395046016,0.037334306769404316,0.7618274140236848,2.9636196757161657,COMPLETE,IZ-C
36,0.69,1.318324632309336,1.282083086381475,0.3620447742559108,166.5400258820587,91.89737109776915,0.0008950594260842481,0.49614298260302825,0.2574781833538056,0.15918003791808433,0.025751893097542684,0.26887229414316255,0.03857119101759968,0.7774527471314873,2.7768927520042928,COMPLETE,IZ-C
37,0.67,1.3915020939966103,1.0753525590568205,0.412845531851905,169.2767651188122,93.68869449863557,0.0009487893687502327,0.4606008367249188,0.3241609709859434,0.1394193297313308,0.034900409743964016,0.39851477158784127,0.03787672020706509,0.818591046259104,3.040957465431215,COMPLETE,IZ-C
38,0.69,1.2755421916662055,1.4834790637026856,0.4813211354687313,132.61092146257357,123.43135945273848,0.0014500503834368808,0.43433672560416964,0.2978937288425399,0.1265170228200038,0.04046311322772931,0.2412619784793169,0.035385768352954254,0.7385005058711961,3.243073196568041,COMPLETE,IZ-C
39,0.71,1.0535290197658163,1.3250879126033324,0.3895445425019236,158.94177147461824,121.00643347971724,0.0010493954565501465,0.4910137174592057,0.2010046880552948,0.08552004606982977,0.030901849006509254,0.30657486399112743,0.03290632405498885,0.759018312808161,2.9146842118190674,COMPLETE,IZ-C
40,0.67,1.166769278676416,0.8727456216910638,0.37395654414461743,166.14178522923476,111.12231267156399,0.0005639668255365441,0.4191542696270083,0.33761539384796546,0.16626185841344865,0.02430577579880618,0.27690430101821134,0.039334156045473676,0.8997968299202206,2.54299995620604,COMPLETE,IZ-C
41,0.65,0.8306546684946874,1.222797802901446,0.42905160032420186,163.54284153224108,103.01329873214466,0.0007373757613896,0.5055856285429683,0.237376991251467,0.10143914912249113,0.022351262991231125,0.19297758511065216,0.030388255718515632,0.7334226666109415,3.471593286950835,COMPLETE,IZ-C
42,0.7,1.0874302084241458,1.2622492668478325,0.4522384957612405,158.91573035153758,97.55349662402807,0.0007856270208407566,0.5214378112307219,0.17201126255535393,0.10857310598634297,0.028054078583399093,0.2437307875283347,0.02718493174577609,0.7113933613943401,3.657871480849059,COMPLETE,IZ-C
43,0.61,1.2275161893932893,1.1943631500554601,0.42625684617495996,154.3426721854431,108.3076150260571,0.0005589426193161848,0.5876878091402911,0.22854434849453442,0.07505420610730051,0.020531647647389517,0.22381823937024423,0.03404654981398293,0.7470578145801556,3.237074740842896,COMPLETE,IZ-C
44,0.68,0.5032884389579673,1.3358322294144345,0.40302711848467376,146.95605586582616,92.96681122606519,0.000627362174375526,0.4961668032993732,0.23441612446819463,0.09811154173805288,0.024745846775799926,0.10976845598643592,0.025202201290120553,0.7709388785085143,3.4431978366021307,COMPLETE,IZ-C
45,0.69,1.0195484889126178,0.5747154157148575,0.4132660798490289,164.85315107327432,95.6706391209605,0.0007421319122015151,0.5566513755490581,0.2127542148139397,0.13400524929213248,0.03374276247289039,0.20107431638232345,0.021951667500802567,0.7233529198733976,2.8074667491627188,COMPLETE,IZ-C
46,0.71,0.945922261606461,1.1224218475114833,0.4638162141526497,152.25251399395427,113.4879423516354,0.0013690268202799232,0.5337729127657407,0.2532301680876183,0.12164851430072371,0.027332102273684752,0.22879188069907613,0.02392923178397672,0.7369413633297568,3.8359675037301026,COMPLETE,IZ-C
