number,value,params_c1,params_c2,params_c3,params_inputWeights_max,params_inputWeights_min,params_interSpeciesRate,params_keep,params_noCrossoverOff,params_probabilityAddLink_Large,params_probabilityAddLink_small,params_probabilityAddNodeLarge,params_probabilityAddNodeSmall,params_probabilityWeightMutated,params_threshold,state,study_name
47,0.74,0.6849624768570599,0.9856306697321039,0.4981528956288518,161.16510432226877,100.1091109271839,0.0008615604372450343,0.4082105640063044,0.1873832340341317,0.08785418218332876,0.030141107943526566,0.25770033760865807,0.038326084378766084,0.8490684556727706,3.3061942475528197,COMPLETE,IZ-C
48,0.69,0.8597588956897183,1.4217541448091096,0.4378565111927273,139.995926915311,128.01569109213875,0.000672909392955902,0.5181065674191064,0.28596992076938493,0.11387820594490586,0.018347668880337557,0.2878388011829059,0.029406979199339236,0.7111831295881024,3.584123587387732,COMPLETE,IZ-C
49,0.7,1.1776894689257638,1.3206736739898826,0.47391869617050864,135.89368977868025,124.96891692615482,0.0005441513103459274,0.4750166674039695,0.26777410979650346,0.06653421141436688,0.04534947146693132,0.36142497511222793,0.03609914171944386,0.788247652465011,3.0935491188076254,COMPLETE,IZ-C
0,0.75,1.348,1.131,0.339,150.0,110.0,0.001,0.504,0.268,0.087,0.033,0.157,0.027,0.872,2.814,COMPLETE,IZ-D
1,0.67,0.5068607156819745,1.4833955818669955,0.33093960479803225,150.25799819077164,103.57231442439758,0.0006359228446239608,0.5337326879630517,0.17861515446439225,0.08151325954355865,0.04042714112943998,0.03176844803793117,0.033737523690200444,0.8564747247605742,3.2229975030982287,COMPLETE,IZ-D
2,0.7,0.9628816553653551,0.8820381670084536,0.33103924885902225,141.02743141102584,124.05817534408914,0.0008560477898350883,0.4162828065785081,0.3213619193718731,0.15662696876414767,0.04002860694876446,0.025477433185497486,0.03541708777368649,0.7600332546774705,2.2512200528857074,COMPLETE,IZ-D
3,0.73,0.5129970590916849,0.6151200213608334,0.3314416043681056,153.6214101010066,91.94975914903871,0.001454829031396725,0.5282025959772862,0.18729483588446486,0.13975842881845657,0.04908579773237157,0.17028082475481393,0.037717028913320974,0.8772989561251383,2.564613339507015,COMPLETE,IZ-D
4,0.68,1.2044402349618075,1.273440438030144,0.46177029373499984,141.1393700083454,123.66996132517733,0.0011995826116606096,0.43802928080716647,0.2977233815075444,0.1486815460818084,0.03797092398667625,0.2721526573580173,0.032244138815892345,0.7230840740623863,2.3226295796099343,COMPLETE,IZ-D
5,0.78,1.0911467256855991,0.8632945853506999,0.3016616120326408,136.90360376197006,96.91544952109398,0.0013498652981061825,0.4463219994897537,0.30791336647651624,0.1829154993618327,0.044476783776913206,0.11486416533611217,0.039690043771300004,0.7446408971348856,3.041480820214913,COMPLETE,IZ-D
6,0.74,0.8876528190053157,0.5290205601531551,0.3185728773195229,157.20683460190443,90.60138706329715,0.0005889568552312086,0.40815591068392043,0.31941541103450155,0.05683671498486272,0.048753958386805574,0.2618650390397526,0.03939026306982413,0.8762696823728351,2.927978003748928,COMPLETE,IZ-D
7,0.69,1.0431972205515656,1.4186618909091855,0.4223317756738948,148.181712042815,125.3721342875736,0.0009829842332856136,0.42354281839845204,0.17592045742078904,0.09335031826809645,0.025095978080571353,0.20609483450201657,0.0249742172248877,0.8859737167067983,2.972341875200984,COMPLETE,IZ-D
8,0.72,1.1394902274651968,1.1169787718420818,0.4979910523663433,161.27499933547443,102.34417670315207,0.0006865250942096814,0.59313229842667,0.2003093866883939,0.12935337184778295,0.02788721625811564,0.33091783727751256,0.021564007281137533,0.8189236607052605,2.325408269997845,COMPLETE,IZ-D
9,0.68,1.2271712579143523,0.7150104671095469,0.35845626630141125,132.9538893091005,106.9252673693171,0.0010675912545948152,0.44760073765579095,0.27441594067077596,0.08942499709694846,0.03273553977682214,0.07121382824847333,0.03785763099214705,0.8698936201063645,2.8266886229862043,COMPLETE,IZ-D
10,0.7,1.4862218256998607,0.8685472282539575,0.38959328173036345,167.5343572876215,99.16620298041418,0.0014883935904222078,0.46481799305958943,0.23823189669829836,0.1913175914079998,0.012831141032811931,0.12168922999215573,0.02904427974381757,0.7698539089708477,3.803477545647982,COMPLETE,IZ-D
11,0.66,1.4310289970407073,1.119060351586342,0.30173563819258853,131.74101199350403,112.40499065136724,0.0012454240771690149,0.47600311512602295,0.2534148499440219,0.19485906430884925,0.019488103085397532,0.13550202972631759,0.028257041553057773,0.7011060074000662,3.36685435269115,COMPLETE,IZ-D
12,0.69,0.7626527442961508,0.999042279213755,0.3728373474509683,140.26742917438122,115.3764284796937,0.0012761605828723295,0.5036218069527532,0.3483209757944061,0.10942706518143329,0.03431768372556133,0.115201610846803,0.026105572304627383,0.8126573428327448,3.490858664332012,COMPLETE,IZ-D
13,0.84,1.3385946316778807,0.7809154057524184,0.3575759880938586,144.67163746304365,96.55419418364441,0.0008219187369996864,0.49506329155884965,0.23507517035466868,0.17480986637001272,0.04395000663072708,0.20820788718555294,0.023089448642858494,0.7680544335966684,2.6567858667100293,COMPLETE,IZ-D
14,0.72,1.3096406092836732,0.7737996363367183,0.4199325283558456,136.85613625227646,97.19682187296078,0.0007888541329522427,0.4727603978162297,0.21886386710873626,0.17046286481732398,0.044071041990022826,0.24672815163245415,0.021529291690153118,0.763389153535915,2.5618857372193324,COMPLETE,IZ-D
15,0.61,1.0930469031419952,0.9065051471752217,0.30007410725100986,144.73663700749884,95.61813789621903,0.0008606336883079927,0.5652135693805364,0.22762461225079048,0.16830909980624423,0.04592616129145312,0.37138832186779686,0.023972022440432637,0.7321808618766277,2.6084333467236944,COMPLETE,IZ-D
16,0.71,0.8119438919095895,0.6846764555375594,0.36250144691728237,136.07229164767534,116.40399220740606,0.001371379343109643,0.4862536199168921,0.15647261109192867,0.1782447946976789,0.0432943047946875,0.2033185563026339,0.03129348462318115,0.789517688526164,2.0025265057481034,COMPLETE,IZ-D
17,0.71,1.3263860899621147,0.7740887916764573,0.3968673666190497,146.41577855447565,94.56920072312163,0.001099466096829611,0.5349049778244738,0.29489990029897023,0.1827786604458224,0.036520509062333575,0.07485904803454674,0.0233347756809728,0.7466205553381802,3.13861953994277,COMPLETE,IZ-D
18,0.77,0.6874667639357146,0.5040733112359961,0.3548967842483995,130.26052329087136,100.62021008363297,0.0005250751428621268,0.45539553338140604,0.34970117915437626,0.19874308554633524,0.022004227950403195,0.31057198552242,0.020046188177286053,0.7942797195832918,3.6067433629072134,COMPLETE,IZ-D
19,0.7,0.9511823008350082,0.936002054706589,0.42923441983774524,143.39516779809156,105.28680820609043,0.0007620733787955623,0.4368872730740664,0.2838092604295236,0.15543762068746583,0.04237717953480933,0.18221717069967955,0.03500263014482906,0.8337380130659581,3.9680710746491856,COMPLETE,IZ-D
20,0.77,1.2060194422092403,0.7900441854120502,0.38123478960194623,137.0583176495927,93.538133857211,0.001147726066143534,0.49119740289484337,0.2470333640682805,0.1219841581086355,0.010314678697566377,0.23303005162038512,0.030950210780429237,0.7815579768480088,3.103985810850647,COMPLETE,IZ-D
21,0.71,0.6584357569216784,0.5023837988446188,0.3539357179432096,130.59692873007393,100.0921173905285,0.0005182221818127195,0.4550288205525164,0.343902936321046,0.19969462217513861,0.021659145240181324,0.3161581302890401,0.020258021657084586,0.8001882283209607,3.6244386599638263,COMPLETE,IZ-D
22,0.74,0.7003642837917704,0.6065567495093673,0.3491764229897654,133.9328211172826,100.10399620688182,0.0009083077441630109,0.5119735056349988,0.3286530459402059,0.1820983291889666,0.017675824996253912,0.30271981506585877,0.022834978804760354,0.7434152144541512,3.360378871643085,COMPLETE,IZ-D
23,0.8,0.6122636615256777,0.6746655957320313,0.31654320029429195,138.38534096593094,96.47175673801627,0.0005091414583926722,0.4605903518766031,0.3148133023615517,0.16616543763818034,0.02780605875077056,0.3617194220859259,0.020595348892199165,0.7127879273089902,3.6808529667391583,COMPLETE,IZ-D
24,0.67,0.8827096282814197,0.6521463618150702,0.31421530068639036,139.8205325584903,129.98229282327796,0.0006938967793913222,0.42852639524815006,0.3060072189956972,0.1664539210412118,0.026586990523366157,0.3964129153943572,0.02539448531872497,0.7152357692400033,2.676679865565647,COMPLETE,IZ-D
25,0.72,0.5968867352335318,1.0429355512260754,0.3167012432245385,144.6146832219958,97.33005443086928,0.0009626841218616765,0.4696081471201175,0.2632159997709753,0.13884154512334052,0.03131155371231385,0.0896804564775514,0.02196716176001534,0.7095206725718955,3.7775420131105344,COMPLETE,IZ-D
26,0.77,1.0288177211527583,0.823582910293494,0.3133668563929944,138.05480266461583,107.73893885030415,0.0013765431099205796,0.4037011644528449,0.20745567560309464,0.15987934003374574,0.028843707152052346,0.3477125165668649,0.02790949002748481,0.738074536641304,3.2695653257554347,COMPLETE,IZ-D
27,0.66,1.3989306502861347,0.7082752662771188,0.34028513925383974,152.92639724671005,90.24153392554851,0.0007385369444687239,0.4854573677077204,0.2836518229702267,0.1778430243882174,0.04668510141666971,0.14580080605589094,0.024173056579214282,0.7539120408166852,3.9816195537051504,COMPLETE,IZ-D
28,0.64,1.1385216896607078,0.9602663307235897,0.37616372331578496,134.14661119512252,96.05181498675773,0.0005913083094286413,0.5178016710277381,0.31027341414207077,0.1425801224128943,0.036517958348804655,0.28056560645262296,0.02965763926111579,0.7253576660392265,2.735794070939732,COMPLETE,IZ-D
29,0.76,1.2746459238044712,1.047936573795536,0.3391590104198447,150.12985492519152,108.742663295768,0.0010566476190821531,0.5574483181939522,0.2605595068360914,0.18322809631713854,0.03449360764332525,0.2276879760174361,0.02632249139886922,0.7712694949345037,2.907438930074942,COMPLETE,IZ-D
30,0.75,1.3925732807033562,0.5959857910512412,0.3192756755855838,142.6573951541008,103.91385761660892,0.0009025407747088465,0.44229216553475614,0.2383817784648803,0.12735351950273868,0.039234840760256295,0.1848737133704738,0.039719765009202754,0.7019679903963864,2.480154875096483,COMPLETE,IZ-D
31,0.66,0.5908486259024246,0.5537218433379214,0.3663152261338489,130.5516306146381,101.2401323492565,0.0005039069675726361,0.4589237465544048,0.3350840135644727,0.19174973875128717,0.02388946368315196,0.3535936025339922,0.020842219613697557,0.7862094169732381,3.5501233094106013,COMPLETE,IZ-D
32,0.71,0.7519079971564275,0.7257648079958744,0.3473625933247065,134.48554789181478,98.4401038746029,0.0005735897340795628,0.49638035888512044,0.3341081503094023,0.1893454172895292,0.017595249686118697,0.388473681385586,0.020173437984830258,0.8023924161761316,3.6801232456365383,COMPLETE,IZ-D
33,0.72,0.6026044966578274,0.8306545826962212,0.4088705603428336,138.69329509206972,93.53826449288455,0.0006690395403089892,0.45390560222081544,0.3146795934466552,0.17014642950575434,0.02298763249349703,0.2989642455087507,0.022284686426373206,0.8298926935397614,3.478132266132877,COMPLETE,IZ-D
34,0.69,0.5044012389970434,0.5752122186242664,0.3313311595043162,135.23307857489718,103.2317479132268,0.0006258147258951232,0.4806524796475222,0.3263508418428775,0.16204927824126614,0.03106802250236155,0.04292904065630937,0.03358711108492797,0.7772769436510041,3.84307928909658,COMPLETE,IZ-D
35,0.72,0.8420549924632654,0.6506773156473474,0.3047566924881853,140.72279482531832,92.79945459371865,0.0005398615101340195,0.4640922411572769,0.2973700810719169,0.149782307197128,0.020200317772758644,0.3338513152361536,0.020098969454822882,0.757686149336482,3.1292729574576734,COMPLETE,IZ-D
36,0.66,0.9368346694162173,0.8573638381788072,0.3235851157814,130.07999610578472,95.70358307814794,0.0007852506320092415,0.4235016711173977,0.3486959423049804,0.19939157193553364,0.049732870367439105,0.1569667440364533,0.023363863242547443,0.7296921526434481,3.370903981344186,COMPLETE,IZ-D
37,0.74,0.7028466810337141,0.7510990202545013,0.3365643766731762,147.02261920411385,91.43058291459654,0.0006453959616219032,0.43143683201894073,0.27661847230452147,0.17452305546380675,0.025550042341930666,0.372469396025653,0.03570021581114313,0.7179358500621003,3.682148171841832,COMPLETE,IZ-D
38,0.74,0.5572864589642624,0.6517230201413174,0.3268510330860989,142.35091358101252,105.73441006722581,0.0008260501151906964,0.41510686715902523,0.3364430475134941,0.05043337535914996,0.041153025789426284,0.2803126794521983,0.021331553076488978,0.7523702123811778,2.1451736327879014,COMPLETE,IZ-D
39,0.74,0.6528750236212464,1.2263702468983957,0.4524446906456544,133.19713755191947,102.21133215498764,0.0013161291207310806,0.4474780242028568,0.3011543515140905,0.1554739481810857,0.046192196632020316,0.2585009390435113,0.03751064395863273,0.8488514800542052,2.394074901903971,COMPLETE,IZ-D
40,0.68,1.1003568531742116,0.5314339045626537,0.30854962472606895,154.8546543168336,111.8968268507347,0.0005630643917175084,0.5124483303686673,0.3178407988571608,0.18974716941693842,0.027061751212779303,0.10841098251671619,0.027239136043172407,0.7948506225185702,2.7887949397934024,COMPLETE,IZ-D
41,0.69,1.2244147460140038,0.8206997020919751,0.3881910886649679,137.8878932559109,93.24994816871508,0.0011861505489740476,0.49391050671283027,0.2400455145120444,0.11080662475025092,0.010679542127095397,0.23687946363498774,0.033013110428121814,0.7809660885584463,3.1723055872482515,COMPLETE,IZ-D
42,0.61,1.1502849277152414,0.7769953327647614,0.3791644432463739,136.78047936501045,98.81077630813637,0.0011525649043615351,0.48692394499478764,0.24899207879971438,0.11749879239362092,0.013153453628200806,0.22197178751530916,0.031210242664272064,0.8090995747966806,3.045822971439934,COMPLETE,IZ-D
43,0.71,1.27568156195912,0.8795894596434485,0.3695327722530566,132.42059062108598,94.62403033545208,0.0010232769348900769,0.5356992856320445,0.2243146020157945,0.06924250431885695,0.02940139237527613,0.19721107463494053,0.036655202364350194,0.7720409927537648,3.2719267697711825,COMPLETE,IZ-D
44,0.7,1.1807700965871135,0.6761176672784006,0.38386729320518415,138.7037345994638,97.14014402328387,0.0011371432565648188,0.4740534494660255,0.20807418517197282,0.10183861241110635,0.017114717817279627,0.29895380084366796,0.03881635779794269,0.7632499481609774,3.013712185159924,COMPLETE,IZ-D
45,0.67,1.0613802888300066,0.939057055489609,0.3572881959193909,135.9313266043388,90.10099142380473,0.0014233654447224158,0.447597602513654,0.25163999290407946,0.13291111679159348,0.015342960377518162,0.16763113075463462,0.024581724833734712,0.7394008889044156,2.9334484260357603,COMPLETE,IZ-D
46,0.74,0.9859427703390711,1.461439156693174,0.3998163284332953,141.720257872873,92.43348150722983,0.0012733448519931358,0.46440469160374875,0.2844855914469909,0.14694024822586113,0.010004991744352446,0.32262386819178623,0.022616432974282685,0.8178663173461922,2.8661506677675797,COMPLETE,IZ-D
47,0.78,1.4697895959696392,0.7885001787606246,0.3458833220433747,164.2079759175257,100.67808051564654,0.0012213040217788603,0.5005189659219849,0.2711135741633738,0.12141962256976908,0.04776029832490884,0.04421011737387201,0.034492391770866146,0.7870177927418013,3.0713670042386103,COMPLETE,IZ-D
48,0.68,1.486549697731547,0.7385539088243476,0.3430533340933591,165.20129531405823,101.29679377286574,0.0012352321800232406,0.5274151077076433,0.2755633348829313,0.18562424211526676,0.047146824190006806,0.02181912960849394,0.03467147760781245,0.791865501029492,3.889046835055969,COMPLETE,IZ-D
49,0.69,1.4423494274716946,0.9862546097634051,0.3297776909757643,162.1564951205402,104.88905461668357,0.0013681053761867192,0.5486279399005586,0.1861500540142943,0.07699908082277712,0.04464273255080218,0.04750069953237612,0.038223908109987506,0.7658385543296277,3.561730959429659,COMPLETE,IZ-D
0,0.7,1.348,1.131,0.339,150.0,110.0,0.001,0.504,0.268,0.087,0.033,0.157,0.027,0.872,2.814,COMPLETE,IZ-E
1,0.76,1.4078099922034086,0.9427170598717868,0.3463893306531187,142.9495975354586,107.86717973569287,0.0006023825332771398,0.553839853768316,0.30170280602930044,0.1010129820232413,0.028038173035212124,0.2051146933245149,0.02604549729990818,0.8907069322265591,3.9208910075474597,COMPLETE,IZ-E
2,0.66,1.4240326407526278,0.519517425696235,0.40083574430741326,138.41365699914428,126.78921489893104,0.0010408738562851629,0.5303448389942359,0.28810280574367175,0.08562899906225876,0.04552219532222883,0.16830661946949052,0.021207659241755796,0.8805502109289757,2.5768000150324513,COMPLETE,IZ-E
3,0.7,0.6669087992159212,1.0046545915669551,0.47704603542311597,131.23694188556826,110.38585948678354,0.000914096266911477,0.4248444489850912,0.20724137420923083,0.12647243670565766,0.010807652640113425,0.10229678132293774,0.021860683456001645,0.8045529981474177,2.726246182427512,COMPLETE,IZ-E
4,0.77,1.1150178653282459,0.8548554619089376,0.4647175749319822,130.8302307607991,113.46681335910222,0.0010105227630124336,0.4190428337520531,0.18344461182710836,0.12653343109132587,0.03271121011988589,0.3402117164545471,0.023068602159167662,0.7379612338240873,2.4974274781122805,COMPLETE,IZ-E
5,0.66,0.9511346454347193,0.5828555324032798,0.36205796138271873,138.57995383898154,99.65705572685069,0.00096515282071981,0.5800356693746387,0.19234062555362963,0.19807196526637594,0.021140268633070045,0.09442979321992942,0.028231501426333072,0.7587928811053904,2.2590963008836744,COMPLETE,IZ-E
6,0.75,1.26666309836874,1.3067188331899802,0.4755391761357577,165.02433829474208,113.98390842194999,0.0006636200191629455,0.47915883811210147,0.2123005508644855,0.14914371096521645,0.041657219552303164,0.11401147582349924,0.03141186731827801,0.7478273740903386,2.1195760417582132,COMPLETE,IZ-E
7,0.7,1.4040476948211427,1.332381425150159,0.4452621982832953,134.98964769845838,99.2213921418484,0.0014664267012637158,0.480632502359694,0.26327613376725373,0.1408862675578831,0.014244372199074595,0.3632792447859686,0.02242010995390394,0.8496321244108029,3.943316989748314,COMPLETE,IZ-E
8,0.74,1.3917970659768204,0.7459935467270006,0.3026821493458235,141.66300287934953,129.32156424630995,0.0008013815640027746,0.5715049072499594,0.1611833262955084,0.058262588102427564,0.04322352299027908,0.29712486915485603,0.020468289045811754,0.8522256092306097,2.137001224134766,COMPLETE,IZ-E
9,0.72,1.4466813283206663,0.904865357228146,0.38457440108876795,133.86483329055307,100.94493901947386,0.0006607037621926938,0.4415547568772091,0.29085376710711275,0.16458406343733362,0.039218104271647375,0.38305511990604335,0.02333345035341619,0.810661727389007,2.293969740233039,COMPLETE,IZ-E
10,0.76,1.098100749937112,1.4861668819070586,0.44267221206350726,164.55381543513164,120.5594766179592,0.0012751581363270128,0.40725425845184815,0.16047235770074822,0.17478314174322893,0.03157992531678179,0.28826684231696664,0.03708694197283587,0.7070331820462676,3.2823521166582426,COMPLETE,IZ-E
11,0.75,1.044299887644713,0.8178020235371884,0.4182260970388578,147.95788390212448,106.40209970601462,0.0005060150126308433,0.5486838511042263,0.3444831212596432,0.0992410128734746,0.023916592609548325,0.22742593098117364,0.025581894684193945,0.7010556588338711,3.349645281242059,COMPLETE,IZ-E
12,0.74,0.839774798956647,1.0685552112840027,0.4974718700674424,144.35121807852778,117.78783725793079,0.0011525617697132895,0.4556518125656166,0.33298736879954316,0.10962570292057897,0.025662709716724377,0.028813119032790574,0.031804277905637335,0.7757545737461295,3.8284784514976344,COMPLETE,IZ-E
13,0.74,1.1752186665081854,0.6937958110564191,0.33682608895423716,154.26523183448305,105.30290446924757,0.0007567584267534239,0.5973790500462233,0.23057920804817233,0.06156231456511074,0.035774089891039564,0.24881045302932606,0.025784204953048312,0.7349634887757253,3.243955873493597,COMPLETE,IZ-E
14,0.73,1.228053682041055,0.883364312813769,0.3098617336807118,158.29110473248875,93.07424417113583,0.0012117227568345349,0.5227114026835985,0.30750322099959354,0.12604265197589182,0.028256090835332533,0.3196558681352276,0.03428674115510162,0.8368825370479654,3.6462386432209124,COMPLETE,IZ-E
15,0.73,0.5240366465621242,1.1836649602922258,0.3661569067627319,130.0232497581505,121.01916054108545,0.000509212014028782,0.4001931667853956,0.24147495836579946,0.10321219362070876,0.01998164443201738,0.18754812478457603,0.02900945900412385,0.8935958124717088,3.056763757903115,COMPLETE,IZ-E
16,0.78,0.8978823066022532,0.9445456974768599,0.43339347678101997,145.040527133066,115.84825572534372,0.0008462609346331046,0.5458484159583299,0.3202402487698559,0.07376045378880414,0.049277299474335304,0.24900440894725573,0.023988573555637906,0.776555395998156,2.499945198575176,COMPLETE,IZ-E
17,0.72,0.8599540564183952,0.655293825449268,0.4364442320520171,159.3784830085789,115.02956805608844,0.0008450356173920711,0.49967878544046346,0.18522497213531108,0.08187429084801723,0.048043721306397114,0.26841692886838747,0.02402258433025076,0.7691983900719754,2.480313377324944,COMPLETE,IZ-E
18,0.71,0.741982005441505,0.7930308024706002,0.4643312554305627,147.44030651844122,125.12547083952887,0.0010903389523821022,0.46046518729282404,0.32680793845250333,0.07225469598736226,0.049973107439240064,0.3262978250012781,0.024489045402603174,0.7273593232755098,2.441695780685531,COMPLETE,IZ-E
19,0.69,0.9772068169756515,1.0246822534578364,0.4169643892161564,154.07103807993542,113.83827082395828,0.0013542061829321477,0.5206915729803081,0.2656554993988387,0.14218850483017148,0.037686329065688084,0.35016333051374215,0.031030674144992137,0.7904665806003224,2.8780158668510305,COMPLETE,IZ-E
20,0.64,0.8962793301626996,1.2167112568369554,0.4870550589715798,135.98460174725253,121.97895905366254,0.0009040160674613275,0.5483471074456404,0.15110456115346685,0.11192374654591239,0.03491266548480207,0.2511512773108509,0.020139227244200825,0.8224971683634363,2.64683781409901,COMPLETE,IZ-E
